cid	uid	sessionid	qid	dqid	q_s_id	log_q_ts	q_detail	min(log_q_ts)	max(log_q_ts)
7	D614A481-9AF3-A8C8-9261-B91B5FBAEF66	03BBFE3C-EEE7-83D0-103A-5CE071801B9B	1	C8A2CEA6-BD67-EC32-5CC3-539A2F2A00F8	1	1584270216	{"level":1,"stage":1,"hasCompleted":false,"replayCount":"0","throwerSpeed":225}	1584270216	1584270372
7	435453AB-1029-39F2-8F6E-D0AC2CFE6D1B	04AC1B2A-6644-AC55-4F76-0AB4031DB2B7	1	36CE754B-06D8-6F9F-38A3-345EE41BF27A	1	1584303622	{"level":1,"stage":1,"hasCompleted":false,"replayCount":"0","throwerSpeed":225}	1584303622	1584303672
7	4797805B-B064-5C8E-FA83-B5DECFDDBC44	051EE908-8108-CC1D-05DD-2F51B8F494A2	1	E126EFE9-63B0-7BFE-008A-2D789A6456DD	1	1584298955	{"level":1,"stage":1,"hasCompleted":false,"replayCount":"0","throwerSpeed":225}	1584298955	1584299316
7	C50ECC90-4B7F-C234-E710-72DA6C808204	056DF8E1-10F6-13EF-0ECC-40E8C76ADB60	1	1B709D9D-B5EC-26E3-1214-051953828155	1	1584269078	{"level":1,"stage":1,"hasCompleted":false,"replayCount":"0","throwerSpeed":225}	1584269078	1584269138
7	D918D0F7-8154-FE33-5443-7606C15CC969	06B3AD37-825E-21D8-F759-7DA327B7A009	1	92CC27DE-046F-2542-4C00-8970B63CC34E	1	1584326088	{"level":1,"stage":1,"hasCompleted":false,"replayCount":"0","throwerSpeed":225}	1584326088	1584326171
7	E2ECE855-EFF3-40E7-CDEC-D2FCF7755896	072A3680-2A0D-0516-B20E-A922A427E938	1	659DAFB0-2536-BDB0-57CF-6400B2B16F7F	1	1584248888	{"level":1,"stage":1,"hasCompleted":false,"replayCount":"0","throwerSpeed":225}	1584248888	1584248896
7	09DE55BC-C56E-D192-7ED4-C644C6AFF2FE	074EF5E6-37FF-B673-0609-90493C7A36EE	1	3BBCDAD7-9823-9FBB-5C9C-51042B314C43	1	1584321190	{"level":1,"stage":1,"hasCompleted":false,"replayCount":"0","throwerSpeed":225}	1584321190	1584321261
7	B8AE088E-9051-DD76-68F1-81A185665F96	0863806C-EC14-750E-6BF1-F0514F8B1A2A	1	AACEDB02-15F5-F977-1AC4-327BD3BF3C7C	1	1584312139	{"level":1,"stage":1,"hasCompleted":false,"replayCount":"0","throwerSpeed":225}	1584312139	1584312280
7	6C62037F-563A-ACD0-E9F0-1AB6C7DB9AF4	0A6BD949-F848-ECE0-15B4-7CEC50DB4E48	1	716014FF-ADD9-95AB-CA82-2597DBFC816A	1	1584251681	{"level":1,"stage":1,"hasCompleted":false,"replayCount":"0","throwerSpeed":225}	1584251681	1584251698
7	D0160F63-4F1A-DA2E-9F22-8AB04EE30FB8	0AE6D76D-EF3A-D914-9C2D-B78435FD0BFC	1	E20E767F-4799-75DC-90DA-5876860EA498	1	1584302226	{"level":1,"stage":1,"hasCompleted":false,"replayCount":"0","throwerSpeed":225}	1584302226	1584302310
7	3E27DE47-72C6-60C6-AE45-1C5D93192392	0B6C785D-603D-10DD-035F-18EC0C6331D7	1	D4C4667D-88AF-C05E-64F9-61B2C9995FEE	1	1584258684	{"level":1,"stage":1,"hasCompleted":false,"replayCount":"0","throwerSpeed":225}	1584258684	1584259523
7	50D46147-FA7D-3312-223D-D0BD59AEA420	0BC988B8-124C-4F69-AD62-EED2AE1934F7	1	D7B75F1C-8D40-5232-23FC-CE2F7144EE90	1	1584296114	{"level":1,"stage":1,"hasCompleted":false,"replayCount":"0","throwerSpeed":225}	1584296114	1584296217
7	B2E1A6C0-2611-6FE8-9DDE-1096BDD41F8A	0BCEFF91-30D4-4B37-9CA7-C58775ED9BF4	1	10798E6B-2565-B084-1949-C6FE2BB57578	1	1584332575	{"level":1,"stage":1,"hasCompleted":false,"replayCount":"0","throwerSpeed":225}	1584332575	1584332632
7	0EECBF39-7324-D769-2A31-86521BD2D3B4	0C962071-DA58-ADB9-01F8-D55D4F11F08C	1	A0E5BED9-AB08-BE7E-A0D1-098816FEFB74	1	1584255000	{"level":1,"stage":1,"hasCompleted":false,"replayCount":"0","throwerSpeed":225}	1584255000	1584255213
7	D3720ADC-5F98-14AB-F8FF-4E8709E73FCC	0D79CF9B-97E1-4B21-8D69-5E779BA545D0	1	02FC6582-23CA-BC51-FD6F-9B9984F10A8C	1	1584297387	{"level":1,"stage":1,"hasCompleted":true,"replayCount":"3","throwerSpeed":225}	1584297387	1584297455
7	15F76B63-F12F-D77A-4229-13DC485A9987	0E012A5C-0062-F7D1-3351-41AD3EBBED9D	1	38DCB807-CF2B-5FB2-0EFD-6CB6842D1610	1	1584308040	{"level":1,"stage":1,"hasCompleted":false,"replayCount":"0","throwerSpeed":225}	1584308040	1584308383
7	D2585703-E945-38BF-A016-CA144A16EE9B	0E6B195E-3CFF-DB73-133F-BBB963A789FF	1	3AE9D98B-0C90-499E-2D0F-E8DA4E381EDB	1	1584315672	{"level":1,"stage":1,"hasCompleted":false,"replayCount":"0","throwerSpeed":225}	1584315672	1584316043
7	20FE19F6-AEBD-B010-9539-9E45F5AA586F	102196D5-D8E2-E9C3-1B8B-66489D693000	1	1C1525B1-49BA-0001-6E73-799959B84FB8	1	1584292032	{"level":1,"stage":1,"hasCompleted":false,"replayCount":"0","throwerSpeed":225}	1584292032	1584292668
7	55AB2124-7E14-8864-B290-591A6B7E1258	10ECC99C-AB62-456B-8368-241B1C43E3CF	1	BFAA3319-9D23-1386-8F37-B4AC6AE44F3D	1	1584287008	{"level":1,"stage":1,"hasCompleted":false,"replayCount":"0","throwerSpeed":225}	1584287008	1584287244
7	DDCC4DF4-950E-0ACE-E10E-8452D7DB4854	10F63024-556E-227F-0D16-45B9EC0A613C	1	3B92121C-1390-308A-3981-25105C46F1FF	1	1584301443	{"level":1,"stage":1,"hasCompleted":false,"replayCount":"0","throwerSpeed":225}	1584301443	1584302694
7	509AC9D2-982D-AB0B-6631-0EF8261B7E3D	110E832F-A583-E48F-F42A-1CE473C2738B	1	EA737367-5A13-ED07-E3C7-356A4CF06AD7	1	1584280518	{"level":1,"stage":1,"hasCompleted":false,"replayCount":"0","throwerSpeed":225}	1584280518	1584280768
7	773E3248-28DC-648D-1618-ED1C4825D3C7	1127405E-EA2A-00C7-3107-03AF08D1E8C8	1	88B82C1C-C49E-A5AA-87C4-D0DC97AFF532	1	1584298499	{"level":1,"stage":1,"hasCompleted":false,"replayCount":"0","throwerSpeed":225}	1584298499	1584298514
7	F6370EBB-7EA7-2103-F1C6-27F450BFC84F	1204D82C-5F6B-5BF8-DA81-821629BCB96A	1	3E44A682-2575-E8DF-6121-9CC04F32FDB3	1	1584279266	{"level":1,"stage":1,"hasCompleted":false,"replayCount":"0","throwerSpeed":225}	1584279266	1584279336
7	D4EF2745-6C9D-AAB5-277F-D85ACCD6A97E	133D60F5-B90A-AF2E-67FA-4375C9412C63	1	7B6D3E00-13F2-04F4-8185-F227AA4A3C04	1	1584284307	{"level":1,"stage":1,"hasCompleted":false,"replayCount":"0","throwerSpeed":225}	1584284307	1584284689
7	A061AB46-7D5E-ED4A-BBC7-8B0EE4E86EED	145F27B5-ED52-1522-B3C0-B58DAE7E1386	1	4D1EE969-B343-EA0A-2E0D-254C13959420	1	1584310701	{"level":1,"stage":1,"hasCompleted":false,"replayCount":"0","throwerSpeed":225}	1584310701	1584310810
7	A28CB6B8-90CA-B0EB-CD76-27199CFE1566	15C0D82C-53B5-A9A5-3584-B221312CC627	1	892657E3-6C5E-6D97-F419-87E9E014DF67	1	1584297949	{"level":1,"stage":1,"hasCompleted":false,"replayCount":"0","throwerSpeed":225}	1584297949	1584298051
7	A244EEA5-09DB-2B65-4C4B-73D73F43C889	1629EF4A-AEAA-0BC9-1DD9-7ECFF4D6F0AF	1	201F73EB-CF05-8797-2889-88B7823CA2A4	1	1584307691	{"level":1,"stage":1,"hasCompleted":false,"replayCount":"0","throwerSpeed":225}	1584307691	1584307824
7	933930F0-4BD2-A594-20CE-6457DB6FFA51	16416C61-7D4E-AAE7-EC9F-25F2F5F20363	1	83AE69DF-21F3-31E6-CF5D-322F6C5DCDC0	1	1584329549	{"level":1,"stage":1,"hasCompleted":false,"replayCount":"0","throwerSpeed":225}	1584329549	1584329587
7	BA0F32D7-9090-67F9-16E8-B7A1CD1D3081	1883F9F6-2410-D1BF-1606-540C2852809B	1	BF868E1A-2168-7305-4702-55A6767A6047	1	1584247796	{"level":1,"stage":1,"hasCompleted":false,"replayCount":"0","throwerSpeed":225}	1584247796	1584248041
7	5F92CF79-F440-9F99-10BA-9ED534B8BD81	18A76E02-A6E3-D951-8CA3-8C1D3156A125	1	1447329D-D417-6662-F8AE-A9C295063D09	1	1584258650	{"level":1,"stage":1,"hasCompleted":false,"replayCount":"0","throwerSpeed":225}	1584258650	1584259043
7	250499E2-468B-6FAB-BDDD-6966D6ED5BA1	18C00743-7AE5-8BE1-5541-1E21DA95B815	1	15944940-195D-9A07-12F7-9D5DBDA05DC5	1	1584258496	{"level":1,"stage":1,"hasCompleted":false,"replayCount":"0","throwerSpeed":225}	1584258496	1584258533
7	0512F247-2412-C38B-6AFD-2253C4AA0ECE	18C13E40-0FA9-9A9E-2A70-0604B33FA40D	1	6E560841-DD20-00CD-830D-6D0353263619	1	1584304728	{"level":1,"stage":1,"hasCompleted":false,"replayCount":"0","throwerSpeed":225}	1584304728	1584304817
7	39F24D3A-A1EC-18DC-9E51-57BABFD7C519	191A0CF3-7D52-D7AB-D641-797658A37173	1	E59145CF-B677-56FB-A04E-305A812AA9F3	1	1584306918	{"level":1,"stage":1,"hasCompleted":false,"replayCount":"0","throwerSpeed":225}	1584306918	1584307102
7	6DD5F659-07CB-462C-5A03-33CDAD1449AA	211A46F6-5D16-2A15-3347-081617948291	1	CE9982B4-EB2D-24DF-433E-562513325A71	1	1584254922	{"level":1,"stage":1,"hasCompleted":false,"replayCount":"0","throwerSpeed":225}	1584254922	1584255247
7	7A30F2C1-7392-3628-49CE-2CA46170CCA3	21A4A452-8B11-6486-F3A6-1FAB1775FDF4	1	0AE8BA25-A963-5901-424B-4B0BDB08F6F5	1	1584308044	{"level":1,"stage":1,"hasCompleted":false,"replayCount":"0","throwerSpeed":225}	1584308044	1584308579
7	066FDBBF-3E0A-8267-238E-CA43E14575B2	22C5CA3C-5659-A56F-9FCF-6F0182758FC3	1	A81E5345-5FAC-E603-7116-1FE20442240A	1	1584255276	{"level":1,"stage":1,"hasCompleted":false,"replayCount":"0","throwerSpeed":225}	1584255276	1584255393
7	7306C812-DB83-F90D-BF7E-3E43339198E4	2312833C-87F4-5533-E964-1D179D9B7851	1	7A28C205-AEAE-8A2A-9EE4-4DDCC3460F88	1	1584304690	{"level":1,"stage":1,"hasCompleted":false,"replayCount":"0","throwerSpeed":225}	1584304690	1584304970
7	37DCB5B8-328F-D52D-2B5D-2FB7BCCE1941	27566B8A-E165-5304-9DCE-3BF7CA4F2F51	1	71E86DDE-62EB-752A-EC0E-5ED62FFD86E9	1	1584306671	{"level":1,"stage":1,"hasCompleted":false,"replayCount":"0","throwerSpeed":225}	1584306671	1584306762
7	8818F909-B492-7ECE-4263-19A5BCAD68CC	28B31AB7-0700-583D-BAC1-729AEA45AFA0	1	F7EE6522-FBBE-9E25-5DB4-64718D2519D9	1	1584319321	{"level":1,"stage":1,"hasCompleted":false,"replayCount":"0","throwerSpeed":225}	1584319321	1584319560
7	6F5DC25A-7C49-EDC3-7E0E-01B85BE92DBC	29CCE12C-B100-1116-5C1F-27955DEAC99C	1	F7EE16F1-EC2C-4209-0756-C8B945EF40CB	1	1584301324	{"level":1,"stage":1,"hasCompleted":false,"replayCount":"0","throwerSpeed":225}	1584301324	1584301448
7	ADD3414E-0437-1408-B5D8-5C622B2BFF39	2A5FA24F-331C-DFFA-ACBC-D4DA8E3C3B82	1	2863EE78-E458-2FDE-F719-BB873E127466	1	1584302842	{"level":1,"stage":1,"hasCompleted":false,"replayCount":"0","throwerSpeed":225}	1584302842	1584302888
7	DFED5F1F-FE58-2DCC-76EF-092BB079BC47	2AB74C9A-0744-F669-EC88-5FA78AC7554E	1	23D27BA6-C434-AEB4-41CE-6D6460C99C84	1	1584248750	{"level":1,"stage":1,"hasCompleted":false,"replayCount":"0","throwerSpeed":225}	1584248750	1584248848
7	30F749F1-B08C-BD6F-9E4E-869BB55ABD37	2B22E4C6-3A1B-3D0F-9A94-66BF09DDFD63	1	C8D43EAC-1961-44C8-2DFF-D477C978E50F	1	1584254947	{"level":1,"stage":1,"hasCompleted":false,"replayCount":"0","throwerSpeed":225}	1584254947	1584255678
7	BB3588CA-FE13-59EF-E93E-A0F446015A08	2CE1CA99-3C30-06CA-1DDD-25E34F8E4401	1	0F865E36-1E59-9CE3-DBB4-49729A8F8A29	1	1584307360	{"level":1,"stage":1,"hasCompleted":false,"replayCount":"0","throwerSpeed":225}	1584307360	1584307827
7	D3720ADC-5F98-14AB-F8FF-4E8709E73FCC	2D134FAA-0914-F6E3-A272-DFD40ADB3B17	1	391593DE-895D-DB7E-F041-D4ED94D2B7DF	1	1584304078	{"level":1,"stage":1,"hasCompleted":true,"replayCount":"5","throwerSpeed":225}	1584304078	1584304747
7	5DF705B3-EC70-1D51-D6F0-7E1A1AE8DACD	2E80E54F-B0B9-DB9F-DC51-4B113D612944	1	1B545169-2C89-7B85-4884-63D323C63988	1	1584324308	{"level":1,"stage":1,"hasCompleted":false,"replayCount":"0","throwerSpeed":225}	1584324308	1584324510
7	38C89AFF-562F-73F8-45D5-3BEE839662E1	2E9AAA58-9347-A9C5-A6F0-EF0AAE9E108A	1	391474D3-62A5-2013-565B-BB384D784865	1	1584334464	{"level":1,"stage":1,"hasCompleted":false,"replayCount":"0","throwerSpeed":225}	1584334464	1584335049
7	1C75FE90-CBCE-2F4E-07D4-D6357DFB64C8	2F2A8743-452B-B864-A0B7-9032CDDAD20E	1	1A7E1BD0-4AF6-B524-4892-F019FA4E0ADE	1	1584288275	{"level":1,"stage":1,"hasCompleted":false,"replayCount":"0","throwerSpeed":225}	1584288275	1584288408
7	19777CD2-3479-40FE-0380-549C5AF4B8B7	2F72CC58-DA1D-7678-72A4-A8F4928515DA	1	632CDBD1-20A6-6F3D-1F4C-E74FD30754CA	1	1584266757	{"level":1,"stage":1,"hasCompleted":false,"replayCount":"0","throwerSpeed":225}	1584266757	1584266822
7	EC92DEAD-49BA-8A98-9D07-57808623E65B	2FCE7893-4E9C-8FA4-71DA-9BB4EBEE07D0	1	331FADD5-6D47-718E-B6A1-23A4E05B402B	1	1584274771	{"level":1,"stage":1,"hasCompleted":false,"replayCount":"0","throwerSpeed":225}	1584274771	1584274898
7	9FBD4B60-DADF-C36B-C230-4CA48F5D1EC6	302939AC-FFEC-C6F2-411A-CE9E081E5A41	1	EDB34759-EB22-38D0-F4C8-1ABDA4389EE5	1	1584309414	{"level":1,"stage":1,"hasCompleted":false,"replayCount":"0","throwerSpeed":225}	1584309414	1584309572
7	9E92BA4E-4EC0-61C4-E248-5029557579B4	30EF30DF-EE02-F503-B59C-57233FDFDFC8	1	2F843296-8623-300E-A25E-B018EC9527CC	1	1584283374	{"level":1,"stage":1,"hasCompleted":false,"replayCount":"0","throwerSpeed":225}	1584283374	1584283729
7	E6DC0DBF-2DF6-54F5-7413-050F90B46CBF	329D0044-2ABF-41F3-C327-2298390DA10E	1	5EC37EEA-1861-1F79-F97A-B32A6CB9E8D0	1	1584252734	{"level":1,"stage":1,"hasCompleted":false,"replayCount":"0","throwerSpeed":225}	1584252734	1584252945
7	4B2EDDE0-6181-86B8-BF3F-860153DE6638	3302A0BB-A5E4-A5FB-EC0E-329C751AE955	1	A6719567-BCDF-BC34-4876-B08768E408A0	1	1584304095	{"level":1,"stage":1,"hasCompleted":false,"replayCount":"0","throwerSpeed":225}	1584304095	1584304320
7	246739EE-C27E-9D09-D1C8-D9326890889D	35AF7527-B0F3-6469-0099-09A97DAC9E2C	1	52973EBB-CF4C-6B61-601E-4F66BF24C000	1	1584302352	{"level":1,"stage":1,"hasCompleted":false,"replayCount":"0","throwerSpeed":225}	1584302352	1584302380
7	C10A9640-E3CF-BC6B-E8E8-787ABF6BC890	35EEBF10-205F-83D1-052F-235E4A94DDFB	1	F9BEB7D8-1EC4-4D25-DEDA-686A94B0BE21	1	1584316667	{"level":1,"stage":1,"hasCompleted":false,"replayCount":"0","throwerSpeed":225}	1584316667	1584316795
7	C99824EE-1948-7C82-7227-C8BA9C37BF8E	37418263-0112-5126-86A8-386D079E46D2	1	05D0209C-FFD1-47D8-6239-D3F743A3B519	1	1584322151	{"level":1,"stage":1,"hasCompleted":false,"replayCount":"0","throwerSpeed":225}	1584322151	1584322232
7	B6FA6557-1DA6-BFF9-07A6-CEE8997AFA35	3864632B-08C4-F85B-59FB-3C86D6B166CC	1	0656C8D0-D1E5-C9D3-3E32-DB040FF7A8F2	1	1584299652	{"level":1,"stage":1,"hasCompleted":false,"replayCount":"0","throwerSpeed":225}	1584299652	1584299720
7	F06599C2-3A35-A94E-B589-1BE3226E6876	3898B360-66C4-CB6E-7429-52EF90D71A2F	1	DE2973E5-22A2-D437-3109-0A1A1F8E240B	1	1584293551	{"level":1,"stage":1,"hasCompleted":false,"replayCount":"0","throwerSpeed":225}	1584293551	1584293551
7	D3720ADC-5F98-14AB-F8FF-4E8709E73FCC	39201B9B-2713-0922-5348-01667FB3E6F3	1	AAAC0E63-C0C2-2617-392D-1FF42FCFAE30	1	1584318368	{"level":1,"stage":1,"hasCompleted":true,"replayCount":"7","throwerSpeed":225}	1584318368	1584318592
7	1D1DAF83-D020-EF28-19B6-2995E447C4D7	399DB0FC-DF46-75BB-618E-9CFF43A8EA3D	1	594FC9C8-183A-AC77-4D34-224CBBF57572	1	1584312113	{"level":1,"stage":1,"hasCompleted":false,"replayCount":"0","throwerSpeed":225}	1584312113	1584312173
7	7A89F72D-394B-2505-BA82-BF6E41A73B2A	3A64131F-399F-D649-B83A-E4DB52FDCC82	1	5E6AB84C-3BE6-CEA9-C9A8-4EBEE0DCB4F2	1	1584327793	{"level":1,"stage":1,"hasCompleted":false,"replayCount":"0","throwerSpeed":225}	1584327793	1584327815
7	0A68BE01-20AD-167C-8E01-F0688D47F2D3	3A9B2FF0-A2F4-8B2E-779D-BD9EDD386F29	1	6D8C8FFD-AFAD-5CA1-532E-8624E6FDCF23	1	1584299085	{"level":1,"stage":1,"hasCompleted":false,"replayCount":"0","throwerSpeed":225}	1584299085	1584299920
7	6A46B6B3-FB28-3F54-D5B7-167ABE94B83D	3A9CE02A-A996-181D-70B0-FF961F469D27	1	76426EAB-648B-4498-CD91-505F6D426F9F	1	1584314421	{"level":1,"stage":1,"hasCompleted":false,"replayCount":"0","throwerSpeed":225}	1584314421	1584314819
7	B8C6F0BE-E9C9-2AF4-5877-B46F2E54CC11	3B5E429B-6CE7-960F-B3E6-8F67F7BFF61E	1	EAC17B25-5AD1-1F66-1E96-5BB6A849E0D3	1	1584323537	{"level":1,"stage":1,"hasCompleted":false,"replayCount":"0","throwerSpeed":225}	1584323537	1584323862
7	8442EA57-1AE0-0933-0ED3-1234C8ADF67D	3DAA8A10-B942-4A21-0B54-6F94510B1BB8	1	4AD29775-38C7-29A2-12B2-B60A732741F3	1	1584297121	{"level":1,"stage":1,"hasCompleted":false,"replayCount":"0","throwerSpeed":225}	1584297121	1584297478
7	D548AAAE-3533-FAEE-8303-7E69A8AAA61F	3F4508D4-7E30-B6F1-F0DF-441514F8F7D2	1	D3E9EF60-EDC6-38D1-7319-10CDB7DF72BA	1	1584290682	{"level":1,"stage":1,"hasCompleted":false,"replayCount":"0","throwerSpeed":225}	1584290682	1584290732
7	C0950949-F940-CFBE-3685-DDB79E72C2C8	3F6E7DF6-FA2A-C265-0F47-C5874EA69B93	1	DB95EC0A-5E57-22D0-768D-EC10A61E7D09	1	1584300758	{"level":1,"stage":1,"hasCompleted":false,"replayCount":"0","throwerSpeed":225}	1584300758	1584300837
7	02EE8D91-9BEA-BF0E-2E9D-43D9931DC1DE	40EB8245-235E-6B59-0F0D-D7D3F430C2A5	1	6927192D-EDB6-7600-E40A-339523B9D83B	1	1584306279	{"level":1,"stage":1,"hasCompleted":false,"replayCount":"0","throwerSpeed":225}	1584306279	1584306732
7	4533846C-498F-CDF9-FE92-F970DFA7D374	40FCC4C1-BB43-0C4A-F921-A66D2117FDDB	1	5814EECF-8543-00E9-4AF2-5AE0AA0E7BCC	1	1584323295	{"level":1,"stage":1,"hasCompleted":true,"replayCount":"0","throwerSpeed":225}	1584323295	1584323472
7	9FEFAFE6-B79F-781B-4A73-EA585853DEAA	41847DF9-AF7F-5B25-2A9F-938DD5A2D824	1	64B3EFF2-0DF9-72DE-49B9-EA45B387F093	1	1584320295	{"level":1,"stage":1,"hasCompleted":false,"replayCount":"0","throwerSpeed":225}	1584320295	1584320591
7	823311A3-8172-BD17-2090-E3816DC62C68	42377EDB-5197-8AA5-43C8-BCA3D224A1EA	1	1E7ACDA9-2304-CA3E-A216-397447FCCD18	1	1584301630	{"level":1,"stage":1,"hasCompleted":false,"replayCount":"0","throwerSpeed":225}	1584301630	1584301726
7	12BABF1F-0EF8-6E82-E1CD-85CA5461CB0E	44CDAD9F-99FF-1713-94FB-D131C5B1D18E	1	76818A2D-26D7-8259-62A6-41438375FA03	1	1584269816	{"level":1,"stage":1,"hasCompleted":false,"replayCount":"0","throwerSpeed":225}	1584269816	1584269844
7	2BEBBBC1-299A-C6D8-D88B-FE65265A5C4D	45C658FC-8BBB-6C4B-0892-2B3F12EDE8F0	1	F22D7A1E-BF47-EB52-734C-242ED9863285	1	1584307082	{"level":1,"stage":1,"hasCompleted":false,"replayCount":"0","throwerSpeed":225}	1584307082	1584307249
7	7F7E3689-1C71-7DB6-FF33-A07F024090E4	47C13492-9B26-7707-21A7-F2E8AEBB4EE9	1	2B34F867-AF74-E280-D72B-4F9CFC18A5BF	1	1584326932	{"level":1,"stage":1,"hasCompleted":false,"replayCount":"0","throwerSpeed":225}	1584326932	1584326952
7	EED613A5-4C9E-554F-827F-565915340A7F	4BD720A0-ABD4-8179-622D-626A43818113	1	29F00C98-8D2D-D2D7-1DF7-DDAAD8D9F592	1	1584286325	{"level":1,"stage":1,"hasCompleted":false,"replayCount":"0","throwerSpeed":225}	1584286325	1584286396
7	9722B0A6-1801-0E35-C6A8-DF723BD071FA	4BF5FBCE-1C0B-FC8D-EFB3-6C094B2F8090	1	AAE19EB7-1C3C-F470-12B1-E86D5D9572DC	1	1584264740	{"level":1,"stage":1,"hasCompleted":false,"replayCount":"0","throwerSpeed":225}	1584264740	1584265140
7	C95D8A3D-3795-39C2-EED5-B101D177258A	4E09268B-B323-2F27-A308-8C4D7D36F8B7	1	A66430F6-7736-FDBA-181C-9135E99535DF	1	1584299592	{"level":1,"stage":1,"hasCompleted":false,"replayCount":"0","throwerSpeed":225}	1584299592	1584299771
7	051AB4DF-5E7E-E43F-1C0A-8E459420581E	4F9DDE34-E961-9523-C225-3E58B4569FC3	1	3B27606C-0E83-5584-7C34-DDA1B7D8AF57	1	1584301321	{"level":1,"stage":1,"hasCompleted":false,"replayCount":"0","throwerSpeed":225}	1584301321	1584301438
7	8C46F271-67E9-21D8-BDD6-3979DE69DEAB	52B60616-F8C0-6609-5CFB-617F09B166E4	1	2ECEDBE9-7B3F-681F-FCC8-8B92BABC53DB	1	1584308440	{"level":1,"stage":1,"hasCompleted":false,"replayCount":"0","throwerSpeed":225}	1584308440	1584308901
7	BEFCB194-C179-EEC1-1A80-DA54EEA64C00	53196916-FC99-632D-139A-28D0E3D525E8	1	76822F94-5C0D-3AF3-0A83-B1540FCB85FD	1	1584293817	{"level":1,"stage":1,"hasCompleted":false,"replayCount":"0","throwerSpeed":225}	1584293817	1584294077
7	A13597AA-6AF3-9878-0B87-88E1DC8A20CF	535A97E4-D5FE-565F-0091-03894391F1C0	1	D7B7C373-08A8-50B8-256F-5A7B20DB88E7	1	1584324307	{"level":1,"stage":1,"hasCompleted":true,"replayCount":"1","throwerSpeed":225}	1584324307	1584324467
7	D2077324-7C17-7939-45F4-9C95C0F674ED	53F97707-07F7-92F2-8459-B27001B51B92	1	35E3BC40-A624-4840-48B4-FA90D268C1E1	1	1584258364	{"level":1,"stage":1,"hasCompleted":false,"replayCount":"0","throwerSpeed":225}	1584258364	1584258445
7	962907A1-0E6E-10C0-D53F-919E88EA02DE	55DCD8D3-B975-AE1C-D9A7-E318E1BFEB56	1	5FF81BA6-ADB1-F7BB-BF80-5CCF1BE2B74F	1	1584284575	{"level":1,"stage":1,"hasCompleted":false,"replayCount":"0","throwerSpeed":225}	1584284575	1584284649
7	CBAAEB4E-0FAF-D84A-9F9C-6F2E6858B98C	55E7C407-BC24-F565-E59F-E2A8DC9AA8EE	1	984161AA-A623-C8C9-7AD4-DF92E77D3F36	1	1584312898	{"level":1,"stage":1,"hasCompleted":false,"replayCount":"0","throwerSpeed":225}	1584312898	1584313163
7	34864B53-776C-5285-4AF5-DDA71AAAA4D3	57586072-8375-6CF8-DAF3-30765485D86B	1	294D85CF-C5D5-8EAC-EAA8-301E4D64D395	1	1584299628	{"level":1,"stage":1,"hasCompleted":false,"replayCount":"0","throwerSpeed":225}	1584299628	1584299701
7	3A75D331-6B44-4A96-2A11-91F627EE2413	5792569B-D15A-62B7-9F96-72BE05873F3F	1	83CF16F3-0523-C7C5-4799-A2C4EF89894E	1	1584301999	{"level":1,"stage":1,"hasCompleted":false,"replayCount":"0","throwerSpeed":225}	1584301999	1584302314
7	FF7718C2-4E17-2F25-E26D-013F9B557F39	5A46EC40-77C1-4002-F4F3-DC238226DE65	1	E9BE028C-F947-7746-E0EC-46785FE2C23A	1	1584303100	{"level":1,"stage":1,"hasCompleted":false,"replayCount":"0","throwerSpeed":225}	1584303100	1584303351
7	C1FD9AE5-96D4-BF4F-A75D-9EE931666452	5ABE6F80-547B-876F-2B48-32FF8DF00A25	1	4DA859B2-FCA7-A5C5-4719-3C0E80DE404D	1	1584289787	{"level":1,"stage":1,"hasCompleted":false,"replayCount":"0","throwerSpeed":225}	1584289787	1584290215
7	5D405F37-F930-B1E0-4F4E-186F9A771E6C	5B379C36-905F-1292-AC37-A3B3A42004A3	1	9A7E17FB-F2C4-B4B3-5A5F-4D8E6B859451	1	1584317047	{"level":1,"stage":1,"hasCompleted":false,"replayCount":"0","throwerSpeed":225}	1584317047	1584317453
7	9A1251F0-E87E-B188-066E-1F11453FA7DC	5C6CE06C-4FDE-8AD8-89DA-CB87E8460619	1	C4B6056D-3722-517E-9E73-DB347890D6B8	1	1584324909	{"level":1,"stage":1,"hasCompleted":false,"replayCount":"0","throwerSpeed":225}	1584324909	1584325149
7	06240FE4-FE7E-B5B9-7C4D-D8F41370A91D	5D3BE0D1-1DCA-F6D6-D33C-72700061A1DA	1	00D35916-8D40-9678-DF53-EC263A7AC935	1	1584246113	{"level":1,"stage":1,"hasCompleted":false,"replayCount":"0","throwerSpeed":225}	1584246113	1584246152
7	FCA35404-D684-77E5-8B63-AA1833B253CE	60430E9C-FD49-A963-C7A3-0337E4BD1D8D	1	C505B7EA-11E8-D738-44B6-379D6128FC74	1	1584315400	{"level":1,"stage":1,"hasCompleted":false,"replayCount":"0","throwerSpeed":225}	1584315400	1584315423
7	256B217E-E776-D881-418B-E3D901BE81B0	60791F80-8C16-3565-512E-71078CEFD774	1	9459BD24-E62C-FB3A-DEAC-C39835E85474	1	1584260190	{"level":1,"stage":1,"hasCompleted":false,"replayCount":"0","throwerSpeed":225}	1584260190	1584260443
7	8204C0A9-4253-2E9F-E965-61A9F0CFC82E	6329AAFB-76CE-E6DA-C1F9-D87D00C4F01D	1	A4847DAE-1681-3D0D-911A-E8ECF0C080D2	1	1584301239	{"level":1,"stage":1,"hasCompleted":false,"replayCount":"0","throwerSpeed":225}	1584301239	1584301315
7	E984AFF4-5A4C-CDB4-A0D7-6980ACCA8480	644537B2-479A-F5C5-DEB8-387669C88CDE	1	D9A53EA3-83E7-53D3-1FF4-E8CD434EBF7F	1	1584285990	{"level":1,"stage":1,"hasCompleted":false,"replayCount":"0","throwerSpeed":225}	1584285990	1584286097
7	39741A1D-C615-4980-AB88-521A477BE84D	653CCAF9-9017-D821-6743-2D1894D55FC2	1	F44C8D4C-6866-A0F9-43FA-E260CA51699E	1	1584284909	{"level":1,"stage":1,"hasCompleted":false,"replayCount":"0","throwerSpeed":225}	1584284909	1584284919
7	09C16321-89C1-7F48-062B-0A4B43CF1ABF	66766E40-22B8-4A54-62F0-02CF1039EEE0	1	60843456-929D-5624-3728-E21E49192804	1	1584265415	{"level":1,"stage":1,"hasCompleted":false,"replayCount":"0","throwerSpeed":225}	1584265415	1584265593
7	58E31EE0-1AA2-5286-61BC-2D290DEAB2E6	66A49B36-2469-2782-C262-F97A93E3C54D	1	EAB52A7D-BAE2-A121-2F05-CD0DCB9113F6	1	1584330654	{"level":1,"stage":1,"hasCompleted":false,"replayCount":"0","throwerSpeed":225}	1584330654	1584330712
7	100F6CD5-43BB-A165-14BB-9B84A7B24829	68C3693A-9A4D-E8C0-8223-5988A291FF88	1	461721F1-BA84-5A57-9610-31E80760C317	1	1584254815	{"level":1,"stage":1,"hasCompleted":false,"replayCount":"0","throwerSpeed":225}	1584254815	1584254938
7	F7A257F2-C050-A9A6-D244-451100B1B76D	694A60BF-F058-A5EA-5995-07D35C56DDDE	1	E62061A5-8ACB-CD5A-B2DC-49605887723A	1	1584319195	{"level":1,"stage":1,"hasCompleted":false,"replayCount":"0","throwerSpeed":225}	1584319195	1584319763
7	31F3A73A-2ECA-6F0D-B7C7-BC68E253C0FF	695F4150-B730-91D4-C1D3-4BC916FF3C78	1	6AAF4951-4B84-9C04-5551-9C9E08E43748	1	1584273684	{"level":1,"stage":1,"hasCompleted":false,"replayCount":"0","throwerSpeed":225}	1584273684	1584273796
7	910767B2-B904-4F08-7B67-9160E28C4824	6B1CA564-DB5F-B59B-1960-884F191479CF	1	F6BDDF90-F371-8BB6-8EBF-2432B25EC504	1	1584332779	{"level":1,"stage":1,"hasCompleted":false,"replayCount":"0","throwerSpeed":225}	1584332779	1584332966
7	2281837E-CD4B-C9D2-03C3-248442647E59	6C397D7D-8E30-5657-39C1-2CD3C36286F4	1	CC7483B2-E311-DBAC-7EEC-9742899C5994	1	1584305565	{"level":1,"stage":1,"hasCompleted":false,"replayCount":"0","throwerSpeed":225}	1584305565	1584305651
7	64B40965-76B3-338C-84A6-EA77B34E1165	6DF0B883-C66B-F0B0-3A0B-7E8C016B4408	1	76F3D62B-59A9-9F07-E004-090026A6E69D	1	1584288251	{"level":1,"stage":1,"hasCompleted":false,"replayCount":"0","throwerSpeed":225}	1584288251	1584288472
7	084D7788-762E-D950-A426-F1FD107FA9DC	6E928ABD-D2D6-C0D3-11A7-9A750CEF683C	1	9F627008-C379-3861-58D5-E33AFB955B01	1	1584326838	{"level":1,"stage":1,"hasCompleted":false,"replayCount":"0","throwerSpeed":225}	1584326838	1584326972
7	17E62D23-BCB4-486C-2F4A-069DA54AB822	6F554951-9E1F-06D8-07C4-793939E22FC1	1	E3BD86DA-50C4-01CB-CDA1-30B6742F78EA	1	1584290995	{"level":1,"stage":1,"hasCompleted":false,"replayCount":"0","throwerSpeed":225}	1584290995	1584291209
7	7DED7642-32FB-D298-E254-04010648A45A	6FC73E46-4203-2531-D76D-F8028D34468C	1	6EAF115F-A057-4178-31FC-890FCE861809	1	1584290260	{"level":1,"stage":1,"hasCompleted":false,"replayCount":"0","throwerSpeed":225}	1584290260	1584290351
7	22113345-0062-381D-40E5-680200F96916	7131C251-2289-5292-4AE7-7789C7152FD3	1	2F4C7BC2-9AA5-3C4C-454B-203F1671682F	1	1584309431	{"level":1,"stage":1,"hasCompleted":false,"replayCount":"0","throwerSpeed":225}	1584309431	1584309456
7	EA16356D-A1E1-6636-377F-DC1117F94944	71EDBBF4-C66A-6A8D-BBD7-4E0CC29533AA	1	74119F88-80FC-EDB9-ED1A-F5F960EE2FD7	1	1584324782	{"level":1,"stage":1,"hasCompleted":false,"replayCount":"0","throwerSpeed":225}	1584324782	1584324940
7	D3720ADC-5F98-14AB-F8FF-4E8709E73FCC	741237C6-506D-769B-D85A-372D72459CB3	1	5C6C3D1E-4E85-0C0B-69B2-05E2DFDB2385	1	1584293235	{"level":1,"stage":1,"hasCompleted":true,"replayCount":"1","throwerSpeed":225}	1584293235	1584293386
7	0D41C806-B194-CCE2-222C-C4B961F37163	75C2307A-A84C-4C09-D438-E97ADE81E5E5	1	52E7C444-65F5-AC8B-BE97-002C2481EF3E	1	1584267422	{"level":1,"stage":1,"hasCompleted":false,"replayCount":"0","throwerSpeed":225}	1584267422	1584267444
7	E73E5F55-376D-D6BD-FF2A-CDDF7EF84259	77171645-F65C-3468-2E28-6960405CA4F2	1	C5398421-3C7C-D5B0-ADBE-67D082F93CCE	1	1584291462	{"level":1,"stage":1,"hasCompleted":false,"replayCount":"0","throwerSpeed":225}	1584291462	1584291537
7	DA7BFD28-5DEB-4B62-D828-F8C0B2861843	7795289D-19AF-D62C-F4FA-74E2A1A16C7B	1	6CB1960A-F408-7167-3954-06E8E659C10B	1	1584317987	{"level":1,"stage":1,"hasCompleted":false,"replayCount":"0","throwerSpeed":225}	1584317987	1584318079
7	3EEFFF89-A084-7587-7CB0-2CDDD8E39FBC	785C7E35-124F-2EE3-5EFA-BB2A053DED50	1	8653B673-8F30-E383-C6D3-99511A976440	1	1584329470	{"level":1,"stage":1,"hasCompleted":false,"replayCount":"0","throwerSpeed":225}	1584329470	1584329583
7	58616D2C-A9AB-D2B0-BA40-655465C86B6F	78A4AB6A-14BD-FE70-8BC9-AA3A72AF77DD	1	5802EC66-8DF8-3946-24BB-B0B197927DE2	1	1584281196	{"level":1,"stage":1,"hasCompleted":false,"replayCount":"0","throwerSpeed":225}	1584281196	1584281324
7	D90EDE20-6639-4C18-C7A5-C2A4D8C91384	78F79199-9AF8-2CF1-62C2-12226C64FBDA	1	3AA64CA4-695B-613E-C896-0A6271ECF31B	1	1584258800	{"level":1,"stage":1,"hasCompleted":false,"replayCount":"0","throwerSpeed":225}	1584258800	1584259088
7	A99AF3C8-B9EA-F978-AE31-D40E5A6AB13C	790AA032-4197-2142-6623-CD3C2FC7CB19	1	165C826F-8623-953D-BF46-4D31A4FC472F	1	1584302326	{"level":1,"stage":1,"hasCompleted":false,"replayCount":"0","throwerSpeed":225}	1584302326	1584302376
7	D3720ADC-5F98-14AB-F8FF-4E8709E73FCC	7A0BC15B-C2E0-A89F-D65C-AB55583AF21D	1	1BDA36E2-ED15-984C-4220-24064AC596A8	1	1584293684	{"level":1,"stage":1,"hasCompleted":true,"replayCount":"2","throwerSpeed":225}	1584293684	1584294797
7	D9094C17-3D59-FA4C-A03C-255CD468AFDE	7B5938EF-99FD-BB02-83ED-AB954261960D	1	2E0D5330-1785-19EB-9539-861D1E4E1D19	1	1584251394	{"level":1,"stage":1,"hasCompleted":false,"replayCount":"0","throwerSpeed":225}	1584251394	1584251425
7	FE7275CF-1F68-27DE-19FC-EA6F3DF36234	7D7F0CBC-290D-E585-90B1-DAEBBC862333	1	CA6ADBE6-01C6-668A-3FF9-BB6BF5FC6803	1	1584280456	{"level":1,"stage":1,"hasCompleted":false,"replayCount":"0","throwerSpeed":225}	1584280456	1584280571
7	92639F46-0FC0-B5D5-11C9-9090288BE5CC	7E2A7AE3-73FF-E7C5-06B2-BEDAE178C31B	1	76C861A8-A577-72B8-31EC-1CC3729DC290	1	1584318896	{"level":1,"stage":1,"hasCompleted":false,"replayCount":"0","throwerSpeed":225}	1584318896	1584318962
7	0905BAB1-4F00-6462-B710-401F751D4D3E	814D6371-5406-4AE6-7CEB-96CAC72D7F61	1	4EE8AEC5-A0EF-5D74-BAF4-D9A784B7FF55	1	1584313407	{"level":1,"stage":1,"hasCompleted":false,"replayCount":"0","throwerSpeed":225}	1584313407	1584313442
7	BFD64F53-FAA7-1E3F-7BE1-5518F1452436	824A1C14-8F88-AD25-8580-764FFC9B3200	1	33B53C56-162C-4525-7915-5BD21A6E2520	1	1584254707	{"level":1,"stage":1,"hasCompleted":false,"replayCount":"0","throwerSpeed":225}	1584254707	1584254818
7	DF88DF0A-A684-1093-D75F-01D81492B55C	82D32D77-C754-0104-BE26-E89F174F1143	1	F5676489-4B1B-FF49-5248-DD7B91C6C34B	1	1584319632	{"level":1,"stage":1,"hasCompleted":false,"replayCount":"0","throwerSpeed":225}	1584319632	1584320030
7	DA287D40-0CA0-5E8F-E1AB-3A3D207FD5F6	83CB7449-52E4-86E6-60D1-655607BDE15B	1	55E8A409-35D5-C91A-D8BC-6822C3BAAD3C	1	1584279044	{"level":1,"stage":1,"hasCompleted":false,"replayCount":"0","throwerSpeed":225}	1584279044	1584279228
7	26A06DB6-9C5D-D3D8-E497-820F6C1AF33E	8488C212-C094-4F24-77DC-A6BB7A53A86E	1	C9154EDC-CD90-7DBC-4D98-03C46F47C233	1	1584293292	{"level":1,"stage":1,"hasCompleted":false,"replayCount":"0","throwerSpeed":225}	1584293292	1584293745
7	F5061989-0654-456D-EDAC-885E87E6A259	85924DD5-E5A6-3139-30A6-EDAD456BC4AF	1	0FA3C9D5-88BF-3411-DB67-FD039A5195D7	1	1584245273	{"level":1,"stage":1,"hasCompleted":false,"replayCount":"0","throwerSpeed":225}	1584245273	1584245378
7	49F8D845-6312-ED22-759C-64AE17AAA51E	88A8F674-F8F4-439E-A008-FB77827BE033	1	7F428871-4235-D405-48C4-CB1DB7A36844	1	1584290658	{"level":1,"stage":1,"hasCompleted":false,"replayCount":"0","throwerSpeed":225}	1584290658	1584291095
7	EF04B932-29CF-A790-A485-62D9E9275650	8A5D99C7-9D81-D62C-513C-D351079485B0	1	853832D2-26A1-436F-9DBF-2B925443C52A	1	1584301272	{"level":1,"stage":1,"hasCompleted":false,"replayCount":"0","throwerSpeed":225}	1584301272	1584301697
7	2E0673BE-64A4-E5D4-FA32-5A84065C8F83	8ABAF491-C6D5-A39E-17BA-D5E0ED2DEC97	1	4FC36222-268A-7471-FD22-BBAE3C685249	1	1584246014	{"level":1,"stage":1,"hasCompleted":false,"replayCount":"0","throwerSpeed":225}	1584246014	1584246036
7	6432428A-797E-BEB2-1C19-77D6AED7E56B	8BD39092-C451-1FA8-A2B0-9D3CD4BF7683	1	B58FBA50-46B8-653F-C282-50E9DE1437F5	1	1584320830	{"level":1,"stage":1,"hasCompleted":false,"replayCount":"0","throwerSpeed":225}	1584320830	1584321345
7	61A3ECBE-3BFA-5E6C-65EF-2090ED3FA982	8CB237F1-9F59-995B-5DF5-57D453966716	1	AC4CB156-30FC-A768-65F6-504CC2E99CD8	1	1584256138	{"level":1,"stage":1,"hasCompleted":false,"replayCount":"0","throwerSpeed":225}	1584256138	1584256191
7	7A0D8205-959B-7797-FF7D-A0B37C590D14	8DDBB59A-10CE-A9E4-7CF6-8DD7FC511A56	1	6694F4F8-0FC4-7DE3-C340-FF6929BB8F72	1	1584254084	{"level":1,"stage":1,"hasCompleted":false,"replayCount":"0","throwerSpeed":225}	1584254084	1584254171
7	F4161F3C-F72E-D839-C1CF-C4DD015D96CB	8E0CB7BD-237D-0C43-8B7C-0EAAFA1B8AD0	1	CB85BEAE-6822-1ED4-0FAC-A3191CC5EB07	1	1584311447	{"level":1,"stage":1,"hasCompleted":false,"replayCount":"0","throwerSpeed":225}	1584311447	1584312799
7	03E148B6-F937-19C0-91A9-B42AA6966E49	8F3A3084-3B2C-0946-5687-E0D7D7CC636B	1	83534A32-E27F-3F30-B8B7-DE278365DC74	1	1584255843	{"level":1,"stage":1,"hasCompleted":false,"replayCount":"0","throwerSpeed":225}	1584255843	1584255931
7	13C229B7-EB80-B158-2AB6-8867AFB781B3	8F573154-6FCF-1F06-8F3B-AC1D67E0B3B4	1	4338E1BB-CC69-529C-A3F6-2483A712F991	1	1584267847	{"level":1,"stage":1,"hasCompleted":false,"replayCount":"0","throwerSpeed":225}	1584267847	1584267887
7	F90C0B87-22A0-CE07-6E95-0F5A8D6A072A	8F60DC4E-A2A2-4AC8-F9E6-D66BD057D1F4	1	54E66C76-4D8B-948A-E3C4-2C5F91BED801	1	1584290720	{"level":1,"stage":1,"hasCompleted":false,"replayCount":"0","throwerSpeed":225}	1584290720	1584290784
7	75F4CD3C-6865-3654-79C3-BEE92C3CF0E4	907AACB9-CE4D-8B32-6851-F176A811E598	1	9DF4A4D5-13FE-47FC-7623-703C6CFA2C6A	1	1584292101	{"level":1,"stage":1,"hasCompleted":false,"replayCount":"0","throwerSpeed":225}	1584292101	1584292592
7	451CFA89-0DB0-AF83-8369-CEE2E3BC2D70	90AD44D9-CA8B-B4F4-D1B3-8F80650FC9B2	1	22C56972-9AAA-456E-993B-27938E80DB65	1	1584295597	{"level":1,"stage":1,"hasCompleted":false,"replayCount":"0","throwerSpeed":225}	1584295597	1584295631
7	8026DC2C-99BB-A40C-F00F-F7FBFC43E731	920FEAF5-1BA6-A291-F2AC-E6EF5DE94819	1	6DE00C26-4BD4-05BF-39C6-FDA3336167A8	1	1584289246	{"level":1,"stage":1,"hasCompleted":false,"replayCount":"0","throwerSpeed":225}	1584289246	1584289391
7	A02E3180-7D9D-494F-3BAD-06D458F7F805	9261FA9A-0AEE-513D-B15D-55E48F9E88A5	1	F158DAB4-C6B4-476C-345D-94B589113AA9	1	1584335510	{"level":1,"stage":1,"hasCompleted":false,"replayCount":"0","throwerSpeed":225}	1584335510	1584335636
7	0518F4C5-09BD-4D81-FA0C-77CD17474832	95F725EE-83D8-A2F6-4D17-83E6E9CBDEE6	1	9D301E84-A689-4466-412E-2992E7B2414F	1	1584271461	{"level":1,"stage":1,"hasCompleted":false,"replayCount":"0","throwerSpeed":225}	1584271461	1584271819
7	15EEF320-67FE-BB1B-4729-0D5DDF7FEDDE	96B03C03-5371-97A4-AF39-151E1FE823E6	1	7CEF59D9-6390-9DB8-E7B9-2AC921599990	1	1584304569	{"level":1,"stage":1,"hasCompleted":false,"replayCount":"0","throwerSpeed":225}	1584304569	1584304576
7	B09089B1-5E64-4739-2AE9-A538EF7939EF	980C8DCB-0C95-116F-2680-443AF7AC260C	1	1AF9CEF6-7589-C58C-532F-31391EF34C49	1	1584320367	{"level":1,"stage":1,"hasCompleted":false,"replayCount":"0","throwerSpeed":225}	1584320367	1584320661
7	EE31AD4A-22AE-5EAB-CB22-04C97BDEFB6F	985581F2-1F7F-E2AB-2E5E-9A83837C5941	1	F885B806-0B1E-2AA1-02F4-A4FD95651EF4	1	1584294116	{"level":1,"stage":1,"hasCompleted":false,"replayCount":"0","throwerSpeed":225}	1584294116	1584294143
7	B2C40FA1-5C18-9369-572B-362699CD2C32	98A32B65-1006-B69E-697E-42A4C8ED9E94	1	4385A6AA-53D9-10EF-A4DB-10B165DB7E74	1	1584310669	{"level":1,"stage":1,"hasCompleted":false,"replayCount":"0","throwerSpeed":225}	1584310669	1584310731
7	FFE161D0-78C7-8F17-EE33-5ADECFB7B699	98CA5022-A48F-5DB7-E14A-D2C5483FBD7B	1	60C71799-7137-665E-280F-C9EF57B21D73	1	1584332583	{"level":1,"stage":1,"hasCompleted":false,"replayCount":"0","throwerSpeed":225}	1584332583	1584332620
7	F9B5FC72-45B5-81DC-1C70-1D52950E6CE8	991FBCA0-3DCF-9B4E-757B-6A58452BD789	1	0B9D51CA-1C46-8FFC-2638-6D7F77866821	1	1584253570	{"level":1,"stage":1,"hasCompleted":false,"replayCount":"0","throwerSpeed":225}	1584253570	1584253577
7	44A9AC1E-EC9E-8501-76F9-11B6F09EEB25	9C7170BA-7700-6888-D1FF-0E14CC4C096C	1	CE0B819E-F3F4-95F7-5834-5FBD05AE66F4	1	1584295023	{"level":1,"stage":1,"hasCompleted":false,"replayCount":"0","throwerSpeed":225}	1584295023	1584295054
7	477D91FB-5D9C-3F3F-B149-E3C5573B5E25	9D42325A-DED9-785D-32A9-939DF8496F2E	1	B470E06F-3491-E77B-0B2A-272B5F95F7E8	1	1584332271	{"level":1,"stage":1,"hasCompleted":false,"replayCount":"0","throwerSpeed":225}	1584332271	1584332360
7	3D45165C-3342-21E0-93DE-9B2A8265472F	9D6534F4-987A-0A22-6BF4-216BD7BC3656	1	55DC3D25-42D3-BC5E-E9E3-3934D8328B32	1	1584301510	{"level":1,"stage":1,"hasCompleted":false,"replayCount":"0","throwerSpeed":225}	1584301510	1584301720
7	C0C12421-963D-306B-B6FC-5E40B8927FBB	9D932CF1-BEB4-C06D-17FF-B8FDDA56C200	1	16223D42-7736-CD07-6FE3-383BE4AC6B88	1	1584321782	{"level":1,"stage":1,"hasCompleted":false,"replayCount":"0","throwerSpeed":225}	1584321782	1584321876
7	6A6D8CE5-D0A3-D01C-134E-D1BA4E1B95CF	A007C528-28BB-2D35-CA81-314872FC8E18	1	C77DDEF1-88AA-719A-4DDE-5EF7B7AF7298	1	1584319085	{"level":1,"stage":1,"hasCompleted":false,"replayCount":"0","throwerSpeed":225}	1584319085	1584319872
7	331FCC8C-6492-F453-E15E-78A70BC50129	A3AC8EC2-2D13-0310-7791-1CBFE11F3BD8	1	D9087062-1CCD-29A3-C544-7871479A7070	1	1584250913	{"level":1,"stage":1,"hasCompleted":false,"replayCount":"0","throwerSpeed":225}	1584250913	1584251249
7	5132EB0D-3687-215F-FB1D-BC7C6B5A624A	A46110B0-D8D1-DC6C-9C06-96D0B4847FC0	1	C0D7CBCF-47BB-F0DD-1804-A148081552F3	1	1584248129	{"level":1,"stage":1,"hasCompleted":false,"replayCount":"0","throwerSpeed":225}	1584248129	1584248281
7	8935C4F0-8ED3-349C-615B-D2356D11A230	A6F09EC4-C8B4-426E-9ED9-D3A4EF795799	1	7B159BD6-EC08-CDAD-E127-0C8828500711	1	1584284848	{"level":1,"stage":1,"hasCompleted":false,"replayCount":"0","throwerSpeed":225}	1584284848	1584284877
7	395F5678-D53D-D82D-FCB7-E92F1FF49CC5	A9EA3B16-0C8D-3FB7-70B3-BEC97C54795E	1	58011E93-D23C-011E-83AB-9E2E2B47484B	1	1584298042	{"level":1,"stage":1,"hasCompleted":false,"replayCount":"0","throwerSpeed":225}	1584298042	1584298069
7	F29BF345-2FC4-223A-C629-3D1820746109	AA675C86-FEA1-5918-79B3-9406343F2910	1	99F35468-0B91-D06B-08B2-A3657D56C0BA	1	1584321182	{"level":1,"stage":1,"hasCompleted":false,"replayCount":"0","throwerSpeed":225}	1584321182	1584321265
7	D3720ADC-5F98-14AB-F8FF-4E8709E73FCC	AA77D8AA-DB6E-A689-6298-93FF333270C1	1	039F6B9E-5D3F-33F4-58A7-57BC1C915B4E	1	1584304002	{"level":1,"stage":1,"hasCompleted":true,"replayCount":"4","throwerSpeed":225}	1584304002	1584304043
7	C61D356E-F91C-5015-F1CE-0D99224214DC	AB0EED82-77BC-75BC-3840-84EBD0C85459	1	B1E63CD2-60E9-306B-0FCA-A946F3060561	1	1584302409	{"level":1,"stage":1,"hasCompleted":false,"replayCount":"0","throwerSpeed":225}	1584302409	1584302481
7	A369AEFB-762B-B3AF-97F4-B1F40DC6076C	AB78ADDA-AAAF-0AE0-F587-C67FA5CB8B1F	1	4A02C6C0-0169-BFD4-D5E9-7C8EBAC4465A	1	1584328341	{"level":1,"stage":1,"hasCompleted":false,"replayCount":"0","throwerSpeed":225}	1584328341	1584328729
7	04D2B8E6-414D-4286-1CAF-9D6C657C5CD0	AB98C15E-D91B-C967-3479-6F4C250BA155	1	5B63EB7A-D837-2369-7F40-20B96F0B8FBF	1	1584301124	{"level":1,"stage":1,"hasCompleted":false,"replayCount":"0","throwerSpeed":225}	1584301124	1584301180
7	5592B014-103B-ADD6-FA99-54A68999099D	ABE86700-4051-AA4D-90B5-AAD81AD6031F	1	B7C23B86-2F7F-538E-90DE-1D5FC01EDA2D	1	1584282917	{"level":1,"stage":1,"hasCompleted":false,"replayCount":"0","throwerSpeed":225}	1584282917	1584283179
7	625EE91C-14A9-50E5-C4B3-6C199E985B0A	ADD6A0AB-2F56-50E2-C843-A0C21DE5DD80	1	B9DE77B7-BA4A-C900-04C0-DD315C5C179C	1	1584263920	{"level":1,"stage":1,"hasCompleted":false,"replayCount":"0","throwerSpeed":225}	1584263920	1584264002
7	B244D81F-972F-3D25-8E22-C2C6E3110039	AE4AAFEB-3059-0C32-5585-581C63715B27	1	AB469120-BA76-38D2-2645-712AD10AB313	1	1584335069	{"level":1,"stage":1,"hasCompleted":false,"replayCount":"0","throwerSpeed":225}	1584335069	1584335204
7	A13597AA-6AF3-9878-0B87-88E1DC8A20CF	AE7C5A33-70C0-9A71-376A-51758A4B8D25	1	2BC420D4-9715-3236-F241-D16AA5B95C34	1	1584303823	{"level":1,"stage":1,"hasCompleted":false,"replayCount":"0","throwerSpeed":225}	1584303823	1584304085
7	FECF01AA-4F9A-BF7F-66B8-2E6454BEEA86	AEDE9A5F-D5E2-2CF3-5596-AC3615C1186F	1	4EA5124D-2511-085D-BECE-2CC4442468A0	1	1584309185	{"level":1,"stage":1,"hasCompleted":false,"replayCount":"0","throwerSpeed":225}	1584309185	1584309286
7	AB9290C0-E14C-243B-F4CC-D6B15FE228EE	AFCF1268-FC28-1A30-FB5B-7EE61B2BEED4	1	C22D1DE2-2D23-F4F5-83DC-4FF49F91197A	1	1584289691	{"level":1,"stage":1,"hasCompleted":false,"replayCount":"0","throwerSpeed":225}	1584289691	1584290089
7	E604C8C9-01EB-7B11-F3C8-6126FAD20BF6	B1E968D8-6951-F3D1-1744-4B47A033D8D2	1	06F9EA8F-A4D7-A3E7-2052-EBBAF5ABE4D0	1	1584311013	{"level":1,"stage":1,"hasCompleted":false,"replayCount":"0","throwerSpeed":225}	1584311013	1584311061
7	6E1F110A-13E9-06E7-0496-6237129D13F7	B3992EAE-41C1-F435-76FF-F6FE239059A0	1	755B68F3-628A-58F1-CB67-03A2F25B36A5	1	1584252798	{"level":1,"stage":1,"hasCompleted":false,"replayCount":"0","throwerSpeed":225}	1584252798	1584252836
7	6114446B-A3B0-E771-F7B8-103387260F3E	B49F646C-2BA3-A839-C640-945B8DFD4AD7	1	8A274B30-7C35-4206-E30E-75A42BFE6D53	1	1584308085	{"level":1,"stage":1,"hasCompleted":false,"replayCount":"0","throwerSpeed":225}	1584308085	1584308531
7	2ED569EA-73B0-743F-B28D-53392EB89862	B64CCC3B-3FA4-03C1-30FC-994EBE95A97C	1	D3469CE3-1531-3396-B671-8CE1EFDE5C1F	1	1584331923	{"level":1,"stage":1,"hasCompleted":false,"replayCount":"0","throwerSpeed":225}	1584331923	1584331955
7	FC69B3E1-E024-0667-2F7D-FCD26E04B0E6	B69FFE26-B441-F737-9F4E-C12A21DB4A30	1	A8953F07-6C64-9C54-9156-4D8623CE8917	1	1584247324	{"level":1,"stage":1,"hasCompleted":false,"replayCount":"0","throwerSpeed":225}	1584247324	1584247380
7	F1910313-2E06-AFED-7C99-B284E600F2C0	B78B1036-5A9A-97C4-2990-791AC658276E	1	59A64B29-8019-61C8-DC9A-13009ADCCBF5	1	1584253288	{"level":1,"stage":1,"hasCompleted":false,"replayCount":"0","throwerSpeed":225}	1584253288	1584253353
7	DBED3F12-150E-81B7-0D74-C7D60825B644	BB5A5859-84F9-D447-3F8D-A6AE4B33A47C	1	7923B6F0-B381-6959-7EC9-CA9837E6B4B9	1	1584285924	{"level":1,"stage":1,"hasCompleted":false,"replayCount":"0","throwerSpeed":225}	1584285924	1584285997
7	8DD606F0-1069-DF81-E9CB-1123BA676686	BB7B518F-F94C-0DE3-EDC3-BEB51FD830AB	1	4AEBD955-8C81-D9B6-FB2F-B65BA2E0C109	1	1584292132	{"level":1,"stage":1,"hasCompleted":false,"replayCount":"0","throwerSpeed":225}	1584292132	1584292157
7	70D9B0EC-7437-79CE-F099-BD3C9DCC5E1E	BD04BCF1-8580-84B5-9BB3-47B12CC213B7	1	BD64987D-6CBB-3906-7109-859F5A8CFA01	1	1584304236	{"level":1,"stage":1,"hasCompleted":false,"replayCount":"0","throwerSpeed":225}	1584304236	1584304306
7	F78803B9-4E07-CF15-DE00-D28FDE1CAEE4	BEABA719-25B4-72A8-F1AF-D267957B81A2	1	C3B5E052-41E1-EF0A-FA47-3C49AEACE832	1	1584320741	{"level":1,"stage":1,"hasCompleted":false,"replayCount":"0","throwerSpeed":225}	1584320741	1584321280
7	AFC7C467-2BA0-FFDB-87EA-0652858B86ED	BED4DE27-6219-F811-B1A5-EF0046EA1530	1	B47CEBE1-3B36-78B5-AA0B-9AD0A4165525	1	1584256761	{"level":1,"stage":1,"hasCompleted":false,"replayCount":"0","throwerSpeed":225}	1584256761	1584257049
7	46108084-3798-AF50-1C8F-9E98709F6505	C058A61C-8F2D-A903-6D2F-2378E08D55A1	1	D2DDAE82-DA98-BE25-24F0-E16C9939CAE6	1	1584253572	{"level":1,"stage":1,"hasCompleted":false,"replayCount":"0","throwerSpeed":225}	1584253572	1584253797
7	19FA386E-EFB5-2593-DD37-B3CEF526D023	C0863EA7-941C-926B-E81F-D57FE2C7363E	1	0682AF85-0585-2D6E-FF90-20CD060F0F88	1	1584318740	{"level":1,"stage":1,"hasCompleted":false,"replayCount":"0","throwerSpeed":225}	1584318740	1584318786
7	F87510BA-3F14-0F6C-4CF4-8D132D5BD842	C1225355-81B0-96F2-810A-D245DB9452B1	1	F85BCAC2-16C8-846A-AEBD-2AF7704FF8B1	1	1584330277	{"level":1,"stage":1,"hasCompleted":false,"replayCount":"0","throwerSpeed":225}	1584330277	1584330334
7	15F4E3CE-8B33-6179-C1F1-C9C1BF6635F5	C1CC9881-1156-A408-2C0F-D9F80E3759A7	1	34AD8E32-63A5-027B-5B32-0AE0CA163835	1	1584307182	{"level":1,"stage":1,"hasCompleted":false,"replayCount":"0","throwerSpeed":225}	1584307182	1584307595
7	33B48911-FAF6-3622-9CCB-2CCED6A0A020	C2522891-43D6-051F-1CA7-CB559907321D	1	01D88B04-3BAA-FA09-8F65-0715D6346F6B	1	1584303384	{"level":1,"stage":1,"hasCompleted":false,"replayCount":"0","throwerSpeed":225}	1584303384	1584303472
7	360FB922-344A-9C44-4787-6DC0A4186BA6	C26003BD-D38B-3032-9630-622A240BBA02	1	38CE113E-34CF-507E-C90C-7B80E3029D44	1	1584320130	{"level":1,"stage":1,"hasCompleted":false,"replayCount":"0","throwerSpeed":225}	1584320130	1584320372
7	8031EEC6-CEA4-7E12-074A-D1528777651A	C30DA13E-6BFA-5054-79C1-CBE498665FA6	1	B69C1CB4-4C55-76EE-8AA8-7327B9A0C69F	1	1584259624	{"level":1,"stage":1,"hasCompleted":false,"replayCount":"0","throwerSpeed":225}	1584259624	1584259835
7	3D7BB597-4F19-CCDA-A335-2CE66BA88609	C58FA831-43FB-2BC7-7B03-99C353C0DD1B	1	5596E1E1-DABB-4563-4819-B4B86736B4D2	1	1584281441	{"level":1,"stage":1,"hasCompleted":false,"replayCount":"0","throwerSpeed":225}	1584281441	1584282056
7	D3720ADC-5F98-14AB-F8FF-4E8709E73FCC	C5AA456B-7848-5CE6-45F7-0236DD39E6D2	1	E330B8B9-3797-E5DE-1C62-FE15C565E7C0	1	1584292788	{"level":1,"stage":1,"hasCompleted":false,"replayCount":"0","throwerSpeed":225}	1584292788	1584293135
7	81E364EA-AD72-659F-E29D-73FD4418107D	C5E9A705-0144-89DC-8637-02740BB5A10D	1	98BE4E4E-4073-AB8B-FB66-32663E501092	1	1584332639	{"level":1,"stage":1,"hasCompleted":false,"replayCount":"0","throwerSpeed":225}	1584332639	1584332678
7	96BBD548-4F7A-E82F-F81A-8FBCB25CD776	C723C839-5503-CD14-1ED1-27E64BF20BA2	1	6B4A0815-9387-D028-FA1C-7FDF69090D7F	1	1584278533	{"level":1,"stage":1,"hasCompleted":false,"replayCount":"0","throwerSpeed":225}	1584278533	1584278547
7	D8701860-EA11-5A82-E607-82407CCEBD93	C7D76A1F-F7E7-3F0E-DDCF-0AE7EC719AA7	1	32825C21-1675-EF30-1F88-A2E9AB27D8FF	1	1584317350	{"level":1,"stage":1,"hasCompleted":false,"replayCount":"0","throwerSpeed":225}	1584317350	1584317825
7	E20D778A-336A-4FBD-0EC6-DC6D8DBF9A04	C85955DF-1563-2E57-16E1-12EAC3945CB0	1	16A510AB-C10C-41B7-E184-F7148508D172	1	1584264318	{"level":1,"stage":1,"hasCompleted":false,"replayCount":"0","throwerSpeed":225}	1584264318	1584264823
7	2F7CC88F-0209-92A8-D414-2B115DCCEADC	C925E224-3395-446E-D813-C071D60B2876	1	D5752DF8-7CEC-26CE-F085-6F35574FB6BA	1	1584264312	{"level":1,"stage":1,"hasCompleted":false,"replayCount":"0","throwerSpeed":225}	1584264312	1584264525
7	DA0A577D-D122-6853-2D13-AF060EEAB713	C9D66F75-E4F5-B988-3A8D-67E5087B6F71	1	9AA0189D-AE14-FBD7-8611-752B6124D9F8	1	1584245928	{"level":1,"stage":1,"hasCompleted":false,"replayCount":"0","throwerSpeed":225}	1584245928	1584246287
7	A6E4BC11-D884-0270-9A4B-9384FD95CA55	CADED4EB-45FC-79B7-9341-9710C957B9DE	1	5D2B0E6D-2A04-7E03-637A-EC2AD37BAD2A	1	1584333601	{"level":1,"stage":1,"hasCompleted":false,"replayCount":"0","throwerSpeed":225}	1584333601	1584334001
7	74A3C5C7-A7C4-0570-9420-DFFC2757881D	CD719B9C-F711-24BA-7863-805B37842A6D	1	D2D9736C-B51E-30EE-FC25-C0B6368CE220	1	1584254003	{"level":1,"stage":1,"hasCompleted":false,"replayCount":"0","throwerSpeed":225}	1584254003	1584254748
7	70C8146B-4415-463B-7214-016899008CFA	CE973BC2-2C9B-AFAB-F786-34FFAA490770	1	C357167E-0CB3-0CD4-6065-004E39604B2D	1	1584322544	{"level":1,"stage":1,"hasCompleted":false,"replayCount":"0","throwerSpeed":225}	1584322544	1584324136
7	29C17BD8-65C4-CEA3-9539-05A049C8FBAB	CF2AC7AC-4C2C-ADA7-A83A-E62E567ADE9C	1	88D31527-7099-A5D1-158C-314E6DCD407C	1	1584291238	{"level":1,"stage":1,"hasCompleted":false,"replayCount":"0","throwerSpeed":225}	1584291238	1584291397
7	47F22B82-B95D-58A6-15F1-E87F8961AE72	CF39848E-0222-4852-450B-9D8E8814C496	1	1FB76287-A4A8-E34A-93FE-E1FB105D23DE	1	1584314889	{"level":1,"stage":1,"hasCompleted":false,"replayCount":"0","throwerSpeed":225}	1584314889	1584315144
7	735090F6-1B99-25AE-BBCE-0DFF684BF924	D0CD2B32-DBBB-A342-B46F-1B282135A907	1	BE1D0752-4BC6-9755-E913-0DFE26F59B99	1	1584316131	{"level":1,"stage":1,"hasCompleted":false,"replayCount":"0","throwerSpeed":225}	1584316131	1584316382
7	3E063B5E-5929-D473-5431-99A3A94DF6F6	D1E75F93-D6B3-790F-96CD-10665D812284	1	6EFF0FE4-95F1-B292-FC13-4444FFACF547	1	1584317792	{"level":1,"stage":1,"hasCompleted":false,"replayCount":"0","throwerSpeed":225}	1584317792	1584317847
7	8CFF92AB-0F01-9517-99B2-E2B40EB5245F	D561ED44-A6F6-F7E6-9D51-8A79109902F0	1	6D1AB4EA-2E4F-B05A-358B-8785F9B224B0	1	1584282271	{"level":1,"stage":1,"hasCompleted":false,"replayCount":"0","throwerSpeed":225}	1584282271	1584282303
7	AB977223-6C86-5C19-CD0D-A5FF6BA52E75	D5CF3AE0-8737-F85C-DB0D-1F64C5909A51	1	1109D811-01EB-B0E7-2B4F-24917C13F05E	1	1584298288	{"level":1,"stage":1,"hasCompleted":false,"replayCount":"0","throwerSpeed":225}	1584298288	1584298420
7	ED168317-947B-6769-B0D1-38B36EAFE572	D6734E06-AC4F-2FE7-5A44-9136E431B489	1	D1A36E48-49E5-48F4-AFF1-8A87E21465F1	1	1584303125	{"level":1,"stage":1,"hasCompleted":false,"replayCount":"0","throwerSpeed":225}	1584303125	1584303164
7	D1857682-FC7C-931D-5884-B721784BFE9D	D8601178-7196-443E-507B-2C2365E51AEC	1	2A0AA42C-2787-DB03-253A-E7D53C9BE917	1	1584245888	{"level":1,"stage":1,"hasCompleted":false,"replayCount":"0","throwerSpeed":225}	1584245888	1584246442
7	D5A5AF62-67C6-9011-5496-D96DE8ECFD1F	DA3FA0B5-2C1F-47E6-CD55-48410A63D979	1	5FEB9A78-32CD-3538-6CFE-82A18D88B944	1	1584273749	{"level":1,"stage":1,"hasCompleted":false,"replayCount":"0","throwerSpeed":225}	1584273749	1584273795
7	1924152C-7006-073D-936E-EF47B82C810A	DAE7CC05-4ED4-EFDC-1102-6F075704C10C	1	F092BBDB-849F-8503-95B5-92430D6FB00A	1	1584322775	{"level":1,"stage":1,"hasCompleted":false,"replayCount":"0","throwerSpeed":225}	1584322775	1584322794
7	009AE8A0-9E07-67BB-2327-E13814D73A22	DBF8D261-9063-CE80-E3D3-58430BD2E97A	1	A5F8F08B-81B7-8D6D-BEF3-9BF0C4303C07	1	1584313081	{"level":1,"stage":1,"hasCompleted":false,"replayCount":"0","throwerSpeed":225}	1584313081	1584313305
7	E19C8AF9-427B-C8CD-8625-AFF93CD5B997	DE0E132A-9CCE-7339-E1DB-064D21E4C84A	1	1BD839FB-CD52-0D4B-43DD-7EA2AD2B8DF4	1	1584308467	{"level":1,"stage":1,"hasCompleted":false,"replayCount":"0","throwerSpeed":225}	1584308467	1584308667
7	3A3E1F2F-B2DB-7884-4A65-43BC903830FF	E0456131-4457-7CF8-92C1-5D803295B9EA	1	68F42D5A-9BF2-941E-D442-A350CB3BDF8F	1	1584319403	{"level":1,"stage":1,"hasCompleted":false,"replayCount":"0","throwerSpeed":225}	1584319403	1584319904
7	D5A84309-8633-245C-EE8B-30031CFBC0FE	E10F700A-3CA0-6A72-5F64-F4D040FA1D87	1	E160C012-D34D-7A8E-BDD8-AD1560E5B52E	1	1584284338	{"level":1,"stage":1,"hasCompleted":false,"replayCount":"0","throwerSpeed":225}	1584284338	1584284397
7	268E08EA-94F7-A620-E98A-5B9F4AC618AE	E2E5E9B4-EF7A-804F-4628-7D67F079A02E	1	CB816137-BE1A-6674-3A29-9282DB6A7E73	1	1584334962	{"level":1,"stage":1,"hasCompleted":false,"replayCount":"0","throwerSpeed":225}	1584334962	1584335060
7	5298A87C-C9A4-7924-45B8-D294086C45DF	E3BBD6D2-0CDC-D445-53CC-3311FE8B8AFE	1	3216E7DC-FBC1-86BD-A5C9-61340E841C31	1	1584299433	{"level":1,"stage":1,"hasCompleted":false,"replayCount":"0","throwerSpeed":225}	1584299433	1584300191
7	167C238C-EAED-0560-3FE9-F04893605668	E426B11B-4D8E-D781-9155-755E7AA5EBB6	1	CA832A22-A18D-4062-D7BB-F25E22614A99	1	1584304802	{"level":1,"stage":1,"hasCompleted":false,"replayCount":"0","throwerSpeed":225}	1584304802	1584304985
7	0ACB666A-EBC8-F515-974E-00C088ABEE8E	E4B26B9D-5462-5F9C-2F70-4B57224EE932	1	F54C7649-D703-79C6-AEBD-65AD0F268F29	1	1584312842	{"level":1,"stage":1,"hasCompleted":false,"replayCount":"0","throwerSpeed":225}	1584312842	1584313050
7	CB3728C5-7B27-FA16-C1CA-4D2D9E0DFAAF	E4C156D3-75FE-4C1F-6696-DFEE1127BFD6	1	571D08FD-5044-A299-B8D7-33AB17A300F7	1	1584318922	{"level":1,"stage":1,"hasCompleted":false,"replayCount":"0","throwerSpeed":225}	1584318922	1584318982
7	171C071C-BE55-E540-ED4D-2BF0E8BF8D17	E52FCF40-6BA2-1EC5-7861-0AF91A9BA068	1	C0ADDCE6-6B44-179B-F542-B72ED736CF1B	1	1584253186	{"level":1,"stage":1,"hasCompleted":false,"replayCount":"0","throwerSpeed":225}	1584253186	1584253222
7	4E1FA2D7-BFCA-9BF2-111A-0F4BE3F290C9	E565EA1D-562A-D66D-151E-2B3D1CDC2E38	1	C36D36A8-6532-847B-D4F0-341092C1BB8B	1	1584287153	{"level":1,"stage":1,"hasCompleted":false,"replayCount":"0","throwerSpeed":225}	1584287153	1584287263
7	F24900D3-F65E-A60D-6C46-57BB6387EAD4	E65AD986-A211-D50B-EECC-E968E9FF3E89	1	BDCEA946-FA93-247C-DBEB-88829A6A41BC	1	1584258186	{"level":1,"stage":1,"hasCompleted":false,"replayCount":"0","throwerSpeed":225}	1584258186	1584258498
7	9611E970-08DC-E9B9-6312-0E7165548B6D	E6D8D070-B9FD-1B37-2387-BD5567B5487C	1	8C59C217-6F8E-5845-1B89-20D320FF966D	1	1584306812	{"level":1,"stage":1,"hasCompleted":false,"replayCount":"0","throwerSpeed":225}	1584306812	1584307217
7	5B27B4AF-C0B9-AB33-43BD-E46675296A24	E79C5EEA-C8EA-8A69-9275-F9AEE07BFBF1	1	F5DEFED6-5600-135A-A19A-74F925E1457B	1	1584283328	{"level":1,"stage":1,"hasCompleted":false,"replayCount":"0","throwerSpeed":225}	1584283328	1584283801
7	E029068F-DA5F-18A5-3075-E8070667B751	E7D723D6-4864-6020-8B53-EEEB36B5E87D	1	9C4282CE-75A8-35E7-2F71-BE7A7A4F1913	1	1584287002	{"level":1,"stage":1,"hasCompleted":false,"replayCount":"0","throwerSpeed":225}	1584287002	1584287194
7	FCA5AB98-4102-F2DB-B4C2-7893EF0076CF	E8902EB6-DD22-EDFF-D85B-8D2048099458	1	584CEF96-F439-A473-9CEF-CC5459A0F826	1	1584295696	{"level":1,"stage":1,"hasCompleted":false,"replayCount":"0","throwerSpeed":225}	1584295696	1584295760
7	56A4E99A-1250-0D0F-4FE8-3C902D9BB81F	E8F6C5A8-FAAD-85BB-E946-C3C4DF533373	1	50C4DFCB-B483-D25A-28AE-783170D91231	1	1584248086	{"level":1,"stage":1,"hasCompleted":false,"replayCount":"0","throwerSpeed":225}	1584248086	1584248346
7	D88EE9FA-3EAF-6BE1-AD3E-B6C123BC4637	E9E6EF1D-B7D8-5685-A4FA-EB58CF2E3D69	1	3B68F226-9639-65A9-DF6A-B8270A932FCE	1	1584317232	{"level":1,"stage":1,"hasCompleted":false,"replayCount":"0","throwerSpeed":225}	1584317232	1584317477
7	8BC7D45B-3D9B-270D-76BA-50C0DF86BD4A	EB29B18D-0AD8-3BE3-028E-49683B516F4A	1	2B16E123-368D-F5C8-9889-288913DF7588	1	1584316259	{"level":1,"stage":1,"hasCompleted":false,"replayCount":"0","throwerSpeed":225}	1584316259	1584316293
7	CCB3D47D-ECEF-75E1-5923-F8BFCC206185	EC4102A4-8192-BF3D-EC8C-E9C8559431C6	1	BC36EA24-F622-E090-3DD1-7D2F8CEC8F8E	1	1584288686	{"level":1,"stage":1,"hasCompleted":false,"replayCount":"0","throwerSpeed":225}	1584288686	1584289237
7	361BF0E3-56AA-03F6-C7C2-4CAFCC472C91	ED1FD4CE-EEA3-DA02-2596-A6B3B205D729	1	E0AEA9A4-62CC-4174-EEB3-5A49E67F1B20	1	1584293897	{"level":1,"stage":1,"hasCompleted":false,"replayCount":"0","throwerSpeed":225}	1584293897	1584293984
7	8FE23B85-CD42-25CA-72DC-95212DC6C310	F19453C3-5B3A-1E26-ADFF-0267BF31D23E	1	D1B6915A-70F3-955F-D745-B225FC333F98	1	1584283064	{"level":1,"stage":1,"hasCompleted":false,"replayCount":"0","throwerSpeed":225}	1584283064	1584283633
7	CC2F0B06-0AFC-E995-B116-B1A2033033FF	F2271B1A-1F8A-2D9B-1231-EFD00B464F6E	1	83FF566C-06EE-B3B4-8902-3483829DF3A0	1	1584326532	{"level":1,"stage":1,"hasCompleted":false,"replayCount":"0","throwerSpeed":225}	1584326532	1584326915
7	0139E4E0-8479-1E8B-3892-9DBEBF0910B4	F232F9DE-3A61-61EC-B3EA-0BB01D788FAB	1	7C3CC0C3-B7EB-A5CE-E181-D581945A2364	1	1584320308	{"level":1,"stage":1,"hasCompleted":false,"replayCount":"0","throwerSpeed":225}	1584320308	1584321138
7	4842C88E-7CE4-2C48-011A-4EC8B5E840C6	F28A77DD-EAA8-13DA-114A-38D283D97F76	1	9BCEE393-7A18-ACC5-3E46-2DA2F00B1CC7	1	1584293532	{"level":1,"stage":1,"hasCompleted":false,"replayCount":"0","throwerSpeed":225}	1584293532	1584293599
7	09D5E7EB-C4C7-C113-3112-20F8807D67B6	F2C46725-465C-0A13-D6D5-3A69F862DA1A	1	16154284-623F-ED95-ECAA-785463863611	1	1584299109	{"level":1,"stage":1,"hasCompleted":false,"replayCount":"0","throwerSpeed":225}	1584299109	1584299201
7	2EDEF071-66DC-ECD1-2803-070EFA3E12E4	F31F3CFC-8E14-BAF8-BCBD-6EDD1F2CD1C5	1	C801C04B-D90D-1ED4-CE3B-F53476EBE4D8	1	1584302640	{"level":1,"stage":1,"hasCompleted":false,"replayCount":"0","throwerSpeed":225}	1584302640	1584302730
7	B8E64548-826B-1D2E-0841-28825B7FA409	F60BB4FC-6540-CF0C-D6C2-D3BF8A7456DE	1	43769936-7907-B649-C850-34FF4A0EC3E0	1	1584261538	{"level":1,"stage":1,"hasCompleted":false,"replayCount":"0","throwerSpeed":225}	1584261538	1584262007
7	E2066E6C-2220-A7F2-6233-186E135CE8EF	F859FCFC-CE76-AB95-B42E-FC2D2D9C38BE	1	BD0B4654-CB6A-C99D-DDA8-5910A951DA62	1	1584298380	{"level":1,"stage":1,"hasCompleted":false,"replayCount":"0","throwerSpeed":225}	1584298380	1584298821
7	FBED605A-6124-3844-1C9B-30719009EE01	F88F1065-DB73-0B53-B3F3-7A82F27F635D	1	2B88E696-B211-22F9-31F6-213C5EAA600D	1	1584251329	{"level":1,"stage":1,"hasCompleted":false,"replayCount":"0","throwerSpeed":225}	1584251329	1584251545
7	77139F6D-6DE4-7665-E785-ED69C0A30365	F9E75F53-4BF6-D2F2-4E1A-3CEF4A5D880A	1	7EA5153E-BDAB-C436-529D-5A0E5387107E	1	1584324451	{"level":1,"stage":1,"hasCompleted":false,"replayCount":"0","throwerSpeed":225}	1584324451	1584324590
7	AD1006B4-7059-801F-BE6A-E4EAB96F2457	FB2BEA2F-B9BE-084C-69E9-E25C804F9962	1	654533E0-8718-D6C4-0383-B0EDA4F0E9AF	1	1584304328	{"level":1,"stage":1,"hasCompleted":false,"replayCount":"0","throwerSpeed":225}	1584304328	1584304418
7	E7CA1990-D539-7C24-D9F7-5FCB27A4F525	FC3959F3-15FE-DEB8-C229-72FAA6D35003	1	A64B120E-D3B4-A3AA-0538-45668BF88E4D	1	1584256468	{"level":1,"stage":1,"hasCompleted":false,"replayCount":"0","throwerSpeed":225}	1584256468	1584256569
7	EF9DFC7B-1F84-B14C-A0A9-0F296B818BE0	FD354B96-63FB-CA72-115D-4E53BBC254B0	1	07CA62B9-DDD7-1C51-F879-F589509ED365	1	1584267080	{"level":1,"stage":1,"hasCompleted":false,"replayCount":"0","throwerSpeed":225}	1584267080	1584268310
7	D3720ADC-5F98-14AB-F8FF-4E8709E73FCC	FDC8D52C-D5A6-2FF6-083B-1AAB992D15AA	1	AE3C7B2C-1547-4AAF-31A9-2D1EBB0700AB	1	1584309082	{"level":1,"stage":1,"hasCompleted":true,"replayCount":"6","throwerSpeed":225}	1584309082	1584309335
7	15EEF320-67FE-BB1B-4729-0D5DDF7FEDDE	FDE0E612-EC8D-2BAC-6CA2-85C5F022F261	1	17DA1AE1-1683-B036-8852-19A2643C5EE6	1	1584304603	{"level":1,"stage":1,"hasCompleted":false,"replayCount":"1","throwerSpeed":225}	1584304603	1584304739
7	6D728A44-291E-DA59-47DC-C0032E562492	FE3CD0AD-3795-09D8-9D50-9FD7BF902E50	1	2778F71E-3725-6F89-43AE-7A6478B90446	1	1584281487	{"level":1,"stage":1,"hasCompleted":false,"replayCount":"0","throwerSpeed":225}	1584281487	1584281828
7	1F7F7881-3A68-225C-1CB6-80FD5F61DFF6	FE76D8A3-20AF-17A0-BBEC-27278F503E0C	1	586C748A-ECE2-66CB-779B-BF3883A2A656	1	1584332819	{"level":1,"stage":1,"hasCompleted":false,"replayCount":"0","throwerSpeed":225}	1584332819	1584332819
