cid	uid	sessionid	qid	dqid	q_s_id	log_q_ts	q_detail	min(log_q_ts)	max(log_q_ts)
8	965F2358-F65B-A891-AC4D-9880612245EE	000DF6FF-8B96-D998-C60D-537B7B6AEFF6	6	NULL	0	1584312651	{"level":2,"stage":3,"knivesThrown":91,"time":57.499999999998,"levelTime":20.3,"levelKnivesThrown":34,"throwerSpeed":225,"completeStar":true,"timePar":25,"knivesPar":17,"timeStar":false,"knivesStar":false}	1584312651	1584312872
8	1C34DC8F-D474-A0BC-60BA-0504CFB00556	01256865-CC76-3321-D754-EE759F893C8F	1	C332744F-AA06-CBB7-7BCE-F3FFBE4AD129	1	1584308074	{"level":1,"stage":1,"hasCompleted":false,"replayCount":"0","throwerSpeed":225}	1584308074	1584308159
8	8F4217B4-9660-E1E5-64C6-48C129B128F1	022751C6-4FD1-8A78-4C0B-2F71BC47403D	1	65765C49-50C4-DBFC-F6C9-142A76FFBC2B	1	1584289175	{"level":1,"stage":1,"hasCompleted":false,"replayCount":"0","throwerSpeed":225}	1584289175	1584289240
8	984C131A-0499-7EC6-4E8F-329E49B5263C	025E7000-11CA-F308-8C63-1F94EC803DC0	1	E753B156-9BF6-769B-F727-C70B4C3537FD	1	1584310675	{"level":1,"stage":1,"hasCompleted":false,"replayCount":"0","throwerSpeed":225}	1584310675	1584310723
8	0E9524CA-EB61-7AD0-6C02-7C02B2609C21	03897DB1-169C-CE8E-E12E-9232544C15DD	1	4458CBFE-514F-BBEC-5025-C5902B69DFFB	1	1584297195	{"level":1,"stage":1,"hasCompleted":false,"replayCount":"0","throwerSpeed":225}	1584297195	1584297226
8	0C13EB2F-6AA1-5795-9C51-0F00BD2D0C2E	049B56CE-BDA8-D2A9-DC04-523064A71B82	1	AF7935FB-1D50-AEC7-BF25-1F1E02C10AD8	1	1584312786	{"level":1,"stage":1,"hasCompleted":false,"replayCount":"0","throwerSpeed":225}	1584312786	1584312968
8	22481487-876E-A04C-B80D-F2743E3E5456	05C62E98-1B34-2279-D808-D1E2C5958447	1	C0A56589-EFCD-5207-62A4-33154946B3FB	1	1584311689	{"level":1,"stage":1,"hasCompleted":false,"replayCount":"0","throwerSpeed":225}	1584311689	1584311968
8	2A4FAE78-01E2-7FF9-63A3-07602D220AE6	07951ECA-4025-1F36-B85E-754D61B6AEDF	1	A1CF30FB-2819-8C8A-AC34-A754E1083550	1	1584278916	{"level":1,"stage":1,"hasCompleted":false,"replayCount":"0","throwerSpeed":225}	1584278916	1584279089
8	9917D0A5-3955-B06B-5C5A-B85D8F8AD0C4	07A32814-CE6A-A6D3-1D2E-934C585D9A76	1	AB538CF2-94EB-D3CE-3F6C-63C17E9B8A65	1	1584296835	{"level":1,"stage":1,"hasCompleted":false,"replayCount":"0","throwerSpeed":225}	1584296835	1584297017
8	CA539D68-3FC6-7A15-EA14-ABE47D6A378F	08CFBBE9-B512-6293-574A-EF1101BCE2B2	1	1F804FD5-8D53-0B7B-7D3D-E31E30DCAE59	1	1584257663	{"level":1,"stage":1,"hasCompleted":false,"replayCount":"0","throwerSpeed":225}	1584257663	1584257806
8	F12A00A0-7A63-0F5B-CA51-A46EE752AA04	09E27048-89AD-8F41-8CA6-6039A3AFC577	1	7BBF1F33-6053-2117-0998-D1D9B5C88128	1	1584310378	{"level":1,"stage":1,"hasCompleted":false,"replayCount":"0","throwerSpeed":225}	1584310378	1584310397
8	313984EE-1D9E-8F69-D93F-C614EA5A243B	0AC9C343-D0FC-072E-8CBA-53E79738ACC4	1	E1EEE893-EC11-6B51-D73F-39972420D9AC	1	1584300174	{"level":1,"stage":1,"hasCompleted":false,"replayCount":"0","throwerSpeed":225}	1584300174	1584300370
8	5863C2E1-2838-8FB4-1F25-3BCFC54CCF22	0C3C1C73-217B-3BB0-DDD8-359EC309F1D3	1	BAD2F7F8-B589-E1D3-7FD4-C2F5D91C3489	1	1584288662	{"level":1,"stage":1,"hasCompleted":false,"replayCount":"0","throwerSpeed":225}	1584288662	1584288723
8	D6A93607-64E5-C857-E268-2E82F6F111AD	0E533B84-79CB-29BA-8D27-D06BF4D3D9F8	1	6A5B33F3-FD68-C18D-D8B0-0B54645E990A	1	1584299106	{"level":1,"stage":1,"hasCompleted":false,"replayCount":"0","throwerSpeed":225}	1584299106	1584299160
8	1E55BF37-8800-4AFB-675F-0E723BA9063A	10871F99-51AE-BABC-ACF1-B6F6E80908E7	1	EE6AD240-83D6-CF93-E1F2-432C9B771B47	1	1584306501	{"level":1,"stage":1,"hasCompleted":false,"replayCount":"0","throwerSpeed":225}	1584306501	1584306554
8	CC6B9B9D-FDD5-BBF7-F1D5-518629984289	10C499D8-22EB-5518-01E9-3FE7064481A1	1	8F6B0933-F7F4-7EFF-6A04-24DD628BADB2	1	1584309371	{"level":1,"stage":1,"hasCompleted":false,"replayCount":"0","throwerSpeed":225}	1584309371	1584309437
8	B6513E9A-543F-7B70-3A97-36FA1E09329B	124F2F9B-EB6A-E751-EBD2-E44D25708B74	1	054A8EAE-D98B-7ED4-0F98-14E90AC5820B	1	1584280032	{"level":1,"stage":1,"hasCompleted":false,"replayCount":"0","throwerSpeed":225}	1584280032	1584280054
8	ED596313-5A7E-54CA-B97E-845305A545A3	149F8A77-6E8E-376F-555D-F87C6ABAEB90	1	9D278710-1A8B-93CB-6339-5034AE801189	1	1584293811	{"level":1,"stage":1,"hasCompleted":false,"replayCount":"0","throwerSpeed":225}	1584293811	1584293866
8	8B358E59-2654-8079-D621-89C6D8A444DC	1C7CC890-244A-F737-990C-7AB363BF1CB7	1	A198CF58-E90A-1AA3-7E97-D41700EF6431	1	1584283804	{"level":1,"stage":1,"hasCompleted":false,"replayCount":"0","throwerSpeed":225}	1584283804	1584283900
8	A73B7F70-307C-F988-6F37-E39204DC7A98	1DEC6622-CA79-7CEB-659F-172E55D7F0A2	1	B34A1419-12C2-1E9C-5CB6-C8C284148561	1	1584319948	{"level":1,"stage":1,"hasCompleted":false,"replayCount":"0","throwerSpeed":225}	1584319948	1584320062
8	A45FFFE3-0D67-33F3-15EA-578E727A21D6	1F6F5CA1-2564-2A58-2A5F-A40AAA5A06FA	1	64E22CF9-039F-F1AB-ECA2-66FCD34F3F21	1	1584287592	{"level":1,"stage":1,"hasCompleted":false,"replayCount":"0","throwerSpeed":225}	1584287592	1584287623
8	D6F50935-C598-8385-4884-678A34053636	201F3E39-216E-B6B3-45FC-63DE2EFDB06C	1	C6BD0B13-B402-D9D5-2B50-F94A54F556DE	1	1584300567	{"level":1,"stage":1,"hasCompleted":false,"replayCount":"0","throwerSpeed":225}	1584300567	1584301114
8	D7BC1907-93C7-94CD-6B70-B0A8B1C28047	25E36F18-B90F-0937-832B-64F1902E039A	1	1289258B-E4EE-9CE9-5E46-98AA9866C849	1	1584301981	{"level":1,"stage":1,"hasCompleted":false,"replayCount":"0","throwerSpeed":225}	1584301981	1584302034
8	1581A3A1-4488-C660-000F-162A13252392	26C8BCD2-37B9-032A-7973-9B983EE10F16	1	0C2C82D9-4E23-B286-9C60-A2B19B1855AF	1	1584294616	{"level":1,"stage":1,"hasCompleted":false,"replayCount":"0","throwerSpeed":225}	1584294616	1584294702
8	B28EA4B7-D178-EFE5-7B76-A472F60D7331	2B2FB72D-6458-6A94-656B-17634028A028	1	4F3A6B68-2B3A-9916-96BC-4D950E7E6758	1	1584278317	{"level":1,"stage":1,"hasCompleted":false,"replayCount":"0","throwerSpeed":225}	1584278317	1584278776
8	73B2EEAA-8031-C33F-BFC0-B102ADD5AEE8	2B7E1575-2DEB-EBF8-1DBD-D3774059B7B4	1	7BFEE295-C3DF-A59F-92F0-D165A1FF845F	1	1584255834	{"level":1,"stage":1,"hasCompleted":false,"replayCount":"0","throwerSpeed":225}	1584255834	1584255927
8	7202E88E-95BF-4274-BE80-6FD75966BE4C	2CD0BF7C-CB91-D256-FC63-EF58393785BE	1	CEAAF150-E1E2-7F98-C8A6-75212FF3E596	1	1584314678	{"level":1,"stage":1,"hasCompleted":false,"replayCount":"0","throwerSpeed":225}	1584314678	1584314866
8	8ECC9973-7A00-66FB-2E49-38B553A93EA1	2CF04516-1042-C686-9277-991CA0085C53	1	72FF945A-15E7-8D82-7AD7-77A3AE6459C6	1	1584298001	{"level":1,"stage":1,"hasCompleted":false,"replayCount":"0","throwerSpeed":225}	1584298001	1584298065
8	E740BC7F-8305-37E1-D93D-4098EFB0E95C	2D2DB385-D2F6-63D3-A6FC-6952A8C2B699	1	504848E5-9F83-22C5-51D3-5E8B8A643503	1	1584289269	{"level":1,"stage":1,"hasCompleted":false,"replayCount":"0","throwerSpeed":225}	1584289269	1584289743
8	D0FE6F6B-5FB0-3C3B-89F9-04296F3164B0	2D44DD41-7F2F-FA0A-9AA6-8C69BDB90FE0	1	D0002B14-E93A-1353-6F1F-4487CFEE43E4	1	1584334084	{"level":1,"stage":1,"hasCompleted":false,"replayCount":"0","throwerSpeed":225}	1584334084	1584334577
8	3DA4F312-6642-AF61-08E2-B0B33013DFDE	2DDDE35B-73FB-E713-6326-9B440EAF37E6	1	2635235C-1319-782B-0E58-7526861CEF53	1	1584309913	{"level":1,"stage":1,"hasCompleted":false,"replayCount":"0","throwerSpeed":225}	1584309913	1584309982
8	56E28AB8-0E75-EFAE-1782-5190E5C56ABA	2E1FB5D7-FF62-2939-F345-C12676F5542E	1	BE879255-12F0-2109-0D86-EA963EF432BE	1	1584321566	{"level":1,"stage":1,"hasCompleted":false,"replayCount":"0","throwerSpeed":225}	1584321566	1584321747
8	0A82E9CD-EB3F-163B-53F1-F993817E133C	2E234999-7282-3A45-F537-0756C6877979	1	0205B9B1-66D7-6E94-157A-1D50DC9F4C69	1	1584305117	{"level":1,"stage":1,"hasCompleted":false,"replayCount":"0","throwerSpeed":225}	1584305117	1584305161
8	55A626E3-5071-9714-CF82-573120A97371	308F2445-6626-BAA4-5F7B-A68679123041	1	9B3E1262-F6B6-E521-3D06-7734FC2EECAA	1	1584326574	{"level":1,"stage":1,"hasCompleted":true,"replayCount":"0","throwerSpeed":225}	1584326574	1584326859
8	C95AE59E-C98B-28CB-145C-7929F3E153A9	312A0393-8F10-4194-A3B5-C1ABEB4F3596	1	546C53BD-7E8B-C5A5-EDD9-FCDD7DA86E4D	1	1584331027	{"level":1,"stage":1,"hasCompleted":false,"replayCount":"0","throwerSpeed":225}	1584331027	1584331035
8	220C24E3-53E4-41B7-B622-0E41A071D95C	31777595-E495-9CB3-B7E3-256399B37861	1	F83AA4DA-D33D-A27A-0B13-D21DA0A3568B	1	1584281617	{"level":1,"stage":1,"hasCompleted":false,"replayCount":"0","throwerSpeed":225}	1584281617	1584281719
8	30F44C1C-5A3A-F6D6-648E-5EAA70C950ED	32A71B91-6109-385A-2881-5E03F59C6BED	1	5DCAD99C-D713-6446-FC2B-5C5410CC35D8	1	1584318404	{"level":1,"stage":1,"hasCompleted":false,"replayCount":"0","throwerSpeed":225}	1584318404	1584318758
8	80C0F66E-710A-8EB0-0800-43A09389741A	33D34534-CA90-74A2-3389-BC58EAF3CD2B	1	939E5E57-75B8-26E5-2DE9-98326317DC9D	1	1584259208	{"level":1,"stage":1,"hasCompleted":false,"replayCount":"0","throwerSpeed":225}	1584259208	1584259226
8	09BF4D41-0BF1-28F9-C4B6-C77BA5A92CEE	3409DE6D-D05A-8F1F-42A9-6F27FB2419D4	1	B51A117C-558F-C5A9-9A17-725911230E5B	1	1584322324	{"level":1,"stage":1,"hasCompleted":false,"replayCount":"0","throwerSpeed":225}	1584322324	1584322378
8	3B5FD164-A05B-418D-401C-8B711DFEACAB	342EAA03-3A40-3CA7-E80B-11B0734279BD	1	06F2E5A8-05F7-DE43-1ECA-65EE9A25CF10	1	1584306997	{"level":1,"stage":1,"hasCompleted":false,"replayCount":"0","throwerSpeed":225}	1584306997	1584307133
8	AA98AE95-7A85-206C-83DD-33B8A811ABA4	34D16B3B-6608-AA06-397D-E064F4C0F077	1	5172A6C8-D8F5-5BAC-733A-7EBE0959EAE5	1	1584282358	{"level":1,"stage":1,"hasCompleted":false,"replayCount":"0","throwerSpeed":225}	1584282358	1584282436
8	82FCA11B-A958-E58F-87AF-4D1287B1D4A2	3657AE5B-EDE9-0F01-C61F-7D54DB672676	1	BEBA3AE9-08AD-78EF-23E4-E08381056A7D	1	1584305947	{"level":1,"stage":1,"hasCompleted":false,"replayCount":"0","throwerSpeed":225}	1584305947	1584306145
8	0AA820D3-D28C-3F06-9B68-BA26741B7F42	3685142F-4820-5646-EAF2-FEA3E3FBC6F4	1	F3BC2B37-15AF-5115-E1E3-7001C53B1C7C	1	1584318605	{"level":1,"stage":1,"hasCompleted":false,"replayCount":"0","throwerSpeed":225}	1584318605	1584318763
8	E61A5051-9D01-57B5-02A9-451D7D95453A	372F11AB-1BA2-6E17-FF59-B2F4958A951E	1	4EFB52A7-5ECA-E1DC-F00B-A3F62DD99FCB	1	1584327148	{"level":1,"stage":1,"hasCompleted":false,"replayCount":"0","throwerSpeed":225}	1584327148	1584327810
8	DDCC4DF4-950E-0ACE-E10E-8452D7DB4854	37C871D1-5EBA-6F15-8603-528A4F2F4F20	4	97552817-ED4C-12F4-6BAA-7EE0D5BC1021	1	1584329210	{"level":2,"stage":1,"hasCompleted":true,"replayCount":"5","throwerSpeed":225}	1584329210	1584329307
8	1873A970-E8EA-EBC7-89C4-CDC5F33E2DF5	38093660-DE2D-5769-71D8-3EB69772D1E5	1	2F57B767-901D-239D-1577-DF93F5BED137	1	1584265485	{"level":1,"stage":1,"hasCompleted":false,"replayCount":"0","throwerSpeed":225}	1584265485	1584265631
8	2EAA0413-5A52-80B2-5D0C-AA80979A1440	38165BE5-3DDF-A54E-975F-2C2294E55D40	1	4E111C1D-64CA-D009-C7E1-E2103A26FC99	1	1584307746	{"level":1,"stage":1,"hasCompleted":false,"replayCount":"0","throwerSpeed":225}	1584307746	1584307861
8	75D60220-3555-2C34-CF2E-1AD6400310B6	3952A8EC-6198-7459-D01F-89960E4D1CBE	1	63D29FC2-3104-CF3B-E7E2-E97C6EB6F216	1	1584299865	{"level":1,"stage":1,"hasCompleted":false,"replayCount":"0","throwerSpeed":225}	1584299865	1584299930
8	56E2391E-D22D-29CF-AA39-CF565249887B	3ADDE371-2393-AF70-AECE-A53C4FF5B866	1	75F9CAAE-CEC7-5F35-E4F3-4628207A4EC3	1	1584291709	{"level":1,"stage":1,"hasCompleted":false,"replayCount":"0","throwerSpeed":225}	1584291709	1584292766
8	C4C1CE1A-0065-3A31-C1C6-354CF032FFB5	3B9CEC69-D92F-CBD0-37E1-D1931DCE05BD	1	21CD32D7-2857-2FA5-BEBD-36944AF85C1A	1	1584328382	{"level":1,"stage":1,"hasCompleted":false,"replayCount":"0","throwerSpeed":225}	1584328382	1584328759
8	1E73BE4A-E72F-0F91-414F-6576BFF7D186	3BD25B39-08F1-6061-8A09-172E1785468F	1	B8B43F98-6D5B-06B9-042D-ABD09BAAE909	1	1584302492	{"level":1,"stage":1,"hasCompleted":false,"replayCount":"0","throwerSpeed":225}	1584302492	1584304162
8	6EFB05CC-51C1-18B7-04A4-1BB73106B12C	3CCBACE0-3133-2FE8-2E66-90BED1367A0F	1	384D56E6-8E2E-6912-B1C3-5519621451F1	1	1584318735	{"level":1,"stage":1,"hasCompleted":false,"replayCount":"0","throwerSpeed":225}	1584318735	1584319944
8	9DB334AD-BDFF-AE82-A19D-81B892C42D06	4050C5AB-D820-FB65-000F-A5C3FA5A8761	1	A527981E-7E67-BB99-6903-4ADA440FE1CE	1	1584245604	{"level":1,"stage":1,"hasCompleted":false,"replayCount":"0","throwerSpeed":225}	1584245604	1584245717
8	EC2D8B6D-54B1-FA16-0042-F7FF79B66AE0	40C09B60-4CFE-E2AF-8466-B0279EA1812A	1	7072F707-0210-E927-F5AA-76841BE2A451	1	1584299893	{"level":1,"stage":1,"hasCompleted":false,"replayCount":"0","throwerSpeed":225}	1584299893	1584299965
8	8CB0F1EA-28BA-40C8-9E3B-084C897E0ADF	41E01FEB-B6E1-9861-F4C2-BC7D4389816E	1	5FD77B01-F8FF-20A0-CDE5-93866616B844	1	1584244159	{"level":1,"stage":1,"hasCompleted":true,"replayCount":"3","throwerSpeed":225}	1584244159	1584244159
8	B783DD06-5AB4-BF56-BDA9-BBC16ABD44F0	4240DF40-0033-7842-5683-05C6C4EFD2CD	1	123ECB59-5A32-5941-8A9C-4573D9E4634F	1	1584276299	{"level":1,"stage":1,"hasCompleted":false,"replayCount":"0","throwerSpeed":225}	1584276299	1584276561
8	DA01F7A8-730A-B949-1183-51CCF055B573	430D022B-FB3E-C44C-E3A3-E2A7762F5968	1	A3BEC3B9-6771-A61E-56C9-2647A65AB6CA	1	1584295149	{"level":1,"stage":1,"hasCompleted":false,"replayCount":"0","throwerSpeed":225}	1584295149	1584295227
8	A8EC7B00-A74D-A005-1444-DCAF4024ADF3	43B743EF-1610-D8EC-AC84-7FF76C764995	1	63DF4326-3C3B-3FEC-E397-3E48B087E8A4	1	1584316525	{"level":1,"stage":1,"hasCompleted":false,"replayCount":"0","throwerSpeed":225}	1584316525	1584316961
8	F2289AC9-0E0D-5372-2CA7-727AD4CF4F15	43ECC8BB-AC48-60BE-FBD0-B259FEDB54CA	1	FCB5D24A-B938-EB0C-4D19-9D3C438136FC	1	1584309186	{"level":1,"stage":1,"hasCompleted":false,"replayCount":"0","throwerSpeed":225}	1584309186	1584309464
8	FED7E33B-97B3-CA54-06D0-3D1D6A2FA98F	44965870-6FFC-5B2E-9258-D8C67ED3C349	1	193B7AC7-6956-4337-1D70-3FAC5A3C190C	1	1584292586	{"level":1,"stage":1,"hasCompleted":false,"replayCount":"0","throwerSpeed":225}	1584292586	1584292769
8	B8E64548-826B-1D2E-0841-28825B7FA409	455CDDAF-A008-5367-E534-D16AEEA2F2E2	1	49A37CF1-A1A0-81E0-1BC3-7B4BEFCAB2BA	1	1584267501	{"level":1,"stage":1,"hasCompleted":true,"replayCount":"0","throwerSpeed":225}	1584267501	1584267793
8	40D46F7E-11BF-52B6-84CF-3CF7958F7086	460F5071-B63A-6C73-3396-A920DAB01FFD	1	094E37CC-FB09-825C-8067-47C10572D2A3	1	1584251068	{"level":1,"stage":1,"hasCompleted":false,"replayCount":"0","throwerSpeed":225}	1584251068	1584251262
8	BAE0E6D1-B674-F668-BDF2-34EBA7918FA9	4661A1B1-7B9F-3CFD-C983-0A0D8F58644B	1	64CE95F1-0B10-D955-2C37-0BEF722F79BA	1	1584257679	{"level":1,"stage":1,"hasCompleted":false,"replayCount":"0","throwerSpeed":225}	1584257679	1584257881
8	566EAEE4-9EE4-8176-5545-1896C049D9F6	471CFE5A-90C2-70CB-DAEF-4F5DC5501142	1	AFAC33A4-23A6-A11B-FEDA-1C20552B04A6	1	1584309129	{"level":1,"stage":1,"hasCompleted":false,"replayCount":"0","throwerSpeed":225}	1584309129	1584309201
8	68448918-25F1-3BE8-8DB9-51346AB724C4	4807A2B2-6654-503E-25ED-F1E653EF85E4	1	FDFBCBC3-F36D-9BF2-7248-A24D88B6B6F3	1	1584249010	{"level":1,"stage":1,"hasCompleted":false,"replayCount":"0","throwerSpeed":225}	1584249010	1584249038
8	AAEA277A-52BC-4BB8-6DE0-B10334EAB080	4A74C4E7-C596-1F46-7622-F2E49EE9584C	1	35E53519-6E93-3826-92CB-B0335B2DDFB4	1	1584321755	{"level":1,"stage":1,"hasCompleted":false,"replayCount":"0","throwerSpeed":225}	1584321755	1584321822
8	FED715C5-D1D5-9D8F-FF9E-1D23257A4FA4	4AB48EFC-F4C6-5C3B-A5D3-791A09B853D3	1	F5DC8D61-F71D-C505-8C31-28BC5F703E81	1	1584318148	{"level":1,"stage":1,"hasCompleted":false,"replayCount":"0","throwerSpeed":225}	1584318148	1584318216
8	E83FE79F-BD80-02FF-D811-965A6BCAF9A9	4BBAF832-0CF0-D312-2BA9-2F3ED62226B3	1	8C4B78F0-A73D-7ADB-A73B-A2D8497ACCA5	1	1584321842	{"level":1,"stage":1,"hasCompleted":false,"replayCount":"0","throwerSpeed":225}	1584321842	1584321862
8	EBFC1843-5D56-D0C1-1AED-B17EBE339B70	4C48292A-57D5-29D7-7232-2D03B31A7B4C	1	323738D1-6B2A-163B-0931-1E52547591C1	1	1584285241	{"level":1,"stage":1,"hasCompleted":false,"replayCount":"0","throwerSpeed":225}	1584285241	1584285289
8	B42C327A-A691-C9F8-9E17-6AB7E0EA0271	4CABCDE4-EFD0-BDE5-B6A7-1E4BA84741AE	1	A970E792-7D8F-DB08-2B8A-B18B652A9155	1	1584300827	{"level":1,"stage":1,"hasCompleted":false,"replayCount":"0","throwerSpeed":225}	1584300827	1584301123
8	551827E9-35F1-9ED0-9B00-F277B5414C1F	4D81C4B8-070A-FB69-07EE-E3EB8498F490	1	A492A426-A87E-BD15-EA22-AC70855CFE7E	1	1584297807	{"level":1,"stage":1,"hasCompleted":false,"replayCount":"0","throwerSpeed":225}	1584297807	1584297918
8	E973DFAA-5609-11A4-C896-8910F9653F4C	4E3060D5-6150-A305-EB07-E106946953CE	1	44E30C43-FC02-90B8-9F32-A71F6DAA4223	1	1584321032	{"level":1,"stage":1,"hasCompleted":false,"replayCount":"0","throwerSpeed":225}	1584321032	1584321209
8	348F334E-7443-3B9D-82CB-00100BFCCFA7	50F7724C-E021-DDDB-04E0-EE0AD9A86E78	1	8F58CCC5-3282-CACA-338B-979A609035A0	1	1584317515	{"level":1,"stage":1,"hasCompleted":false,"replayCount":"0","throwerSpeed":225}	1584317515	1584317640
8	C3392E54-F5C9-DF45-D51D-DC5D4315BC2A	5195594E-8357-9C61-2126-EDF460FBA833	1	EC6E9FE8-79BA-EAE7-3FBB-CBC2CB923A10	1	1584281467	{"level":1,"stage":1,"hasCompleted":false,"replayCount":"0","throwerSpeed":225}	1584281467	1584281539
8	9282C153-0D97-1DC9-9E5A-0A0A11046FA4	529F349B-CBFD-AD8A-2B96-4930BFA1D49C	1	3D7D5DF8-D53F-6685-8302-DB4DAF369737	1	1584308411	{"level":1,"stage":1,"hasCompleted":false,"replayCount":"0","throwerSpeed":225}	1584308411	1584308839
8	13447F83-D22E-F22B-55F2-86F90AE0DD7D	52FFE7BB-5DBF-F969-A4BD-0FDD17414ABE	1	66EAFB68-0DF4-CA77-3555-4AE7F844B2F3	1	1584325716	{"level":1,"stage":1,"hasCompleted":false,"replayCount":"0","throwerSpeed":225}	1584325716	1584325716
8	54BC91D0-E3AC-6DB1-C4E5-6DB52D71869A	543D87D0-4991-70CC-36B8-0896ACEF83A5	1	5A9BD605-4711-0BEB-E6F2-34945C166561	1	1584275463	{"level":1,"stage":1,"hasCompleted":false,"replayCount":"0","throwerSpeed":225}	1584275463	1584275629
8	FCD553A8-CDA9-FA45-C55D-41C905046B0B	5556EDCB-E91A-8204-EAEE-CECEBBBD65F8	1	1173FE03-0BA7-5F90-38C8-217861B15038	1	1584329864	{"level":1,"stage":1,"hasCompleted":false,"replayCount":"0","throwerSpeed":225}	1584329864	1584330388
8	657B16A6-C57E-B958-E4A6-3DA623B58C1A	5601A47B-FF64-66FA-C256-EFB083971A2A	1	468461F6-1FE9-9FE7-1D2A-27E5D13A1347	1	1584311981	{"level":1,"stage":1,"hasCompleted":false,"replayCount":"0","throwerSpeed":225}	1584311981	1584312025
8	8E6AD51A-B994-2BA8-67EE-8F100D6309DF	57AE8D6B-170E-0012-6D09-23B0B9FE3BCF	1	B8534A15-29F9-143F-10E5-E4A18B2A0F13	1	1584258891	{"level":1,"stage":1,"hasCompleted":false,"replayCount":"0","throwerSpeed":225}	1584258891	1584258992
8	6300ACB0-8F2B-1C79-075C-34352D0601B6	5AA18556-9E63-C9ED-6695-6F677839B441	1	1C1BF473-DDC3-B45F-838E-C06D236BFE2A	1	1584268735	{"level":1,"stage":1,"hasCompleted":false,"replayCount":"0","throwerSpeed":225}	1584268735	1584268760
8	93612364-7BC5-7521-1778-B2EE26BF6C34	5B8C085F-FA57-512B-8302-7B22BD522557	1	576EB633-4EA1-5774-A107-6C84A2B6AA13	1	1584320509	{"level":1,"stage":1,"hasCompleted":false,"replayCount":"0","throwerSpeed":225}	1584320509	1584320539
8	B89AB687-6E57-251A-3608-D3767169F42D	5C1C1A17-7F16-9BFF-1086-7E5244007F3B	1	5603EFF3-0389-08B3-A89F-CE0789BE4FAC	1	1584271956	{"level":1,"stage":1,"hasCompleted":false,"replayCount":"0","throwerSpeed":225}	1584271956	1584272179
8	ADDA07D1-7472-B2AB-1D50-35A16EA30AD3	5F827107-7165-54F6-31CC-04239B81B6E9	1	17A05E08-5B15-5B9F-A7D6-2E5A789FE3A0	1	1584307272	{"level":1,"stage":1,"hasCompleted":false,"replayCount":"0","throwerSpeed":225}	1584307272	1584307430
8	5EC32DBC-8996-9B44-2FCA-F788E879EA8E	608EAF5B-746D-5BC6-FB00-6386D96CE83B	1	22F11329-4ED6-183F-73F7-D19D31C326A1	1	1584309138	{"level":1,"stage":1,"hasCompleted":false,"replayCount":"0","throwerSpeed":225}	1584309138	1584309244
8	225B5B81-9801-344C-D7EE-ABA027F02B5E	60CB9969-3F2D-13B7-DC7B-B533A954D0BA	1	0CFDAC75-BEF4-A87A-9E00-022F19CAD04B	1	1584319933	{"level":1,"stage":1,"hasCompleted":false,"replayCount":"0","throwerSpeed":225}	1584319933	1584319980
8	52FED926-A1DC-1B93-6918-3654EFCBD312	62E79725-09D9-8DCA-44A3-E88381C82356	1	851E1EAC-EA73-9C99-2308-8A9BAA77DC2C	1	1584297017	{"level":1,"stage":1,"hasCompleted":false,"replayCount":"0","throwerSpeed":225}	1584297017	1584297306
8	D7977AF7-05F1-4262-1F1B-45F269853060	63A9FBD4-EB3E-BC0E-F052-063081CF75A0	1	DB737F55-65C9-6A1D-FE8F-888CE32E3EAB	1	1584311266	{"level":1,"stage":1,"hasCompleted":false,"replayCount":"0","throwerSpeed":225}	1584311266	1584311461
8	940B066F-7EF8-CBFA-8B14-C2E1978F7765	63B02171-A3B1-0265-2A66-FFBD36DECDC6	1	9F3DAC28-13CC-E1D2-A8D8-E7379B3F833E	1	1584319332	{"level":1,"stage":1,"hasCompleted":false,"replayCount":"0","throwerSpeed":225}	1584319332	1584319673
8	94D9710E-45ED-E594-798E-4B3C762E2E54	65FA32A7-C08B-9144-ABE5-823126448554	1	3892BFA2-86FC-678C-749A-BC70BC777A84	1	1584308730	{"level":1,"stage":1,"hasCompleted":false,"replayCount":"0","throwerSpeed":225}	1584308730	1584309114
8	85B00A3C-C042-3CB1-3D80-40E2F964AEFD	6634D0D5-C778-D28F-C363-9EDD4F769629	1	6ECB3D44-F8AD-BF1B-3025-975377EADAC9	1	1584294687	{"level":1,"stage":1,"hasCompleted":false,"replayCount":"0","throwerSpeed":225}	1584294687	1584319643
8	61B95A39-5340-A617-4CF7-ADA53628FF7E	67C5B6BE-28C5-020A-1F0A-0862F4D8604E	1	052D50D0-EAAA-9D32-5513-CC152B266003	1	1584324303	{"level":1,"stage":1,"hasCompleted":false,"replayCount":"0","throwerSpeed":225}	1584324303	1584324539
8	DA0A577D-D122-6853-2D13-AF060EEAB713	68293A52-0A4D-EB4A-6B89-27BD6353823F	1	2B5FE05B-40CB-E6FE-33C3-FBDF7BA03FFA	1	1584247408	{"level":1,"stage":1,"hasCompleted":true,"replayCount":"0","throwerSpeed":225}	1584247408	1584247606
8	3C778F70-365D-A29B-E3E7-AC6D61DAA3C0	691B8F3B-4721-867C-D051-41EF989DCF95	1	E1DE601E-A2F3-E49E-03B8-4108C95171D4	1	1584292494	{"level":1,"stage":1,"hasCompleted":false,"replayCount":"0","throwerSpeed":225}	1584292494	1584292947
8	1BC80E17-B525-405A-A4A4-ACBC7D85A032	69B93561-E073-7D6C-9469-6369EDE60C45	1	1F1E6EA1-A998-8D70-ED1A-44E9638B9F3B	1	1584330658	{"level":1,"stage":1,"hasCompleted":false,"replayCount":"0","throwerSpeed":225}	1584330658	1584331126
8	33B48911-FAF6-3622-9CCB-2CCED6A0A020	6D896F72-28CE-58DF-E397-82510E411131	1	13643785-34B3-FA95-A0AB-53A73ECAAB4D	1	1584303549	{"level":1,"stage":1,"hasCompleted":true,"replayCount":"1","throwerSpeed":225}	1584303549	1584303972
8	7BF68136-5B5C-0879-4E50-F8D5D777473F	6DFC6EBE-2FDA-705C-0D0C-41C341998A5D	1	E00CC681-3F82-B2A2-E7FC-AD6476E80CF9	1	1584275322	{"level":1,"stage":1,"hasCompleted":false,"replayCount":"0","throwerSpeed":225}	1584275322	1584275385
8	7E7F604E-1377-775C-E15A-63F27D91F82C	6E79987F-4560-5631-91B5-55FD34AC63A1	1	47F12AE0-2434-053B-20B1-E3BD59ECA558	1	1584295805	{"level":1,"stage":1,"hasCompleted":false,"replayCount":"0","throwerSpeed":225}	1584295805	1584295980
8	8B50C541-3490-694A-654F-5DFA82A25517	6FA83252-CDAF-ABDD-7BD1-AEC4152FA268	1	5BC0AA21-919D-EB6B-8596-A2C09E5B42D7	1	1584320476	{"level":1,"stage":1,"hasCompleted":false,"replayCount":"0","throwerSpeed":225}	1584320476	1584320558
8	F8218068-C531-BAC2-DE10-ECF7E03541D5	710C19A3-DF7B-1126-9B5D-1C4BC229A405	1	2B4C804C-C396-5BD9-DDFE-5506BBDFD6AC	1	1584270520	{"level":1,"stage":1,"hasCompleted":false,"replayCount":"0","throwerSpeed":225}	1584270520	1584271155
8	71A58BCB-59F2-2511-E178-B40C6912362A	71A5D1D1-4AA3-6C3D-2445-3832DAFDA03F	1	6B9FB777-D7CC-828E-8805-849A3671EE53	1	1584298868	{"level":1,"stage":1,"hasCompleted":false,"replayCount":"0","throwerSpeed":225}	1584298868	1584299002
8	9E7F55E0-C6B7-5AE2-B885-DBD8B1721D8C	71DF4302-230C-A47E-6D8C-5B40283E835F	1	D8D83A10-FAB2-776B-C170-AE1DB3EE7255	1	1584246193	{"level":1,"stage":1,"hasCompleted":false,"replayCount":"0","throwerSpeed":225}	1584246193	1584246234
8	2B15B55C-5D40-6EA7-058C-7640B90321E2	7457AD18-A4FF-B381-0CB4-23BBAE204662	1	BD32582C-51C0-0C5B-3A87-5F315068E6C9	1	1584301678	{"level":1,"stage":1,"hasCompleted":false,"replayCount":"0","throwerSpeed":225}	1584301678	1584301961
8	501176D4-DF72-359D-D5D4-F30331AD3439	74DC4FB6-A008-8863-227B-32FE60281334	1	69503934-71A0-56B1-C3CF-EAC364A5554B	1	1584320883	{"level":1,"stage":1,"hasCompleted":false,"replayCount":"0","throwerSpeed":225}	1584320883	1584321322
8	061A611B-99EA-3676-A65A-2FBFBD3D1C83	786794D4-BFDD-C7BF-CDE0-5178ED15BA63	1	A6DB34D5-E900-7523-CEC3-897C1DBAE365	1	1584284575	{"level":1,"stage":1,"hasCompleted":false,"replayCount":"0","throwerSpeed":225}	1584284575	1584284747
8	1827C5A5-358E-530F-BF7A-AB3C2A616A2B	78A63B47-18FB-502F-3CF8-87D4EA6A1EE7	1	788B66E3-672E-9507-577D-B4B62A814B57	1	1584246947	{"level":1,"stage":1,"hasCompleted":false,"replayCount":"0","throwerSpeed":225}	1584246947	1584247631
8	0B09E1BC-A507-01C0-1E9F-ED84F67DB051	7A330D38-DE8D-E0F1-ABFF-20012C76654E	1	94B953ED-8EA6-F030-C6F5-C061C8D8684E	1	1584281719	{"level":1,"stage":1,"hasCompleted":false,"replayCount":"0","throwerSpeed":225}	1584281719	1584281825
8	D259F96E-A3BA-8486-FC13-9A00CF0632D3	7BD30F9B-DB46-4010-723B-F114138BDBF5	1	DCB9EC04-3B2B-3A64-CF85-35E9EADA503F	1	1584289732	{"level":1,"stage":1,"hasCompleted":false,"replayCount":"0","throwerSpeed":225}	1584289732	1584290105
8	621A836D-3606-8223-1086-26A1150B0845	7BD4D34D-4AC0-0146-AE9C-EB7183D16A24	1	EB55ECAF-2CBF-EA18-5606-DCD73EFA1CB7	1	1584320245	{"level":1,"stage":1,"hasCompleted":false,"replayCount":"0","throwerSpeed":225}	1584320245	1584320355
8	BF19D168-9D43-2927-5B1D-027E74971856	7BD71DFE-BE30-BAE3-883B-67B286E65CF6	1	EA86BD14-47B1-B3CB-4A21-26A7490E0090	1	1584327612	{"level":1,"stage":1,"hasCompleted":false,"replayCount":"0","throwerSpeed":225}	1584327612	1584327701
8	03C97B0D-A4BD-863F-8CCB-BD1C76D4A65D	7C1353AF-5DFA-E0DC-D4B0-8EBDC6515434	1	FE20808D-A18B-5850-BCC0-DB82A1D80A79	1	1584304260	{"level":1,"stage":1,"hasCompleted":false,"replayCount":"0","throwerSpeed":225}	1584304260	1584305565
8	2AD5F529-4E7F-57CB-9DDD-B63D7650E04C	7C771475-6C3F-172A-D706-25A0EF746531	1	3B546610-24B1-BD74-885E-D9B0AE3716CD	1	1584259543	{"level":1,"stage":1,"hasCompleted":false,"replayCount":"0","throwerSpeed":225}	1584259543	1584259584
8	99501A13-0643-756B-2BCD-E593AED9E76C	7CAAADE7-722F-A7B6-F3C7-1A8AC8DF94D0	1	B3D355DF-7F8E-FBFB-F5D5-51753831B792	1	1584305174	{"level":1,"stage":1,"hasCompleted":false,"replayCount":"0","throwerSpeed":225}	1584305174	1584305247
8	C392EF72-F4BE-EC02-5177-A0B0D9D72198	7E1142FC-82E8-B565-BC9B-F9E146EB7ED8	1	4C914948-82CC-4412-EF4A-ABC87DF4951F	1	1584302057	{"level":1,"stage":1,"hasCompleted":false,"replayCount":"0","throwerSpeed":225}	1584302057	1584302176
8	30D261C7-36E2-176D-D96D-0626934E5731	7E5CC4BE-5AFA-234D-0018-F22692624E5F	1	D6487B83-4D6E-15A9-8F85-377F4AF22C0F	1	1584290249	{"level":1,"stage":1,"hasCompleted":false,"replayCount":"0","throwerSpeed":225}	1584290249	1584290328
8	BD44CFF0-5B86-B4FC-E1A1-38FC9B6E63FD	80159A01-1055-0688-5365-CC300F831DB1	1	9A432D98-E4BB-7C3D-8883-B62D43D4BB92	1	1584335181	{"level":1,"stage":1,"hasCompleted":false,"replayCount":"0","throwerSpeed":225}	1584335181	1584335224
8	BC4762C3-BFBD-CC69-4DBC-1B06199E11B7	809CE468-E5DD-A978-E2F0-3BE08470ABC5	1	32722893-8199-75FA-C202-5FD6852EF5C1	1	1584319203	{"level":1,"stage":1,"hasCompleted":false,"replayCount":"0","throwerSpeed":225}	1584319203	1584319769
8	0D3025AB-F79E-98CA-C4BA-6772DE95321F	815B0C07-6793-F5FA-3BF6-393122909714	1	2C501B0E-C22E-0110-52B9-2B64AB692C6D	1	1584268054	{"level":1,"stage":1,"hasCompleted":false,"replayCount":"0","throwerSpeed":225}	1584268054	1584268102
8	0C22AA84-304A-938F-05DB-116872B73BEE	81E49B22-4B9F-7212-7BE3-7BE0D176606F	1	DFCBB94B-1B20-6D87-E1BB-66D47BCD672E	1	1584330227	{"level":1,"stage":1,"hasCompleted":false,"replayCount":"0","throwerSpeed":225}	1584330227	1584330251
8	9BE3896B-2A21-F85F-22FD-5EF7E9150527	83E2F618-9A63-8611-36ED-6051A6396738	1	417FC909-518C-0354-DB36-0CF0EEEF570B	1	1584257187	{"level":1,"stage":1,"hasCompleted":false,"replayCount":"0","throwerSpeed":225}	1584257187	1584257348
8	98FE95C2-9B79-1203-FC74-64288722E945	83E5A24F-7337-06B3-B8E6-0FDA22A9811D	1	95B8CC9C-401E-2C4C-A218-AB8F1241B5A2	1	1584292440	{"level":1,"stage":1,"hasCompleted":false,"replayCount":"0","throwerSpeed":225}	1584292440	1584292560
8	61600750-619F-BA62-2D20-A16C49778C71	84BC3B08-372B-B39E-492A-1A061A403EEF	1	7377248A-78BA-FEFE-1947-59F05A3E9953	1	1584296681	{"level":1,"stage":1,"hasCompleted":false,"replayCount":"0","throwerSpeed":225}	1584296681	1584296797
8	7FA67B92-A778-45C5-DB59-C35286A9598C	84DADC7B-5BCE-CF99-5BDE-B6D64C073091	1	2F0161F3-72EC-76DC-877E-A5722AF70707	1	1584305734	{"level":1,"stage":1,"hasCompleted":false,"replayCount":"0","throwerSpeed":225}	1584305734	1584305874
8	EE52163D-FA28-2FD6-9939-AC017BDD9BBE	86D79220-8120-8A95-0ED3-9DB2F5017ED0	1	181692E1-3ACD-0F1E-FE60-2C2D4F0046D0	1	1584323307	{"level":1,"stage":1,"hasCompleted":false,"replayCount":"0","throwerSpeed":225}	1584323307	1584323712
8	59D8604D-AE6B-3A94-2871-3C17D335A1B0	8948EAC4-7676-15E8-E312-EF3AB55D396C	1	52944D73-E0BE-0010-58DE-76A2E9E7B8AA	1	1584250854	{"level":1,"stage":1,"hasCompleted":false,"replayCount":"0","throwerSpeed":225}	1584250854	1584251226
8	2AF47DBF-B8B7-3DF0-C11E-34ACEC177357	8ADA6AB8-D680-2A20-AA93-9A72C5E36B69	1	D36A5B32-FF78-1938-E6C3-8FD62BC595BF	1	1584289718	{"level":1,"stage":1,"hasCompleted":true,"replayCount":"1","throwerSpeed":225}	1584289718	1584289936
8	FAC5B6CD-F7A1-B975-57FE-2C6494B3C477	8C5F42D5-8089-AAAF-EEFC-0C7798E55BCB	1	647BB24D-7692-8541-B7A8-60E8892C638A	1	1584293006	{"level":1,"stage":1,"hasCompleted":false,"replayCount":"0","throwerSpeed":225}	1584293006	1584293118
8	A72A6F04-815F-C11B-32AC-29702CF28DE8	8CFE31A5-4449-6388-DA2E-93907E3EE2A4	1	B6DB236E-033F-BB7D-6799-BBAD052104DA	1	1584328483	{"level":1,"stage":1,"hasCompleted":false,"replayCount":"0","throwerSpeed":225}	1584328483	1584328720
8	1C260CFE-43EE-CAE6-C2B4-4FB07A3FEF0B	8D8D3D9D-7BC6-A2FC-EB35-D78205361105	1	B2FD071F-4B7F-0A08-5EEA-22AFF1DB8033	1	1584267269	{"level":1,"stage":1,"hasCompleted":false,"replayCount":"0","throwerSpeed":225}	1584267269	1584267382
8	83AE559E-5EC3-4A95-FAC4-E0AB55AA8790	8E19FF2D-7858-CA2A-D80F-420E78981BEC	1	BD415B6C-C0C1-F9F1-0676-A33F7981EE7C	1	1584288700	{"level":1,"stage":1,"hasCompleted":false,"replayCount":"0","throwerSpeed":225}	1584288700	1584289035
8	495346ED-885A-7D84-9B3C-B9F41A453C6E	8E59C6DB-0CFC-773D-34EB-BE22B3179177	1	E0656BD9-10F5-1FB1-69EF-DEE0A9ABC07D	1	1584317714	{"level":1,"stage":1,"hasCompleted":false,"replayCount":"0","throwerSpeed":225}	1584317714	1584317750
8	DD49E7BB-34E4-4F1C-0E84-05E8553C6549	8FD7294D-9C9A-5F7C-F57E-976C8138A8BB	1	8C77DEA8-08EA-ABB4-970D-0A9DC35F49D7	1	1584298184	{"level":1,"stage":1,"hasCompleted":false,"replayCount":"0","throwerSpeed":225}	1584298184	1584298273
8	CBF07967-DD45-0C71-EF14-899202D29FA8	9061F322-8406-1B2D-490B-5B802B76962C	1	4BF3073F-BCDC-7F55-9F93-374866956FB4	1	1584246529	{"level":1,"stage":1,"hasCompleted":false,"replayCount":"0","throwerSpeed":225}	1584246529	1584246690
8	1CF8345C-F9AF-8797-1037-22F0883B00ED	90B5366A-B942-8E31-3EFA-42DD1962E29C	1	FA16A141-BC32-8B88-F8D4-F816F3B41943	1	1584321589	{"level":1,"stage":1,"hasCompleted":false,"replayCount":"0","throwerSpeed":225}	1584321589	1584322149
8	A31D2B6A-205F-DA68-0DE4-3B0DEB9DD53B	9198D6D6-FD62-C26E-6C2A-0B25952AF27C	1	E16B245D-1CBC-F3E2-0705-E4823C5D613F	1	1584296630	{"level":1,"stage":1,"hasCompleted":false,"replayCount":"0","throwerSpeed":225}	1584296630	1584296760
8	FE681ECF-E6E1-11E4-F393-DCC7C90CD947	926491DF-E632-0759-3D62-79A036418C9A	1	4A503B20-50BE-C3D4-52B3-74006712EC90	1	1584311184	{"level":1,"stage":1,"hasCompleted":false,"replayCount":"0","throwerSpeed":225}	1584311184	1584311352
8	F5373B3B-8143-A14C-7811-75032F22B326	9347648F-2252-6BF7-07A5-E08FDD990788	1	96424EBD-145E-4BDE-B381-D0AB345AE529	1	1584262735	{"level":1,"stage":1,"hasCompleted":false,"replayCount":"0","throwerSpeed":225}	1584262735	1584263071
8	55657709-2C6C-2841-4FF5-B85C659ED790	9508EA47-16C3-EFDB-C0D0-C789FACD69B6	1	66B9515A-00A0-DF90-AD19-721D4BAE757C	1	1584256796	{"level":1,"stage":1,"hasCompleted":false,"replayCount":"0","throwerSpeed":225}	1584256796	1584257435
8	735FC047-2AB8-EDDC-826F-DF2B9B8AE1C7	95B019AA-13A9-E207-014A-9C1872A35BFB	1	9C28BBB7-0824-43AD-1893-43387FFBF22C	1	1584308326	{"level":1,"stage":1,"hasCompleted":false,"replayCount":"0","throwerSpeed":225}	1584308326	1584308408
8	86EA3ED2-5073-7EB3-5751-F75437DAA154	993200AC-69EC-8623-A1E1-E1B87F7D93AD	1	FC454E3B-4D21-2999-4E1F-1CACC1DB7E1C	1	1584262135	{"level":1,"stage":1,"hasCompleted":false,"replayCount":"0","throwerSpeed":225}	1584262135	1584262308
8	050FF578-BBAB-91AB-D038-EF9F6D9B0314	99659597-5D10-BF0C-163D-4A438CFDEAD9	1	8A295AD0-6365-B6E6-0F35-171B59DF62A6	1	1584291659	{"level":1,"stage":1,"hasCompleted":false,"replayCount":"0","throwerSpeed":225}	1584291659	1584291806
8	EADEF3C8-1191-589E-EF6C-0DD77D040F98	999F1256-97C4-80EC-A1D0-6DD267B676EE	1	832904E1-8B2A-10DB-65F0-3C6F1E774812	1	1584275018	{"level":1,"stage":1,"hasCompleted":false,"replayCount":"0","throwerSpeed":225}	1584275018	1584275274
8	3A4A652D-AE76-4DF3-F3B1-4644D842CF92	9B4F863D-7608-2E22-1D1F-AA1033498B28	1	6B6ECC89-627B-C97A-037A-FBF437DA53C0	1	1584252069	{"level":1,"stage":1,"hasCompleted":false,"replayCount":"0","throwerSpeed":225}	1584252069	1584252558
8	BB933D96-79F8-1F9F-9E01-1FB87E11B147	9C3C3F1D-55BE-D3A1-DAA8-DC6164DD181D	1	01507B7A-E585-9659-09EC-4DF4D91140EF	1	1584247411	{"level":1,"stage":1,"hasCompleted":false,"replayCount":"0","throwerSpeed":225}	1584247411	1584247489
8	9A4A6EA3-727F-DFBF-DC0A-8C26BAA9C27C	9CE1A536-1FFF-9C22-999B-D484E7C7E876	1	A7BB9CED-80BA-19BB-819D-AD4569497ECB	1	1584298584	{"level":1,"stage":1,"hasCompleted":false,"replayCount":"0","throwerSpeed":225}	1584298584	1584298620
8	EBFF6F6C-9266-7C33-18F8-8142F38B297A	A100D8A7-ED5E-024C-7C2E-38CF73D009D4	1	7FFD4DC6-D2F4-E022-04E8-00572D2C076B	1	1584278854	{"level":1,"stage":1,"hasCompleted":false,"replayCount":"0","throwerSpeed":225}	1584278854	1584279039
8	55A626E3-5071-9714-CF82-573120A97371	A10E0F80-BA72-23FB-FA88-3627BCCCC7D8	1	A0AE0A1A-8C7C-C38E-591C-9B59546D23B7	1	1584306209	{"level":1,"stage":1,"hasCompleted":false,"replayCount":"0","throwerSpeed":225}	1584306209	1584307188
8	F6F357F4-BC4C-83C6-CFCB-11189FFF9D16	A14B4E1B-B0EF-87F5-3666-1DB89896072A	1	09D11B90-8B3F-D233-B392-B39938C921E5	1	1584309639	{"level":1,"stage":1,"hasCompleted":false,"replayCount":"0","throwerSpeed":225}	1584309639	1584310114
8	C8A87D39-03B9-17A8-152A-BA6D0C0748DD	A38D2E10-C1C5-5A79-6C78-E23488D71F80	1	738E7086-7498-98D5-91B9-9650152E83F1	1	1584306091	{"level":1,"stage":1,"hasCompleted":false,"replayCount":"0","throwerSpeed":225}	1584306091	1584306116
8	69017D5B-17DD-B346-7EEC-2A1FC2AFDE03	A50C71AE-762D-77A5-A42B-07817E1BD350	1	4CA0AE12-40C7-C119-7DF0-3E6D1EE8239F	1	1584288048	{"level":1,"stage":1,"hasCompleted":false,"replayCount":"0","throwerSpeed":225}	1584288048	1584288104
8	2A0A1C8E-F923-EA55-C651-5734BE96A813	A583535C-9263-E68A-D9F6-50F7ACB307B6	1	09502ADD-CB55-FE92-5F5C-E020BBC131C8	1	1584319837	{"level":1,"stage":1,"hasCompleted":false,"replayCount":"0","throwerSpeed":225}	1584319837	1584320192
8	5687B496-3F55-4D70-FA3D-6D87CF0A06B6	A8D3DAB3-040E-EBAA-FA24-1359C6833EA7	1	17521843-0EF6-B7C6-335D-0B2758BB8810	1	1584276093	{"level":1,"stage":1,"hasCompleted":false,"replayCount":"0","throwerSpeed":225}	1584276093	1584276196
8	98C9B092-8EF3-5B0B-EB8E-14D087200CBE	AA098066-2F37-BBE5-F9E2-6AE0E75D351A	1	2BF0F6AE-FCAE-D384-1415-923BEF0B37FC	1	1584317392	{"level":1,"stage":1,"hasCompleted":false,"replayCount":"0","throwerSpeed":225}	1584317392	1584317646
8	9F1E579F-1BD3-49E9-E16F-89CA6D631A75	AA27DC83-B9A6-2F24-53E2-0C18E7841D13	1	ADA77E13-4420-9A0C-E753-D6E67427B852	1	1584283837	{"level":1,"stage":1,"hasCompleted":false,"replayCount":"0","throwerSpeed":225}	1584283837	1584284483
8	94CFB963-F08D-47B5-B9CF-6227EDA02229	AB39EAA3-B34E-AF12-7032-79E21DA58F5C	1	A0C2B048-95D6-7AD0-D208-988EB72615D9	1	1584285729	{"level":1,"stage":1,"hasCompleted":false,"replayCount":"0","throwerSpeed":225}	1584285729	1584286446
8	480B4B92-A408-E694-91F3-B42BFA69B064	AB9337C1-DD56-06B2-44F1-FD8BF56608C3	1	BD7D7D1B-F07F-877D-0C80-0217BA9B7DB9	1	1584256217	{"level":1,"stage":1,"hasCompleted":false,"replayCount":"0","throwerSpeed":225}	1584256217	1584256287
8	00104A1C-165F-E4D8-D16B-4701E2021354	AC2B910D-F7B1-6CB6-C939-E48CE610CD23	1	6756FDBC-B280-4377-C03C-0FA156BB04D4	1	1584303364	{"level":1,"stage":1,"hasCompleted":false,"replayCount":"0","throwerSpeed":225}	1584303364	1584303530
8	78B7E8CD-6F1D-2E0A-1A57-CEB3A4B66E8A	AC8F16ED-9048-0F13-76E3-0EE9D2E8D6F3	1	D3E6CA46-D61F-BD6B-145D-123E5B5671F6	1	1584311077	{"level":1,"stage":1,"hasCompleted":false,"replayCount":"0","throwerSpeed":225}	1584311077	1584311379
8	FA8504A9-C8B9-99D2-5EFA-2F44536F29A7	AD42C41C-0A5B-3B6B-F9C0-FCDEC6347B89	1	49918AB5-051D-A320-81DC-158E098476A3	1	1584309455	{"level":1,"stage":1,"hasCompleted":false,"replayCount":"0","throwerSpeed":225}	1584309455	1584309553
8	883CBFBE-B3A1-B360-EE73-2C3C93B72D96	AE9945B5-675A-F305-6EF2-A346D32EF958	1	632646E8-BEBC-E3AC-1CD6-0489B296597E	1	1584332345	{"level":1,"stage":1,"hasCompleted":false,"replayCount":"0","throwerSpeed":225}	1584332345	1584332399
8	B7C4D98B-CA6C-2E76-53D9-F4CC3A05385A	AF88B9A9-7A74-C59E-9042-1B0FAEC31FD7	1	8966CF7D-9B5A-B3C1-1EED-3011F8F78962	1	1584290385	{"level":1,"stage":1,"hasCompleted":false,"replayCount":"0","throwerSpeed":225}	1584290385	1584290669
8	196FED75-423A-16FB-E076-41EBC891A593	B21726DB-6F6A-2B0D-B585-E5410BFE41B2	1	DB166AF5-D513-DA76-073E-655E111EF4C4	1	1584306526	{"level":1,"stage":1,"hasCompleted":false,"replayCount":"0","throwerSpeed":225}	1584306526	1584306589
8	C34D4677-DBBF-8282-6086-CBAB6CEEDEC9	B4C67BA8-8297-D486-DC59-AE1244355334	1	AFEC3590-EBF8-25CB-CB2B-5AD38379D6F1	1	1584288489	{"level":1,"stage":1,"hasCompleted":false,"replayCount":"0","throwerSpeed":225}	1584288489	1584288643
8	22AEC6B5-2891-1E40-6C6F-050CDE2C45DC	B4C8B194-1932-C369-9E8E-21F9A2B712C5	1	AE952914-1658-89A6-9C11-271E8016B875	1	1584305282	{"level":1,"stage":1,"hasCompleted":false,"replayCount":"0","throwerSpeed":225}	1584305282	1584305303
8	06B66F22-368A-70E1-C9CA-B7B226F16F8C	B4CB81DE-D9B6-DD35-4F36-0AFFBF4B92EF	1	F76D82A6-DBDD-070C-E0DD-9D126CB6BDE7	1	1584294931	{"level":1,"stage":1,"hasCompleted":false,"replayCount":"0","throwerSpeed":225}	1584294931	1584295382
8	00094D29-DE60-66AC-E481-0ABFD4C7BD4D	B5A83FBF-241A-3F97-8E0F-4DFA14E5E2B0	1	CEF236AD-BBAB-F08B-3E1D-9343192AED11	1	1584333074	{"level":1,"stage":1,"hasCompleted":false,"replayCount":"0","throwerSpeed":225}	1584333074	1584333147
8	A40C9CD1-4470-8540-028B-57701CD2A188	B5FBC009-A199-F6EB-84E5-953A8344AA8F	1	5E85EB49-A5D0-B574-896C-7C9899A2F514	1	1584284560	{"level":1,"stage":1,"hasCompleted":false,"replayCount":"0","throwerSpeed":225}	1584284560	1584286062
8	2A672E92-9231-1D1D-A93E-9E8A29EAC40C	B61346C6-FEF0-0EA0-4344-2F4F702C7310	1	91DD7759-1F3B-63FE-1BBC-485B55BA562E	1	1584285373	{"level":1,"stage":1,"hasCompleted":false,"replayCount":"0","throwerSpeed":225}	1584285373	1584285570
8	84E1FEF3-E75A-6034-FE8B-5C73C872015C	B7AA559D-44A7-13AF-DDEF-99C4CF6A7B44	1	21D2E807-2CA5-79B2-767C-91D61D1F0E25	1	1584293242	{"level":1,"stage":1,"hasCompleted":false,"replayCount":"0","throwerSpeed":225}	1584293242	1584293269
8	DEB76BFA-F1C4-29F3-ADB0-567C2DDF2CEA	B82FBF63-BB4E-1136-B359-14C921B1785A	1	8D3DFC12-B876-988B-1EBF-1073F157203B	1	1584275386	{"level":1,"stage":1,"hasCompleted":false,"replayCount":"0","throwerSpeed":225}	1584275386	1584275827
8	8339A662-F385-49DC-2D4E-B08DFFDFECE2	B9208632-D85B-B717-D4DB-718D56C4DAA1	1	767CD94C-9B5B-8213-117B-C8B2FD6B8190	1	1584304107	{"level":1,"stage":1,"hasCompleted":false,"replayCount":"0","throwerSpeed":225}	1584304107	1584304310
8	EDD54FFA-F500-DF6B-0B09-233A02317E24	B93823A6-E5BB-EC8B-2229-D8809CBF57E7	1	A165D42E-9148-5C99-FB61-DFD30CDE125F	1	1584257397	{"level":1,"stage":1,"hasCompleted":false,"replayCount":"0","throwerSpeed":225}	1584257397	1584257482
8	8935C4F0-8ED3-349C-615B-D2356D11A230	BA118C38-79D5-A790-2EA1-C83413E79D18	1	46F74423-7BC1-F901-64EB-2B830FE841B0	1	1584309247	{"level":1,"stage":1,"hasCompleted":true,"replayCount":"1","throwerSpeed":225}	1584309247	1584309475
8	C728C03A-3144-B59A-FD61-FDDFCDFE1142	BDC2265F-FE0D-7C60-510F-65BBB352938F	1	4651F665-D4BC-9DEC-AC71-0B436827566D	1	1584314384	{"level":1,"stage":1,"hasCompleted":false,"replayCount":"0","throwerSpeed":225}	1584314384	1584314644
8	BD53857C-CE93-2D1F-8B68-F09147ABC308	BE1CAD2A-DC2C-A72C-1670-6D2D55363054	1	39511DF0-1629-9C0D-7A8A-3501AF14D1E3	1	1584286434	{"level":1,"stage":1,"hasCompleted":false,"replayCount":"0","throwerSpeed":225}	1584286434	1584286537
8	3C817929-035C-FC75-DE32-C3E7B4C2603B	BF431B3A-2D38-F4B4-B943-B19D6705D7FA	1	807F337C-357F-6161-6A2E-EEB505033BDC	1	1584254682	{"level":1,"stage":1,"hasCompleted":false,"replayCount":"0","throwerSpeed":225}	1584254682	1584254916
8	83062497-9293-3EC1-AD9A-AD4D5864622E	C0736B07-8D26-EAE8-85DB-BA06D65B181C	1	BA18305A-E35B-FD87-CC8D-5746A554D625	1	1584274698	{"level":1,"stage":1,"hasCompleted":false,"replayCount":"0","throwerSpeed":225}	1584274698	1584274708
8	4067BCB1-5C16-606A-398C-CCCF5334C531	C0A7A01C-9091-AD59-7DEE-E7B42E15AA89	1	654A9887-7175-46F3-8982-36AEC6435025	1	1584330636	{"level":1,"stage":1,"hasCompleted":false,"replayCount":"0","throwerSpeed":225}	1584330636	1584330844
8	0D847D12-3E18-3D04-860E-8A4258C21673	C264B218-AD26-3572-DD21-A9965ECD60A5	1	9A2982F0-E74D-6969-F5AA-3E009E1FD667	1	1584322580	{"level":1,"stage":1,"hasCompleted":false,"replayCount":"0","throwerSpeed":225}	1584322580	1584322628
8	95D2AEB2-0D26-C03A-A133-971F8F80564E	C3E6523C-52CB-F960-A22A-500AB84AD168	1	44F59DEE-7759-4BD1-D5F4-9B604BB3FBE4	1	1584310543	{"level":1,"stage":1,"hasCompleted":false,"replayCount":"0","throwerSpeed":225}	1584310543	1584310875
8	1FAFDECE-F202-D035-DA2B-7F763711C1F6	C47A6746-5E68-D30E-984C-57A0DF8A38AC	1	8AA294DE-7A36-8E34-F8B7-D6E17FD829DD	1	1584271416	{"level":1,"stage":1,"hasCompleted":false,"replayCount":"0","throwerSpeed":225}	1584271416	1584271552
8	74E4F429-4FA5-3F37-7F60-3BE8B0B2DBEE	C6EB12C7-AB18-E04C-DE2C-D9F031F8F2D0	1	494D46D8-F465-5732-D6CD-EC5D5D010D72	1	1584304910	{"level":1,"stage":1,"hasCompleted":false,"replayCount":"0","throwerSpeed":225}	1584304910	1584304952
8	FBCE1422-465D-C998-A38F-4A5030E1148E	C720D6EC-41C2-7884-7638-8E0A38CA8E28	1	F6D258D4-A55E-B92A-933A-5647815C4D5C	1	1584310973	{"level":1,"stage":1,"hasCompleted":false,"replayCount":"0","throwerSpeed":225}	1584310973	1584311077
8	834B8157-AA80-D77F-2083-3B6C51F02291	C777F727-B15C-ED18-949B-AE7BADA4DD4B	1	9B7291DF-09F2-5EC2-B875-ABE852552C59	1	1584264055	{"level":1,"stage":1,"hasCompleted":false,"replayCount":"0","throwerSpeed":225}	1584264055	1584264536
8	83A5DF94-DF05-3F93-A8B6-22B25742BACC	C87D1961-89D0-979C-9E6C-13D4CC2EF13A	1	6FCF0A3C-F58B-C4DA-786D-25CD7A6F82DD	1	1584335639	{"level":1,"stage":1,"hasCompleted":false,"replayCount":"0","throwerSpeed":225}	1584335639	1584335854
8	94E87A31-2603-B6A3-928F-2CCFD1FC83C0	CCC14CCA-863E-26E6-E720-6DED11743226	1	C45F86B3-03FC-0616-D9D4-057B34EB0F00	1	1584318570	{"level":1,"stage":1,"hasCompleted":false,"replayCount":"0","throwerSpeed":225}	1584318570	1584318597
8	F1BBF9B6-6CBD-3D6E-8807-00830058FC25	CD43F80F-2C74-53FA-702B-CC85B5B7ADCB	1	32360041-61E6-AC1F-59E3-404908841692	1	1584324929	{"level":1,"stage":1,"hasCompleted":false,"replayCount":"0","throwerSpeed":225}	1584324929	1584325726
8	52159423-6C71-F860-8FA8-74C06A580C82	CD723D85-A907-C594-03E9-0F6B4FA8E97F	1	E3C09C7B-7B60-DD8D-2B83-63B06B23831E	1	1584283238	{"level":1,"stage":1,"hasCompleted":false,"replayCount":"0","throwerSpeed":225}	1584283238	1584283348
8	55A626E3-5071-9714-CF82-573120A97371	D113E1ED-BE55-6C2F-E4DC-198223EE6BC3	1	4EC57CF7-D505-5214-7664-CE2C8AFAFC62	1	1584294242	{"level":1,"stage":1,"hasCompleted":false,"replayCount":"0","throwerSpeed":225}	1584294242	1584294341
8	DB61AB9D-543D-6A70-2059-489C01129589	D477321A-249B-4722-6809-FBD5E7284029	1	E9AE91F6-8586-9C2C-99EF-94892971B162	1	1584313271	{"level":1,"stage":1,"hasCompleted":false,"replayCount":"0","throwerSpeed":225}	1584313271	1584313648
8	8FA0F8B4-AD4E-2C16-857F-DD598DDBE60D	D74C77AF-3B01-F140-44F2-8C2A169C989E	1	9B2263B1-53B0-F4A0-9FDA-372892CAB4F5	1	1584321070	{"level":1,"stage":1,"hasCompleted":false,"replayCount":"0","throwerSpeed":225}	1584321070	1584321411
8	EF9DFC7B-1F84-B14C-A0A9-0F296B818BE0	D8093D60-F479-C29D-90E3-D296071E3B0B	1	6051892F-64F9-4AD5-59B1-1B38607B2CE3	1	1584314843	{"level":1,"stage":1,"hasCompleted":true,"replayCount":"1","throwerSpeed":225}	1584314843	1584315252
8	CF15DF59-416D-B0EC-987A-A72B1D4E8C38	DBBAE5F3-4A51-D02D-BB39-0EF6E8EBCCE5	1	07C29D77-1C48-E9FE-2B2F-A4159AE725F2	1	1584250911	{"level":1,"stage":1,"hasCompleted":false,"replayCount":"0","throwerSpeed":225}	1584250911	1584251110
8	41E35A22-27F9-7579-318E-295833955BA6	DC54578D-8341-300A-4AF7-CE1DF9AE4DCF	1	A0FDAF93-E9FD-EECF-8F61-4F7AB7DFE2A8	1	1584268540	{"level":1,"stage":1,"hasCompleted":false,"replayCount":"0","throwerSpeed":225}	1584268540	1584268628
8	3B2B0A88-52E9-068B-6B88-6DF62A831322	DCBB5A1F-8613-0A5B-96E8-8FF06C7BE7DA	1	4F6F794C-D2A7-7917-F99C-437DD84817A4	1	1584256227	{"level":1,"stage":1,"hasCompleted":false,"replayCount":"0","throwerSpeed":225}	1584256227	1584256816
8	D6189698-6BAA-C96C-4F08-9C1B1C6EA4D5	DE3CE951-B2D2-DC3A-1371-372B870EE241	1	621A1D6A-0FCE-108E-C797-0DB72D883E7B	1	1584274986	{"level":1,"stage":1,"hasCompleted":false,"replayCount":"0","throwerSpeed":225}	1584274986	1584275064
8	2AF47DBF-B8B7-3DF0-C11E-34ACEC177357	E08FE251-43FF-84E1-7242-6F12B3CEA41E	1	6B0C1A5B-736D-E44D-53AD-8A8873B769D6	1	1584289505	{"level":1,"stage":1,"hasCompleted":false,"replayCount":"0","throwerSpeed":225}	1584289505	1584289562
8	027DA758-6777-5122-FC5C-282BB91A66C2	E18F637C-7A7C-8A7F-23CE-FA284DCC8C98	1	B4541A27-14AE-7E90-892D-16C306191862	1	1584281193	{"level":1,"stage":1,"hasCompleted":false,"replayCount":"0","throwerSpeed":225}	1584281193	1584281398
8	4533846C-498F-CDF9-FE92-F970DFA7D374	E1946DFD-A2CD-E12C-2068-CFBBD60F7B32	1	E74C98C6-A661-9E2F-5190-3E55103F35E7	1	1584258116	{"level":1,"stage":1,"hasCompleted":false,"replayCount":"0","throwerSpeed":225}	1584258116	1584258292
8	79758D01-4861-BA8C-93C5-3F0DF74FA88B	E3CAC986-ABFE-9F6F-0E7A-0D208604D791	1	B29FD9B4-262E-CB8D-D792-9E896776833B	1	1584328272	{"level":1,"stage":1,"hasCompleted":false,"replayCount":"0","throwerSpeed":225}	1584328272	1584328498
8	80ABDA56-FE16-007F-45D7-11EB4C951BEE	E4F28276-798B-8318-C749-F7437EE43CA5	1	2C12E218-A710-9AAF-0FF4-03402D4F7841	1	1584327890	{"level":1,"stage":1,"hasCompleted":false,"replayCount":"0","throwerSpeed":225}	1584327890	1584328004
8	4E31B531-3DF0-E09C-0D96-092CF57D5733	E5868B7E-7306-8A04-6897-B2B2BBE876B9	1	A22D78D5-6135-24D4-5F02-5937848844F4	1	1584246749	{"level":1,"stage":1,"hasCompleted":false,"replayCount":"0","throwerSpeed":225}	1584246749	1584247147
8	57291BBB-FBC2-89A0-D12E-F6D03760C249	E5D30079-BA07-85E7-F9F1-B91EC626952E	1	44757602-453E-ED0F-E36E-C6D620D7E8BE	1	1584316086	{"level":1,"stage":1,"hasCompleted":false,"replayCount":"0","throwerSpeed":225}	1584316086	1584316278
8	E3F97F39-E0E9-4ACE-F356-BF7421C1305F	E607DC5D-7AD9-15B2-4E54-3251C24FF74B	1	23381740-0AC3-E557-3E14-C1E453B33AF1	1	1584292614	{"level":1,"stage":1,"hasCompleted":false,"replayCount":"0","throwerSpeed":225}	1584292614	1584293019
8	50DB7F04-98B1-9724-12A2-F8CD5B6244C0	E6C85627-AD87-6F70-6D4B-37B50352D17D	1	329AA287-27A0-9068-BFB2-CBE18D2FC484	1	1584292596	{"level":1,"stage":1,"hasCompleted":false,"replayCount":"0","throwerSpeed":225}	1584292596	1584292784
8	48C0B097-0F1A-F26E-CC03-306010A30D7E	E7485D22-A1A1-A232-116B-E4C677B4477C	1	5A8872F3-EA4D-043E-4D81-384F343CEE0D	1	1584305765	{"level":1,"stage":1,"hasCompleted":false,"replayCount":"0","throwerSpeed":225}	1584305765	1584305811
8	980F7D6D-4ED1-80A4-3616-94D1EB661E85	E7B5EAF7-F118-E0DA-A587-6B7B834BC392	1	3E3235DD-854A-A539-E801-5DD19C8B62DD	1	1584251862	{"level":1,"stage":1,"hasCompleted":false,"replayCount":"0","throwerSpeed":225}	1584251862	1584251876
8	BDD2E0CE-0A2F-FBAE-0E21-C4E427C2EFAE	E7BB03C9-3919-3481-AFCA-D4DDEB9601DE	1	B4B5545A-8B32-212F-8D84-8AC5A01F1EF6	1	1584256573	{"level":1,"stage":1,"hasCompleted":false,"replayCount":"0","throwerSpeed":225}	1584256573	1584256647
8	485CC3DD-E37A-D171-E7B3-E1E1A0A67979	E82B8284-354A-8AFA-46A0-D27F71D154EE	1	FAAA36A0-60FA-A8D2-B05C-B43967C5C6D2	1	1584297888	{"level":1,"stage":1,"hasCompleted":false,"replayCount":"0","throwerSpeed":225}	1584297888	1584298224
8	F741E7A7-ECA9-F48C-1664-CC15C41104BA	E8443A7F-7DA4-092B-1961-F631545B7F47	1	6C215A09-6D00-632C-5B14-0978D11111EB	1	1584305554	{"level":1,"stage":1,"hasCompleted":false,"replayCount":"0","throwerSpeed":225}	1584305554	1584305581
8	E08BBF65-09F0-D1F2-DCA3-65693409627A	E87EECBE-11D1-AB82-DF2B-C3E372990C57	1	0A469B55-8D21-77B1-D6E4-8AA7C2CF1EEA	1	1584296977	{"level":1,"stage":1,"hasCompleted":false,"replayCount":"0","throwerSpeed":225}	1584296977	1584297035
8	E215867D-383D-A341-1AE0-05A5C0E482B0	E8A85D56-4430-8AF1-2FD5-348611C5D74A	1	4B0CE1BC-4BA3-77DD-000D-3933CF318789	1	1584299597	{"level":1,"stage":1,"hasCompleted":false,"replayCount":"0","throwerSpeed":225}	1584299597	1584299679
8	94D34570-5083-0A1C-BCC6-EF41C4AAC909	EA4FA036-109E-217D-D774-3FFBA66CCA63	1	12180924-BA2D-F014-C71F-E20A618945DF	1	1584305755	{"level":1,"stage":1,"hasCompleted":false,"replayCount":"0","throwerSpeed":225}	1584305755	1584305980
8	9C019E84-F053-63E9-3754-87EAE59D5C02	EAF6D032-35BD-F2E0-0BAE-7E0FB5B2F168	1	82D909A5-687B-DA7F-4905-E04168C20FC6	1	1584295068	{"level":1,"stage":1,"hasCompleted":false,"replayCount":"0","throwerSpeed":225}	1584295068	1584295307
8	D3B4CB01-6A88-301C-7BC6-C694F4C0BE0F	EBF57A06-DA49-08F7-B8D2-78A273AB76DF	1	0F78B218-17F5-CF6F-C2EB-29E94F79EEE8	1	1584323387	{"level":1,"stage":1,"hasCompleted":false,"replayCount":"0","throwerSpeed":225}	1584323387	1584323698
8	69388A63-9895-A876-3D19-8450DD34A083	F0620D20-007A-056C-F9B0-C72F607C9BE8	1	9689F80C-3570-23DA-571E-79AA8085E40C	1	1584275363	{"level":1,"stage":1,"hasCompleted":false,"replayCount":"0","throwerSpeed":225}	1584275363	1584275432
8	694EEB2C-CBC4-835E-EC46-4D841D477BE4	F1F90FD9-FFE6-3DD3-C948-29604B33E41B	1	DBB60B45-34E3-E0F0-1CB5-B4A773454840	1	1584336122	{"level":1,"stage":1,"hasCompleted":false,"replayCount":"0","throwerSpeed":225}	1584336122	1584336173
8	3C35FFA9-B15D-B412-F3FE-CB630BAE9F04	F2FA5A66-2A04-33EB-A846-0D7A4ABD8D5E	1	EA40F124-6026-386F-EB5D-5A85372A39FE	1	1584275155	{"level":1,"stage":1,"hasCompleted":false,"replayCount":"0","throwerSpeed":225}	1584275155	1584275589
8	CBBD8CC8-529D-F2E4-EC3B-F701073ECE73	F37E1178-E7DA-1103-D6C8-E4D9038C05B0	1	1536B294-E2B4-08C9-9FE7-548F4505D4B2	1	1584269565	{"level":1,"stage":1,"hasCompleted":false,"replayCount":"0","throwerSpeed":225}	1584269565	1584269642
8	AFFBFF74-B196-5915-F350-AF2BF206008C	F7B6C301-0DAF-C377-A4A0-F2C227258041	1	F478AC79-9C9B-1A1A-908F-018B826F2FC9	1	1584310090	{"level":1,"stage":1,"hasCompleted":false,"replayCount":"0","throwerSpeed":225}	1584310090	1584310130
8	9E31C557-7CBF-1D6D-28EC-A30B565CC312	F7BD078F-A5C2-0CC8-4181-658713712C14	1	108B78E5-7FC2-EE45-19EA-4EE396D10381	1	1584318021	{"level":1,"stage":1,"hasCompleted":false,"replayCount":"0","throwerSpeed":225}	1584318021	1584318050
8	DF90AC8B-03BE-24D1-C063-175AC3168958	F8A942B3-6BA4-FF96-80EB-620E356F1E8F	1	C2D373B0-C5A1-5845-0574-1FEFB7A72946	1	1584295078	{"level":1,"stage":1,"hasCompleted":false,"replayCount":"0","throwerSpeed":225}	1584295078	1584295924
8	44BDE148-3CB3-7971-8DBD-559D82BEB75B	F9420EBC-A17A-26AE-779A-CB0631B4B4AC	1	905BB796-B471-32F1-6CBE-D2811B6BE272	1	1584310222	{"level":1,"stage":1,"hasCompleted":false,"replayCount":"0","throwerSpeed":225}	1584310222	1584310417
8	B6257287-E658-A784-E534-EC036E5E97FF	FA94B082-C1F6-46DE-9D5D-6A021368399C	1	1A4C4832-6B13-4094-A652-2D8C292B13BB	1	1584282507	{"level":1,"stage":1,"hasCompleted":false,"replayCount":"0","throwerSpeed":225}	1584282507	1584282563
8	CEAA47EF-C576-6593-BD58-CE8B243B2A8D	FABFB6C4-0AD4-C3A7-EF9B-715067D26C52	1	658AA379-6B8E-7C28-E377-9D2720890168	1	1584246477	{"level":1,"stage":1,"hasCompleted":false,"replayCount":"0","throwerSpeed":225}	1584246477	1584246500
8	FFFC3F45-8360-D17E-8933-596723F98450	FAC5017F-3232-4C4B-FBA7-B320A5974B27	1	DF0F9F54-C0A2-2913-C05D-1AEC0587CD7C	1	1584255612	{"level":1,"stage":1,"hasCompleted":false,"replayCount":"0","throwerSpeed":225}	1584255612	1584255660
8	0CD74E82-9722-FDFE-FBA8-1A299DB11D3F	FB8BB44D-2BDA-035B-29C2-63866E17016B	1	79AE940E-880F-1D26-0FE3-847366B720FB	1	1584336639	{"level":1,"stage":1,"hasCompleted":false,"replayCount":"0","throwerSpeed":225}	1584336639	1584336671
8	4F88C03D-3A15-6D4E-9CE9-E9B005822ECB	FE26B7CA-B4A4-7C99-6B9F-1D8910649227	1	4A309C32-F386-A99D-2FB2-E39320890ACD	1	1584329066	{"level":1,"stage":1,"hasCompleted":false,"replayCount":"0","throwerSpeed":225}	1584329066	1584329255
8	3D64BE8E-C8D8-8B05-264E-A360CFFAF8B1	FE8B6A0B-BCDF-BC65-A61A-B165794F1252	1	162212B4-65B3-984B-6868-87A75324865C	1	1584287572	{"level":1,"stage":1,"hasCompleted":false,"replayCount":"0","throwerSpeed":225}	1584287572	1584288004
8	0ED109B9-5BED-5B8F-C7BE-050972FC7669	FF910427-BE22-B97A-37A0-3014578D6D09	1	BCA6A208-7E24-93C2-D560-36C66E8A4A7A	1	1584299322	{"level":1,"stage":1,"hasCompleted":false,"replayCount":"0","throwerSpeed":225}	1584299322	1584299474
