cid	uid	sessionid	qid	dqid	q_s_id	log_q_ts	q_detail
6	4435A9E9-C4A9-9F64-081B-E7DAA5BD0580	AD4AB90D-A6F6-ACD4-1B9A-BB0BF9D62E50	1	4C6EDDF6-298C-59C3-F0F8-949535A9AEEB	1	1584241813	{"level":1,"stage":1,"hasCompleted":true,"replayCount":"1","throwerSpeed":225}
6	4435A9E9-C4A9-9F64-081B-E7DAA5BD0580	AD4AB90D-A6F6-ACD4-1B9A-BB0BF9D62E50	2	94D6BE75-3FDF-2BEB-555E-C65A03565628	1	1584241867	{"level":1,"stage":2,"hasCompleted":true,"replayCount":"1","throwerSpeed":225}
6	4435A9E9-C4A9-9F64-081B-E7DAA5BD0580	AD4AB90D-A6F6-ACD4-1B9A-BB0BF9D62E50	1	4C6EDDF6-298C-59C3-F0F8-949535A9AEEB	0	1584241867	{"level":1,"stage":1,"knivesThrown":5,"time":7,"levelTime":7,"levelKnivesThrown":5,"throwerSpeed":225}
6	04190E0D-1105-52B9-4232-ED9C0A8574D6	A963E53F-5124-AEF5-DF1E-CD5DD9A6BC30	1	599944CE-20C5-72BD-AB8F-825357C80C6A	1	1584244536	{"level":1,"stage":1,"hasCompleted":false,"replayCount":"0","throwerSpeed":225}
6	04190E0D-1105-52B9-4232-ED9C0A8574D6	A963E53F-5124-AEF5-DF1E-CD5DD9A6BC30	1	599944CE-20C5-72BD-AB8F-825357C80C6A	0	1584244538	{"level":1,"stage":1,"knivesThrown":15,"time":2.2166666666667,"levelTime":2.2166666666667,"levelKnivesThrown":15,"throwerSpeed":225}
6	04190E0D-1105-52B9-4232-ED9C0A8574D6	A963E53F-5124-AEF5-DF1E-CD5DD9A6BC30	2	DDB143E6-C5D9-808A-48B0-C154614870F2	1	1584244538	{"level":1,"stage":2,"hasCompleted":false,"replayCount":"0","throwerSpeed":225}
6	04190E0D-1105-52B9-4232-ED9C0A8574D6	A963E53F-5124-AEF5-DF1E-CD5DD9A6BC30	3	2BF85941-9404-73CE-8C86-CC668B35F08B	1	1584244540	{"level":1,"stage":3,"hasCompleted":false,"replayCount":"0","throwerSpeed":225}
6	04190E0D-1105-52B9-4232-ED9C0A8574D6	A963E53F-5124-AEF5-DF1E-CD5DD9A6BC30	2	DDB143E6-C5D9-808A-48B0-C154614870F2	0	1584244540	{"level":1,"stage":2,"knivesThrown":33,"time":4.2166666666667,"levelTime":2,"levelKnivesThrown":18,"throwerSpeed":225}
6	04190E0D-1105-52B9-4232-ED9C0A8574D6	A963E53F-5124-AEF5-DF1E-CD5DD9A6BC30	3	2BF85941-9404-73CE-8C86-CC668B35F08B	0	1584244542	{"level":1,"stage":3,"knivesThrown":51,"time":6.2833333333333,"levelTime":2.0666666666667,"levelKnivesThrown":18,"throwerSpeed":225,"completeStar":true,"timePar":10,"knivesPar":13,"timeStar":true,"knivesStar":false}
6	04190E0D-1105-52B9-4232-ED9C0A8574D6	A963E53F-5124-AEF5-DF1E-CD5DD9A6BC30	4	48E5B092-6710-51C6-A356-7963A3E06549	1	1584244543	{"level":2,"stage":1,"hasCompleted":false,"replayCount":"0","throwerSpeed":225}
6	04190E0D-1105-52B9-4232-ED9C0A8574D6	A963E53F-5124-AEF5-DF1E-CD5DD9A6BC30	5	586D314E-AD3E-6203-3130-FDA304BC179E	1	1584244550	{"level":2,"stage":2,"hasCompleted":false,"replayCount":"0","throwerSpeed":225}
6	04190E0D-1105-52B9-4232-ED9C0A8574D6	A963E53F-5124-AEF5-DF1E-CD5DD9A6BC30	4	NULL	0	1584244550	{"level":2,"stage":1,"knivesThrown":26,"time":4.0833333333333,"levelTime":4.0833333333333,"levelKnivesThrown":26,"throwerSpeed":225}
6	04190E0D-1105-52B9-4232-ED9C0A8574D6	A963E53F-5124-AEF5-DF1E-CD5DD9A6BC30	6	FA17B08E-3D7F-2423-890E-984364D5B9EB	1	1584244555	{"level":2,"stage":3,"hasCompleted":false,"replayCount":"0","throwerSpeed":225}
6	04190E0D-1105-52B9-4232-ED9C0A8574D6	A963E53F-5124-AEF5-DF1E-CD5DD9A6BC30	5	586D314E-AD3E-6203-3130-FDA304BC179E	0	1584244555	{"level":2,"stage":2,"knivesThrown":61,"time":9.7000000000001,"levelTime":5.6166666666667,"levelKnivesThrown":35,"throwerSpeed":225}
6	04190E0D-1105-52B9-4232-ED9C0A8574D6	A963E53F-5124-AEF5-DF1E-CD5DD9A6BC30	7	98FE8132-EF22-ED68-F867-B9668A37C9F3	1	1584244578	{"level":3,"stage":1,"hasCompleted":false,"replayCount":"0","throwerSpeed":225}
6	04190E0D-1105-52B9-4232-ED9C0A8574D6	A963E53F-5124-AEF5-DF1E-CD5DD9A6BC30	7	CE699ECB-BBBE-6633-8D45-CDA08F956706	1	1584244582	{"level":3,"stage":1,"hasCompleted":false,"replayCount":"1","throwerSpeed":225}
6	04190E0D-1105-52B9-4232-ED9C0A8574D6	A963E53F-5124-AEF5-DF1E-CD5DD9A6BC30	8	14C5110F-A44E-82DC-8003-DFED56988B6B	1	1584244584	{"level":3,"stage":2,"hasCompleted":false,"replayCount":"0","throwerSpeed":225}
6	04190E0D-1105-52B9-4232-ED9C0A8574D6	A963E53F-5124-AEF5-DF1E-CD5DD9A6BC30	7	CE699ECB-BBBE-6633-8D45-CDA08F956706	0	1584244584	{"level":3,"stage":1,"knivesThrown":4,"time":1.5833333333333,"levelTime":1.5833333333333,"levelKnivesThrown":4,"throwerSpeed":225}
6	04190E0D-1105-52B9-4232-ED9C0A8574D6	A963E53F-5124-AEF5-DF1E-CD5DD9A6BC30	9	E96AEFBA-D846-4ED4-9419-C13CD77ABC4B	1	1584244588	{"level":3,"stage":3,"hasCompleted":false,"replayCount":"0","throwerSpeed":225}
6	04190E0D-1105-52B9-4232-ED9C0A8574D6	A963E53F-5124-AEF5-DF1E-CD5DD9A6BC30	8	14C5110F-A44E-82DC-8003-DFED56988B6B	0	1584244588	{"level":3,"stage":2,"knivesThrown":12,"time":6.2666666666666,"levelTime":4.6833333333333,"levelKnivesThrown":8,"throwerSpeed":225}
6	04190E0D-1105-52B9-4232-ED9C0A8574D6	A963E53F-5124-AEF5-DF1E-CD5DD9A6BC30	9	E96AEFBA-D846-4ED4-9419-C13CD77ABC4B	0	1584244593	{"level":3,"stage":3,"knivesThrown":22,"time":11.183333333333,"levelTime":4.9166666666667,"levelKnivesThrown":10,"throwerSpeed":225,"completeStar":true,"timePar":10,"knivesPar":10,"timeStar":false,"knivesStar":false}
6	04190E0D-1105-52B9-4232-ED9C0A8574D6	A963E53F-5124-AEF5-DF1E-CD5DD9A6BC30	10	DEBEEDFF-ABB5-851A-D5A6-3D4C82A089C0	1	1584244594	{"level":4,"stage":1,"hasCompleted":false,"replayCount":"0","throwerSpeed":225}
6	04190E0D-1105-52B9-4232-ED9C0A8574D6	A963E53F-5124-AEF5-DF1E-CD5DD9A6BC30	7	576A47E7-D30A-B11A-8164-E2F8250CEB85	1	1584244597	{"level":3,"stage":1,"hasCompleted":true,"replayCount":"2","throwerSpeed":225}
6	04190E0D-1105-52B9-4232-ED9C0A8574D6	A963E53F-5124-AEF5-DF1E-CD5DD9A6BC30	7	576A47E7-D30A-B11A-8164-E2F8250CEB85	0	1584244600	{"level":3,"stage":1,"knivesThrown":9,"time":3.1166666666667,"levelTime":3.1166666666667,"levelKnivesThrown":9,"throwerSpeed":225}
6	04190E0D-1105-52B9-4232-ED9C0A8574D6	A963E53F-5124-AEF5-DF1E-CD5DD9A6BC30	8	A062475C-4937-74C0-1E03-75208B94DF72	1	1584244600	{"level":3,"stage":2,"hasCompleted":true,"replayCount":"1","throwerSpeed":225}
6	04190E0D-1105-52B9-4232-ED9C0A8574D6	A963E53F-5124-AEF5-DF1E-CD5DD9A6BC30	9	C0C16951-6E08-6F21-D47C-06D3105FCEB2	1	1584244602	{"level":3,"stage":3,"hasCompleted":true,"replayCount":"1","throwerSpeed":225}
6	04190E0D-1105-52B9-4232-ED9C0A8574D6	A963E53F-5124-AEF5-DF1E-CD5DD9A6BC30	8	A062475C-4937-74C0-1E03-75208B94DF72	0	1584244602	{"level":3,"stage":2,"knivesThrown":14,"time":5.1833333333333,"levelTime":2.0666666666667,"levelKnivesThrown":5,"throwerSpeed":225}
6	04190E0D-1105-52B9-4232-ED9C0A8574D6	A963E53F-5124-AEF5-DF1E-CD5DD9A6BC30	9	C0C16951-6E08-6F21-D47C-06D3105FCEB2	0	1584244606	{"level":3,"stage":3,"knivesThrown":31,"time":9.1166666666667,"levelTime":3.9333333333333,"levelKnivesThrown":17,"throwerSpeed":225,"completeStar":true,"timePar":10,"knivesPar":10,"timeStar":true,"knivesStar":false}
6	04190E0D-1105-52B9-4232-ED9C0A8574D6	A963E53F-5124-AEF5-DF1E-CD5DD9A6BC30	10	8ACD29F8-A753-4DBD-9DE9-581ED7A8FCA7	1	1584244607	{"level":4,"stage":1,"hasCompleted":false,"replayCount":"1","throwerSpeed":225}
6	DDAD42E5-E90D-3CB9-B483-769CB4845EB6	C5710FD5-8772-A7B3-694B-0655E132331A	1	1C441B5C-CCA5-6CD0-3A64-4DD146FED1EE	1	1584247311	{"level":1,"stage":1,"hasCompleted":false,"replayCount":"0","throwerSpeed":225}
6	DDAD42E5-E90D-3CB9-B483-769CB4845EB6	C5710FD5-8772-A7B3-694B-0655E132331A	1	4BFC4CA5-76AB-472F-70E8-1A6C0EDB02EB	1	1584247314	{"level":1,"stage":1,"hasCompleted":false,"replayCount":"1","throwerSpeed":225}
6	DDAD42E5-E90D-3CB9-B483-769CB4845EB6	C5710FD5-8772-A7B3-694B-0655E132331A	1	29086B69-A618-2A82-42F0-A0E2ED5EF3E5	1	1584247317	{"level":1,"stage":1,"hasCompleted":false,"replayCount":"2","throwerSpeed":225}
6	DDAD42E5-E90D-3CB9-B483-769CB4845EB6	C5710FD5-8772-A7B3-694B-0655E132331A	1	29086B69-A618-2A82-42F0-A0E2ED5EF3E5	0	1584247319	{"level":1,"stage":1,"knivesThrown":3,"time":2.35,"levelTime":2.35,"levelKnivesThrown":3,"throwerSpeed":225}
6	DDAD42E5-E90D-3CB9-B483-769CB4845EB6	C5710FD5-8772-A7B3-694B-0655E132331A	2	D7C2A58C-BE27-52C3-72A5-F0601F1D937A	1	1584247319	{"level":1,"stage":2,"hasCompleted":false,"replayCount":"0","throwerSpeed":225}
6	DDAD42E5-E90D-3CB9-B483-769CB4845EB6	C5710FD5-8772-A7B3-694B-0655E132331A	1	A859F098-6F20-519B-0C6D-C410489870E7	1	1584247322	{"level":1,"stage":1,"hasCompleted":false,"replayCount":"3","throwerSpeed":225}
6	DDAD42E5-E90D-3CB9-B483-769CB4845EB6	C5710FD5-8772-A7B3-694B-0655E132331A	2	5639566A-2B49-929C-507A-04310B5E76E6	1	1584247324	{"level":1,"stage":2,"hasCompleted":false,"replayCount":"1","throwerSpeed":225}
6	DDAD42E5-E90D-3CB9-B483-769CB4845EB6	C5710FD5-8772-A7B3-694B-0655E132331A	1	A859F098-6F20-519B-0C6D-C410489870E7	0	1584247324	{"level":1,"stage":1,"knivesThrown":3,"time":2.2666666666667,"levelTime":2.2666666666667,"levelKnivesThrown":3,"throwerSpeed":225}
6	DDAD42E5-E90D-3CB9-B483-769CB4845EB6	C5710FD5-8772-A7B3-694B-0655E132331A	3	A001815B-A405-CEF9-1344-AE9AC98AAD2F	1	1584247328	{"level":1,"stage":3,"hasCompleted":false,"replayCount":"0","throwerSpeed":225}
6	DDAD42E5-E90D-3CB9-B483-769CB4845EB6	C5710FD5-8772-A7B3-694B-0655E132331A	2	5639566A-2B49-929C-507A-04310B5E76E6	0	1584247328	{"level":1,"stage":2,"knivesThrown":8,"time":5.8833333333333,"levelTime":3.6166666666667,"levelKnivesThrown":5,"throwerSpeed":225}
6	DDAD42E5-E90D-3CB9-B483-769CB4845EB6	C5710FD5-8772-A7B3-694B-0655E132331A	1	B304BDD2-B5E3-39C5-6687-1A0C86DFD063	1	1584247332	{"level":1,"stage":1,"hasCompleted":false,"replayCount":"4","throwerSpeed":225}
6	DDAD42E5-E90D-3CB9-B483-769CB4845EB6	C5710FD5-8772-A7B3-694B-0655E132331A	2	7511AB6A-24E9-0E2D-235A-E46804D71FE7	1	1584247334	{"level":1,"stage":2,"hasCompleted":false,"replayCount":"2","throwerSpeed":225}
6	DDAD42E5-E90D-3CB9-B483-769CB4845EB6	C5710FD5-8772-A7B3-694B-0655E132331A	1	B304BDD2-B5E3-39C5-6687-1A0C86DFD063	0	1584247334	{"level":1,"stage":1,"knivesThrown":3,"time":2.25,"levelTime":2.25,"levelKnivesThrown":3,"throwerSpeed":225}
6	DDAD42E5-E90D-3CB9-B483-769CB4845EB6	C5710FD5-8772-A7B3-694B-0655E132331A	3	234E71E8-05B6-BC5C-E062-E621C0D98904	1	1584247337	{"level":1,"stage":3,"hasCompleted":false,"replayCount":"1","throwerSpeed":225}
6	DDAD42E5-E90D-3CB9-B483-769CB4845EB6	C5710FD5-8772-A7B3-694B-0655E132331A	2	7511AB6A-24E9-0E2D-235A-E46804D71FE7	0	1584247337	{"level":1,"stage":2,"knivesThrown":7,"time":4.7166666666667,"levelTime":2.4666666666667,"levelKnivesThrown":4,"throwerSpeed":225}
6	DDAD42E5-E90D-3CB9-B483-769CB4845EB6	C5710FD5-8772-A7B3-694B-0655E132331A	3	234E71E8-05B6-BC5C-E062-E621C0D98904	0	1584247342	{"level":1,"stage":3,"knivesThrown":17,"time":10.333333333333,"levelTime":5.6166666666667,"levelKnivesThrown":10,"throwerSpeed":225,"completeStar":true,"timePar":10,"knivesPar":13,"timeStar":true,"knivesStar":false}
6	DDAD42E5-E90D-3CB9-B483-769CB4845EB6	C5710FD5-8772-A7B3-694B-0655E132331A	4	2EE4C67F-A727-086A-A613-5BC74270ECAB	1	1584247345	{"level":2,"stage":1,"hasCompleted":false,"replayCount":"0","throwerSpeed":225}
6	DDAD42E5-E90D-3CB9-B483-769CB4845EB6	C5710FD5-8772-A7B3-694B-0655E132331A	4	1590BC1B-9EF5-7FDF-28D3-EB4071AF4789	1	1584247357	{"level":2,"stage":1,"hasCompleted":false,"replayCount":"1","throwerSpeed":225}
6	DDAD42E5-E90D-3CB9-B483-769CB4845EB6	C5710FD5-8772-A7B3-694B-0655E132331A	4	1590BC1B-9EF5-7FDF-28D3-EB4071AF4789	0	1584247365	{"level":2,"stage":1,"knivesThrown":10,"time":7.3,"levelTime":7.3,"levelKnivesThrown":10,"throwerSpeed":225}
6	DDAD42E5-E90D-3CB9-B483-769CB4845EB6	C5710FD5-8772-A7B3-694B-0655E132331A	5	66630476-A1E8-683F-8145-1CC092C8F2C5	1	1584247365	{"level":2,"stage":2,"hasCompleted":false,"replayCount":"0","throwerSpeed":225}
6	DDAD42E5-E90D-3CB9-B483-769CB4845EB6	C5710FD5-8772-A7B3-694B-0655E132331A	6	029E2D1F-4A47-E3C4-CE66-1A2C01371514	1	1584247383	{"level":2,"stage":3,"hasCompleted":false,"replayCount":"0","throwerSpeed":225}
6	DDAD42E5-E90D-3CB9-B483-769CB4845EB6	C5710FD5-8772-A7B3-694B-0655E132331A	5	66630476-A1E8-683F-8145-1CC092C8F2C5	0	1584247383	{"level":2,"stage":2,"knivesThrown":28,"time":25.816666666666,"levelTime":18.516666666667,"levelKnivesThrown":18,"throwerSpeed":225}
6	DDAD42E5-E90D-3CB9-B483-769CB4845EB6	C5710FD5-8772-A7B3-694B-0655E132331A	6	029E2D1F-4A47-E3C4-CE66-1A2C01371514	0	1584247417	{"level":2,"stage":3,"knivesThrown":58,"time":58.916666666665,"levelTime":33.099999999999,"levelKnivesThrown":30,"throwerSpeed":225,"completeStar":true,"timePar":25,"knivesPar":17,"timeStar":false,"knivesStar":false}
6	DDAD42E5-E90D-3CB9-B483-769CB4845EB6	C5710FD5-8772-A7B3-694B-0655E132331A	7	F61EB902-9257-6B13-8E5C-844CD0681375	1	1584247418	{"level":3,"stage":1,"hasCompleted":false,"replayCount":"0","throwerSpeed":225}
6	DDAD42E5-E90D-3CB9-B483-769CB4845EB6	C5710FD5-8772-A7B3-694B-0655E132331A	7	F61EB902-9257-6B13-8E5C-844CD0681375	0	1584247421	{"level":3,"stage":1,"knivesThrown":2,"time":2.65,"levelTime":2.65,"levelKnivesThrown":2,"throwerSpeed":225}
6	DDAD42E5-E90D-3CB9-B483-769CB4845EB6	C5710FD5-8772-A7B3-694B-0655E132331A	8	52E53FC2-F4FF-174F-7400-3FD48E7762E5	1	1584247421	{"level":3,"stage":2,"hasCompleted":false,"replayCount":"0","throwerSpeed":225}
6	DDAD42E5-E90D-3CB9-B483-769CB4845EB6	C5710FD5-8772-A7B3-694B-0655E132331A	8	52E53FC2-F4FF-174F-7400-3FD48E7762E5	0	1584247430	{"level":3,"stage":2,"knivesThrown":8,"time":12.183333333334,"levelTime":9.5333333333334,"levelKnivesThrown":6,"throwerSpeed":225}
6	DDAD42E5-E90D-3CB9-B483-769CB4845EB6	C5710FD5-8772-A7B3-694B-0655E132331A	9	D793F945-5514-2E37-28EC-94E961258A0A	1	1584247430	{"level":3,"stage":3,"hasCompleted":false,"replayCount":"0","throwerSpeed":225}
6	DDAD42E5-E90D-3CB9-B483-769CB4845EB6	C5710FD5-8772-A7B3-694B-0655E132331A	9	D793F945-5514-2E37-28EC-94E961258A0A	0	1584247445	{"level":3,"stage":3,"knivesThrown":23,"time":26.8,"levelTime":14.616666666667,"levelKnivesThrown":15,"throwerSpeed":225,"completeStar":true,"timePar":10,"knivesPar":10,"timeStar":false,"knivesStar":false}
6	DDAD42E5-E90D-3CB9-B483-769CB4845EB6	C5710FD5-8772-A7B3-694B-0655E132331A	10	D689F24E-CEE1-D785-CE9D-E43F0021FE45	1	1584247446	{"level":4,"stage":1,"hasCompleted":false,"replayCount":"0","throwerSpeed":225}
6	DDAD42E5-E90D-3CB9-B483-769CB4845EB6	C5710FD5-8772-A7B3-694B-0655E132331A	11	918C3A9A-9135-4BE1-DEF9-B9E036F58243	1	1584247452	{"level":4,"stage":2,"hasCompleted":false,"replayCount":"0","throwerSpeed":225}
6	DDAD42E5-E90D-3CB9-B483-769CB4845EB6	C5710FD5-8772-A7B3-694B-0655E132331A	10	D689F24E-CEE1-D785-CE9D-E43F0021FE45	0	1584247452	{"level":4,"stage":1,"knivesThrown":3,"time":5.65,"levelTime":5.65,"levelKnivesThrown":3,"throwerSpeed":225}
6	DDAD42E5-E90D-3CB9-B483-769CB4845EB6	C5710FD5-8772-A7B3-694B-0655E132331A	12	0688C81E-5429-E4B4-366F-2F55230D76F0	1	1584247454	{"level":4,"stage":3,"hasCompleted":false,"replayCount":"0","throwerSpeed":225}
6	DDAD42E5-E90D-3CB9-B483-769CB4845EB6	C5710FD5-8772-A7B3-694B-0655E132331A	11	918C3A9A-9135-4BE1-DEF9-B9E036F58243	0	1584247454	{"level":4,"stage":2,"knivesThrown":5,"time":8.1166666666666,"levelTime":2.4666666666667,"levelKnivesThrown":2,"throwerSpeed":225}
6	DDAD42E5-E90D-3CB9-B483-769CB4845EB6	C5710FD5-8772-A7B3-694B-0655E132331A	12	0688C81E-5429-E4B4-366F-2F55230D76F0	0	1584247481	{"level":4,"stage":3,"knivesThrown":32,"time":34.583333333333,"levelTime":26.466666666666,"levelKnivesThrown":27,"throwerSpeed":225,"completeStar":true,"timePar":12,"knivesPar":10,"timeStar":false,"knivesStar":false}
6	DDAD42E5-E90D-3CB9-B483-769CB4845EB6	C5710FD5-8772-A7B3-694B-0655E132331A	13	F004EBD6-0BB2-565A-D937-6A7F18851A56	1	1584247481	{"level":5,"stage":1,"hasCompleted":false,"replayCount":"0","throwerSpeed":225}
6	DDAD42E5-E90D-3CB9-B483-769CB4845EB6	C5710FD5-8772-A7B3-694B-0655E132331A	13	F004EBD6-0BB2-565A-D937-6A7F18851A56	0	1584247498	{"level":5,"stage":1,"knivesThrown":21,"time":16.933333333334,"levelTime":16.933333333334,"levelKnivesThrown":21,"throwerSpeed":225}
6	DDAD42E5-E90D-3CB9-B483-769CB4845EB6	C5710FD5-8772-A7B3-694B-0655E132331A	14	AC3CC339-D7C5-AB48-F08A-21DDA74AF0E4	1	1584247498	{"level":5,"stage":2,"hasCompleted":false,"replayCount":"0","throwerSpeed":225}
6	DDAD42E5-E90D-3CB9-B483-769CB4845EB6	C5710FD5-8772-A7B3-694B-0655E132331A	15	87925E32-F3E2-4B82-F5EA-8FD61C97D855	1	1584247517	{"level":5,"stage":3,"hasCompleted":false,"replayCount":"0","throwerSpeed":225}
6	DDAD42E5-E90D-3CB9-B483-769CB4845EB6	C5710FD5-8772-A7B3-694B-0655E132331A	14	AC3CC339-D7C5-AB48-F08A-21DDA74AF0E4	0	1584247517	{"level":5,"stage":2,"knivesThrown":38,"time":35.549999999999,"levelTime":18.616666666667,"levelKnivesThrown":17,"throwerSpeed":225}
6	DDAD42E5-E90D-3CB9-B483-769CB4845EB6	C5710FD5-8772-A7B3-694B-0655E132331A	15	87925E32-F3E2-4B82-F5EA-8FD61C97D855	0	1584247531	{"level":5,"stage":3,"knivesThrown":62,"time":49.316666666665,"levelTime":13.766666666667,"levelKnivesThrown":24,"throwerSpeed":225,"completeStar":true,"timePar":18,"knivesPar":28,"timeStar":false,"knivesStar":false}
6	DDAD42E5-E90D-3CB9-B483-769CB4845EB6	C5710FD5-8772-A7B3-694B-0655E132331A	16	E5DB8011-CA48-565F-DB3D-E3216A254D32	1	1584247532	{"level":6,"stage":1,"hasCompleted":false,"replayCount":"0","throwerSpeed":225}
6	DDAD42E5-E90D-3CB9-B483-769CB4845EB6	C5710FD5-8772-A7B3-694B-0655E132331A	16	E5DB8011-CA48-565F-DB3D-E3216A254D32	0	1584247542	{"level":6,"stage":1,"knivesThrown":60,"time":9.3666666666667,"levelTime":9.3666666666667,"levelKnivesThrown":60,"throwerSpeed":225}
6	DDAD42E5-E90D-3CB9-B483-769CB4845EB6	C5710FD5-8772-A7B3-694B-0655E132331A	17	43052F50-1880-DDB6-AF8A-F98D728A5CF4	1	1584247542	{"level":6,"stage":2,"hasCompleted":false,"replayCount":"0","throwerSpeed":225}
6	DDAD42E5-E90D-3CB9-B483-769CB4845EB6	C5710FD5-8772-A7B3-694B-0655E132331A	17	43052F50-1880-DDB6-AF8A-F98D728A5CF4	0	1584247573	{"level":6,"stage":2,"knivesThrown":142,"time":40.499999999999,"levelTime":31.133333333333,"levelKnivesThrown":82,"throwerSpeed":225}
6	DDAD42E5-E90D-3CB9-B483-769CB4845EB6	C5710FD5-8772-A7B3-694B-0655E132331A	18	9E3E2F53-C981-DD1A-1189-0BC6BCF28979	1	1584247573	{"level":6,"stage":3,"hasCompleted":false,"replayCount":"0","throwerSpeed":225}
6	DDAD42E5-E90D-3CB9-B483-769CB4845EB6	C5710FD5-8772-A7B3-694B-0655E132331A	18	9E3E2F53-C981-DD1A-1189-0BC6BCF28979	0	1584247590	{"level":6,"stage":3,"knivesThrown":195,"time":57.033333333331,"levelTime":16.533333333334,"levelKnivesThrown":53,"throwerSpeed":225}
6	DDAD42E5-E90D-3CB9-B483-769CB4845EB6	C5710FD5-8772-A7B3-694B-0655E132331A	19	8E45FCCF-581A-83FD-3245-F1FAF06AAD07	1	1584247590	{"level":6,"stage":4,"hasCompleted":false,"replayCount":"0","throwerSpeed":225}
6	DDAD42E5-E90D-3CB9-B483-769CB4845EB6	C5710FD5-8772-A7B3-694B-0655E132331A	19	8E45FCCF-581A-83FD-3245-F1FAF06AAD07	0	1584247600	{"level":6,"stage":4,"knivesThrown":235,"time":67.549999999997,"levelTime":10.516666666667,"levelKnivesThrown":40,"throwerSpeed":225}
6	DDAD42E5-E90D-3CB9-B483-769CB4845EB6	C5710FD5-8772-A7B3-694B-0655E132331A	20	B984E3C0-41EE-0881-7D32-1A6FBDB14578	1	1584247600	{"level":6,"stage":5,"hasCompleted":false,"replayCount":"0","throwerSpeed":225}
6	DDAD42E5-E90D-3CB9-B483-769CB4845EB6	C5710FD5-8772-A7B3-694B-0655E132331A	20	B984E3C0-41EE-0881-7D32-1A6FBDB14578	0	1584247613	{"level":6,"stage":5,"knivesThrown":304,"time":80.43333333333,"levelTime":12.883333333334,"levelKnivesThrown":69,"throwerSpeed":225,"completeStar":true,"timePar":50,"knivesPar":120,"timeStar":false,"knivesStar":false}
6	DDAD42E5-E90D-3CB9-B483-769CB4845EB6	C5710FD5-8772-A7B3-694B-0655E132331A	21	2B918324-7982-7CA6-04BC-609CCEEA2C67	1	1584247614	{"level":7,"stage":1,"hasCompleted":false,"replayCount":"0","throwerSpeed":225}
6	DDAD42E5-E90D-3CB9-B483-769CB4845EB6	C5710FD5-8772-A7B3-694B-0655E132331A	21	2B918324-7982-7CA6-04BC-609CCEEA2C67	0	1584247620	{"level":7,"stage":1,"knivesThrown":11,"time":5.9333333333333,"levelTime":5.9333333333333,"levelKnivesThrown":11,"throwerSpeed":225}
6	DDAD42E5-E90D-3CB9-B483-769CB4845EB6	C5710FD5-8772-A7B3-694B-0655E132331A	22	03F0BE68-9632-7D45-1BB4-6B3958E4106B	1	1584247620	{"level":7,"stage":2,"hasCompleted":false,"replayCount":"0","throwerSpeed":225}
6	DDAD42E5-E90D-3CB9-B483-769CB4845EB6	C5710FD5-8772-A7B3-694B-0655E132331A	23	4BC19B95-730A-8C7E-2D84-28AB4597421D	1	1584247627	{"level":7,"stage":3,"hasCompleted":false,"replayCount":"0","throwerSpeed":225}
6	DDAD42E5-E90D-3CB9-B483-769CB4845EB6	C5710FD5-8772-A7B3-694B-0655E132331A	22	03F0BE68-9632-7D45-1BB4-6B3958E4106B	0	1584247627	{"level":7,"stage":2,"knivesThrown":31,"time":12.1,"levelTime":6.1666666666667,"levelKnivesThrown":20,"throwerSpeed":225}
6	DDAD42E5-E90D-3CB9-B483-769CB4845EB6	C5710FD5-8772-A7B3-694B-0655E132331A	23	4BC19B95-730A-8C7E-2D84-28AB4597421D	0	1584247687	{"level":7,"stage":3,"knivesThrown":235,"time":72.599999999997,"levelTime":60.499999999998,"levelKnivesThrown":204,"throwerSpeed":225,"completeStar":true,"timePar":20,"knivesPar":13,"timeStar":false,"knivesStar":false}
6	DDAD42E5-E90D-3CB9-B483-769CB4845EB6	C5710FD5-8772-A7B3-694B-0655E132331A	24	8F4CE5F3-AC70-1CFE-E330-12F3C2182D27	1	1584247689	{"level":8,"stage":1,"hasCompleted":false,"replayCount":"0","throwerSpeed":225}
6	DDAD42E5-E90D-3CB9-B483-769CB4845EB6	C5710FD5-8772-A7B3-694B-0655E132331A	24	8F4CE5F3-AC70-1CFE-E330-12F3C2182D27	0	1584247693	{"level":8,"stage":1,"knivesThrown":2,"time":3.9333333333333,"levelTime":3.9333333333333,"levelKnivesThrown":2,"throwerSpeed":225,"completeStar":true,"timePar":2,"knivesPar":2,"timeStar":false,"knivesStar":true}
6	DDAD42E5-E90D-3CB9-B483-769CB4845EB6	C5710FD5-8772-A7B3-694B-0655E132331A	25	704DF209-5886-862D-6ADB-FD6B1D6C423D	1	1584247696	{"level":9,"stage":1,"hasCompleted":false,"replayCount":"0","throwerSpeed":225}
6	DDAD42E5-E90D-3CB9-B483-769CB4845EB6	C5710FD5-8772-A7B3-694B-0655E132331A	25	704DF209-5886-862D-6ADB-FD6B1D6C423D	0	1584247697	{"level":9,"stage":1,"knivesThrown":5,"time":1.3,"levelTime":1.3,"levelKnivesThrown":5,"throwerSpeed":225,"completeStar":true,"timePar":1,"knivesPar":5,"timeStar":true,"knivesStar":true}
6	DDAD42E5-E90D-3CB9-B483-769CB4845EB6	C5710FD5-8772-A7B3-694B-0655E132331A	26	E42184A2-9CD2-0DD7-1C09-7A002051ADCE	1	1584247699	{"level":10,"stage":1,"hasCompleted":false,"replayCount":"0","throwerSpeed":225}
6	DDAD42E5-E90D-3CB9-B483-769CB4845EB6	C5710FD5-8772-A7B3-694B-0655E132331A	26	E42184A2-9CD2-0DD7-1C09-7A002051ADCE	0	1584247712	{"level":10,"stage":1,"knivesThrown":25,"time":12.6,"levelTime":12.6,"levelKnivesThrown":25,"throwerSpeed":225,"completeStar":true,"timePar":1,"knivesPar":5,"timeStar":false,"knivesStar":false}
6	F73F02ED-D7F5-305B-91EC-9D84D617524F	74434CA9-1C35-2CAA-0F79-BAFCA705B6C0	1	360B5C0A-D640-D7AD-99B0-74E391508514	1	1584253090	{"level":1,"stage":1,"hasCompleted":false,"replayCount":"0","throwerSpeed":225}
6	F73F02ED-D7F5-305B-91EC-9D84D617524F	74434CA9-1C35-2CAA-0F79-BAFCA705B6C0	1	360B5C0A-D640-D7AD-99B0-74E391508514	0	1584253094	{"level":1,"stage":1,"knivesThrown":3,"time":3.3,"levelTime":3.3,"levelKnivesThrown":3,"throwerSpeed":225}
6	F73F02ED-D7F5-305B-91EC-9D84D617524F	74434CA9-1C35-2CAA-0F79-BAFCA705B6C0	2	17C51C23-C19B-A31A-3728-4386ACDF7663	1	1584253094	{"level":1,"stage":2,"hasCompleted":false,"replayCount":"0","throwerSpeed":225}
6	F73F02ED-D7F5-305B-91EC-9D84D617524F	74434CA9-1C35-2CAA-0F79-BAFCA705B6C0	3	2219BC23-D10E-261B-BABB-DDB64009E46A	1	1584253098	{"level":1,"stage":3,"hasCompleted":false,"replayCount":"0","throwerSpeed":225}
6	F73F02ED-D7F5-305B-91EC-9D84D617524F	74434CA9-1C35-2CAA-0F79-BAFCA705B6C0	2	17C51C23-C19B-A31A-3728-4386ACDF7663	0	1584253098	{"level":1,"stage":2,"knivesThrown":10,"time":7.3166666666666,"levelTime":4.0166666666667,"levelKnivesThrown":7,"throwerSpeed":225}
6	F73F02ED-D7F5-305B-91EC-9D84D617524F	74434CA9-1C35-2CAA-0F79-BAFCA705B6C0	3	2219BC23-D10E-261B-BABB-DDB64009E46A	0	1584253108	{"level":1,"stage":3,"knivesThrown":19,"time":17.65,"levelTime":10.333333333333,"levelKnivesThrown":9,"throwerSpeed":225,"completeStar":true,"timePar":10,"knivesPar":13,"timeStar":false,"knivesStar":false}
6	F73F02ED-D7F5-305B-91EC-9D84D617524F	74434CA9-1C35-2CAA-0F79-BAFCA705B6C0	4	93F01E22-DB09-DAC6-E08C-29EE967B36F0	1	1584253112	{"level":2,"stage":1,"hasCompleted":false,"replayCount":"0","throwerSpeed":225}
6	F73F02ED-D7F5-305B-91EC-9D84D617524F	74434CA9-1C35-2CAA-0F79-BAFCA705B6C0	4	93F01E22-DB09-DAC6-E08C-29EE967B36F0	0	1584253126	{"level":2,"stage":1,"knivesThrown":13,"time":13.733333333334,"levelTime":13.733333333334,"levelKnivesThrown":13,"throwerSpeed":225}
6	F73F02ED-D7F5-305B-91EC-9D84D617524F	74434CA9-1C35-2CAA-0F79-BAFCA705B6C0	5	EA484FA7-4067-3783-2273-BF073369B183	1	1584253126	{"level":2,"stage":2,"hasCompleted":false,"replayCount":"0","throwerSpeed":225}
6	A8D1CBA7-6F98-5E54-DE2E-F2C8104EF918	7EDCEA0A-F3FE-9AD7-4556-71EF6C9513EC	1	1A4BFFA4-FA0E-60F8-64E9-4524455332D9	1	1584258983	{"level":1,"stage":1,"hasCompleted":false,"replayCount":"0","throwerSpeed":225}
6	A8D1CBA7-6F98-5E54-DE2E-F2C8104EF918	7EDCEA0A-F3FE-9AD7-4556-71EF6C9513EC	1	1A4BFFA4-FA0E-60F8-64E9-4524455332D9	0	1584258987	{"level":1,"stage":1,"knivesThrown":3,"time":2.85,"levelTime":2.85,"levelKnivesThrown":3,"throwerSpeed":225}
6	A8D1CBA7-6F98-5E54-DE2E-F2C8104EF918	7EDCEA0A-F3FE-9AD7-4556-71EF6C9513EC	2	A959975F-B1B0-F038-337E-E3211D941CD7	1	1584258987	{"level":1,"stage":2,"hasCompleted":false,"replayCount":"0","throwerSpeed":225}
6	A8D1CBA7-6F98-5E54-DE2E-F2C8104EF918	7EDCEA0A-F3FE-9AD7-4556-71EF6C9513EC	2	A959975F-B1B0-F038-337E-E3211D941CD7	0	1584258990	{"level":1,"stage":2,"knivesThrown":9,"time":6.8166666666666,"levelTime":3.9666666666667,"levelKnivesThrown":6,"throwerSpeed":225}
6	A8D1CBA7-6F98-5E54-DE2E-F2C8104EF918	7EDCEA0A-F3FE-9AD7-4556-71EF6C9513EC	3	3F53C354-EE2E-1E37-CE18-5E0164A27CAA	1	1584258990	{"level":1,"stage":3,"hasCompleted":false,"replayCount":"0","throwerSpeed":225}
6	A8D1CBA7-6F98-5E54-DE2E-F2C8104EF918	7EDCEA0A-F3FE-9AD7-4556-71EF6C9513EC	3	3F53C354-EE2E-1E37-CE18-5E0164A27CAA	0	1584258998	{"level":1,"stage":3,"knivesThrown":18,"time":13.7,"levelTime":6.8833333333333,"levelKnivesThrown":9,"throwerSpeed":225,"completeStar":true,"timePar":10,"knivesPar":13,"timeStar":false,"knivesStar":false}
6	A8D1CBA7-6F98-5E54-DE2E-F2C8104EF918	7EDCEA0A-F3FE-9AD7-4556-71EF6C9513EC	4	C1B37D1F-3FA9-FE34-5966-8C51C8F66E92	1	1584259001	{"level":2,"stage":1,"hasCompleted":false,"replayCount":"0","throwerSpeed":225}
6	A8D1CBA7-6F98-5E54-DE2E-F2C8104EF918	7EDCEA0A-F3FE-9AD7-4556-71EF6C9513EC	4	B9835D02-EB21-932F-0FF1-7BCE97303551	1	1584259014	{"level":2,"stage":1,"hasCompleted":false,"replayCount":"1","throwerSpeed":225}
6	A8D1CBA7-6F98-5E54-DE2E-F2C8104EF918	7EDCEA0A-F3FE-9AD7-4556-71EF6C9513EC	4	C21BCF46-2EA1-66B1-6857-8956E8497CA0	1	1584259027	{"level":2,"stage":1,"hasCompleted":false,"replayCount":"2","throwerSpeed":225}
6	A8D1CBA7-6F98-5E54-DE2E-F2C8104EF918	7EDCEA0A-F3FE-9AD7-4556-71EF6C9513EC	4	C21BCF46-2EA1-66B1-6857-8956E8497CA0	0	1584259033	{"level":2,"stage":1,"knivesThrown":7,"time":5.7333333333333,"levelTime":5.7333333333333,"levelKnivesThrown":7,"throwerSpeed":225}
6	A8D1CBA7-6F98-5E54-DE2E-F2C8104EF918	7EDCEA0A-F3FE-9AD7-4556-71EF6C9513EC	5	4AFE9457-5C34-9438-AD4B-A41CB3558273	1	1584259033	{"level":2,"stage":2,"hasCompleted":false,"replayCount":"0","throwerSpeed":225}
6	44CF1668-5D75-547C-8BEF-2C954D72F7E8	69FF32D6-584F-2A06-C39A-D1653A625339	1	D65F863D-B5B5-D50A-D563-7F93E32A2010	1	1584262747	{"level":1,"stage":1,"hasCompleted":false,"replayCount":"0","throwerSpeed":225}
6	44CF1668-5D75-547C-8BEF-2C954D72F7E8	69FF32D6-584F-2A06-C39A-D1653A625339	1	D65F863D-B5B5-D50A-D563-7F93E32A2010	0	1584262752	{"level":1,"stage":1,"knivesThrown":3,"time":5.4833333333333,"levelTime":5.4833333333333,"levelKnivesThrown":3,"throwerSpeed":225}
6	44CF1668-5D75-547C-8BEF-2C954D72F7E8	69FF32D6-584F-2A06-C39A-D1653A625339	2	9E96C8E9-4EBE-0E9E-235F-5BCA98FA9585	1	1584262752	{"level":1,"stage":2,"hasCompleted":false,"replayCount":"0","throwerSpeed":225}
6	44CF1668-5D75-547C-8BEF-2C954D72F7E8	69FF32D6-584F-2A06-C39A-D1653A625339	2	9E96C8E9-4EBE-0E9E-235F-5BCA98FA9585	0	1584262761	{"level":1,"stage":2,"knivesThrown":8,"time":14.3,"levelTime":8.8166666666667,"levelKnivesThrown":5,"throwerSpeed":225}
6	44CF1668-5D75-547C-8BEF-2C954D72F7E8	69FF32D6-584F-2A06-C39A-D1653A625339	3	45407DB9-5CF8-58E2-F563-ECB0F7E5BC1D	1	1584262761	{"level":1,"stage":3,"hasCompleted":false,"replayCount":"0","throwerSpeed":225}
6	44CF1668-5D75-547C-8BEF-2C954D72F7E8	69FF32D6-584F-2A06-C39A-D1653A625339	3	45407DB9-5CF8-58E2-F563-ECB0F7E5BC1D	0	1584262766	{"level":1,"stage":3,"knivesThrown":15,"time":19.85,"levelTime":5.55,"levelKnivesThrown":7,"throwerSpeed":225,"completeStar":true,"timePar":10,"knivesPar":13,"timeStar":false,"knivesStar":false}
6	44CF1668-5D75-547C-8BEF-2C954D72F7E8	69FF32D6-584F-2A06-C39A-D1653A625339	4	883E51C7-4EDE-8A92-5057-533632C93976	1	1584262772	{"level":2,"stage":1,"hasCompleted":false,"replayCount":"0","throwerSpeed":225}
6	44CF1668-5D75-547C-8BEF-2C954D72F7E8	69FF32D6-584F-2A06-C39A-D1653A625339	4	30CBEFDE-201F-8546-ECD2-5B20D2A3DD95	1	1584262774	{"level":2,"stage":1,"hasCompleted":false,"replayCount":"1","throwerSpeed":225}
6	44CF1668-5D75-547C-8BEF-2C954D72F7E8	69FF32D6-584F-2A06-C39A-D1653A625339	4	C60152D2-2509-F224-802D-4A5054C8A8B4	1	1584262778	{"level":2,"stage":1,"hasCompleted":false,"replayCount":"2","throwerSpeed":225}
6	32A0211B-79A9-0D04-6641-2E3730C51F5A	4CE544ED-A2AD-6A17-82C6-F3524E6C9DC7	1	89022807-6981-5462-AAA7-8E42027ACF2E	1	1584266531	{"level":1,"stage":1,"hasCompleted":false,"replayCount":"0","throwerSpeed":225}
6	32A0211B-79A9-0D04-6641-2E3730C51F5A	4CE544ED-A2AD-6A17-82C6-F3524E6C9DC7	1	89022807-6981-5462-AAA7-8E42027ACF2E	0	1584266535	{"level":1,"stage":1,"knivesThrown":3,"time":3.4333333333333,"levelTime":3.4333333333333,"levelKnivesThrown":3,"throwerSpeed":225}
6	32A0211B-79A9-0D04-6641-2E3730C51F5A	4CE544ED-A2AD-6A17-82C6-F3524E6C9DC7	2	A0F2960E-44DC-910B-FD61-D96575F1E7D5	1	1584266535	{"level":1,"stage":2,"hasCompleted":false,"replayCount":"0","throwerSpeed":225}
6	32A0211B-79A9-0D04-6641-2E3730C51F5A	4CE544ED-A2AD-6A17-82C6-F3524E6C9DC7	2	A0F2960E-44DC-910B-FD61-D96575F1E7D5	0	1584266546	{"level":1,"stage":2,"knivesThrown":10,"time":13.866666666667,"levelTime":10.433333333333,"levelKnivesThrown":7,"throwerSpeed":225}
6	32A0211B-79A9-0D04-6641-2E3730C51F5A	4CE544ED-A2AD-6A17-82C6-F3524E6C9DC7	3	EB6055DD-743B-6001-D139-E9216BCFA050	1	1584266546	{"level":1,"stage":3,"hasCompleted":false,"replayCount":"0","throwerSpeed":225}
6	32A0211B-79A9-0D04-6641-2E3730C51F5A	4CE544ED-A2AD-6A17-82C6-F3524E6C9DC7	3	EB6055DD-743B-6001-D139-E9216BCFA050	0	1584266557	{"level":1,"stage":3,"knivesThrown":21,"time":25.283333333333,"levelTime":11.416666666667,"levelKnivesThrown":11,"throwerSpeed":225,"completeStar":true,"timePar":10,"knivesPar":13,"timeStar":false,"knivesStar":false}
6	32A0211B-79A9-0D04-6641-2E3730C51F5A	4CE544ED-A2AD-6A17-82C6-F3524E6C9DC7	4	1596F0C6-E010-E240-E03B-B5F44C31CF76	1	1584266561	{"level":2,"stage":1,"hasCompleted":false,"replayCount":"0","throwerSpeed":225}
6	32A0211B-79A9-0D04-6641-2E3730C51F5A	4CE544ED-A2AD-6A17-82C6-F3524E6C9DC7	4	1596F0C6-E010-E240-E03B-B5F44C31CF76	0	1584266581	{"level":2,"stage":1,"knivesThrown":12,"time":20.2,"levelTime":20.2,"levelKnivesThrown":12,"throwerSpeed":225}
6	32A0211B-79A9-0D04-6641-2E3730C51F5A	4CE544ED-A2AD-6A17-82C6-F3524E6C9DC7	5	EF3659DD-220A-B627-CE20-9C508C80733A	1	1584266582	{"level":2,"stage":2,"hasCompleted":false,"replayCount":"0","throwerSpeed":225}
6	32A0211B-79A9-0D04-6641-2E3730C51F5A	4CE544ED-A2AD-6A17-82C6-F3524E6C9DC7	5	EF3659DD-220A-B627-CE20-9C508C80733A	0	1584266597	{"level":2,"stage":2,"knivesThrown":20,"time":35.583333333333,"levelTime":15.383333333334,"levelKnivesThrown":8,"throwerSpeed":225}
6	32A0211B-79A9-0D04-6641-2E3730C51F5A	4CE544ED-A2AD-6A17-82C6-F3524E6C9DC7	6	529ACC8E-7075-2EA8-FF98-0F2B69546F3B	1	1584266597	{"level":2,"stage":3,"hasCompleted":false,"replayCount":"0","throwerSpeed":225}
6	32A0211B-79A9-0D04-6641-2E3730C51F5A	4CE544ED-A2AD-6A17-82C6-F3524E6C9DC7	6	529ACC8E-7075-2EA8-FF98-0F2B69546F3B	0	1584266626	{"level":2,"stage":3,"knivesThrown":37,"time":64.083333333331,"levelTime":28.5,"levelKnivesThrown":17,"throwerSpeed":225,"completeStar":true,"timePar":25,"knivesPar":17,"timeStar":false,"knivesStar":false}
6	32A0211B-79A9-0D04-6641-2E3730C51F5A	4CE544ED-A2AD-6A17-82C6-F3524E6C9DC7	7	82AB71FA-78A2-4D05-0E91-B69AE9AA0BEF	1	1584266629	{"level":3,"stage":1,"hasCompleted":false,"replayCount":"0","throwerSpeed":225}
6	32A0211B-79A9-0D04-6641-2E3730C51F5A	4CE544ED-A2AD-6A17-82C6-F3524E6C9DC7	7	82AB71FA-78A2-4D05-0E91-B69AE9AA0BEF	0	1584266639	{"level":3,"stage":1,"knivesThrown":4,"time":9.7666666666667,"levelTime":9.7666666666667,"levelKnivesThrown":4,"throwerSpeed":225}
6	32A0211B-79A9-0D04-6641-2E3730C51F5A	4CE544ED-A2AD-6A17-82C6-F3524E6C9DC7	8	85E0A1DC-42D7-6BC9-E0C2-8C7287809418	1	1584266639	{"level":3,"stage":2,"hasCompleted":false,"replayCount":"0","throwerSpeed":225}
6	32A0211B-79A9-0D04-6641-2E3730C51F5A	4CE544ED-A2AD-6A17-82C6-F3524E6C9DC7	8	85E0A1DC-42D7-6BC9-E0C2-8C7287809418	0	1584266656	{"level":3,"stage":2,"knivesThrown":14,"time":26.116666666666,"levelTime":16.35,"levelKnivesThrown":10,"throwerSpeed":225}
6	32A0211B-79A9-0D04-6641-2E3730C51F5A	4CE544ED-A2AD-6A17-82C6-F3524E6C9DC7	9	BDFD5C00-7329-F9AF-688A-2404DC9FA2AC	1	1584266656	{"level":3,"stage":3,"hasCompleted":false,"replayCount":"0","throwerSpeed":225}
6	F70EA1BE-38E4-CA4A-BC8F-BFA3B6ACD799	AED5D9D4-3F81-6A7B-34FB-A957D17B45BA	1	055D983F-BAB7-084D-45A9-627C90CEC11F	1	1584280320	{"level":1,"stage":1,"hasCompleted":false,"replayCount":"0","throwerSpeed":225}
6	F70EA1BE-38E4-CA4A-BC8F-BFA3B6ACD799	AED5D9D4-3F81-6A7B-34FB-A957D17B45BA	1	055D983F-BAB7-084D-45A9-627C90CEC11F	0	1584280326	{"level":1,"stage":1,"knivesThrown":3,"time":5.4833333333333,"levelTime":5.4833333333333,"levelKnivesThrown":3,"throwerSpeed":225}
6	F70EA1BE-38E4-CA4A-BC8F-BFA3B6ACD799	AED5D9D4-3F81-6A7B-34FB-A957D17B45BA	2	073022C8-4D7B-7DED-8D94-95ED2A7572B3	1	1584280326	{"level":1,"stage":2,"hasCompleted":false,"replayCount":"0","throwerSpeed":225}
6	F70EA1BE-38E4-CA4A-BC8F-BFA3B6ACD799	AED5D9D4-3F81-6A7B-34FB-A957D17B45BA	2	073022C8-4D7B-7DED-8D94-95ED2A7572B3	0	1584280332	{"level":1,"stage":2,"knivesThrown":8,"time":10.666666666667,"levelTime":5.1833333333333,"levelKnivesThrown":5,"throwerSpeed":225}
6	F70EA1BE-38E4-CA4A-BC8F-BFA3B6ACD799	AED5D9D4-3F81-6A7B-34FB-A957D17B45BA	3	0F89F4D1-0E97-816E-CE64-6AA64E8DA918	1	1584280332	{"level":1,"stage":3,"hasCompleted":false,"replayCount":"0","throwerSpeed":225}
6	F70EA1BE-38E4-CA4A-BC8F-BFA3B6ACD799	AED5D9D4-3F81-6A7B-34FB-A957D17B45BA	3	0F89F4D1-0E97-816E-CE64-6AA64E8DA918	0	1584280343	{"level":1,"stage":3,"knivesThrown":17,"time":20.75,"levelTime":10.083333333333,"levelKnivesThrown":9,"throwerSpeed":225,"completeStar":true,"timePar":10,"knivesPar":13,"timeStar":false,"knivesStar":false}
6	F70EA1BE-38E4-CA4A-BC8F-BFA3B6ACD799	AED5D9D4-3F81-6A7B-34FB-A957D17B45BA	4	5A0519C9-4109-30A9-A8DF-BE0334B12137	1	1584280352	{"level":2,"stage":1,"hasCompleted":false,"replayCount":"0","throwerSpeed":225}
6	F70EA1BE-38E4-CA4A-BC8F-BFA3B6ACD799	AED5D9D4-3F81-6A7B-34FB-A957D17B45BA	4	5A0519C9-4109-30A9-A8DF-BE0334B12137	0	1584280374	{"level":2,"stage":1,"knivesThrown":13,"time":21.7,"levelTime":21.7,"levelKnivesThrown":13,"throwerSpeed":225}
6	F70EA1BE-38E4-CA4A-BC8F-BFA3B6ACD799	AED5D9D4-3F81-6A7B-34FB-A957D17B45BA	5	E0A8C457-C1B6-4B59-75AE-FC28CD59F904	1	1584280374	{"level":2,"stage":2,"hasCompleted":false,"replayCount":"0","throwerSpeed":225}
6	F70EA1BE-38E4-CA4A-BC8F-BFA3B6ACD799	AED5D9D4-3F81-6A7B-34FB-A957D17B45BA	5	E0A8C457-C1B6-4B59-75AE-FC28CD59F904	0	1584280396	{"level":2,"stage":2,"knivesThrown":27,"time":43.466666666665,"levelTime":21.766666666667,"levelKnivesThrown":14,"throwerSpeed":225}
6	F70EA1BE-38E4-CA4A-BC8F-BFA3B6ACD799	AED5D9D4-3F81-6A7B-34FB-A957D17B45BA	6	1EE5792F-7F79-2A5C-763A-2A296EBCCDBD	1	1584280396	{"level":2,"stage":3,"hasCompleted":false,"replayCount":"0","throwerSpeed":225}
6	FC1132EF-2424-03A3-5A1E-0F02BC33C78E	9B4B4824-8624-41EE-0505-C0F29CA6437F	1	CF93FC25-1246-9290-75AE-36B90D528E86	1	1584286777	{"level":1,"stage":1,"hasCompleted":false,"replayCount":"0","throwerSpeed":225}
6	FC1132EF-2424-03A3-5A1E-0F02BC33C78E	9B4B4824-8624-41EE-0505-C0F29CA6437F	1	CF93FC25-1246-9290-75AE-36B90D528E86	0	1584286788	{"level":1,"stage":1,"knivesThrown":8,"time":10.916666666667,"levelTime":10.916666666667,"levelKnivesThrown":8,"throwerSpeed":225}
6	FC1132EF-2424-03A3-5A1E-0F02BC33C78E	9B4B4824-8624-41EE-0505-C0F29CA6437F	2	05AC7EBE-961C-F0C9-202B-3C03E7F895EB	1	1584286788	{"level":1,"stage":2,"hasCompleted":false,"replayCount":"0","throwerSpeed":225}
6	FC1132EF-2424-03A3-5A1E-0F02BC33C78E	9B4B4824-8624-41EE-0505-C0F29CA6437F	2	05AC7EBE-961C-F0C9-202B-3C03E7F895EB	0	1584286803	{"level":1,"stage":2,"knivesThrown":18,"time":24.583333333333,"levelTime":13.666666666667,"levelKnivesThrown":10,"throwerSpeed":225}
6	FC1132EF-2424-03A3-5A1E-0F02BC33C78E	9B4B4824-8624-41EE-0505-C0F29CA6437F	3	699C8207-5951-0F19-D18C-94D3E59D5207	1	1584286803	{"level":1,"stage":3,"hasCompleted":false,"replayCount":"0","throwerSpeed":225}
6	FC1132EF-2424-03A3-5A1E-0F02BC33C78E	9B4B4824-8624-41EE-0505-C0F29CA6437F	3	699C8207-5951-0F19-D18C-94D3E59D5207	0	1584286820	{"level":1,"stage":3,"knivesThrown":33,"time":41.283333333332,"levelTime":16.7,"levelKnivesThrown":15,"throwerSpeed":225,"completeStar":true,"timePar":10,"knivesPar":13,"timeStar":false,"knivesStar":false}
6	FC1132EF-2424-03A3-5A1E-0F02BC33C78E	9B4B4824-8624-41EE-0505-C0F29CA6437F	4	6DCAEF7C-6786-1367-4DFE-008B5A6B3B65	1	1584286824	{"level":2,"stage":1,"hasCompleted":false,"replayCount":"0","throwerSpeed":225}
6	FC1132EF-2424-03A3-5A1E-0F02BC33C78E	9B4B4824-8624-41EE-0505-C0F29CA6437F	4	6DCAEF7C-6786-1367-4DFE-008B5A6B3B65	0	1584286833	{"level":2,"stage":1,"knivesThrown":10,"time":8.8833333333334,"levelTime":8.8833333333334,"levelKnivesThrown":10,"throwerSpeed":225}
6	FC1132EF-2424-03A3-5A1E-0F02BC33C78E	9B4B4824-8624-41EE-0505-C0F29CA6437F	5	AFA17A29-DF91-5E15-E390-54E00775D797	1	1584286833	{"level":2,"stage":2,"hasCompleted":false,"replayCount":"0","throwerSpeed":225}
6	29115AC7-2FFC-FA90-CCFD-9EB17F9234FB	607C06AA-5E12-F5B3-6B2E-75F2522EC5CC	1	2BDF57C1-4250-CCA2-AB1B-D0F83CF28D7B	1	1584296796	{"level":1,"stage":1,"hasCompleted":false,"replayCount":"0","throwerSpeed":225}
6	29115AC7-2FFC-FA90-CCFD-9EB17F9234FB	607C06AA-5E12-F5B3-6B2E-75F2522EC5CC	1	2BDF57C1-4250-CCA2-AB1B-D0F83CF28D7B	0	1584296800	{"level":1,"stage":1,"knivesThrown":3,"time":3.85,"levelTime":3.85,"levelKnivesThrown":3,"throwerSpeed":225}
6	29115AC7-2FFC-FA90-CCFD-9EB17F9234FB	607C06AA-5E12-F5B3-6B2E-75F2522EC5CC	2	B46E008F-39B9-F175-1AFE-FE7F90338D4B	1	1584296801	{"level":1,"stage":2,"hasCompleted":false,"replayCount":"0","throwerSpeed":225}
6	29115AC7-2FFC-FA90-CCFD-9EB17F9234FB	607C06AA-5E12-F5B3-6B2E-75F2522EC5CC	2	B46E008F-39B9-F175-1AFE-FE7F90338D4B	0	1584296804	{"level":1,"stage":2,"knivesThrown":9,"time":7.45,"levelTime":3.6,"levelKnivesThrown":6,"throwerSpeed":225}
6	29115AC7-2FFC-FA90-CCFD-9EB17F9234FB	607C06AA-5E12-F5B3-6B2E-75F2522EC5CC	3	14C0B205-3938-9A74-8A4D-BA5A09665655	1	1584296804	{"level":1,"stage":3,"hasCompleted":false,"replayCount":"0","throwerSpeed":225}
6	29115AC7-2FFC-FA90-CCFD-9EB17F9234FB	607C06AA-5E12-F5B3-6B2E-75F2522EC5CC	3	14C0B205-3938-9A74-8A4D-BA5A09665655	0	1584296808	{"level":1,"stage":3,"knivesThrown":15,"time":10.65,"levelTime":3.2,"levelKnivesThrown":6,"throwerSpeed":225,"completeStar":true,"timePar":10,"knivesPar":13,"timeStar":true,"knivesStar":false}
6	29115AC7-2FFC-FA90-CCFD-9EB17F9234FB	607C06AA-5E12-F5B3-6B2E-75F2522EC5CC	4	00307098-210A-F7A5-9FE9-9C640F169DDA	1	1584296810	{"level":2,"stage":1,"hasCompleted":false,"replayCount":"0","throwerSpeed":225}
6	29115AC7-2FFC-FA90-CCFD-9EB17F9234FB	607C06AA-5E12-F5B3-6B2E-75F2522EC5CC	4	00307098-210A-F7A5-9FE9-9C640F169DDA	0	1584296825	{"level":2,"stage":1,"knivesThrown":15,"time":13.783333333334,"levelTime":13.783333333334,"levelKnivesThrown":15,"throwerSpeed":225}
6	29115AC7-2FFC-FA90-CCFD-9EB17F9234FB	607C06AA-5E12-F5B3-6B2E-75F2522EC5CC	5	0F4D494E-0C43-397D-3F04-D62FC576640A	1	1584296825	{"level":2,"stage":2,"hasCompleted":false,"replayCount":"0","throwerSpeed":225}
6	29115AC7-2FFC-FA90-CCFD-9EB17F9234FB	607C06AA-5E12-F5B3-6B2E-75F2522EC5CC	5	0F4D494E-0C43-397D-3F04-D62FC576640A	0	1584296854	{"level":2,"stage":2,"knivesThrown":38,"time":40.366666666666,"levelTime":26.583333333333,"levelKnivesThrown":23,"throwerSpeed":225}
6	29115AC7-2FFC-FA90-CCFD-9EB17F9234FB	607C06AA-5E12-F5B3-6B2E-75F2522EC5CC	6	6566215F-2361-9B13-76B6-FF9EF9AFA605	1	1584296854	{"level":2,"stage":3,"hasCompleted":false,"replayCount":"0","throwerSpeed":225}
6	29115AC7-2FFC-FA90-CCFD-9EB17F9234FB	607C06AA-5E12-F5B3-6B2E-75F2522EC5CC	6	6566215F-2361-9B13-76B6-FF9EF9AFA605	0	1584296868	{"level":2,"stage":3,"knivesThrown":54,"time":52.866666666665,"levelTime":12.5,"levelKnivesThrown":16,"throwerSpeed":225,"completeStar":true,"timePar":25,"knivesPar":17,"timeStar":false,"knivesStar":false}
6	29115AC7-2FFC-FA90-CCFD-9EB17F9234FB	607C06AA-5E12-F5B3-6B2E-75F2522EC5CC	7	7FAC07B6-0169-6CAB-5B24-F3810874050D	1	1584296870	{"level":3,"stage":1,"hasCompleted":false,"replayCount":"0","throwerSpeed":225}
6	29115AC7-2FFC-FA90-CCFD-9EB17F9234FB	607C06AA-5E12-F5B3-6B2E-75F2522EC5CC	7	7FAC07B6-0169-6CAB-5B24-F3810874050D	0	1584296877	{"level":3,"stage":1,"knivesThrown":5,"time":6.5666666666666,"levelTime":6.5666666666666,"levelKnivesThrown":5,"throwerSpeed":225}
6	29115AC7-2FFC-FA90-CCFD-9EB17F9234FB	607C06AA-5E12-F5B3-6B2E-75F2522EC5CC	8	A6872125-61FC-7F17-1FF3-D76009F1ABB6	1	1584296877	{"level":3,"stage":2,"hasCompleted":false,"replayCount":"0","throwerSpeed":225}
6	29115AC7-2FFC-FA90-CCFD-9EB17F9234FB	607C06AA-5E12-F5B3-6B2E-75F2522EC5CC	9	A3DCD78C-B7CA-2F34-4B2D-473E498825A8	1	1584296889	{"level":3,"stage":3,"hasCompleted":false,"replayCount":"0","throwerSpeed":225}
6	29115AC7-2FFC-FA90-CCFD-9EB17F9234FB	607C06AA-5E12-F5B3-6B2E-75F2522EC5CC	8	A6872125-61FC-7F17-1FF3-D76009F1ABB6	0	1584296889	{"level":3,"stage":2,"knivesThrown":18,"time":17.316666666667,"levelTime":10.75,"levelKnivesThrown":13,"throwerSpeed":225}
6	29115AC7-2FFC-FA90-CCFD-9EB17F9234FB	607C06AA-5E12-F5B3-6B2E-75F2522EC5CC	9	A3DCD78C-B7CA-2F34-4B2D-473E498825A8	0	1584296896	{"level":3,"stage":3,"knivesThrown":28,"time":23.716666666667,"levelTime":6.4,"levelKnivesThrown":10,"throwerSpeed":225,"completeStar":true,"timePar":10,"knivesPar":10,"timeStar":false,"knivesStar":false}
6	29115AC7-2FFC-FA90-CCFD-9EB17F9234FB	607C06AA-5E12-F5B3-6B2E-75F2522EC5CC	10	AC4FA196-0BD5-C3DA-CC04-A911096F56E9	1	1584296898	{"level":4,"stage":1,"hasCompleted":false,"replayCount":"0","throwerSpeed":225}
6	29115AC7-2FFC-FA90-CCFD-9EB17F9234FB	607C06AA-5E12-F5B3-6B2E-75F2522EC5CC	10	AC4FA196-0BD5-C3DA-CC04-A911096F56E9	0	1584296902	{"level":4,"stage":1,"knivesThrown":4,"time":4.05,"levelTime":4.05,"levelKnivesThrown":4,"throwerSpeed":225}
6	29115AC7-2FFC-FA90-CCFD-9EB17F9234FB	607C06AA-5E12-F5B3-6B2E-75F2522EC5CC	11	7020BCD6-E296-AB85-1A84-6A272DE68E00	1	1584296902	{"level":4,"stage":2,"hasCompleted":false,"replayCount":"0","throwerSpeed":225}
6	5E532D9C-BB0C-CA1A-90DF-1A5C1C7F9797	66680699-A686-FF38-3BAE-4CD1DBCE382D	1	6A02121B-02E0-A628-D626-61DA6FF87B59	1	1584303760	{"level":1,"stage":1,"hasCompleted":false,"replayCount":"0","throwerSpeed":225}
6	5E532D9C-BB0C-CA1A-90DF-1A5C1C7F9797	66680699-A686-FF38-3BAE-4CD1DBCE382D	1	6A02121B-02E0-A628-D626-61DA6FF87B59	0	1584303768	{"level":1,"stage":1,"knivesThrown":5,"time":7.05,"levelTime":7.05,"levelKnivesThrown":5,"throwerSpeed":225}
6	5E532D9C-BB0C-CA1A-90DF-1A5C1C7F9797	66680699-A686-FF38-3BAE-4CD1DBCE382D	2	62DFBA0B-0022-470E-35C7-B6D9DAE9B9FC	1	1584303768	{"level":1,"stage":2,"hasCompleted":false,"replayCount":"0","throwerSpeed":225}
6	5E532D9C-BB0C-CA1A-90DF-1A5C1C7F9797	66680699-A686-FF38-3BAE-4CD1DBCE382D	2	62DFBA0B-0022-470E-35C7-B6D9DAE9B9FC	0	1584303774	{"level":1,"stage":2,"knivesThrown":11,"time":13.183333333334,"levelTime":6.1333333333333,"levelKnivesThrown":6,"throwerSpeed":225}
6	5E532D9C-BB0C-CA1A-90DF-1A5C1C7F9797	66680699-A686-FF38-3BAE-4CD1DBCE382D	3	D221CDC0-42C9-3D87-D512-5D43BA1DA099	1	1584303774	{"level":1,"stage":3,"hasCompleted":false,"replayCount":"0","throwerSpeed":225}
6	5E532D9C-BB0C-CA1A-90DF-1A5C1C7F9797	66680699-A686-FF38-3BAE-4CD1DBCE382D	3	D221CDC0-42C9-3D87-D512-5D43BA1DA099	0	1584303779	{"level":1,"stage":3,"knivesThrown":18,"time":18.716666666667,"levelTime":5.5333333333333,"levelKnivesThrown":7,"throwerSpeed":225,"completeStar":true,"timePar":10,"knivesPar":13,"timeStar":false,"knivesStar":false}
6	5E532D9C-BB0C-CA1A-90DF-1A5C1C7F9797	66680699-A686-FF38-3BAE-4CD1DBCE382D	4	DD5B0994-BC66-1D57-D6E9-D663A0B7D4E1	1	1584303783	{"level":2,"stage":1,"hasCompleted":false,"replayCount":"0","throwerSpeed":225}
6	5E532D9C-BB0C-CA1A-90DF-1A5C1C7F9797	66680699-A686-FF38-3BAE-4CD1DBCE382D	4	DD5B0994-BC66-1D57-D6E9-D663A0B7D4E1	0	1584303800	{"level":2,"stage":1,"knivesThrown":15,"time":16.983333333334,"levelTime":16.983333333334,"levelKnivesThrown":15,"throwerSpeed":225}
6	5E532D9C-BB0C-CA1A-90DF-1A5C1C7F9797	66680699-A686-FF38-3BAE-4CD1DBCE382D	5	704D50D1-E153-B640-43C9-5727BAEBD058	1	1584303800	{"level":2,"stage":2,"hasCompleted":false,"replayCount":"0","throwerSpeed":225}
6	5E532D9C-BB0C-CA1A-90DF-1A5C1C7F9797	66680699-A686-FF38-3BAE-4CD1DBCE382D	6	E98E311E-0A40-E1A4-CCA4-716EA99055B0	1	1584303830	{"level":2,"stage":3,"hasCompleted":false,"replayCount":"0","throwerSpeed":225}
6	5E532D9C-BB0C-CA1A-90DF-1A5C1C7F9797	66680699-A686-FF38-3BAE-4CD1DBCE382D	5	704D50D1-E153-B640-43C9-5727BAEBD058	0	1584303830	{"level":2,"stage":2,"knivesThrown":40,"time":46.749999999999,"levelTime":29.766666666666,"levelKnivesThrown":25,"throwerSpeed":225}
6	5E532D9C-BB0C-CA1A-90DF-1A5C1C7F9797	66680699-A686-FF38-3BAE-4CD1DBCE382D	6	E98E311E-0A40-E1A4-CCA4-716EA99055B0	0	1584303852	{"level":2,"stage":3,"knivesThrown":54,"time":68.899999999997,"levelTime":22.15,"levelKnivesThrown":14,"throwerSpeed":225,"completeStar":true,"timePar":25,"knivesPar":17,"timeStar":false,"knivesStar":false}
6	5E532D9C-BB0C-CA1A-90DF-1A5C1C7F9797	66680699-A686-FF38-3BAE-4CD1DBCE382D	7	91DD2E82-999D-9AC3-A035-4B6FF29F732A	1	1584303853	{"level":3,"stage":1,"hasCompleted":false,"replayCount":"0","throwerSpeed":225}
6	5E532D9C-BB0C-CA1A-90DF-1A5C1C7F9797	66680699-A686-FF38-3BAE-4CD1DBCE382D	8	6D3EC288-5970-0CE2-E1B8-1E92A3567C6C	1	1584303860	{"level":3,"stage":2,"hasCompleted":false,"replayCount":"0","throwerSpeed":225}
6	5E532D9C-BB0C-CA1A-90DF-1A5C1C7F9797	66680699-A686-FF38-3BAE-4CD1DBCE382D	7	91DD2E82-999D-9AC3-A035-4B6FF29F732A	0	1584303860	{"level":3,"stage":1,"knivesThrown":2,"time":6.5166666666666,"levelTime":6.5166666666666,"levelKnivesThrown":2,"throwerSpeed":225}
6	5E532D9C-BB0C-CA1A-90DF-1A5C1C7F9797	66680699-A686-FF38-3BAE-4CD1DBCE382D	9	187645E1-3623-3CC7-511B-3D2AD7B2FCC8	1	1584303906	{"level":3,"stage":3,"hasCompleted":false,"replayCount":"0","throwerSpeed":225}
6	5E532D9C-BB0C-CA1A-90DF-1A5C1C7F9797	66680699-A686-FF38-3BAE-4CD1DBCE382D	8	6D3EC288-5970-0CE2-E1B8-1E92A3567C6C	0	1584303906	{"level":3,"stage":2,"knivesThrown":27,"time":52.433333333332,"levelTime":45.916666666665,"levelKnivesThrown":25,"throwerSpeed":225}
6	5E532D9C-BB0C-CA1A-90DF-1A5C1C7F9797	66680699-A686-FF38-3BAE-4CD1DBCE382D	9	187645E1-3623-3CC7-511B-3D2AD7B2FCC8	0	1584303918	{"level":3,"stage":3,"knivesThrown":42,"time":64.383333333331,"levelTime":11.95,"levelKnivesThrown":15,"throwerSpeed":225,"completeStar":true,"timePar":10,"knivesPar":10,"timeStar":false,"knivesStar":false}
6	5E532D9C-BB0C-CA1A-90DF-1A5C1C7F9797	66680699-A686-FF38-3BAE-4CD1DBCE382D	10	E4C1ADF3-F027-7C67-71A6-1F024AA1F8FA	1	1584303920	{"level":4,"stage":1,"hasCompleted":false,"replayCount":"0","throwerSpeed":225}
6	5E532D9C-BB0C-CA1A-90DF-1A5C1C7F9797	66680699-A686-FF38-3BAE-4CD1DBCE382D	11	749E4241-893E-4111-A6A5-4E04592EFEFB	1	1584303924	{"level":4,"stage":2,"hasCompleted":false,"replayCount":"0","throwerSpeed":225}
6	5E532D9C-BB0C-CA1A-90DF-1A5C1C7F9797	66680699-A686-FF38-3BAE-4CD1DBCE382D	10	E4C1ADF3-F027-7C67-71A6-1F024AA1F8FA	0	1584303924	{"level":4,"stage":1,"knivesThrown":2,"time":4.0666666666667,"levelTime":4.0666666666667,"levelKnivesThrown":2,"throwerSpeed":225}
6	5E532D9C-BB0C-CA1A-90DF-1A5C1C7F9797	66680699-A686-FF38-3BAE-4CD1DBCE382D	11	749E4241-893E-4111-A6A5-4E04592EFEFB	0	1584303936	{"level":4,"stage":2,"knivesThrown":13,"time":16.116666666667,"levelTime":12.05,"levelKnivesThrown":11,"throwerSpeed":225}
6	5E532D9C-BB0C-CA1A-90DF-1A5C1C7F9797	66680699-A686-FF38-3BAE-4CD1DBCE382D	12	1B0BEDBC-ABA8-B870-B236-BF813FEDBC60	1	1584303937	{"level":4,"stage":3,"hasCompleted":false,"replayCount":"0","throwerSpeed":225}
6	5E532D9C-BB0C-CA1A-90DF-1A5C1C7F9797	66680699-A686-FF38-3BAE-4CD1DBCE382D	13	F11778C6-4591-8D60-3DE9-0D2E186564D2	1	1584303976	{"level":5,"stage":1,"hasCompleted":false,"replayCount":"0","throwerSpeed":225}
6	5E532D9C-BB0C-CA1A-90DF-1A5C1C7F9797	66680699-A686-FF38-3BAE-4CD1DBCE382D	13	F11778C6-4591-8D60-3DE9-0D2E186564D2	0	1584303992	{"level":5,"stage":1,"knivesThrown":14,"time":15.15,"levelTime":15.15,"levelKnivesThrown":14,"throwerSpeed":225}
6	5E532D9C-BB0C-CA1A-90DF-1A5C1C7F9797	66680699-A686-FF38-3BAE-4CD1DBCE382D	14	AC92C3D2-7D95-945F-1F7E-B2356660B6E2	1	1584303992	{"level":5,"stage":2,"hasCompleted":false,"replayCount":"0","throwerSpeed":225}
6	5E532D9C-BB0C-CA1A-90DF-1A5C1C7F9797	66680699-A686-FF38-3BAE-4CD1DBCE382D	14	AC92C3D2-7D95-945F-1F7E-B2356660B6E2	0	1584304014	{"level":5,"stage":2,"knivesThrown":36,"time":36.949999999999,"levelTime":21.8,"levelKnivesThrown":22,"throwerSpeed":225}
6	5E532D9C-BB0C-CA1A-90DF-1A5C1C7F9797	66680699-A686-FF38-3BAE-4CD1DBCE382D	15	37DF6591-312E-9121-5963-DDB710D65451	1	1584304014	{"level":5,"stage":3,"hasCompleted":false,"replayCount":"0","throwerSpeed":225}
6	5E532D9C-BB0C-CA1A-90DF-1A5C1C7F9797	66680699-A686-FF38-3BAE-4CD1DBCE382D	15	37DF6591-312E-9121-5963-DDB710D65451	0	1584304032	{"level":5,"stage":3,"knivesThrown":76,"time":55.499999999998,"levelTime":18.55,"levelKnivesThrown":40,"throwerSpeed":225,"completeStar":true,"timePar":18,"knivesPar":28,"timeStar":false,"knivesStar":false}
6	5E532D9C-BB0C-CA1A-90DF-1A5C1C7F9797	66680699-A686-FF38-3BAE-4CD1DBCE382D	16	3EFC7E9C-07A2-6885-74E8-5207B1C3A98A	1	1584304034	{"level":6,"stage":1,"hasCompleted":false,"replayCount":"0","throwerSpeed":225}
6	5E532D9C-BB0C-CA1A-90DF-1A5C1C7F9797	66680699-A686-FF38-3BAE-4CD1DBCE382D	16	3EFC7E9C-07A2-6885-74E8-5207B1C3A98A	0	1584304054	{"level":6,"stage":1,"knivesThrown":57,"time":19.833333333333,"levelTime":19.833333333333,"levelKnivesThrown":57,"throwerSpeed":225}
6	5E532D9C-BB0C-CA1A-90DF-1A5C1C7F9797	66680699-A686-FF38-3BAE-4CD1DBCE382D	17	C0FC7908-5F11-44F2-EB1B-ADDE5FF7472C	1	1584304054	{"level":6,"stage":2,"hasCompleted":false,"replayCount":"0","throwerSpeed":225}
6	5E532D9C-BB0C-CA1A-90DF-1A5C1C7F9797	66680699-A686-FF38-3BAE-4CD1DBCE382D	18	4B387BF4-158A-917E-1CCB-EFA7B516A9FA	1	1584304070	{"level":6,"stage":3,"hasCompleted":false,"replayCount":"0","throwerSpeed":225}
6	5E532D9C-BB0C-CA1A-90DF-1A5C1C7F9797	66680699-A686-FF38-3BAE-4CD1DBCE382D	17	C0FC7908-5F11-44F2-EB1B-ADDE5FF7472C	0	1584304070	{"level":6,"stage":2,"knivesThrown":111,"time":35.316666666666,"levelTime":15.483333333334,"levelKnivesThrown":54,"throwerSpeed":225}
6	5E532D9C-BB0C-CA1A-90DF-1A5C1C7F9797	66680699-A686-FF38-3BAE-4CD1DBCE382D	21	FE28E4D9-E530-E7D0-73E1-D00DA52366A2	1	1584304092	{"level":7,"stage":1,"hasCompleted":false,"replayCount":"0","throwerSpeed":225}
6	5E532D9C-BB0C-CA1A-90DF-1A5C1C7F9797	66680699-A686-FF38-3BAE-4CD1DBCE382D	22	D5361E7C-E511-5A60-D3F0-2892BAED2902	1	1584304106	{"level":7,"stage":2,"hasCompleted":false,"replayCount":"0","throwerSpeed":225}
6	5E532D9C-BB0C-CA1A-90DF-1A5C1C7F9797	66680699-A686-FF38-3BAE-4CD1DBCE382D	21	FE28E4D9-E530-E7D0-73E1-D00DA52366A2	0	1584304106	{"level":7,"stage":1,"knivesThrown":29,"time":13.95,"levelTime":13.95,"levelKnivesThrown":29,"throwerSpeed":225}
6	04190E0D-1105-52B9-4232-ED9C0A8574D6	3CAF42E3-FFDD-6B8D-04E2-1E2B90B7155E	7	6E7AF255-A255-FB65-1AAF-D21BA8686C24	1	1584331183	{"level":3,"stage":1,"hasCompleted":true,"replayCount":"0","throwerSpeed":225}
6	04190E0D-1105-52B9-4232-ED9C0A8574D6	3CAF42E3-FFDD-6B8D-04E2-1E2B90B7155E	8	AD681F71-F3F7-0F50-5683-334226128FED	1	1584331188	{"level":3,"stage":2,"hasCompleted":true,"replayCount":"0","throwerSpeed":222}
6	04190E0D-1105-52B9-4232-ED9C0A8574D6	3CAF42E3-FFDD-6B8D-04E2-1E2B90B7155E	7	6E7AF255-A255-FB65-1AAF-D21BA8686C24	0	1584331188	{"level":3,"stage":1,"knivesThrown":30,"time":4.7833333333333,"levelTime":4.7833333333333,"levelKnivesThrown":30,"throwerSpeed":222}
6	04190E0D-1105-52B9-4232-ED9C0A8574D6	3CAF42E3-FFDD-6B8D-04E2-1E2B90B7155E	8	AD681F71-F3F7-0F50-5683-334226128FED	0	1584331191	{"level":3,"stage":2,"knivesThrown":48,"time":7.4166666666666,"levelTime":2.6333333333333,"levelKnivesThrown":18,"throwerSpeed":221}
6	04190E0D-1105-52B9-4232-ED9C0A8574D6	3CAF42E3-FFDD-6B8D-04E2-1E2B90B7155E	9	DDDDCB20-3E7C-8AB1-B6D3-8F73248CBC90	1	1584331191	{"level":3,"stage":3,"hasCompleted":true,"replayCount":"0","throwerSpeed":221}
6	74134344-D987-8F67-8AE2-9713F37ACD34	346AA2A5-CEEF-7A43-81B7-8780CCCABBD8	1	215BB89B-1ED3-2F11-B0F0-7DD0F75BC9DC	1	1584337877	{"level":1,"stage":1,"hasCompleted":false,"replayCount":"0","throwerSpeed":225}
6	74134344-D987-8F67-8AE2-9713F37ACD34	346AA2A5-CEEF-7A43-81B7-8780CCCABBD8	1	215BB89B-1ED3-2F11-B0F0-7DD0F75BC9DC	0	1584337883	{"level":1,"stage":1,"knivesThrown":5,"time":5.4833333333333,"levelTime":5.4833333333333,"levelKnivesThrown":5,"throwerSpeed":225}
6	74134344-D987-8F67-8AE2-9713F37ACD34	346AA2A5-CEEF-7A43-81B7-8780CCCABBD8	2	D573D437-8F65-17C6-DCF4-86E04E953C11	1	1584337883	{"level":1,"stage":2,"hasCompleted":false,"replayCount":"0","throwerSpeed":225}
6	74134344-D987-8F67-8AE2-9713F37ACD34	346AA2A5-CEEF-7A43-81B7-8780CCCABBD8	2	D573D437-8F65-17C6-DCF4-86E04E953C11	0	1584337901	{"level":1,"stage":2,"knivesThrown":17,"time":23.183333333333,"levelTime":17.7,"levelKnivesThrown":12,"throwerSpeed":225}
6	74134344-D987-8F67-8AE2-9713F37ACD34	346AA2A5-CEEF-7A43-81B7-8780CCCABBD8	3	7492E913-AF09-2219-8E0A-0F9F959B6D4E	1	1584337901	{"level":1,"stage":3,"hasCompleted":false,"replayCount":"0","throwerSpeed":225}
6	74134344-D987-8F67-8AE2-9713F37ACD34	346AA2A5-CEEF-7A43-81B7-8780CCCABBD8	3	7492E913-AF09-2219-8E0A-0F9F959B6D4E	0	1584337911	{"level":1,"stage":3,"knivesThrown":43,"time":33.299999999999,"levelTime":10.116666666667,"levelKnivesThrown":26,"throwerSpeed":225,"completeStar":true,"timePar":10,"knivesPar":13,"timeStar":false,"knivesStar":false}
6	74134344-D987-8F67-8AE2-9713F37ACD34	346AA2A5-CEEF-7A43-81B7-8780CCCABBD8	4	7C8357CA-E7FC-6410-285F-8171A7AE2187	1	1584337917	{"level":2,"stage":1,"hasCompleted":false,"replayCount":"0","throwerSpeed":225}
6	74134344-D987-8F67-8AE2-9713F37ACD34	346AA2A5-CEEF-7A43-81B7-8780CCCABBD8	4	7C8357CA-E7FC-6410-285F-8171A7AE2187	0	1584337929	{"level":2,"stage":1,"knivesThrown":7,"time":12.183333333334,"levelTime":12.183333333334,"levelKnivesThrown":7,"throwerSpeed":225}
6	74134344-D987-8F67-8AE2-9713F37ACD34	346AA2A5-CEEF-7A43-81B7-8780CCCABBD8	5	5D305DC0-D9D5-2640-49AE-89125AE8E852	1	1584337929	{"level":2,"stage":2,"hasCompleted":false,"replayCount":"0","throwerSpeed":225}
6	74134344-D987-8F67-8AE2-9713F37ACD34	346AA2A5-CEEF-7A43-81B7-8780CCCABBD8	6	125C0893-C576-2860-6978-AED45B3118B9	1	1584337945	{"level":2,"stage":3,"hasCompleted":false,"replayCount":"0","throwerSpeed":225}
6	74134344-D987-8F67-8AE2-9713F37ACD34	346AA2A5-CEEF-7A43-81B7-8780CCCABBD8	5	5D305DC0-D9D5-2640-49AE-89125AE8E852	0	1584337945	{"level":2,"stage":2,"knivesThrown":16,"time":27.583333333333,"levelTime":15.4,"levelKnivesThrown":9,"throwerSpeed":225}
6	74134344-D987-8F67-8AE2-9713F37ACD34	346AA2A5-CEEF-7A43-81B7-8780CCCABBD8	6	125C0893-C576-2860-6978-AED45B3118B9	0	1584337956	{"level":2,"stage":3,"knivesThrown":24,"time":38.283333333332,"levelTime":10.7,"levelKnivesThrown":8,"throwerSpeed":225,"completeStar":true,"timePar":25,"knivesPar":17,"timeStar":false,"knivesStar":false}
6	74134344-D987-8F67-8AE2-9713F37ACD34	346AA2A5-CEEF-7A43-81B7-8780CCCABBD8	7	EBF74A4C-0A96-7C4F-7C45-009D71035B30	1	1584337959	{"level":3,"stage":1,"hasCompleted":false,"replayCount":"0","throwerSpeed":225}
6	74134344-D987-8F67-8AE2-9713F37ACD34	346AA2A5-CEEF-7A43-81B7-8780CCCABBD8	7	EBF74A4C-0A96-7C4F-7C45-009D71035B30	0	1584337964	{"level":3,"stage":1,"knivesThrown":2,"time":4.8,"levelTime":4.8,"levelKnivesThrown":2,"throwerSpeed":225}
6	74134344-D987-8F67-8AE2-9713F37ACD34	346AA2A5-CEEF-7A43-81B7-8780CCCABBD8	8	4694B975-D2FB-8187-FD29-2A679DB88A53	1	1584337964	{"level":3,"stage":2,"hasCompleted":false,"replayCount":"0","throwerSpeed":225}
6	74134344-D987-8F67-8AE2-9713F37ACD34	346AA2A5-CEEF-7A43-81B7-8780CCCABBD8	9	8761E399-6314-EFDB-0FBE-DF36F805D0F7	1	1584337977	{"level":3,"stage":3,"hasCompleted":false,"replayCount":"0","throwerSpeed":225}
6	74134344-D987-8F67-8AE2-9713F37ACD34	346AA2A5-CEEF-7A43-81B7-8780CCCABBD8	8	4694B975-D2FB-8187-FD29-2A679DB88A53	0	1584337977	{"level":3,"stage":2,"knivesThrown":10,"time":17.083333333334,"levelTime":12.283333333334,"levelKnivesThrown":8,"throwerSpeed":225}
6	74134344-D987-8F67-8AE2-9713F37ACD34	346AA2A5-CEEF-7A43-81B7-8780CCCABBD8	9	8761E399-6314-EFDB-0FBE-DF36F805D0F7	0	1584337984	{"level":3,"stage":3,"knivesThrown":30,"time":24.216666666667,"levelTime":7.1333333333333,"levelKnivesThrown":20,"throwerSpeed":225,"completeStar":true,"timePar":10,"knivesPar":10,"timeStar":false,"knivesStar":false}
