cid	uid	sessionid	qid	dqid	q_s_id	log_q_ts	q_detail	min(log_q_ts)	max(log_q_ts)
1	8CB0F1EA-28BA-40C8-9E3B-084C897E0ADF	NULL	0	9A674E97-CBF8-7E67-0D07-2B83118FA901	1	1582172601	{"level":0,"stage":0}	1582172601	1582172601
1	37B36CA2-A426-9D26-566A-2E7D8789A936	0082D12A-DB4F-8D3D-3A71-AD48493F3840	4	8E6ED404-F254-4519-C97C-B6A89AD53756	1	1582699556	{"level":1,"stage":1}	1582699556	1582699562
1	8CB0F1EA-28BA-40C8-9E3B-084C897E0ADF	0268152B-FB2E-1004-D244-685DFAD132C2	4	99916BDA-A7F0-4F19-CE15-D5ED245BA8B4	1	1582699060	{"level":3,"stage":1}	1582699060	1582699239
1	8CB0F1EA-28BA-40C8-9E3B-084C897E0ADF	02CFC0B0-616D-17A2-6B6B-4F681979AA17	1	EE37D496-CFAE-1593-9316-800613D9EBF0	1	1582618286	{"level":1,"stage":1}	1582618286	1582619011
1	37B36CA2-A426-9D26-566A-2E7D8789A936	043213C0-07AF-1739-2C01-977DA2EB6EF4	4	297BBDB8-7F88-F13A-DB6A-1F8CFDE3310C	1	1582705576	{"level":3,"stage":1}	1582705576	1582705615
1	8CB0F1EA-28BA-40C8-9E3B-084C897E0ADF	0492FAF3-38CA-12C7-91FC-6AE6BA5100CC	1	2514B9D1-6A00-7C60-8595-E5B49B0DEB2E	1	1582617018	{"level":1,"stage":1}	1582617018	1582617050
1	B954BD1D-35FC-7BDA-31E0-6207487B0DC3	062D06B3-EDF4-DCFE-4A9F-E6598DEFBA48	0	AFAF91F9-A141-93DA-75BE-866A4E3807B7	1	1582173559	{"level":0,"stage":0}	1582173559	1582173559
1	8CB0F1EA-28BA-40C8-9E3B-084C897E0ADF	0710F0C2-5CD4-4D9A-9178-7EDA4F70C665	1	19B33778-452A-2BFD-72ED-F15FB759BF62	1	1582605968	{"level":1,"stage":1}	1582605968	1582606012
1	16EF1D82-445B-EBBE-E67D-9131319E366B	073E105C-83C5-9C24-8AF9-E56C15EA95E6	4	EC297C3E-FB81-FC10-E700-5877DC77AE70	1	1582654856	{"level":1,"stage":1}	1582654856	1582654856
1	8CB0F1EA-28BA-40C8-9E3B-084C897E0ADF	0771845B-0DEF-BDEB-FFC3-8AA4C6E5B2DC	4	C50A6940-F7E6-6A18-FE68-446AE38356DD	1	1582674862	{"level":1,"stage":1}	1582674862	1582674862
1	37B36CA2-A426-9D26-566A-2E7D8789A936	07FCFC3D-70AC-EB73-6217-723609B795F7	4	30F69D52-A9E0-BE50-DF3B-287952CA425D	1	1582677716	{"level":1,"stage":1}	1582677716	1582677716
1	16EF1D82-445B-EBBE-E67D-9131319E366B	091FF1D7-F74B-A03E-27B2-DC46D3D4B647	5	F276514B-A920-3303-841A-24D3E0C749D0	1	1582690307	{"level":4,"stage":1}	1582690307	1582690350
1	DEBEBA16-9D04-1D4A-074B-F6EDE48C39E1	096C0876-260C-BAD8-F8B0-464371861754	0	D211A692-CBDF-5FBB-8216-8C6A53A0C623	1	1582231632	{"level":0,"stage":0}	1582231632	1582231692
1	16EF1D82-445B-EBBE-E67D-9131319E366B	09A2AE67-CAC2-2D99-B464-0685D23904E5	5	5B260366-7C63-2953-9192-75DB2F3C210B	1	1582693240	{"level":4,"stage":1}	1582693240	1582693357
1	37B36CA2-A426-9D26-566A-2E7D8789A936	0A4D37D0-DD93-BD6C-B93C-6C8D81F15646	4	3A18A986-B780-5E96-79AD-A654E6F29241	1	1582696040	{"level":1,"stage":1}	1582696040	1582696188
1	8CB0F1EA-28BA-40C8-9E3B-084C897E0ADF	0A5ECF06-301D-7654-317E-911CAE638FFC	4	FDC28E0F-C135-9752-2908-7348A2049739	1	1582655778	{"level":1,"stage":1}	1582655778	1582655784
1	16EF1D82-445B-EBBE-E67D-9131319E366B	0A79EDA0-399F-8A51-3C27-B65071800644	11	53593C73-36CF-22A3-2CDA-8A162954A732	1	1582510850	{"level":11,"stage":0}	1582510850	1582510854
1	F591BE87-1B2E-D2C0-7000-68346C0B8F76	0BE99B01-9C2F-C11F-63C2-D84D99603D51	0	2C8FE8E2-B34E-0E84-5285-42E2074739C8	1	1582226720	{"level":0,"stage":0}	1582226720	1582226866
1	9F08D149-4DEB-1A0E-626B-1E4F57FDC006	0EE2BA4C-E80B-17CE-8FE0-B5EA66A8AE05	0	244B2427-6001-0362-2397-FCC8F97376CE	1	1582186645	{"level":0,"stage":0}	1582186645	1582186836
1	8CB0F1EA-28BA-40C8-9E3B-084C897E0ADF	10ED0DD6-D1AA-893A-B9E3-24FF9E3D49CB	4	56DD9B02-196F-5190-0776-2F609E7068AC	1	1582657002	{"level":1,"stage":1}	1582657002	1582657009
1	359F5B11-2044-5A5D-168B-AC11DC07F056	10ED13C5-FDFD-541A-F2B5-B0211DB9B7F2	0	57A4197B-F451-E8A9-2C86-97C24CD17605	1	1582184192	{"level":0,"stage":0}	1582184192	1582184235
1	16EF1D82-445B-EBBE-E67D-9131319E366B	1143A3D8-6976-8F2D-4B83-6534590FC3DB	1	991F03E5-CFC5-0F97-083C-3825A79130C4	1	1582614060	{"level":1,"stage":1}	1582614060	1582614090
1	16EF1D82-445B-EBBE-E67D-9131319E366B	11B86C1E-8EA2-915C-8C84-5FA298031100	4	E7980E2B-17D8-5CFC-99F9-42D8A659F657	1	1582655718	{"level":1,"stage":1}	1582655718	1582655741
1	8CB0F1EA-28BA-40C8-9E3B-084C897E0ADF	11F6A92C-87C6-9250-F688-F148F584F725	4	1E13EDA9-3421-FAE7-1ED8-5C4E8729A1C7	1	1582656244	{"level":1,"stage":1}	1582656244	1582656244
1	37B36CA2-A426-9D26-566A-2E7D8789A936	12494D12-1A2D-504F-9B2F-1DE7AB8147D4	4	EA85F37C-D8C2-3302-72D9-6888C73736FC	1	1582678167	{"level":1,"stage":1}	1582678167	1582678211
1	16EF1D82-445B-EBBE-E67D-9131319E366B	12EBF4AA-5512-13CE-50BC-DAD15FCE68DE	5	BEE41D72-334E-D8B0-712C-891805BACD1C	1	1582693859	{"level":4,"stage":1}	1582693859	1582693862
1	8CB0F1EA-28BA-40C8-9E3B-084C897E0ADF	1338EE44-526E-7FED-F278-55823C9A976C	4	A181E2B2-09FB-B80D-C932-366C7CED5DC4	1	1583017535	{"level":1,"stage":1}	1583017535	1583017557
1	16EF1D82-445B-EBBE-E67D-9131319E366B	1358E6DD-3449-CC1B-C8D1-74D8909156C3	4	EFAFD897-4E84-7FB2-1BF4-D93FA00963A2	1	1582655526	{"level":1,"stage":1}	1582655526	1582655552
1	16EF1D82-445B-EBBE-E67D-9131319E366B	1541E2E0-F209-FA62-E955-B13BD344482F	4	E1ACE242-096C-D8AA-F984-31FD65B91562	1	1582654822	{"level":1,"stage":1}	1582654822	1582654828
1	8CB0F1EA-28BA-40C8-9E3B-084C897E0ADF	15FF0E61-F0F8-1345-3031-6301E0FD4DD1	4	5C546074-B970-FE18-A47D-0AF169A0C822	1	1582705735	{"level":1,"stage":1}	1582705735	1582705759
1	8CB0F1EA-28BA-40C8-9E3B-084C897E0ADF	1614DA3E-79CB-0409-3F1E-50109614797B	1	7859EEF4-20D9-9653-B949-382476A3F8DD	1	1582609687	{"level":1,"stage":1}	1582609687	1582609708
1	8CB0F1EA-28BA-40C8-9E3B-084C897E0ADF	163D3613-29C4-B6FD-CF54-559CB45B15E4	4	5F396C1B-B541-EA55-D744-FFD3CAA04FF8	1	1582677284	{"level":1,"stage":1}	1582677284	1582677284
1	16EF1D82-445B-EBBE-E67D-9131319E366B	16549119-A2DD-8BE8-9B20-E5C8E72B34DD	1	47AF4201-E0C5-9B48-87B6-2086929FFFA9	1	1582613690	{"level":1,"stage":1}	1582613690	1582613727
1	8CB0F1EA-28BA-40C8-9E3B-084C897E0ADF	1685FA57-0C70-68DB-776A-ADFA24BBFE9A	4	257C0311-6933-EE14-304C-667C64F80124	1	1582704528	{"level":3,"stage":1}	1582704528	1582704528
1	010FBF95-A4F1-CBC8-B7AA-61CF330DFA3C	1730002A-6DB6-C82A-9940-E84076DA3F94	0	589E755F-5680-5653-37FD-AE50C9A59B75	1	1582185707	{"level":0,"stage":0}	1582185707	1582185707
1	F3474BA7-986E-ED96-CD45-D8788C906F75	177D89EB-5548-A394-0243-C65D663EA695	4	12165307-A405-F62F-FC00-ADC195E9FBEF	1	1583020593	{"level":1,"stage":1}	1583020593	1583020597
1	8CB0F1EA-28BA-40C8-9E3B-084C897E0ADF	17FDA19D-8B6F-3920-9CC4-06415696138A	13	C4906495-7B4F-828C-8D2C-106DA77F4675	1	1583017800	{"level":4,"stage":1}	1583017800	1583017832
1	8CB0F1EA-28BA-40C8-9E3B-084C897E0ADF	17FFE752-9964-93BD-7B75-A845DBBC211D	4	75837241-3E76-CAAF-5832-250F1EA8AC55	1	1583014853	{"level":1,"stage":1}	1583014853	1583015044
1	16EF1D82-445B-EBBE-E67D-9131319E366B	18023FBD-EFC2-BA94-B72B-22ACF86D74B9	1	AAED378E-9820-BD4F-A04E-37A52CC402FC	1	1582624157	{"level":1,"stage":1}	1582624157	1582624181
1	16EF1D82-445B-EBBE-E67D-9131319E366B	18AA742F-C6E4-60A1-7400-DFAEB6AA337A	5	60396A7E-4A28-2784-19A7-2A69114E1281	1	1582694875	{"level":4,"stage":1}	1582694875	1582694875
1	8CB0F1EA-28BA-40C8-9E3B-084C897E0ADF	1A7CF59F-9406-8CDD-0A1D-5108B7BC1EF6	13	5D9FDD94-D759-AC4F-4263-DC9DDB11F819	1	1583019036	{"level":4,"stage":1}	1583019036	1583019071
1	16EF1D82-445B-EBBE-E67D-9131319E366B	1BE892C7-3A2D-1B4B-0177-AA46EB5FC0CE	13	03E6A980-017A-29C1-9569-232A33F2A837	1	1582827731	{"level":4,"stage":1}	1582827731	1582828804
1	8CB0F1EA-28BA-40C8-9E3B-084C897E0ADF	1CDF97A9-58E3-536B-35B4-D17CCA8ECB8D	4	1E934433-CE54-3A74-20C9-67177DB2A39F	1	1582705788	{"level":3,"stage":1}	1582705788	1582705788
1	8CB0F1EA-28BA-40C8-9E3B-084C897E0ADF	1D95E9BC-9586-D229-9826-ADF363DA49BA	0	059D084A-9E8E-8A8C-2845-971927A63548	1	1582532631	{"level":0,"stage":0}	1582532631	1582532631
1	16EF1D82-445B-EBBE-E67D-9131319E366B	1E030133-FC4A-8CDD-B9AA-44653243BBF7	0	A10D4B1F-4AE2-D9BE-BF41-C0D5482029B0	1	1582509674	{"level":0,"stage":0}	1582509674	1582510102
1	010FBF95-A4F1-CBC8-B7AA-61CF330DFA3C	1E3CE4AD-B108-F252-F2EB-19D2E2DAE302	0	294F2601-8823-B9D2-955C-9A7A5812C74E	1	1582186994	{"level":0,"stage":0}	1582186994	1582187078
1	8CB0F1EA-28BA-40C8-9E3B-084C897E0ADF	1E53817A-4B04-97C5-25A4-A587A822FED0	1	97AB18B0-1EC0-CB10-B5B5-1870EE87ABD3	1	1582614878	{"level":1,"stage":3}	1582614878	1582614878
1	16EF1D82-445B-EBBE-E67D-9131319E366B	1E66DDF6-3F2F-734F-7303-01573681BB45	4	50BEEC9F-756F-9AC6-1803-FABBD9D0A287	1	1582656175	{"level":1,"stage":1}	1582656175	1582656221
1	8CB0F1EA-28BA-40C8-9E3B-084C897E0ADF	1EE0E7B5-4B94-EADD-A154-5AE219330601	0	2A2DD777-C22F-799A-33E7-6A1CDCD02F6C	1	1582532983	{"level":0,"stage":0}	1582532983	1582533005
1	16EF1D82-445B-EBBE-E67D-9131319E366B	1F12375B-EC69-60CC-845E-6C50CD9014CE	13	A3707F21-7DA3-B94A-B101-732A5806BBB3	1	1582827572	{"level":4,"stage":1}	1582827572	1582827597
1	8CB0F1EA-28BA-40C8-9E3B-084C897E0ADF	1F2331C6-7A7C-E68E-8E9E-2CD35A6E841C	0	B950CA66-2C31-40C2-722F-3E49018A8738	1	1582533465	{"level":0,"stage":0}	1582533465	1582533562
1	16EF1D82-445B-EBBE-E67D-9131319E366B	2060422B-99AF-22F8-DC20-D162FB8095A7	5	D1572715-97D0-3F6B-AAF7-D390F09B7FE2	1	1582690703	{"level":4,"stage":1}	1582690703	1582690709
1	8CB0F1EA-28BA-40C8-9E3B-084C897E0ADF	210D6689-0B79-A4E2-F1F7-249D291C8728	4	8565C5C2-A83E-D17C-6127-A5E36BF27CA8	1	1582676379	{"level":1,"stage":1}	1582676379	1582676379
1	16EF1D82-445B-EBBE-E67D-9131319E366B	211ADE2F-E3DA-CB51-3E55-3E2149503D39	5	B2DFBBA8-D9EF-12D4-B81B-CCD7401026ED	1	1582694794	{"level":4,"stage":1}	1582694794	1582694794
1	16EF1D82-445B-EBBE-E67D-9131319E366B	21347F10-03F2-AA72-1340-3C9E6165C0A3	4	B7717E91-3EA4-8242-650D-A45A73CA88E3	1	1582655147	{"level":1,"stage":1}	1582655147	1582655164
1	16EF1D82-445B-EBBE-E67D-9131319E366B	215C7B10-010D-F233-2DAF-5D01775336D6	1	90B7C69E-E95D-4B0E-58E8-FE4ED716EAA6	1	1582624888	{"level":1,"stage":1}	1582624888	1582624977
1	16EF1D82-445B-EBBE-E67D-9131319E366B	21F53828-148D-F523-A53F-CC06D8071317	4	1CE0CA72-0FEC-A276-4E76-A0605274D504	1	1582656714	{"level":1,"stage":1}	1582656714	1582656922
1	13A30155-FEEE-3EA3-06EB-8435BE8D0885	2259465F-9947-8BAE-2A8F-EC841678F25B	0	E611039A-289F-C097-1AA5-817971513781	1	1582214307	{"level":0,"stage":0}	1582214307	1582214307
1	8CB0F1EA-28BA-40C8-9E3B-084C897E0ADF	23266969-A319-1D39-67EF-2AF4BB07E364	1	E4BCD09A-AF05-FB96-576F-F6D6CBA99311	1	1582613439	{"level":1,"stage":1}	1582613439	1582613457
1	16EF1D82-445B-EBBE-E67D-9131319E366B	239541CE-4FC3-B4CC-2A1A-84929D3EE737	5	8CEC5FFD-71F9-2C84-F859-D9111FD6298F	1	1582692493	{"level":4,"stage":1}	1582692493	1582692506
1	1898DB14-A347-A9DC-AC7F-642D227E2590	239BDB4D-CA51-34B6-78D1-AFC0036EBE68	4	512D139E-0367-9C2B-75B1-42EF7FB5978F	1	1583022543	{"level":1,"stage":1}	1583022543	1583022548
1	6341B0D8-3A49-6EA2-DB48-945B7796637A	23E74D07-1FFE-F6A2-D5B2-9A8D9C391F79	0	4FFC1178-A7EF-DFC2-44D0-4C253B2BD230	1	1582991534	{"level":0,"stage":0}	1582991534	1582991602
1	16EF1D82-445B-EBBE-E67D-9131319E366B	252C3072-5E39-291B-C95F-8917EC50F11C	5	11FFFF80-53DF-93BD-2AE8-E7A323FFC932	1	1582693009	{"level":4,"stage":1}	1582693009	1582693009
1	8CB0F1EA-28BA-40C8-9E3B-084C897E0ADF	25C03175-A3B2-C8E7-01C1-37F47EC61E99	1	D3DDBB55-AEF8-AC60-1514-7EE924C065D6	1	1582607157	{"level":1,"stage":1}	1582607157	1582607170
1	8CB0F1EA-28BA-40C8-9E3B-084C897E0ADF	2789FAAD-A130-AF9C-A33D-0847951C3FDF	0	ECF5D656-97B7-8E34-F7E3-E8E0B7676411	1	1582533058	{"level":0,"stage":0}	1582533058	1582533063
1	16EF1D82-445B-EBBE-E67D-9131319E366B	27D4F424-94E6-E691-7AEB-F5A4DC35E8FA	5	661B6D63-8F9F-21D7-EDD9-4F9B5947FF76	1	1582694137	{"level":4,"stage":1}	1582694137	1582694147
1	16EF1D82-445B-EBBE-E67D-9131319E366B	28D9DED5-4078-EBAE-DA29-350CA9D9AA90	5	9F4CE26F-7189-D02A-7DC3-E5C970E2567F	1	1582693447	{"level":4,"stage":1}	1582693447	1582693462
1	8CB0F1EA-28BA-40C8-9E3B-084C897E0ADF	2923BF45-198A-839E-8009-E6CB7F8CB73C	1	0F35F9EE-80F0-ED0A-0CC7-6EC8974B7E5A	1	1582614362	{"level":1,"stage":3}	1582614362	1582614386
1	37B36CA2-A426-9D26-566A-2E7D8789A936	29E3BE6D-FBD5-A7FB-9186-D537C806A809	4	7DD80FE3-4BF7-3F34-B4CD-846190E4F3AC	1	1582694087	{"level":1,"stage":1}	1582694087	1582694160
1	1898DB14-A347-A9DC-AC7F-642D227E2590	2A7CE0B2-7E87-F4B9-6F0E-7779CC5B9A43	7	B8AE29F7-5481-8822-8510-792E80DBCBE1	1	1583022587	{"level":2,"stage":1}	1583022587	1583022652
1	16EF1D82-445B-EBBE-E67D-9131319E366B	2A99FB72-945E-F687-8E3F-BE6674EAE8F0	13	007F1468-3ECA-CF16-A9C6-E93EAFEBC14D	1	1582959268	{"level":4,"stage":1}	1582959268	1582959298
1	8CB0F1EA-28BA-40C8-9E3B-084C897E0ADF	2AED57FB-3EC6-2B3F-E105-4591F284014D	4	1B084DFB-60B1-69EE-B35A-6312317A4DA1	1	1582674957	{"level":1,"stage":1}	1582674957	1582674957
1	16EF1D82-445B-EBBE-E67D-9131319E366B	2BA76FEB-9A45-C4A0-38EB-F71DFF0EED5F	4	C937A6A8-24E3-2367-04A1-BC68E18390A5	1	1582655186	{"level":1,"stage":1}	1582655186	1582655195
1	16EF1D82-445B-EBBE-E67D-9131319E366B	2BA9E8DC-6B2A-15DB-16D4-4D2FC88B022D	4	77CEF2F8-4300-0AA7-1AA8-73C8959E4EF6	1	1582656359	{"level":1,"stage":1}	1582656359	1582656466
1	8CB0F1EA-28BA-40C8-9E3B-084C897E0ADF	2C119825-A79D-6C79-D9CC-E99BB646EE18	4	619A3401-F6B4-7C81-FFE9-AF4968583417	1	1582618224	{"level":4,"stage":1}	1582618224	1582618224
1	8CB0F1EA-28BA-40C8-9E3B-084C897E0ADF	2C1C7548-B9DF-C117-E0B6-F9EBD271C787	1	E9A046B5-ADF6-D5E0-2F6B-88E52D783483	1	1582613385	{"level":1,"stage":1}	1582613385	1582613406
1	37B36CA2-A426-9D26-566A-2E7D8789A936	2CD00282-1F64-E49D-2436-CA79F0CD0688	4	C3428EC3-5610-EDB3-2D5A-123B7D71FFD1	1	1582674524	{"level":1,"stage":1}	1582674524	1582674524
1	010FBF95-A4F1-CBC8-B7AA-61CF330DFA3C	2CEF44CE-F98B-8322-3F39-452FAF50696A	0	82F39718-4D61-F092-EE1F-C6EB02859CA3	1	1582186721	{"level":0,"stage":0}	1582186721	1582186862
1	16EF1D82-445B-EBBE-E67D-9131319E366B	2D528328-284F-47D4-3F6E-C453FB770F5E	5	D60849DD-E907-3682-BFA0-33FE05264B70	1	1582692598	{"level":4,"stage":1}	1582692598	1582692695
1	16EF1D82-445B-EBBE-E67D-9131319E366B	2DB9CE54-AD4E-0A2E-1A54-1872E041DAED	5	5C395509-807A-BB49-A4A5-A8375CB55741	1	1582770416	{"level":4,"stage":1}	1582770416	1582770458
1	8CB0F1EA-28BA-40C8-9E3B-084C897E0ADF	2E1439D5-AFCD-E6CA-F691-644DA5C1CC90	1	CCFEF669-8066-9CC8-C418-9042562F71B4	1	1582615143	{"level":1,"stage":3}	1582615143	1582615143
1	8CB0F1EA-28BA-40C8-9E3B-084C897E0ADF	2E45DDC6-3C33-C43B-6873-1226642CFA0A	1	3DFF57A6-9198-D52E-3293-B0EEF1E2D509	1	1582609832	{"level":1,"stage":1}	1582609832	1582609832
1	8CB0F1EA-28BA-40C8-9E3B-084C897E0ADF	2EB632E6-2EBB-561B-B9C7-1BCB6C4FF921	0	3C50DA97-5D5D-AE27-04C1-EB9680FD6E27	1	1582530913	{"level":0,"stage":0}	1582530913	1582530937
1	8CB0F1EA-28BA-40C8-9E3B-084C897E0ADF	2ED8D3C0-9F89-D047-8B98-0B36D0DF4207	1	75C69BBD-0DA2-CA7F-A416-90561F84D8FD	1	1582605436	{"level":1,"stage":1}	1582605436	1582605636
1	37B36CA2-A426-9D26-566A-2E7D8789A936	2F461AEF-C030-F092-514B-FED1A19A7C69	4	6C0EF00B-15CF-33A0-7E17-9F930DBE8837	1	1582678354	{"level":1,"stage":1}	1582678354	1582678354
1	16EF1D82-445B-EBBE-E67D-9131319E366B	2F51102C-8750-D625-DFF1-F1E598BEEA50	4	D26471F4-F1EF-E70E-98AB-7DA5AFFB508A	1	1582758769	{"level":1,"stage":1}	1582758769	1582758769
1	16EF1D82-445B-EBBE-E67D-9131319E366B	2FBC09B1-30F9-D248-CB5D-2ADC3860EBE8	13	8BBE03A8-DB2D-D359-DBEE-E803D67B6BD9	1	1582830859	{"level":4,"stage":1}	1582830859	1582830864
1	8CB0F1EA-28BA-40C8-9E3B-084C897E0ADF	2FD081AB-1C6F-EFF3-B449-CB3E3F6D2015	0	3C08237A-0DAB-6D45-4FCE-7716E92A2DCF	1	1582535109	{"level":0,"stage":0}	1582535109	1582535109
1	8CB0F1EA-28BA-40C8-9E3B-084C897E0ADF	30FBD84B-830A-B107-9804-6A8806031EFB	1	A205BE68-7F4E-7A0B-2B6D-D1CCE035F908	1	1582604630	{"level":1,"stage":1}	1582604630	1582604671
1	16EF1D82-445B-EBBE-E67D-9131319E366B	32495A0E-9BED-AB07-C82F-59EC86EC8DF6	5	E6EFA7FE-4659-1561-1BA0-4E808490B920	1	1582694161	{"level":4,"stage":1}	1582694161	1582694170
1	010FBF95-A4F1-CBC8-B7AA-61CF330DFA3C	32D7A946-9BD2-6036-B261-77A94A4902AD	0	313AF5CC-89C5-733D-BF45-F5DDE29EDA63	1	1582186875	{"level":0,"stage":0}	1582186875	1582186983
1	8CB0F1EA-28BA-40C8-9E3B-084C897E0ADF	331E22FC-DA51-1EF4-C309-BB7F1F54CBD4	0	56463F91-B553-C064-8135-148930A51424	1	1583213974	{"level":0,"stage":0}	1583213974	1583214024
1	37B36CA2-A426-9D26-566A-2E7D8789A936	3327290E-7A8C-FFA0-0DA9-C0F319335089	4	F3A30A31-90C0-3935-3325-67AA92DFBA1D	1	1582678697	{"level":1,"stage":1}	1582678697	1582678697
1	9F08D149-4DEB-1A0E-626B-1E4F57FDC006	339E9B0F-4D59-BCA9-A1C2-DAAA2F6194E8	0	456FECFC-584D-79FE-1173-042D8A1F54D0	1	1582186516	{"level":0,"stage":0}	1582186516	1582186635
1	8CB0F1EA-28BA-40C8-9E3B-084C897E0ADF	34C6C5CC-016C-46F0-EC7A-2B3AA989FD96	1	0B9960DC-EC99-A049-E19B-F0B2DCC8FD7F	1	1582609491	{"level":1,"stage":1}	1582609491	1582609491
1	16EF1D82-445B-EBBE-E67D-9131319E366B	35D46F8C-1E90-C61C-1F1E-E07EACAE7B97	1	684677F6-18CC-BFCE-389F-D64E217427F9	1	1582624500	{"level":1,"stage":1}	1582624500	1582624504
1	B954BD1D-35FC-7BDA-31E0-6207487B0DC3	36432CC1-CFFC-6E1E-A4EA-5D4FED68A84D	0	CE6D3F80-BCB6-2615-3CFF-68B7D3A8A6C6	1	1582173589	{"level":0,"stage":0}	1582173589	1582173589
1	8CB0F1EA-28BA-40C8-9E3B-084C897E0ADF	37AEB238-42D6-63CC-0E38-B9B7D3368C9C	13	B65BD1FC-A396-E577-12E6-8FD66924D06A	1	1583018601	{"level":4,"stage":1}	1583018601	1583018634
1	8CB0F1EA-28BA-40C8-9E3B-084C897E0ADF	387DAA77-EBAA-D638-68D2-FC6AABF51C1D	4	ED7D0B9C-F3A8-2590-4806-86333AD1EBE1	1	1582656784	{"level":1,"stage":1}	1582656784	1582656791
1	16EF1D82-445B-EBBE-E67D-9131319E366B	3962B721-BE39-B000-A276-CBC1911E6F06	4	EA5EEBE2-3CA9-3B9F-66C6-47BBF96D51D6	1	1582656258	{"level":1,"stage":1}	1582656258	1582656262
1	16EF1D82-445B-EBBE-E67D-9131319E366B	3AA6C0BE-2A46-6561-E91C-B5B541A35E2A	13	98449CBD-2E13-06D8-8A9D-856CA9DF26FF	1	1582959983	{"level":4,"stage":1}	1582959983	1582959991
1	8CB0F1EA-28BA-40C8-9E3B-084C897E0ADF	3B02C36A-4049-B42A-0E1A-0B44DBF13222	1	0BB7AE3F-2857-2654-F54A-EFD1B91BCDC2	1	1582613626	{"level":1,"stage":1}	1582613626	1582614028
1	16EF1D82-445B-EBBE-E67D-9131319E366B	3B181FE7-50DB-FB2F-7F38-F60854A760A4	5	758B90F4-CB50-8FDA-83F3-0B8027CC7ED3	1	1582694443	{"level":4,"stage":1}	1582694443	1582694443
1	DEBEBA16-9D04-1D4A-074B-F6EDE48C39E1	3CF4FCE5-5573-BCBA-A00D-643DB49DB0E9	0	EF0D4546-7BE5-18F9-B46C-C90662303C9B	1	1582226749	{"level":0,"stage":0}	1582226749	1582229249
1	8CB0F1EA-28BA-40C8-9E3B-084C897E0ADF	3CFB5073-D999-5019-EF81-D2284A24570D	0	BF9C044E-CFD1-C453-5EF1-F228EA1FF768	1	1582539779	{"level":0,"stage":0}	1582539779	1582539820
1	8CB0F1EA-28BA-40C8-9E3B-084C897E0ADF	3D698675-96B5-A78A-996F-866C40C88F23	4	38B78DB8-57E1-614E-7234-E8E2328B2192	1	1582658365	{"level":1,"stage":1}	1582658365	1582658533
1	8CB0F1EA-28BA-40C8-9E3B-084C897E0ADF	3E5EE50D-C7B7-FE7A-20E8-7CAB342C96F4	4	3702ED34-3A04-FB60-F747-EDC62157F28A	1	1582701378	{"level":1,"stage":1}	1582701378	1582701387
1	359F5B11-2044-5A5D-168B-AC11DC07F056	3E920A5F-6DB3-8971-013E-D6DDB8320DC4	0	1F7A32D8-649D-3183-7EAD-DD90078F5762	1	1582184335	{"level":0,"stage":0}	1582184335	1582184346
1	9F08D149-4DEB-1A0E-626B-1E4F57FDC006	3EB222EB-3A93-9EBA-EB94-989D58644850	0	2FFBB4BF-0956-AC6E-C32F-A18C42B76EDF	1	1582186847	{"level":0,"stage":0}	1582186847	1582186871
1	BD895925-265A-B539-D360-5D9ECA1B29DC	3F26B2AA-FFA5-4DCD-5568-E5FE68C6492B	0	00CFF8E4-5F48-A7AA-EAF1-62E75417DBBF	1	1582186623	{"level":0,"stage":0}	1582186623	1582186770
1	8CB0F1EA-28BA-40C8-9E3B-084C897E0ADF	4007584E-5932-FF16-066C-097D295C3C42	4	000B7C55-FE6C-E182-29E5-FC8FBEF9EB4D	1	1582617851	{"level":4,"stage":1}	1582617851	1582617851
1	16EF1D82-445B-EBBE-E67D-9131319E366B	40A37D24-D8DD-1C92-F198-1201B66D6281	8	938C4B22-EB47-08CE-A266-4628EDFB2893	1	1582510552	{"level":8,"stage":0}	1582510552	1582510644
1	8CB0F1EA-28BA-40C8-9E3B-084C897E0ADF	40E05864-A69F-6080-F69A-DA9EDD43AA86	0	2E7C8828-A16F-F623-DB95-D52C1D1D3BD4	1	1582538379	{"level":0,"stage":0}	1582538379	1582539237
1	8CB0F1EA-28BA-40C8-9E3B-084C897E0ADF	413D921D-EC2C-84B7-45DD-9394FC7D73FD	1	1650618B-DE9F-B1F3-33D0-24C3146737EB	1	1582617333	{"level":1,"stage":1}	1582617333	1582617485
1	16EF1D82-445B-EBBE-E67D-9131319E366B	4302EEC8-C65B-69F4-15CE-CF6B7A798BE3	4	BE2DBB0A-BA0D-0D67-2A55-82403C5CF8F8	1	1582655653	{"level":1,"stage":1}	1582655653	1582655658
1	16EF1D82-445B-EBBE-E67D-9131319E366B	431DB8C2-9EAB-EFA1-55D0-58C4FBF10868	13	04E6FFD0-3778-ABD8-ABBF-D4F93431D583	1	1582830524	{"level":4,"stage":1}	1582830524	1582830578
1	8CB0F1EA-28BA-40C8-9E3B-084C897E0ADF	436E0D36-0FD1-38D3-D993-E0C43D51648F	4	4598B4AC-5C49-6648-0187-6DB64C7D6DD6	1	1582657263	{"level":1,"stage":1}	1582657263	1582658049
1	16EF1D82-445B-EBBE-E67D-9131319E366B	43B5FE79-927B-FE00-F1CB-28B6A4FB560F	1	12B824C4-5A6C-5E6F-70AF-167A328A759A	1	1582614209	{"level":1,"stage":1}	1582614209	1582614210
1	8CB0F1EA-28BA-40C8-9E3B-084C897E0ADF	45794269-03DB-0B53-8A46-704966537DB9	1	827A7B1E-CC0E-2BA8-CB86-169632D7D130	1	1582612236	{"level":1,"stage":1}	1582612236	1582612257
1	DEBEBA16-9D04-1D4A-074B-F6EDE48C39E1	47888B19-D4D9-C1E9-EE8A-903223048C4F	0	80C24CC6-05DD-AD3E-BB0C-C0C8BD1544B0	1	1582197263	{"level":0,"stage":0}	1582197263	1582224519
1	8CB0F1EA-28BA-40C8-9E3B-084C897E0ADF	48C61198-648A-4543-6020-49EA43B3E84C	4	9760AA4F-E7DD-A0C6-829B-B6AF4933C61C	1	1582656272	{"level":1,"stage":1}	1582656272	1582656272
1	16EF1D82-445B-EBBE-E67D-9131319E366B	4B3FD2C1-1322-E8A5-E8D6-CC1233C42950	13	816EA815-C82D-A955-079F-F49065C8A423	1	1582960128	{"level":4,"stage":1}	1582960128	1582960146
1	16EF1D82-445B-EBBE-E67D-9131319E366B	4CE6B2B6-F0F7-BFB1-5DF5-6FE881ED8BBE	4	648019F1-2FAE-B405-4D02-75ED829B25AD	1	1582656516	{"level":1,"stage":1}	1582656516	1582656522
1	8CB0F1EA-28BA-40C8-9E3B-084C897E0ADF	4D2C28C9-06CB-1656-B46D-B12A55F09472	4	19E63CEE-706C-DC9F-9BC0-2220222A8A3F	1	1582703696	{"level":1,"stage":1}	1582703696	1582703711
1	37B36CA2-A426-9D26-566A-2E7D8789A936	4EBE95B4-54BA-8BB1-87DD-051B3E8E22FA	4	DA7B24A4-3B02-2094-9DDC-19B3F4A84EDF	1	1582694222	{"level":1,"stage":1}	1582694222	1582694226
1	16EF1D82-445B-EBBE-E67D-9131319E366B	4F237F6D-6420-5942-3B1C-0FE28CB19714	5	C4D94870-98CD-D0EA-ED65-136B3D1E042E	1	1582757790	{"level":4,"stage":1}	1582757790	1582757795
1	16EF1D82-445B-EBBE-E67D-9131319E366B	4FE21573-A8B6-1C76-CCFE-E39F36BFEB84	4	75ED5236-F4F4-B290-4CB3-6E5D907CEB20	1	1582654226	{"level":1,"stage":1}	1582654226	1582654226
1	16EF1D82-445B-EBBE-E67D-9131319E366B	51D19F3B-7863-0078-B214-5B955CA02993	4	CA0BFD63-0A7F-D089-35A8-C798BC647647	1	1582657394	{"level":1,"stage":1}	1582657394	1582657488
1	16EF1D82-445B-EBBE-E67D-9131319E366B	521739B1-38C7-0F11-C7C6-6BB74471A87C	4	EFD0FFD4-F616-88E9-2AFE-F53303889294	1	1582654209	{"level":1,"stage":1}	1582654209	1582654209
1	16EF1D82-445B-EBBE-E67D-9131319E366B	52429E30-BB90-B275-1852-2162E90D6C00	10	9B2D8BDD-F060-8EB2-7121-530D22262F21	1	1582510803	{"level":10,"stage":0}	1582510803	1582510816
1	16EF1D82-445B-EBBE-E67D-9131319E366B	526FF3A1-EA62-3AC3-C19F-13CED95DAA31	4	72981D1F-BB2B-1CBC-F21A-AE84C0D2FC79	1	1582656143	{"level":1,"stage":1}	1582656143	1582656158
1	37B36CA2-A426-9D26-566A-2E7D8789A936	528F72E8-DB73-61AC-B3A3-D55B862C4A31	4	9062F2C6-9A68-DB09-2D80-4FB489ACCA8B	1	1582678857	{"level":1,"stage":1}	1582678857	1582678857
1	16EF1D82-445B-EBBE-E67D-9131319E366B	52DBA409-C33F-600A-AD96-80B6ED0D6A1B	5	477EA90F-ED2D-E01C-2E3B-58AFF8A8257B	1	1582770220	{"level":4,"stage":1}	1582770220	1582770222
1	16EF1D82-445B-EBBE-E67D-9131319E366B	52F3CCE5-3088-074D-C54E-CCEAACF5E7EF	1	2F251BCF-8AB4-2008-7839-C358C7F104C2	1	1582619519	{"level":1,"stage":1}	1582619519	1582619519
1	359F5B11-2044-5A5D-168B-AC11DC07F056	54238C26-4E29-89DA-A0BA-4CC7F5A15657	0	7EB50599-6CB3-84FF-3435-DA842C0406D6	1	1582184256	{"level":0,"stage":0}	1582184256	1582184295
1	B5A0AD08-9221-94F0-52CC-1D85DD84D881	547CEECF-FA33-C16E-7269-AE70AD3AEE59	0	8A13F017-AB8F-73B1-DC7C-075D10870EE7	1	1582184435	{"level":0,"stage":0}	1582184435	1582184435
1	16EF1D82-445B-EBBE-E67D-9131319E366B	549C41B2-19C6-E36E-75C9-41244F359C32	0	3A458A7E-9AD8-8F52-2000-EE2E0629DDB3	1	1582503756	{"level":0,"stage":0}	1582503756	1582503777
1	37B36CA2-A426-9D26-566A-2E7D8789A936	54B4B453-0D81-4DFC-74DA-CF046003CF5E	1	0A50C412-F359-2269-D64D-25B134A47724	1	1582609783	{"level":1,"stage":1}	1582609783	1582609783
1	8CB0F1EA-28BA-40C8-9E3B-084C897E0ADF	54C78C95-DB11-BB27-8C88-62F614706196	1	CBCF787E-9450-0ECE-D038-E2D5F662B8D2	1	1582615287	{"level":1,"stage":3}	1582615287	1582615301
1	16EF1D82-445B-EBBE-E67D-9131319E366B	55479957-9369-BCE8-A4BF-548769FB0A8D	2	FF64A5F8-0E79-FA78-0872-E59A57E247DD	1	1582614558	{"level":2,"stage":1}	1582614558	1582614626
1	8CB0F1EA-28BA-40C8-9E3B-084C897E0ADF	558196AB-42A7-0EFB-B79C-C54CF25ED11C	1	DD130C3A-55FD-EA3D-C4A4-D8B9AB9C8F7C	1	1582616020	{"level":1,"stage":1}	1582616020	1582616050
1	16EF1D82-445B-EBBE-E67D-9131319E366B	5655E001-4C38-0F49-FEEA-CF254B150C1A	13	1EF1C1ED-CE35-B0D2-6064-21589366645E	1	1582830797	{"level":4,"stage":1}	1582830797	1582830835
1	37B36CA2-A426-9D26-566A-2E7D8789A936	597F73DF-F599-054E-E3E1-18DEC8E8B9CF	4	C144B2C5-C6C1-970B-9865-B27A51EC4C5E	1	1582695911	{"level":1,"stage":1}	1582695911	1582695921
1	16EF1D82-445B-EBBE-E67D-9131319E366B	598432ED-5777-F9D0-6B52-06E86F077474	13	B82DF46E-E16A-2579-8673-5149018A28BC	1	1582959693	{"level":4,"stage":1}	1582959693	1582959699
1	16EF1D82-445B-EBBE-E67D-9131319E366B	59E89592-574C-50BD-8396-F9C3D61D31F5	5	2024F728-8F44-A45D-B3E2-E4DC95D82A58	1	1582694218	{"level":4,"stage":1}	1582694218	1582694218
1	1898DB14-A347-A9DC-AC7F-642D227E2590	5A078975-323D-3B56-6C66-C7AF6CFB3BDD	4	EFCC586A-2C02-258E-8632-C56986228879	1	1583022554	{"level":1,"stage":1}	1583022554	1583022572
1	8CB0F1EA-28BA-40C8-9E3B-084C897E0ADF	5AF3066B-3202-AC76-E838-4ABCF55F4121	0	A113C92E-B706-21C2-8CF2-A943DE9733D5	1	1582535283	{"level":0,"stage":0}	1582535283	1582535283
1	8CB0F1EA-28BA-40C8-9E3B-084C897E0ADF	5BA75A9D-390C-C568-2BB9-67B4AA6C5EF1	1	E49B1056-28BB-9742-D625-A1077A3C0769	1	1582617138	{"level":1,"stage":1}	1582617138	1582617151
1	21290B15-2374-854B-C6C2-396870F805CD	5E2E834D-D6E6-9E42-2778-A719A7BC8383	0	8DA23895-ACFF-4376-9E45-7DD4FA16EAC2	1	1582231717	{"level":0,"stage":0}	1582231717	1582231753
1	16EF1D82-445B-EBBE-E67D-9131319E366B	5E60E2AB-011E-62B3-BB47-75DC4D0478F7	1	9B0476AA-D1C7-3D5C-E84E-7C8E27E02F64	1	1582614776	{"level":1,"stage":1}	1582614776	1582614805
1	16EF1D82-445B-EBBE-E67D-9131319E366B	5FFEBCCA-1A8A-19FC-707D-928F252B869B	5	4FA08304-3E99-D04C-1036-72377C80217F	1	1582690916	{"level":4,"stage":1}	1582690916	1582690923
1	37B36CA2-A426-9D26-566A-2E7D8789A936	60010FC3-C98D-AAAB-1ADA-F3D18E74B0CC	4	D7F1F2BE-7DBF-4A31-9CD3-296498C8EA70	1	1582692643	{"level":1,"stage":1}	1582692643	1582692655
1	16EF1D82-445B-EBBE-E67D-9131319E366B	604DAA8F-3C20-88FA-FC37-8D6F7572B934	4	7D70E19C-7B1C-3EBA-42A2-812AB115FCDA	1	1582749670	{"level":3,"stage":1}	1582749670	1582749670
1	37B36CA2-A426-9D26-566A-2E7D8789A936	6084F9FD-F01C-CF6A-1040-66C9847836F5	4	0A945F8D-B0DA-6950-5862-0B373F334D07	1	1582704740	{"level":3,"stage":1}	1582704740	1582704740
1	16EF1D82-445B-EBBE-E67D-9131319E366B	60D9F4D9-B5AD-23FB-03D1-19A898924A9C	13	A34B86C1-5C79-FBF9-B50F-B09A8B942C76	1	1582830640	{"level":4,"stage":1}	1582830640	1582830777
1	8CB0F1EA-28BA-40C8-9E3B-084C897E0ADF	6173E493-A8DA-9BA5-F33E-2EB11707B0D3	4	6957A3D8-FA5C-A922-21A4-E01C21D2D8A9	1	1582658246	{"level":1,"stage":1}	1582658246	1582658246
1	37B36CA2-A426-9D26-566A-2E7D8789A936	622666C1-4D17-1F2B-5152-76B13C0D00B7	1	5446AF7D-AF5E-68A2-2A98-2510ADBBA6AD	1	1582611704	{"level":1,"stage":1}	1582611704	1582611704
1	8CB0F1EA-28BA-40C8-9E3B-084C897E0ADF	62A8990E-2E99-F741-39BC-D2CC2D852805	0	235223F3-8319-3270-2C1C-CDB54410BEAE	1	1582535443	{"level":0,"stage":0}	1582535443	1582535443
1	8CB0F1EA-28BA-40C8-9E3B-084C897E0ADF	62CB50A1-18F3-43AD-1965-13EEF2B504F0	4	82B8E103-E666-64AD-B9E8-D359215641BC	1	1582655313	{"level":1,"stage":1}	1582655313	1582655313
1	16EF1D82-445B-EBBE-E67D-9131319E366B	62CF5929-71CA-EBBC-6497-7F6590B4E28C	13	B778538A-3CF5-FEBE-6028-CB9E32573B12	1	1582830042	{"level":4,"stage":1}	1582830042	1582830071
1	37B36CA2-A426-9D26-566A-2E7D8789A936	6307404A-5D59-0E28-1884-7D626895B53E	5	3B851AAA-240F-1551-D699-E7012FE31EC8	1	1582699630	{"level":4,"stage":1}	1582699630	1582704730
1	8CB0F1EA-28BA-40C8-9E3B-084C897E0ADF	63322A1C-5FAE-8829-80D4-C4814307D8CB	4	732167D5-5118-8CFC-EB01-BE299CD77233	1	1582698340	{"level":3,"stage":1}	1582698340	1582698384
1	8CB0F1EA-28BA-40C8-9E3B-084C897E0ADF	6392583B-AB2E-BF83-47E1-63F1486980C1	4	329A8351-BD36-403B-CF89-267E739AD1C3	1	1582656625	{"level":1,"stage":1}	1582656625	1582656634
1	8CB0F1EA-28BA-40C8-9E3B-084C897E0ADF	6410F04F-6139-7850-8A44-FF3E57BA6B55	0	38215BEC-CE73-F80E-B340-F0041F5D3B29	1	1582535392	{"level":0,"stage":0}	1582535392	1582535392
1	E1432C65-F164-F1C1-A098-6FE77B938428	64873579-B38D-5777-A7BB-816DA90A2D1A	0	85E2A38C-E51A-6453-4653-E016D0A97190	1	1582186689	{"level":0,"stage":0}	1582186689	1582186816
1	16EF1D82-445B-EBBE-E67D-9131319E366B	6522E76E-2631-B6E5-A8A5-6C68CDC6B6D7	24	1EE0EABD-081D-3441-3A2B-82EC7788A8E0	1	1582511353	{"level":24,"stage":0}	1582511353	1582511567
1	8CB0F1EA-28BA-40C8-9E3B-084C897E0ADF	655052D1-47E4-31B6-D50E-ECDC7D26E84E	1	C03BF1DF-3799-A7A5-51AE-C930DF2F17C2	1	1582615354	{"level":1,"stage":3}	1582615354	1582615362
1	16EF1D82-445B-EBBE-E67D-9131319E366B	6715EBB1-E384-ACC7-EDF8-BB9216A786DF	9	6CE3E1B3-97A5-8DA1-B804-75902D3795CC	1	1582510715	{"level":9,"stage":0}	1582510715	1582510717
1	16EF1D82-445B-EBBE-E67D-9131319E366B	6774DE9E-9571-5F41-E46F-96B68773ED2A	1	3CAB96F2-5BCE-B0E1-8B64-FF940E26128A	1	1582624703	{"level":1,"stage":1}	1582624703	1582624779
1	16EF1D82-445B-EBBE-E67D-9131319E366B	68EE4643-F4B8-A405-094B-D67AB8A88181	4	2127C4BF-B4E0-4559-5298-3B6B37B34B96	1	1582656293	{"level":1,"stage":1}	1582656293	1582656303
1	16EF1D82-445B-EBBE-E67D-9131319E366B	6932F531-2109-B54A-0F91-1254B9732416	0	4A1576C6-D244-0C37-8191-5457287EAE7A	1	1582509373	{"level":0,"stage":0}	1582509373	1582509415
1	1B8B1A87-E091-301C-2D6C-B0858005CFBB	694A3D61-3A49-07F9-E322-D39700B4304D	0	D051C398-0012-638A-01B6-714A4A9E1597	1	1582959652	{"level":0,"stage":0}	1582959652	1582959757
1	8CB0F1EA-28BA-40C8-9E3B-084C897E0ADF	6C657999-40B3-17E5-FD73-0CE6DFA634D0	4	C4D60B32-AC1A-E168-76D3-A8CEBDCD4FF0	1	1582754949	{"level":1,"stage":1}	1582754949	1582755016
1	BD4B7B24-96F5-6060-37B3-1520D33928AF	6CC43E8A-90AF-DDBB-AA4A-7DBD7A1296A1	0	8CC22055-2C0E-6D08-7FF7-2A661F6854D5	1	1582176235	{"level":0,"stage":0}	1582176235	1582176319
1	8CB0F1EA-28BA-40C8-9E3B-084C897E0ADF	6CDE90E4-C3E7-35BF-FD2E-28FF19D47C9D	4	E1A9DA2C-027D-4B6A-2585-96FA18E5DE65	1	1582618023	{"level":4,"stage":1}	1582618023	1582618053
1	16EF1D82-445B-EBBE-E67D-9131319E366B	6CF05979-FC7E-5F0A-2B14-E44AB447183F	4	DB0DE91A-1FBA-2C3A-9D5C-565F7A6A3B25	1	1582757023	{"level":3,"stage":1}	1582757023	1582757086
1	010FBF95-A4F1-CBC8-B7AA-61CF330DFA3C	6D76FAB6-C4C5-4B42-C6DC-E494B10DE8A7	0	E9798A4D-69A6-0DBA-CA89-E3A3FD26A6C8	1	1582184053	{"level":0,"stage":0}	1582184053	1582184083
1	F591BE87-1B2E-D2C0-7000-68346C0B8F76	6DC3DAC0-06AF-BAD5-66DF-0053727E58B2	0	BF5D805E-3114-C8AA-AB09-14A5A808DCA7	1	1582231863	{"level":0,"stage":0}	1582231863	1582231991
1	8CB0F1EA-28BA-40C8-9E3B-084C897E0ADF	6DC7A980-66FF-DCA3-8D41-49D450BEED06	1	BC741B27-CD51-E99B-2C1C-A0B1ADF7EDCE	1	1582614247	{"level":1,"stage":1}	1582614247	1582614260
1	16EF1D82-445B-EBBE-E67D-9131319E366B	6E062B02-1775-8EA3-C8C0-83BAFE5962C1	13	AA3DDAD6-AAB2-95DC-7338-09493F6FD285	1	1582770926	{"level":4,"stage":1}	1582770926	1582770937
1	8A8AFE94-2A64-F43C-D14F-DAC3CD70ABF4	6E74C628-2002-79D7-B3F2-FDBB8FD4202F	0	21F1991F-7B5D-B813-E4B1-AE9858FF0577	1	1582173507	{"level":0,"stage":0}	1582173507	1582173507
1	37B36CA2-A426-9D26-566A-2E7D8789A936	6F970FF4-2961-32B9-5E9C-42CBEA72D1E8	4	295C7E58-6EB3-C27A-7725-5A2A68EFC3C0	1	1582678549	{"level":1,"stage":1}	1582678549	1582678549
1	16EF1D82-445B-EBBE-E67D-9131319E366B	6F9C3D85-BDAF-236C-B368-140920B39614	4	CF5197F9-3ABE-53B0-51FB-1AB0299A80E9	1	1582770507	{"level":1,"stage":1}	1582770507	1582770507
1	8CB0F1EA-28BA-40C8-9E3B-084C897E0ADF	6FFC1DE0-FFA7-ECD1-5EEF-108F819EE951	0	8119145F-95CA-92AC-BC38-FCB49C1B32E3	1	1582533759	{"level":0,"stage":0}	1582533759	1582533948
1	37B36CA2-A426-9D26-566A-2E7D8789A936	709FA1A2-B960-0875-36BC-DC17F8802850	4	ECAE6013-56B1-FAC5-80BE-F95A6CB0583F	1	1582697944	{"level":1,"stage":1}	1582697944	1582698055
1	16EF1D82-445B-EBBE-E67D-9131319E366B	71F8DA1A-19AF-C746-AF47-4933FC7638A1	4	5DEEDC85-2363-96E5-96DE-D26DBB7812A0	1	1582657186	{"level":1,"stage":1}	1582657186	1582657263
1	16EF1D82-445B-EBBE-E67D-9131319E366B	72C899B2-A030-C6E8-78FA-F48D9A83204E	13	B1C12305-2925-CE0A-15D3-A8C06E185F0C	1	1582959017	{"level":4,"stage":1}	1582959017	1582959045
1	16EF1D82-445B-EBBE-E67D-9131319E366B	72F6E804-1A64-6460-1CC5-67DC30095886	4	88369D40-39E6-721F-7616-206A30AF114F	1	1582758140	{"level":3,"stage":1}	1582758140	1582758140
1	DEBEBA16-9D04-1D4A-074B-F6EDE48C39E1	73C8D856-8C94-21B0-6A9A-29F1E746A6A5	0	A29E29CB-68ED-4818-C839-A5AB19C261C8	1	1583215714	{"level":0,"stage":0}	1583215714	1583215726
1	8CB0F1EA-28BA-40C8-9E3B-084C897E0ADF	746B3E11-773A-58A0-9077-6D2AE1250D4D	4	8AB87F03-90E7-919E-0E7A-8835D5407E9C	1	1583019086	{"level":1,"stage":1}	1583019086	1583019219
1	16EF1D82-445B-EBBE-E67D-9131319E366B	74F94602-598E-57E7-F3DE-373A1216965B	1	150CCB5F-D9AA-D8A4-4F62-386373DF309B	1	1582624146	{"level":1,"stage":1}	1582624146	1582624146
1	8CB0F1EA-28BA-40C8-9E3B-084C897E0ADF	751DB65A-9673-CDB2-23C0-4AACAF13B15C	1	7280DA49-7157-FD0F-A30D-44BDAC68B59A	1	1582608249	{"level":1,"stage":1}	1582608249	1582608256
1	37B36CA2-A426-9D26-566A-2E7D8789A936	7525FB65-FD44-F02E-ACC2-F7A79185858B	4	20D71F60-077E-4D06-3D88-E63F0C016212	1	1582692401	{"level":1,"stage":1}	1582692401	1582692420
1	16EF1D82-445B-EBBE-E67D-9131319E366B	755262E2-24A0-D509-63B4-2D6DD8EF7BFB	5	08C3512A-4D32-A212-56BE-82708A145C37	1	1582693305	{"level":4,"stage":1}	1582693305	1582693458
1	16EF1D82-445B-EBBE-E67D-9131319E366B	758F0289-CD15-61B1-F23F-F7303D68B26D	0	D0D28FB8-7165-5BBC-26AE-BB7DF93F730E	1	1582503803	{"level":0,"stage":0}	1582503803	1582504294
1	37B36CA2-A426-9D26-566A-2E7D8789A936	75CE6CEC-7D09-C6AD-41A8-B587581C4AA4	4	E8D34DAE-B570-403A-BFEE-D4EF3E691F5D	1	1582696861	{"level":1,"stage":1}	1582696861	1582697302
1	16EF1D82-445B-EBBE-E67D-9131319E366B	75ECFA29-D447-98EB-CE5D-7C4E1A6A9D54	4	0B8E602F-008F-3E1B-5712-CCC286B894ED	1	1582758171	{"level":3,"stage":1}	1582758171	1582758332
1	16EF1D82-445B-EBBE-E67D-9131319E366B	76450936-05B9-2EF9-88F0-FE8A7248F6F5	5	FFA95510-7334-71FE-1502-DEF02ED81DAB	1	1582693998	{"level":4,"stage":1}	1582693998	1582694041
1	16EF1D82-445B-EBBE-E67D-9131319E366B	779FEA7F-E343-0982-3C9D-7B88879A246F	5	0A30DE9D-3B41-26C6-E655-C5DF89B6DC0B	1	1582691669	{"level":4,"stage":1}	1582691669	1582691735
1	16EF1D82-445B-EBBE-E67D-9131319E366B	784AA80C-93E6-DEEC-9206-5FEB4D304619	4	35B0E672-DCE2-9429-22C7-3468A6A1C6A3	1	1582771471	{"level":1,"stage":1}	1582771471	1582771527
1	8CB0F1EA-28BA-40C8-9E3B-084C897E0ADF	7A9B22F3-0E83-8FF2-D16D-003A976DE15E	1	EF12D2B2-B415-1E77-651C-A4A37373AC98	1	1582615944	{"level":1,"stage":3}	1582615944	1582615944
1	16EF1D82-445B-EBBE-E67D-9131319E366B	7BDD84C0-5036-D4A4-D476-5EAC6A92D554	13	EE05C228-B0A2-4104-6DDB-E71EC43D2C47	1	1582771579	{"level":4,"stage":1}	1582771579	1582771583
1	8CB0F1EA-28BA-40C8-9E3B-084C897E0ADF	7C03C2AF-CA34-9100-F51E-CF8BB7BC4E97	4	DE6A4B7E-9ACA-D4A0-7BF2-BC70E285CC80	1	1582761361	{"level":3,"stage":1}	1582761361	1582761401
1	16EF1D82-445B-EBBE-E67D-9131319E366B	7CBC4FF0-72C0-6837-0735-B8D49087E322	1	423A0985-F5CA-0E42-5E17-5228BCB8EB62	1	1582619652	{"level":1,"stage":1}	1582619652	1582619684
1	16EF1D82-445B-EBBE-E67D-9131319E366B	7D092CF7-FB92-9E51-7927-98D1B51E9C3A	13	96D34804-41F3-B456-8100-A4AEFB55E5C2	1	1582960952	{"level":4,"stage":1}	1582960952	1582961259
1	F591BE87-1B2E-D2C0-7000-68346C0B8F76	7D3864FD-4321-3F0D-9AE8-8C1C366C1190	3	0F21FBF5-5689-BB75-2291-FB34511A0247	1	1582186437	{"level":3,"stage":0}	1582186437	1582186462
1	16EF1D82-445B-EBBE-E67D-9131319E366B	7DB1B6FF-04A8-CE9E-8B80-3ACEDD6A18A3	5	89E68AD7-B8AB-9C39-2A8C-481F60D89FC2	1	1582697128	{"level":4,"stage":1}	1582697128	1582697192
1	16EF1D82-445B-EBBE-E67D-9131319E366B	7DF707D1-5FAE-AEC7-6E0E-756F0A7CF6B2	5	8A7653BD-AED5-B7FA-C1FA-BE3332B8A143	1	1582694343	{"level":4,"stage":1}	1582694343	1582694364
1	16EF1D82-445B-EBBE-E67D-9131319E366B	7EDEBD0A-ABDD-6F31-B42E-239FA6850AD2	0	AA74BCD8-47FA-76BB-F7F8-09C70335AEEA	1	1582509192	{"level":0,"stage":0}	1582509192	1582509192
1	16EF1D82-445B-EBBE-E67D-9131319E366B	7F0D8A98-90E9-F4E9-4553-8933A5C49571	5	89BAA8BB-59C3-A0A6-AE2A-6E1149762391	1	1582693664	{"level":4,"stage":1}	1582693664	1582693697
1	8CB0F1EA-28BA-40C8-9E3B-084C897E0ADF	7F8C793F-B635-E472-7D9B-B394E393B0E1	1	7B5B1431-B564-A25C-2846-04E7439C11A8	1	1582614494	{"level":1,"stage":3}	1582614494	1582614497
1	16EF1D82-445B-EBBE-E67D-9131319E366B	8174D62F-3028-C031-DEC9-BC802627E327	5	F599D4DF-157E-3C8A-E945-4D7517D57EDA	1	1582693225	{"level":4,"stage":1}	1582693225	1582693234
1	16EF1D82-445B-EBBE-E67D-9131319E366B	822492C1-F572-C7A2-1F5D-C32618AEDFCE	13	075060E6-1974-32FD-D115-A44FABB8B9DA	1	1582959805	{"level":4,"stage":1}	1582959805	1582959815
1	8CB0F1EA-28BA-40C8-9E3B-084C897E0ADF	83B0D329-9421-A1FF-6E5A-678B6108D2ED	2	096CFD10-C311-5D90-CD34-930BB8E7C9F3	1	1582617195	{"level":2,"stage":1}	1582617195	1582617287
1	16EF1D82-445B-EBBE-E67D-9131319E366B	84F4C79F-2BC0-485E-D305-EB5092F53383	4	BE34A608-7F01-B370-16A1-FC66836FD4E8	1	1582657572	{"level":1,"stage":1}	1582657572	1582657887
1	8CB0F1EA-28BA-40C8-9E3B-084C897E0ADF	850D7E67-66D7-31B0-1E4F-0444822F7BA9	4	9CE1F83D-2528-B332-985E-C95E241D6BE3	1	1582704709	{"level":3,"stage":1}	1582704709	1582704709
1	37B36CA2-A426-9D26-566A-2E7D8789A936	8538A9DB-82BB-5899-4D6F-B2CDC86C8C08	4	C7ACE908-5095-6F53-2DDB-B4CC942DB9C4	1	1582697446	{"level":1,"stage":1}	1582697446	1582697499
1	16EF1D82-445B-EBBE-E67D-9131319E366B	85D3A135-6FE2-CA89-69BC-C0F06FC5A5D8	4	75EA245D-FDB9-88ED-52AF-9A25F205783A	1	1582625391	{"level":1,"stage":1}	1582625391	1582625495
1	16EF1D82-445B-EBBE-E67D-9131319E366B	85EF40F6-83B2-E487-6510-472FEE432D5B	4	620FC573-C098-5338-FE8D-4D19D801659C	1	1582655350	{"level":1,"stage":1}	1582655350	1582655421
1	8CB0F1EA-28BA-40C8-9E3B-084C897E0ADF	869248BD-9EE4-B02F-7F48-5D29E26013DA	1	F61D6873-3A07-6E87-60B2-08EAB7282420	1	1582608340	{"level":1,"stage":1}	1582608340	1582608450
1	16EF1D82-445B-EBBE-E67D-9131319E366B	88392426-A753-91AB-3141-ECCBE7BC6D48	4	C91753D1-DC79-0091-0465-14AAC01088A4	1	1582656603	{"level":1,"stage":1}	1582656603	1582656609
1	37B36CA2-A426-9D26-566A-2E7D8789A936	887863D5-D104-F3EC-2D9D-36E7D71476B2	4	08E40923-2C8F-8A6F-7C84-98F0685DBA1F	1	1582677777	{"level":1,"stage":1}	1582677777	1582677777
1	8CB0F1EA-28BA-40C8-9E3B-084C897E0ADF	89324383-3588-DC97-800B-1E1FDEBEA334	0	5316AF95-B835-6ACE-5755-9450D1D9F916	1	1582541020	{"level":0,"stage":0}	1582541020	1582541020
1	8CB0F1EA-28BA-40C8-9E3B-084C897E0ADF	8AA17E89-4647-F369-9106-1B32EF156F53	4	E2FADB30-A92C-876D-C87E-FE7CD18EC847	1	1582693116	{"level":1,"stage":1}	1582693116	1582693129
1	8CB0F1EA-28BA-40C8-9E3B-084C897E0ADF	8AB8D99D-0606-4018-3DDE-E33E871FE860	1	5FAC9478-9D5B-459F-D761-446C8F23FBDE	1	1582611683	{"level":1,"stage":1}	1582611683	1582611683
1	16EF1D82-445B-EBBE-E67D-9131319E366B	8B2299D3-238B-2206-B359-42780DA3CB52	4	43E02F0B-98A4-5DB7-174B-ECAF8DE3462A	1	1582771418	{"level":1,"stage":1}	1582771418	1582771418
1	B5A0AD08-9221-94F0-52CC-1D85DD84D881	8B57753E-7A63-467F-DBC2-EC3410328D80	0	67812775-2509-387D-87CC-0F5EEB46824E	1	1582184446	{"level":0,"stage":0}	1582184446	1582184474
1	16EF1D82-445B-EBBE-E67D-9131319E366B	8C0AB4B0-C4B3-AEBD-6F27-943D68DB7B12	4	EF60B7C1-F55D-1621-6FCA-11C9D435BE07	1	1582758799	{"level":1,"stage":1}	1582758799	1582758799
1	8CB0F1EA-28BA-40C8-9E3B-084C897E0ADF	8CB9C1AF-4F63-BF39-5FC5-532AD9B3F354	0	C6C5465F-F470-3D9A-9CEA-932A0C18EF0E	1	1582537574	{"level":0,"stage":0}	1582537574	1582537574
1	8CB0F1EA-28BA-40C8-9E3B-084C897E0ADF	8D4A33B8-30FA-087F-EC15-BD5A7AC7E703	1	4E80DE36-5136-BB0A-9152-0B44FFF28E9A	1	1582607046	{"level":1,"stage":1}	1582607046	1582607056
1	16EF1D82-445B-EBBE-E67D-9131319E366B	8EFF64D6-5F6F-DBE5-B076-68E6606EE675	4	2AA0BE3F-2D96-FE3B-D4D1-428EE43C6882	1	1582758851	{"level":1,"stage":1}	1582758851	1582758961
1	74404E02-B6B1-16DF-2E45-CA54B62D1313	8F48DAA1-5383-EA04-34B4-176D96B03406	0	6114144C-B122-3085-96CD-49F2D5A24D32	1	1582218427	{"level":0,"stage":0}	1582218427	1582218427
1	16EF1D82-445B-EBBE-E67D-9131319E366B	8FB8A0D2-4701-42A5-84EA-833CF8EC2A61	4	2D367360-F639-415B-410E-CB8F1A1FC22B	1	1582769958	{"level":1,"stage":1}	1582769958	1582770102
1	8CB0F1EA-28BA-40C8-9E3B-084C897E0ADF	8FBED686-A7B1-8961-6C51-1E9C229BD77F	4	B5ED013E-4924-07ED-8EDE-360AED2AE871	1	1582696271	{"level":1,"stage":1}	1582696271	1582696615
1	8CB0F1EA-28BA-40C8-9E3B-084C897E0ADF	90250338-B029-1E1F-3824-54D15D394492	4	B3C30EC3-7EBF-F91E-8691-650B3F68FFA2	1	1582678832	{"level":1,"stage":1}	1582678832	1582678832
1	16EF1D82-445B-EBBE-E67D-9131319E366B	909C9654-31AD-825D-0396-9241EF3C3A67	4	487EB10B-3829-C652-8803-A536CC93CC39	1	1582654743	{"level":1,"stage":1}	1582654743	1582654774
1	010FBF95-A4F1-CBC8-B7AA-61CF330DFA3C	90BC2FC8-F61E-C0BD-6949-8EC8C2D8AB60	0	E736014F-3FC0-C74B-190F-E89CEE8B176C	1	1582187419	{"level":0,"stage":0}	1582187419	1582187488
1	37B36CA2-A426-9D26-566A-2E7D8789A936	90C3F6E5-04E6-9AE5-6130-562645CE0189	4	DE14852B-136D-6473-A3B2-581E65FA2F9F	1	1582696699	{"level":1,"stage":1}	1582696699	1582696785
1	010FBF95-A4F1-CBC8-B7AA-61CF330DFA3C	9176D8E0-C9E5-06BC-A576-38C64E13F1F5	0	B675F033-B974-040A-EAFA-B52EC6E7B6FA	1	1582184420	{"level":0,"stage":0}	1582184420	1582184517
1	8CB0F1EA-28BA-40C8-9E3B-084C897E0ADF	91B924C9-6797-F135-EF2C-5627ADBFF83E	4	17411166-6C4D-BBB9-F099-159FEA38EDAD	1	1582697570	{"level":3,"stage":1}	1582697570	1582697741
1	16EF1D82-445B-EBBE-E67D-9131319E366B	91D65E04-0AF5-068E-8C6E-92C2BC13E09A	5	C9BA6AC7-2300-C009-156B-9FC6B5A29D35	1	1582693577	{"level":4,"stage":1}	1582693577	1582693577
1	8CB0F1EA-28BA-40C8-9E3B-084C897E0ADF	922200B1-FC35-AB3A-2B44-175C9BECB69C	4	4CC47C0E-29A8-CA3E-10C2-02F1995E3786	1	1582696977	{"level":3,"stage":1}	1582696977	1582696977
1	9F08D149-4DEB-1A0E-626B-1E4F57FDC006	925B009C-0E08-BC20-1D1B-577B48ACD698	0	23CC3F9A-6F1D-3217-2CD0-347CA9708F4D	1	1582186436	{"level":0,"stage":0}	1582186436	1582186505
1	8CB0F1EA-28BA-40C8-9E3B-084C897E0ADF	92610792-F6F9-2269-764A-1C02977A59F1	4	B69C8A52-FFBF-5B6E-5C56-DF4866909EF4	1	1582674597	{"level":1,"stage":1}	1582674597	1582674597
1	16EF1D82-445B-EBBE-E67D-9131319E366B	92B28C45-F1ED-8B39-5E53-9922FE001378	13	95B8DD24-FF2C-EBD1-5CFC-DE59F8AA083A	1	1582960235	{"level":4,"stage":1}	1582960235	1582960262
1	8CB0F1EA-28BA-40C8-9E3B-084C897E0ADF	93AA9351-8745-1579-E730-4F1C35D649BE	4	1E48F9D0-389C-268A-583B-799F778E7E55	1	1582704562	{"level":3,"stage":1}	1582704562	1582704562
1	8CB0F1EA-28BA-40C8-9E3B-084C897E0ADF	94EE98D7-BAEF-073D-EF29-A3C6AFE66AC8	1	CDC68CA3-248B-E7D8-3555-A5EDC11D4F1B	1	1582607667	{"level":1,"stage":1}	1582607667	1582607667
1	8CB0F1EA-28BA-40C8-9E3B-084C897E0ADF	97735754-CF13-5F57-DA6C-C61D123C2522	4	B7D1D1E5-F88D-FAB0-DDFA-62268E8DC073	1	1582678340	{"level":1,"stage":1}	1582678340	1582678402
1	16EF1D82-445B-EBBE-E67D-9131319E366B	98ADF313-11FC-6BCA-E334-B18729B32D44	13	64377B4F-0C94-4DDF-7E21-B1CBB1BF0CCA	1	1582830950	{"level":4,"stage":1}	1582830950	1582831002
1	16EF1D82-445B-EBBE-E67D-9131319E366B	99375694-7338-9593-BEBB-B01FFD4AA1C2	6	75483F7E-C39F-B113-CE2B-752BEFADAEF1	1	1582622940	{"level":6,"stage":1}	1582622940	1582622989
1	8CB0F1EA-28BA-40C8-9E3B-084C897E0ADF	995CD6A8-1646-B9B7-7D18-AF270F0BEFF7	4	0EA6480A-0B1D-E2BB-ED65-3BD2166F377B	1	1582701418	{"level":1,"stage":1}	1582701418	1582701434
1	16EF1D82-445B-EBBE-E67D-9131319E366B	9A86EE45-7FD5-47BF-F284-A8595818F161	4	2C1B8869-B0A1-E2F2-DC4D-34DD82F7D1A8	1	1582655475	{"level":1,"stage":1}	1582655475	1582655500
1	16EF1D82-445B-EBBE-E67D-9131319E366B	9ACB205F-179F-9047-7EFA-1459E6CC38A1	5	7DC18BB1-FABD-6703-406B-67A4C7A55033	1	1582691428	{"level":4,"stage":1}	1582691428	1582691450
1	F591BE87-1B2E-D2C0-7000-68346C0B8F76	9B96835C-B7FD-59CC-F557-95C9D65F219C	0	BAE60E51-80E0-9435-B0BE-4954993C4BFE	1	1582186313	{"level":0,"stage":0}	1582186313	1582186338
1	16EF1D82-445B-EBBE-E67D-9131319E366B	9D6BFA70-F7EA-5509-F26C-6E4F413F045A	4	11C1537F-5B65-5479-BCA7-A4DF3E1E2516	1	1582657901	{"level":1,"stage":1}	1582657901	1582657973
1	8CB0F1EA-28BA-40C8-9E3B-084C897E0ADF	9ECA597E-5B98-D0DE-1766-A2D3029FDAA6	4	EFE4DC5E-F363-E349-0BDF-F2D1419943EB	1	1582693165	{"level":1,"stage":1}	1582693165	1582693246
1	16EF1D82-445B-EBBE-E67D-9131319E366B	9FD5CEC5-5EBD-DE36-CCE4-AC37BE942727	5	FB038F07-058F-F744-74F5-10A5552ECD4D	1	1582694074	{"level":4,"stage":1}	1582694074	1582694074
1	16EF1D82-445B-EBBE-E67D-9131319E366B	A0C04DD4-E709-651C-2018-1B503E86F36A	13	C54396DE-1755-B9FD-BB82-3E2EABEB0C84	1	1582960562	{"level":4,"stage":1}	1582960562	1582960573
1	C8E0CEB7-5737-527A-BEBA-E4C1EE3EE386	A1E3D837-A686-469E-B21A-03001F62521B	0	F22C03C5-00AB-5463-3CFE-8B108299D032	1	1582541122	{"level":0,"stage":0}	1582541122	1582541138
1	620FAE3A-B5A9-BB27-714F-9AF00760A6C7	A26FE150-A5EA-FC60-DC90-EF90567F17F3	0	402AA39D-03CC-1704-2294-5290CB46D8DE	1	1582188338	{"level":0,"stage":0}	1582188338	1582188352
1	620FAE3A-B5A9-BB27-714F-9AF00760A6C7	A3580606-2C44-EC54-A856-295131C71338	0	60FAF04A-492C-D2D4-371D-937342805FF1	1	1582188369	{"level":0,"stage":0}	1582188369	1582188462
1	16EF1D82-445B-EBBE-E67D-9131319E366B	A35B8B11-BF44-7F1B-0131-3DBDD53D665C	5	BB1D8640-129E-A29A-6BD3-3655B11CB4BC	1	1582694670	{"level":4,"stage":1}	1582694670	1582694702
1	37B36CA2-A426-9D26-566A-2E7D8789A936	A3C22FFC-BE32-EB73-5F48-4E22C361119C	4	6D83EA91-17AE-B0AE-E2DC-133CFB9F6BE1	1	1582705503	{"level":3,"stage":1}	1582705503	1582705567
1	16EF1D82-445B-EBBE-E67D-9131319E366B	A471AD8C-4F2F-5DD6-12B2-A15FED7AF574	5	38532DE5-3A3F-CBDE-A660-7F91F1F369CA	1	1582692260	{"level":4,"stage":1}	1582692260	1582692298
1	8CB0F1EA-28BA-40C8-9E3B-084C897E0ADF	A47D6BF8-A636-FF23-924A-249A56DD8B84	1	B2C43E6A-72A8-7C1D-3A38-C7837180D988	1	1582608131	{"level":1,"stage":1}	1582608131	1582608194
1	8CB0F1EA-28BA-40C8-9E3B-084C897E0ADF	A526F5FD-1FA3-77AC-CF7A-5C27E8416FD5	0	63CD86CA-8A00-D661-AC06-C1BEDA08017B	1	1582536358	{"level":0,"stage":0}	1582536358	1582536418
1	E1432C65-F164-F1C1-A098-6FE77B938428	A5A799AD-96C8-D83E-035E-205683F09AB7	0	9C05E839-5800-6FE0-6576-D045FF19E4BA	1	1582187194	{"level":0,"stage":0}	1582187194	1582187194
1	8CB0F1EA-28BA-40C8-9E3B-084C897E0ADF	A6084B03-186D-1549-A44E-D6A9555E662A	0	8D28F810-5CA8-EAE8-D837-C1F03AB7AA1B	1	1582534972	{"level":0,"stage":0}	1582534972	1582534972
1	16EF1D82-445B-EBBE-E67D-9131319E366B	A6095C58-454E-1BE4-CAE3-88C9338907E4	4	F6A48CC1-457F-9B65-1D14-F7D75A65214B	1	1582657326	{"level":1,"stage":1}	1582657326	1582657350
1	606B5333-B5F7-A962-C964-E8EE8B628A95	A73920EB-791A-1174-05EC-8C24392AF005	0	EA6F1972-302A-FD34-CAFB-BA80A484BDB0	1	1582509703	{"level":0,"stage":0}	1582509703	1582509830
1	16EF1D82-445B-EBBE-E67D-9131319E366B	A7DFFDEC-73A3-488D-27DA-0A787AE992DB	5	19F0D921-B23F-3A79-C09C-46E758EE24FA	1	1582697028	{"level":4,"stage":1}	1582697028	1582697038
1	8CB0F1EA-28BA-40C8-9E3B-084C897E0ADF	A87243CA-05D7-E39C-58D2-A3C93F3DBEDB	4	D592DEA5-D6B1-A73F-1F11-E09EA81B1F35	1	1582676552	{"level":1,"stage":1}	1582676552	1582676552
1	8CB0F1EA-28BA-40C8-9E3B-084C897E0ADF	A97BEAD1-DE19-084A-3608-97FC558B4C7E	4	8F4581C7-27F5-5BA3-9FE7-AF9D6CA295F5	1	1582693576	{"level":1,"stage":1}	1582693576	1582693933
1	16EF1D82-445B-EBBE-E67D-9131319E366B	A98621D2-BDB8-5A54-C39A-1C25DDB6347B	13	0520D555-0B1A-E701-AF97-C07E9087B486	1	1582960672	{"level":4,"stage":1}	1582960672	1582960720
1	16EF1D82-445B-EBBE-E67D-9131319E366B	AA0CBD5C-207D-AE6B-0F74-EBD88EB20B84	13	EEE7C51A-3318-B734-442A-E5D83D115E09	1	1582960893	{"level":4,"stage":1}	1582960893	1582960911
1	04E44F57-7820-516A-49A8-983CBDCDBFCA	AA129E4F-D0BF-2BB2-C1AA-099CC602D777	0	EEEC60F5-CC2D-AF46-9B30-873ABA6E7D3B	1	1582215758	{"level":0,"stage":0}	1582215758	1582215758
1	16EF1D82-445B-EBBE-E67D-9131319E366B	AB5906C1-8400-EDEC-17DF-2FCDF72F92CC	4	B7B366EA-4B39-2D1C-E027-6D4F71300879	1	1582625051	{"level":1,"stage":1}	1582625051	1582625156
1	8CB0F1EA-28BA-40C8-9E3B-084C897E0ADF	AB6566FD-9F78-7956-6806-0AAA265E7C4C	4	16C2BD82-41BC-39D5-BAF3-EFDE3282651D	1	1582702645	{"level":3,"stage":1}	1582702645	1582702645
1	8CB0F1EA-28BA-40C8-9E3B-084C897E0ADF	AB966925-F79C-9A88-9B8C-0586A99221F5	4	022738A4-66C1-D6DD-BBDD-E39F4F1E044C	1	1582705837	{"level":3,"stage":1}	1582705837	1582705879
1	16EF1D82-445B-EBBE-E67D-9131319E366B	AC7D3B31-133A-FB54-1EF1-D8EFEAD1216A	13	DA4D3962-49FB-A950-9CC3-42F3518C78E2	1	1582830102	{"level":4,"stage":1}	1582830102	1582830118
1	010FBF95-A4F1-CBC8-B7AA-61CF330DFA3C	AD756074-87BA-0F25-1D26-997AD2481B6C	0	70F9790C-21F2-805C-AEAB-DFA3AECC9C73	1	1582185082	{"level":0,"stage":0}	1582185082	1582185688
1	16EF1D82-445B-EBBE-E67D-9131319E366B	AE112E46-5760-D452-3B46-E52E820C6EE7	1	780CA382-C5AA-C72E-2961-FE1C82F7F830	1	1582619468	{"level":1,"stage":1}	1582619468	1582619482
1	8CB0F1EA-28BA-40C8-9E3B-084C897E0ADF	AE470C0C-32C5-026F-7D23-078E614B0E19	1	3B37DE30-155A-E40D-3B7D-4AAE212A725D	1	1582612523	{"level":1,"stage":1}	1582612523	1582612534
1	16EF1D82-445B-EBBE-E67D-9131319E366B	AE95679B-E390-4C31-C942-085BA2491423	4	CE1BBCF5-E76A-5354-20A4-58D343C94E50	1	1582758363	{"level":3,"stage":1}	1582758363	1582758536
1	A48C843D-5A9A-0345-CD1C-B51BD59B5841	AEF857DC-E158-F271-6BA1-C8193CE7F713	0	1F9DD1F4-424D-4BF9-01AD-A7A9B4ECD87E	1	1582959526	{"level":0,"stage":0}	1582959526	1582959526
1	8CB0F1EA-28BA-40C8-9E3B-084C897E0ADF	AF18ED92-17DB-29D7-F795-48AE12150F76	4	C81D3633-9170-6E39-2233-045B84F509D0	1	1582655344	{"level":1,"stage":1}	1582655344	1582655421
1	75452F6E-B982-2B3D-9212-DBCB5DD6BE44	AF9FF84E-E848-1F1B-5FD1-EE781A8DD8C4	0	D5F46F49-2F30-8B89-B89D-7573433F1F6A	1	1582186529	{"level":0,"stage":0}	1582186529	1582187067
1	AA1B34E2-9619-6100-F4D0-A759646218A1	B1B9B3EC-813D-0B84-C8E7-6D06E3600464	0	E0AD7C9D-C1A0-C7D0-22D7-D3B24BAB77DB	1	1582319111	{"level":0,"stage":0}	1582319111	1582319130
1	16EF1D82-445B-EBBE-E67D-9131319E366B	B1EBCA7E-6A2B-0246-D84F-2BF9451CC39A	4	88303ADC-683C-30A5-AD0D-78B5D1C1E513	1	1582654882	{"level":1,"stage":1}	1582654882	1582655038
1	AE0B0284-1108-494F-2248-AFFB4D746393	B278D32A-2A95-55D8-9A8A-B1AAE07ADF01	0	B6EC8399-A076-455F-7062-40DD84B2EE95	1	1582201214	{"level":0,"stage":0}	1582201214	1582201214
1	16EF1D82-445B-EBBE-E67D-9131319E366B	B2F9E43C-0023-4221-E39C-3C19E250E746	5	58D509F3-B57C-52AC-E792-4ADCC933BE58	1	1582697065	{"level":4,"stage":1}	1582697065	1582697081
1	AA1B34E2-9619-6100-F4D0-A759646218A1	B2FD2678-46E7-5FC5-889B-CA944635C787	0	7AD85505-5F23-D7FE-060F-2AFA1C0F2D09	1	1582318904	{"level":0,"stage":0}	1582318904	1582319100
1	16EF1D82-445B-EBBE-E67D-9131319E366B	B3179F6A-7CB0-759F-F7A1-2D863F61451A	4	84E2AE5F-F8DB-C24C-C748-646002AF93F1	1	1582655684	{"level":1,"stage":1}	1582655684	1582655684
1	8CB0F1EA-28BA-40C8-9E3B-084C897E0ADF	B317AF50-9915-2DCD-6B96-043B3B857BA4	0	86A953D6-6D63-7B65-5633-E4491401128D	1	1582538065	{"level":0,"stage":0}	1582538065	1582538081
1	8CB0F1EA-28BA-40C8-9E3B-084C897E0ADF	B3388BE2-893D-4272-F236-3BDCD280F75B	1	61123945-F57C-DF9C-4183-EC865C2D6C22	1	1582604914	{"level":1,"stage":1}	1582604914	1582605274
1	16EF1D82-445B-EBBE-E67D-9131319E366B	B37BE945-4244-1BED-F1D2-B090962428EA	5	C6E020AB-14A6-D681-14B3-DE0E1B8FA153	1	1582692959	{"level":4,"stage":1}	1582692959	1582692968
1	8CB0F1EA-28BA-40C8-9E3B-084C897E0ADF	B433A862-77EC-0632-5F57-E14B5C43E18A	4	63415954-5C47-8727-A77F-4414FB1CD54C	1	1582676784	{"level":1,"stage":1}	1582676784	1582677153
1	8CB0F1EA-28BA-40C8-9E3B-084C897E0ADF	B4DF6614-167A-6BCD-6A2C-CB59ECCC9356	13	54163C99-1AAC-8E55-6F1E-94E5DA237252	1	1583018244	{"level":4,"stage":1}	1583018244	1583018265
1	8CB0F1EA-28BA-40C8-9E3B-084C897E0ADF	B6027CE6-F04F-29DE-BBC1-561F5AC5DAF5	2	3369AC52-8A47-1E84-7801-873796CF5144	1	1582616573	{"level":2,"stage":1}	1582616573	1582616848
1	606B5333-B5F7-A962-C964-E8EE8B628A95	B67BF0F9-59B7-7A87-71C8-AB2A9A205734	0	51F0953E-95E2-00B4-AF7E-FB861551C1ED	1	1582186441	{"level":0,"stage":0}	1582186441	1582186593
1	F591BE87-1B2E-D2C0-7000-68346C0B8F76	B7349CAE-B1D0-7F94-DF32-FFB41FB849FA	0	5EE05108-486D-A646-B49A-646B75B1F5EA	1	1582657998	{"level":0,"stage":0}	1582657998	1582658012
1	16EF1D82-445B-EBBE-E67D-9131319E366B	B7524DCB-B8AC-1034-BD92-DAAE981CEC9D	5	07BEB5D4-0D36-BBF9-D315-5622124A9E7A	1	1582691603	{"level":4,"stage":1}	1582691603	1582691603
1	16EF1D82-445B-EBBE-E67D-9131319E366B	B7A8FAFC-00C3-CFBC-EBB2-989C945DAE79	5	1EBD05C4-BDE2-6D1E-E9F5-CAA4C4B6BD08	1	1582692146	{"level":4,"stage":1}	1582692146	1582692210
1	16EF1D82-445B-EBBE-E67D-9131319E366B	B7FB84AC-425E-B728-987B-83D3DFCCE4EA	5	118FD512-8A31-FAFC-7982-5F29FC8AC512	1	1582692795	{"level":4,"stage":1}	1582692795	1582692795
1	16EF1D82-445B-EBBE-E67D-9131319E366B	B85DAA49-97F4-50B6-9FB9-37BBBF796B12	5	C0F14D85-DCF7-B045-C511-667255F8276E	1	1582694545	{"level":4,"stage":1}	1582694545	1582694579
1	8CB0F1EA-28BA-40C8-9E3B-084C897E0ADF	B88460E3-E603-C5F0-5A48-8382BE3A7A3B	0	EB845BAF-34ED-F3EE-D9BC-498F78EBA673	1	1582530572	{"level":0,"stage":0}	1582530572	1582530726
1	16EF1D82-445B-EBBE-E67D-9131319E366B	B903426D-F885-62A4-6ADF-9EFC7ECF28E6	1	6A201C27-1AA9-F81F-42EE-6C71E72C9EAC	1	1582613672	{"level":1,"stage":1}	1582613672	1582613677
1	8CB0F1EA-28BA-40C8-9E3B-084C897E0ADF	BBB56200-FC17-6969-4BA0-754DBE488D8D	1	6D29D4EB-A0BB-5C0A-63A4-98A8502F9F5C	1	1582617567	{"level":1,"stage":1}	1582617567	1582617679
1	16EF1D82-445B-EBBE-E67D-9131319E366B	BC5C4EE2-CDD1-8593-A7A9-D37B325A432A	5	3BE881FD-73BE-B6A2-FD22-F1C910826BE3	1	1582693735	{"level":4,"stage":1}	1582693735	1582693745
1	16EF1D82-445B-EBBE-E67D-9131319E366B	BD6D31C5-0459-BAC9-E93F-827F071D1448	5	6E72D5E6-8AD5-EBB8-1A77-5ADB89885D8E	1	1582690586	{"level":4,"stage":1}	1582690586	1582690660
1	8CB0F1EA-28BA-40C8-9E3B-084C897E0ADF	BDD08C46-7598-F0B9-4634-E72DA79A2CA5	13	AD62295D-57F4-ECA1-5DF8-0924250C9171	1	1583018181	{"level":4,"stage":1}	1583018181	1583018181
1	8CB0F1EA-28BA-40C8-9E3B-084C897E0ADF	BF40DC8B-1696-98E2-2BD5-A01C93D8C82A	1	9B8934E6-9340-4775-9EF8-C9D3A222F6C4	1	1582615078	{"level":1,"stage":3}	1582615078	1582615078
1	16EF1D82-445B-EBBE-E67D-9131319E366B	BFA86C59-D7CD-D573-B380-A5D0B7CB243A	5	94A21830-1234-F86C-592E-C292590FF74F	1	1582693768	{"level":4,"stage":1}	1582693768	1582693786
1	A48C843D-5A9A-0345-CD1C-B51BD59B5841	BFC82BF3-D3E5-2619-71D8-49F6EDABF2A9	0	89488B38-4C32-4D24-C2C2-1450305CBABA	1	1583033119	{"level":0,"stage":0}	1583033119	1583033119
1	16EF1D82-445B-EBBE-E67D-9131319E366B	C067933D-AC1D-8A2E-4FD5-0D5A69282BD2	5	F465000C-2B39-D6DD-2362-C8C8E0187F39	1	1582692864	{"level":4,"stage":1}	1582692864	1582692864
1	16EF1D82-445B-EBBE-E67D-9131319E366B	C14E0262-A7A2-0996-F63E-2286789C2E2D	5	E50CB3CF-91D9-ECB8-AA01-D006B9BFE04E	1	1582697101	{"level":4,"stage":1}	1582697101	1582697101
1	8CB0F1EA-28BA-40C8-9E3B-084C897E0ADF	C15C9271-7B8E-6C32-88A5-CDF2F513EC33	4	828F0411-331D-6145-67D1-FB0EC93317E8	1	1582653629	{"level":1,"stage":1}	1582653629	1582653805
1	C8E0CEB7-5737-527A-BEBA-E4C1EE3EE386	C21405F2-7FA2-52B2-1E6A-90399437F9F6	0	8C3EB010-8C7B-B0E7-F022-1AAC3C06F794	1	1582173387	{"level":0,"stage":0}	1582173387	1582173429
1	16EF1D82-445B-EBBE-E67D-9131319E366B	C252C4C6-BCA8-074E-56FB-CF9A5A60D805	5	7CDDE8D6-92F8-1EE6-D653-CA9DA10EADC2	1	1582693103	{"level":4,"stage":1}	1582693103	1582693142
1	16EF1D82-445B-EBBE-E67D-9131319E366B	C2A3E3F5-E027-7486-45A3-E305671FE015	4	443D713B-572B-5604-15FE-AECA5F58F18F	1	1582690394	{"level":1,"stage":1}	1582690394	1582690398
1	16EF1D82-445B-EBBE-E67D-9131319E366B	C342BEDF-A7E1-0F67-D572-3EC1D439F07E	13	F8E76233-C741-DB67-38F6-605D8F564A91	1	1582830610	{"level":4,"stage":1}	1582830610	1582830615
1	16EF1D82-445B-EBBE-E67D-9131319E366B	C3E5C849-15F4-7FD4-7E8C-AAFD00C12B78	5	35718EB5-DF26-D8AD-6D5D-185B8A64DD21	1	1582694409	{"level":4,"stage":1}	1582694409	1582694409
1	16EF1D82-445B-EBBE-E67D-9131319E366B	C52DF623-3851-FF3B-C474-BB3884C7531F	7	A018CA5A-04DF-B3B2-7AF2-17232F2DBEA9	1	1582656009	{"level":2,"stage":1}	1582656009	1582656009
1	8CB0F1EA-28BA-40C8-9E3B-084C897E0ADF	C5416C9F-67C3-AF66-DF4A-26DCBB2248FA	4	69994972-82A7-AA85-3D22-D7BC8E3F7C6C	1	1582675078	{"level":1,"stage":1}	1582675078	1582675078
1	16EF1D82-445B-EBBE-E67D-9131319E366B	C7075462-3D54-AD79-E719-443548035D8F	4	202497F9-33D2-DCC5-09BE-3AD7487D08D6	1	1582655264	{"level":1,"stage":1}	1582655264	1582655323
1	16EF1D82-445B-EBBE-E67D-9131319E366B	C710107A-F1EF-2EE3-58B8-F7DF12CE0AB9	4	196B3BE4-9AD5-2265-25EE-EB1511B84F7F	1	1582657269	{"level":1,"stage":1}	1582657269	1582657288
1	DEBEBA16-9D04-1D4A-074B-F6EDE48C39E1	C87A596E-72DA-1798-BAED-1285505896E5	0	45AE8154-E8A6-BD8D-A8CB-14E1BB5C3341	1	1583044765	{"level":0,"stage":0}	1583044765	1583044873
1	8CB0F1EA-28BA-40C8-9E3B-084C897E0ADF	CA3BA61F-AEFE-AF94-A397-A1983DFEBD26	1	B7A5EE1F-FF34-F576-7656-AB0C39FD3DC6	1	1582614133	{"level":1,"stage":1}	1582614133	1582614143
1	16EF1D82-445B-EBBE-E67D-9131319E366B	CA9A0699-D8AE-5576-BF0B-258AE48861E3	7	E514D1B0-624E-2967-D8E8-C16B81709AFC	1	1582771886	{"level":2,"stage":1}	1582771886	1582771945
1	8CB0F1EA-28BA-40C8-9E3B-084C897E0ADF	CADF87F6-3057-1319-470D-6ADB2853E60E	0	C654A933-8079-D89E-26B7-83A3F28FB710	1	1582541728	{"level":0,"stage":0}	1582541728	1582541728
1	8CB0F1EA-28BA-40C8-9E3B-084C897E0ADF	CAEDCDB0-361C-8D4E-2A67-5FC4C445642D	1	14D22D2C-9F0F-E0DA-DF25-0467D2111FEA	1	1582615449	{"level":1,"stage":3}	1582615449	1582615484
1	37B36CA2-A426-9D26-566A-2E7D8789A936	CB1FC593-A5CE-7A76-2D2C-99EAC35EDCCB	4	60E7A736-687F-9414-F7E7-827ECD275F23	1	1582692720	{"level":1,"stage":1}	1582692720	1582692828
1	F591BE87-1B2E-D2C0-7000-68346C0B8F76	CBCF5ABC-C5A4-856C-8B81-F6C05C36D95C	0	5D51EC4D-482A-F1F2-189C-103EC338D91A	1	1582614636	{"level":0,"stage":0}	1582614636	1582614655
1	010FBF95-A4F1-CBC8-B7AA-61CF330DFA3C	CC722B82-B6AD-F61B-184F-990B7BD55DB1	0	D6F07C32-D0CC-B423-DC55-5254BD17A76F	1	1582186105	{"level":0,"stage":0}	1582186105	1582186482
1	16EF1D82-445B-EBBE-E67D-9131319E366B	CEEA5850-C727-8851-F9E3-0D3379D09802	13	F22E72AE-C278-B911-C13B-15A0238B081F	1	1582960410	{"level":4,"stage":1}	1582960410	1582960430
1	8CB0F1EA-28BA-40C8-9E3B-084C897E0ADF	CF68DF34-049F-BCAB-A26D-09E580F3CBCE	0	5D67394A-C9E8-C020-F7F8-FB05BABDEEB8	1	1582539367	{"level":0,"stage":0}	1582539367	1582539419
1	8CB0F1EA-28BA-40C8-9E3B-084C897E0ADF	CF936728-D3D1-1637-EF0A-D89A6069A86A	4	06937C01-ACEC-527F-8F86-33980700C5BC	1	1582618251	{"level":4,"stage":1}	1582618251	1582618251
1	620FAE3A-B5A9-BB27-714F-9AF00760A6C7	CF985F9C-1308-67FA-5B70-7F664EF06ADE	0	6AD46B74-DE15-D692-6662-1253ACEBCE0F	1	1582188297	{"level":0,"stage":0}	1582188297	1582188310
1	16EF1D82-445B-EBBE-E67D-9131319E366B	D01142F7-CD33-89A0-747C-118ADD13FBFE	4	A75CF616-E0C7-2D0D-72F7-3519F5E09A5F	1	1582625211	{"level":1,"stage":1}	1582625211	1582625322
1	8CB0F1EA-28BA-40C8-9E3B-084C897E0ADF	D0E3B936-1ECF-B5C3-8956-D68BBE7C0C2F	4	CD66924F-44B0-A0BE-5DEA-D304853432FD	1	1583017358	{"level":1,"stage":1}	1583017358	1583017486
1	16EF1D82-445B-EBBE-E67D-9131319E366B	D0FBF9C7-B9D8-009F-3D57-380B76F06F1E	5	8F67751F-47E2-6DBD-C4D6-C1F6B6E64A45	1	1582694296	{"level":4,"stage":1}	1582694296	1582694296
1	16EF1D82-445B-EBBE-E67D-9131319E366B	D1127662-04CD-95E4-3207-AF1E919655B8	15	01BF0497-3542-3348-5841-BF2012642E4F	1	1582511127	{"level":15,"stage":0}	1582511127	1582511221
1	8CB0F1EA-28BA-40C8-9E3B-084C897E0ADF	D2B1E362-E24C-CD94-BF68-D5683C685372	2	2BD7D404-1EB8-3662-3C79-EC7199ED91B4	1	1582619147	{"level":2,"stage":1}	1582619147	1582619326
1	8CB0F1EA-28BA-40C8-9E3B-084C897E0ADF	D2FE38D2-2A4D-353E-D98C-65AE0AE29E6D	13	CA04055C-B56D-34A1-7041-C6B8DA930165	1	1583018793	{"level":4,"stage":1}	1583018793	1583018821
1	359F5B11-2044-5A5D-168B-AC11DC07F056	D3FE6D3E-F2F3-D1B4-23A6-4D73FB459FEE	0	54A7AF93-EDC0-BD41-3D73-5054362B0C60	1	1582184301	{"level":0,"stage":0}	1582184301	1582184329
1	16EF1D82-445B-EBBE-E67D-9131319E366B	D47C78EE-D494-B273-BB08-AA2F2C668602	13	EEE3CA82-DEFA-C2E4-EAF8-3E0E767F32C2	1	1582829914	{"level":4,"stage":1}	1582829914	1582829955
1	16EF1D82-445B-EBBE-E67D-9131319E366B	D4B43AD4-CF3C-1B31-5B0E-EFDBA238C5ED	1	EEC11B25-0879-0A39-C551-90CD312714E2	1	1582613741	{"level":1,"stage":1}	1582613741	1582613786
1	16EF1D82-445B-EBBE-E67D-9131319E366B	D56BA69E-CD66-CD00-8624-D143E09FEEAB	4	33635A79-D869-B90B-8035-93A7A2F26EB0	1	1582759038	{"level":3,"stage":1}	1582759038	1582759073
1	16EF1D82-445B-EBBE-E67D-9131319E366B	D6541236-9CA7-548C-70C2-01973D3F91FA	1	D1028213-8A19-83EF-1E4C-707C6A3DF40C	1	1582623545	{"level":1,"stage":1}	1582623545	1582623574
1	359F5B11-2044-5A5D-168B-AC11DC07F056	D6E50AC8-0B20-7570-480A-EC0037B7ACCE	0	32ED0A49-8F5B-905A-003A-C162A7F92752	1	1582184244	{"level":0,"stage":0}	1582184244	1582184249
1	16EF1D82-445B-EBBE-E67D-9131319E366B	D731114C-1219-13DB-E629-3CBFCDB73515	5	F1EA2B36-73C5-9A2E-F3B9-7472C98513E2	1	1582770273	{"level":4,"stage":1}	1582770273	1582770314
1	8CB0F1EA-28BA-40C8-9E3B-084C897E0ADF	D89A62F8-1701-2A1A-925E-3DEB4F1884BD	4	D9DD0EE4-83F3-EDC5-7953-D7A4AE03AFDC	1	1582698190	{"level":1,"stage":1}	1582698190	1582698263
1	8CB0F1EA-28BA-40C8-9E3B-084C897E0ADF	D8CC54B7-B3F7-435F-ACB1-3239A2282AAB	1	DDEA4A3E-A350-045F-3268-3A1C5140DA80	1	1582612905	{"level":1,"stage":1}	1582612905	1582612948
1	16EF1D82-445B-EBBE-E67D-9131319E366B	D965B7CA-8CE9-46D6-B4CD-FB4BA8EDE8CD	3	BDE6F521-8C82-23A0-6917-76E07C2D4D57	1	1582510311	{"level":3,"stage":0}	1582510311	1582510483
1	8CB0F1EA-28BA-40C8-9E3B-084C897E0ADF	DA5F0E99-729D-9AC5-A42F-C8139866EC5A	4	0974F96C-07B8-927E-D6A4-0E6D4E945D34	1	1582617736	{"level":4,"stage":1}	1582617736	1582617736
1	16EF1D82-445B-EBBE-E67D-9131319E366B	DB85DBD9-ED93-9E85-F64F-9AE6CCCA112F	1	089BE550-DD76-6B50-5AA3-874D88AF88F1	1	1582617228	{"level":1,"stage":1}	1582617228	1582619136
1	16EF1D82-445B-EBBE-E67D-9131319E366B	DBB5F73F-51CB-D8C5-E933-1B4331984B1B	4	1CD32E2D-C9FA-1CF5-E783-DAA8CCC126CB	1	1582680507	{"level":1,"stage":1}	1582680507	1582680531
1	16EF1D82-445B-EBBE-E67D-9131319E366B	DBE856EF-08E4-3AB1-8A64-A1A2CA11DFFD	13	5716C687-55CF-5C1F-B486-880365113DFE	1	1582960797	{"level":4,"stage":1}	1582960797	1582960802
1	010FBF95-A4F1-CBC8-B7AA-61CF330DFA3C	DC07AB6E-001A-9E22-A7D3-B399D902E224	0	58F151A5-6574-FC61-6223-6ABB63FA308A	1	1582185805	{"level":0,"stage":0}	1582185805	1582186072
1	16EF1D82-445B-EBBE-E67D-9131319E366B	DCEA0032-21A7-AEEA-4F9C-3ADF6C09F90D	4	256D1EA1-90A8-D8EA-8CEF-9511C571F36B	1	1582656335	{"level":1,"stage":1}	1582656335	1582656353
1	16EF1D82-445B-EBBE-E67D-9131319E366B	DD5A8327-B230-59F4-BCCF-B193DCAAAD88	1	17BE284B-ABC9-49DC-00E7-19E804F8D4EC	1	1582623703	{"level":1,"stage":1}	1582623703	1582623707
1	8CB0F1EA-28BA-40C8-9E3B-084C897E0ADF	DDD4E1D9-D085-691F-641F-F18825012013	4	40E7A4EA-D944-339B-B2AD-13387CD1C74B	1	1582676691	{"level":1,"stage":1}	1582676691	1582676691
1	16EF1D82-445B-EBBE-E67D-9131319E366B	DF203B7B-A5F8-8673-3992-8B854B3E61E0	5	582EF395-D8EC-7914-B00D-CFFD81D6BDDD	1	1582693624	{"level":4,"stage":1}	1582693624	1582693642
1	16EF1D82-445B-EBBE-E67D-9131319E366B	DF4AF212-D3B0-5D0E-2594-47FCD649F5FC	1	92938E3B-6805-178B-1F56-C30C06A282BA	1	1582614009	{"level":1,"stage":1}	1582614009	1582614012
1	8CB0F1EA-28BA-40C8-9E3B-084C897E0ADF	DF604E4D-9A56-3C4A-E5A3-DC004C9DA76A	4	5C9E78C3-3BC8-CD39-3252-39E03CFC67A0	1	1582676478	{"level":1,"stage":1}	1582676478	1582676478
1	8CB0F1EA-28BA-40C8-9E3B-084C897E0ADF	E022B4C2-E3FD-1E26-72AD-A44625194C68	4	86477EAE-E35D-DEBD-31C8-DB4F950CB94A	1	1582698700	{"level":1,"stage":1}	1582698700	1582698910
1	37B36CA2-A426-9D26-566A-2E7D8789A936	E110BB14-E621-4DC2-9FDF-95816813E28F	1	2C7260D1-9B7F-9789-3F8E-F4FF5570B789	1	1582609844	{"level":1,"stage":1}	1582609844	1582609844
1	16EF1D82-445B-EBBE-E67D-9131319E366B	E3204460-EB7B-129A-3740-A7FBBD94AD42	4	8D2DCEB9-3D92-F356-76DA-BFEA574A546B	1	1582769143	{"level":1,"stage":1}	1582769143	1582769376
1	16EF1D82-445B-EBBE-E67D-9131319E366B	E362CF37-825A-2506-533D-CE92C1D7081D	5	51287B87-7711-F34A-9723-51949BC1B297	1	1582694383	{"level":4,"stage":1}	1582694383	1582694383
1	16EF1D82-445B-EBBE-E67D-9131319E366B	E3EF0903-68F0-C295-0E82-C5FD14D66ED3	13	794F5CD3-7A97-1403-23EB-4366C4924A93	1	1582827674	{"level":4,"stage":1}	1582827674	1582827687
1	F591BE87-1B2E-D2C0-7000-68346C0B8F76	E40A0CAF-73AD-A271-9ABA-525A18D393C3	0	34D03948-B170-DDEF-0B99-3FE3376FA3AB	1	1582174206	{"level":0,"stage":0}	1582174206	1582174236
1	010FBF95-A4F1-CBC8-B7AA-61CF330DFA3C	E42D0DB0-479D-247E-04EA-A00484FD8100	0	1B9094D0-B974-A505-E3EB-33D024ED67B4	1	1582187766	{"level":0,"stage":0}	1582187766	1582187909
1	8CB0F1EA-28BA-40C8-9E3B-084C897E0ADF	E5E17D4A-B362-7354-A138-EDD9B3820895	1	D6CD5D36-656E-2DBC-D061-C20FE3285EB9	1	1582609653	{"level":1,"stage":1}	1582609653	1582609653
1	16EF1D82-445B-EBBE-E67D-9131319E366B	E6C5C431-B5E3-59B6-2637-CE3893D507AA	14	2576CF40-171B-59AF-6F84-C786D4F005B4	1	1582511075	{"level":14,"stage":0}	1582511075	1582511093
1	010FBF95-A4F1-CBC8-B7AA-61CF330DFA3C	E7575FF5-BBE5-173A-8103-FE503E629792	0	A7D2D5F0-C647-E5B4-C3F9-2B0FA1BDA63E	1	1582187205	{"level":0,"stage":0}	1582187205	1582187378
1	37B36CA2-A426-9D26-566A-2E7D8789A936	EB75B3A5-69F3-64F5-C652-1F41670C7564	4	9E359E29-B8A9-0520-6783-C89CCDE56B88	1	1582658287	{"level":1,"stage":1}	1582658287	1582658287
1	16EF1D82-445B-EBBE-E67D-9131319E366B	ECAEEBA6-FFBC-AE49-F296-7E2B4E113E45	4	CDE0CB26-0A5A-0E44-64C1-54C65509CB66	1	1582680947	{"level":3,"stage":1}	1582680947	1582682013
1	16EF1D82-445B-EBBE-E67D-9131319E366B	EE077FED-1282-EA99-BB11-01D637582074	23	E2224B4E-417C-749A-4856-55B1E1509A01	1	1582511252	{"level":23,"stage":0}	1582511252	1582511272
1	16EF1D82-445B-EBBE-E67D-9131319E366B	EE4A839E-3F99-C1A1-18EF-2FFBB8DE07F0	12	B7CFAE26-3FBE-6F72-EFA7-40A2239E84A0	1	1582510885	{"level":12,"stage":0}	1582510885	1582510895
1	8CB0F1EA-28BA-40C8-9E3B-084C897E0ADF	EEA616BA-5FEC-6368-C037-4667AB3BBC75	4	49D08471-29F5-DBBA-1CC1-53C563228456	1	1582656298	{"level":1,"stage":1}	1582656298	1582656298
1	8CB0F1EA-28BA-40C8-9E3B-084C897E0ADF	EF52E871-785A-B907-9AEC-D0D54FFF86FD	4	E3CFDFA3-9E84-60CC-0973-DD74C8E6573A	1	1582675208	{"level":1,"stage":1}	1582675208	1582675208
1	8CB0F1EA-28BA-40C8-9E3B-084C897E0ADF	EF652F2A-F0BD-4A97-F490-EE745014E180	4	84059D7C-F597-2B47-7E15-D2D3BDADB37A	1	1582704477	{"level":1,"stage":1}	1582704477	1582704486
1	16EF1D82-445B-EBBE-E67D-9131319E366B	EF93361F-E8A4-3046-2EBA-391B2614849B	1	8E1E3CA1-74A1-08B2-F612-848B4CEF6689	1	1582510141	{"level":1,"stage":0}	1582510141	1582510151
1	8CB0F1EA-28BA-40C8-9E3B-084C897E0ADF	F02D0F30-74A0-85EB-3229-E2CA63120959	2	9F6B3452-00F8-46B3-1E38-13F58934614A	1	1582616952	{"level":2,"stage":1}	1582616952	1582616963
1	8CB0F1EA-28BA-40C8-9E3B-084C897E0ADF	F0B497D3-1259-71A2-28A3-497C0CD2C397	0	6081DF97-BD68-50BF-1AAC-96B29A8C0A68	1	1582534911	{"level":0,"stage":0}	1582534911	1582534911
1	8CB0F1EA-28BA-40C8-9E3B-084C897E0ADF	F1557A46-437E-651A-FC97-7E5476E12510	4	F7099F6D-E907-9472-5FD7-C05107FAAED7	1	1582704597	{"level":3,"stage":1}	1582704597	1582704597
1	8CB0F1EA-28BA-40C8-9E3B-084C897E0ADF	F298E19E-E08F-5C59-2637-16313F6B2ECC	0	D730AD92-811A-5EC9-73E1-2369DC0435F6	1	1582535036	{"level":0,"stage":0}	1582535036	1582535036
1	16EF1D82-445B-EBBE-E67D-9131319E366B	F3B84C77-9C65-6E37-AA30-EF1E60E32E11	4	6358FADD-891C-150B-83BB-62B5B6E1AF68	1	1582770566	{"level":1,"stage":1}	1582770566	1582770608
1	8CB0F1EA-28BA-40C8-9E3B-084C897E0ADF	F457EB85-3CA2-9205-C7E6-1E54A5CB9B01	13	1ED3F964-51E7-8F38-ACF5-21F76C6FAEE3	1	1583019315	{"level":4,"stage":1}	1583019315	1583019368
1	16EF1D82-445B-EBBE-E67D-9131319E366B	F47C620E-BAC1-623B-DB24-717C8B5AAF40	5	32F2330E-700E-CBCF-6BC3-DEE213C17275	1	1582690432	{"level":4,"stage":1}	1582690432	1582690432
1	8CB0F1EA-28BA-40C8-9E3B-084C897E0ADF	F4BA0313-DDD4-9FF3-626C-F90B52C68F4F	4	F99F4E03-6F11-92B2-25A2-40011FA622C8	1	1583016612	{"level":1,"stage":1}	1583016612	1583017062
1	359F5B11-2044-5A5D-168B-AC11DC07F056	F60E8837-D1A0-6FA2-4F6D-223C89CF5299	0	AC7FF967-92EF-D171-286F-1E87738A2628	1	1582184064	{"level":0,"stage":0}	1582184064	1582184181
1	16EF1D82-445B-EBBE-E67D-9131319E366B	F62D2958-3CC4-B994-FF7A-8FB1B58B83C6	1	90A68660-E9F8-5930-257D-57128C4639B2	1	1582620339	{"level":1,"stage":1}	1582620339	1582620346
1	010FBF95-A4F1-CBC8-B7AA-61CF330DFA3C	F6866AAE-E54C-482D-F1A0-3A6BD02A9A28	0	A94B8ED0-3403-6E9C-E16E-DB794FF68464	1	1582187535	{"level":0,"stage":0}	1582187535	1582187553
1	16EF1D82-445B-EBBE-E67D-9131319E366B	F6CF524A-A2C4-9643-9538-18D06F5D372C	1	A9D01312-420D-6FC9-F940-AFD77572A1F5	1	1582614289	{"level":1,"stage":1}	1582614289	1582614317
1	8CB0F1EA-28BA-40C8-9E3B-084C897E0ADF	F888CC47-84E2-3A0B-F6F7-9E3CA79B312A	4	12492177-282C-AF4F-D31D-046A7295F20A	1	1582655813	{"level":1,"stage":1}	1582655813	1582656041
1	16EF1D82-445B-EBBE-E67D-9131319E366B	F8D35138-F0AD-DBDA-3696-6158FF6136C0	4	2C5140DD-2E79-4E00-E0F2-D9576779B573	1	1582654494	{"level":1,"stage":1}	1582654494	1582654570
1	16EF1D82-445B-EBBE-E67D-9131319E366B	F92B3A76-6F84-5FEF-787E-9CD346E80EE7	4	0FFEE11A-0625-58EF-24B7-AB027DB0A1D6	1	1582656425	{"level":1,"stage":1}	1582656425	1582656473
1	16EF1D82-445B-EBBE-E67D-9131319E366B	F9EE8A35-AC3A-C68C-83FB-516C51322335	4	D448D62E-4A44-1228-727E-11AB0B75C9EF	1	1582769082	{"level":1,"stage":1}	1582769082	1582769123
1	16EF1D82-445B-EBBE-E67D-9131319E366B	FA430E46-0C5F-EB8B-B846-137113EFBDB8	5	E4EE4874-5A4B-4BAB-E64B-6484D074E902	1	1582690851	{"level":4,"stage":1}	1582690851	1582690860
1	010FBF95-A4F1-CBC8-B7AA-61CF330DFA3C	FAC756AE-956D-D195-CAD1-09CF146A03C4	0	E4266470-BC34-0C16-8EF0-F7FCE394D4F5	1	1582184641	{"level":0,"stage":0}	1582184641	1582185046
1	16EF1D82-445B-EBBE-E67D-9131319E366B	FC374BE2-5224-0A5D-F1DF-CD94E6F15D9A	4	B55D67CC-77DF-478D-4617-FBA2A9DCB891	1	1582656928	{"level":1,"stage":1}	1582656928	1582657001
1	8CB0F1EA-28BA-40C8-9E3B-084C897E0ADF	FC998B52-06A7-204A-57C5-D6A9F104E887	1	1827DD8F-374C-53CC-B1D7-68D8CED93209	1	1582617996	{"level":1,"stage":1}	1582617996	1582617999
1	606B5333-B5F7-A962-C964-E8EE8B628A95	FD36C65F-4FF3-B39D-F71A-0518C2F5BC0B	0	425F2F30-F23B-86A6-83AC-F66208456882	1	1582186610	{"level":0,"stage":0}	1582186610	1582186632
1	8CB0F1EA-28BA-40C8-9E3B-084C897E0ADF	FE0A2B15-87DD-0C21-D36B-6E11F2CB429C	4	32EEC068-C659-E1CF-FBF0-D6201DFBCF46	1	1582617801	{"level":4,"stage":1}	1582617801	1582617801
1	010FBF95-A4F1-CBC8-B7AA-61CF330DFA3C	FE29419F-7484-642A-DB5F-C6EA3B2D85FC	0	AB074659-7D6F-FF81-7D69-998EEB19D663	1	1582187088	{"level":0,"stage":0}	1582187088	1582187194
1	16EF1D82-445B-EBBE-E67D-9131319E366B	FE2BC4AC-9D07-CA03-9D97-2918A729E9BE	4	354E4175-9DA7-2731-F89C-EBC3981CBB6E	1	1582746861	{"level":1,"stage":1}	1582746861	1582747046
1	359F5B11-2044-5A5D-168B-AC11DC07F056	FEE4575E-FCF6-9DD3-4F3A-BBA6C3FD25DC	0	FA68C999-1E86-1F33-FBFC-6E735A9DD041	1	1582184352	{"level":0,"stage":0}	1582184352	1582184355
1	010FBF95-A4F1-CBC8-B7AA-61CF330DFA3C	FEE7924E-508A-D7C8-9A78-CF83A3F4B146	0	98B9EB34-D8CD-BA3D-F5CB-8F9ED055B36D	1	1582184122	{"level":0,"stage":0}	1582184122	1582184375
1	DEBEBA16-9D04-1D4A-074B-F6EDE48C39E1	FF7AA13A-DE8B-75DB-1E6F-12072E8A3BBD	0	4CD636B4-37B5-A110-0A1D-0DD9885EA46C	1	1582174338	{"level":0,"stage":0}	1582174338	1582174343
