cid	uid	sessionid	log_ts
1	8CB0F1EA-28BA-40C8-9E3B-084C897E0ADF	458B78DD-CA4C-B861-AE33-BF98AC691FBC	1582168586
1	8CB0F1EA-28BA-40C8-9E3B-084C897E0ADF	DA251134-8CEE-6E51-A263-506E7C00036E	1582169579
1	8CB0F1EA-28BA-40C8-9E3B-084C897E0ADF	D66E2E38-2D96-DBAB-BB7F-98D946E1406F	1582169646
1	8CB0F1EA-28BA-40C8-9E3B-084C897E0ADF	90DB9E0E-1580-07EB-149F-E402CDC057AE	1582169661
1	37B36CA2-A426-9D26-566A-2E7D8789A936	D41617AA-263E-ED54-CC02-097A8DC9552A	1582169802
1	8CB0F1EA-28BA-40C8-9E3B-084C897E0ADF	80F1CF8F-AB0E-1202-54EB-22100CF4B973	1582170486
1	37B36CA2-A426-9D26-566A-2E7D8789A936	16CEC85B-8419-D0A7-FCD8-F96912AD747F	1582170530
1	37B36CA2-A426-9D26-566A-2E7D8789A936	C4B158E8-0356-FD4C-97D1-50D46379400F	1582170788
1	37B36CA2-A426-9D26-566A-2E7D8789A936	441DB912-1668-C6F9-3081-2036AFBABCC7	1582170850
1	37B36CA2-A426-9D26-566A-2E7D8789A936	FA7B5053-BD4C-A12F-90BB-204AB87135A6	1582170875
1	8CB0F1EA-28BA-40C8-9E3B-084C897E0ADF	29CA5EE2-F021-017F-B127-1E1D89D64AB5	1582172292
1	37B36CA2-A426-9D26-566A-2E7D8789A936	B64AF967-A5DB-7E6E-392A-41E5CE4068FF	1582172430
1	8CB0F1EA-28BA-40C8-9E3B-084C897E0ADF	FACEBB66-B622-0A01-D95D-22F49BA6F33D	1582172469
1	37B36CA2-A426-9D26-566A-2E7D8789A936	CE6FFE6C-F26C-9DB1-334A-ADE1703BD144	1582172485
1	37B36CA2-A426-9D26-566A-2E7D8789A936	A0E9AEAF-E34F-26E6-AC59-DB715D8A1948	1582172527
1	8CB0F1EA-28BA-40C8-9E3B-084C897E0ADF	D853C07A-77D1-E95C-1AAC-8041A11EC6BA	1582172595
1	DEBEBA16-9D04-1D4A-074B-F6EDE48C39E1	668156BD-36B1-8896-7022-245CBA322584	1582173228
1	DEBEBA16-9D04-1D4A-074B-F6EDE48C39E1	1ED6BE1B-81AF-9939-FE79-A91C4E69A4B5	1582173248
1	C8E0CEB7-5737-527A-BEBA-E4C1EE3EE386	31E9E235-2EFE-FA5D-38CF-59145B842498	1582173274
1	8CB0F1EA-28BA-40C8-9E3B-084C897E0ADF	54EF00AA-E442-81B5-3A9E-789D8A806074	1582173334
1	C8E0CEB7-5737-527A-BEBA-E4C1EE3EE386	C21405F2-7FA2-52B2-1E6A-90399437F9F6	1582173380
1	8A8AFE94-2A64-F43C-D14F-DAC3CD70ABF4	6E74C628-2002-79D7-B3F2-FDBB8FD4202F	1582173499
1	B954BD1D-35FC-7BDA-31E0-6207487B0DC3	062D06B3-EDF4-DCFE-4A9F-E6598DEFBA48	1582173552
1	B954BD1D-35FC-7BDA-31E0-6207487B0DC3	36432CC1-CFFC-6E1E-A4EA-5D4FED68A84D	1582173581
1	8CB0F1EA-28BA-40C8-9E3B-084C897E0ADF	A67B2297-3DB4-D79A-6B30-E97F0B8149DC	1582174173
1	F591BE87-1B2E-D2C0-7000-68346C0B8F76	E40A0CAF-73AD-A271-9ABA-525A18D393C3	1582174196
1	DEBEBA16-9D04-1D4A-074B-F6EDE48C39E1	FF7AA13A-DE8B-75DB-1E6F-12072E8A3BBD	1582174303
1	BD4B7B24-96F5-6060-37B3-1520D33928AF	6CC43E8A-90AF-DDBB-AA4A-7DBD7A1296A1	1582176194
1	DEBEBA16-9D04-1D4A-074B-F6EDE48C39E1	A4D40C98-D00D-D60D-1738-9732BAA14AAF	1582177279
1	99B670DB-582E-5FE1-855D-D7B0D5FE6170	F88A89F5-5456-5640-5A7F-72D0EF144CC4	1582183409
1	010FBF95-A4F1-CBC8-B7AA-61CF330DFA3C	6D76FAB6-C4C5-4B42-C6DC-E494B10DE8A7	1582184046
1	359F5B11-2044-5A5D-168B-AC11DC07F056	F60E8837-D1A0-6FA2-4F6D-223C89CF5299	1582184055
1	010FBF95-A4F1-CBC8-B7AA-61CF330DFA3C	FEE7924E-508A-D7C8-9A78-CF83A3F4B146	1582184115
1	359F5B11-2044-5A5D-168B-AC11DC07F056	10ED13C5-FDFD-541A-F2B5-B0211DB9B7F2	1582184184
1	359F5B11-2044-5A5D-168B-AC11DC07F056	D6E50AC8-0B20-7570-480A-EC0037B7ACCE	1582184237
1	359F5B11-2044-5A5D-168B-AC11DC07F056	54238C26-4E29-89DA-A0BA-4CC7F5A15657	1582184248
1	359F5B11-2044-5A5D-168B-AC11DC07F056	D3FE6D3E-F2F3-D1B4-23A6-4D73FB459FEE	1582184294
1	359F5B11-2044-5A5D-168B-AC11DC07F056	3E920A5F-6DB3-8971-013E-D6DDB8320DC4	1582184327
1	359F5B11-2044-5A5D-168B-AC11DC07F056	FEE4575E-FCF6-9DD3-4F3A-BBA6C3FD25DC	1582184345
1	359F5B11-2044-5A5D-168B-AC11DC07F056	E1EF1278-3D55-537E-1526-E1E2ECE4C4D7	1582184353
1	010FBF95-A4F1-CBC8-B7AA-61CF330DFA3C	9176D8E0-C9E5-06BC-A576-38C64E13F1F5	1582184412
1	B5A0AD08-9221-94F0-52CC-1D85DD84D881	547CEECF-FA33-C16E-7269-AE70AD3AEE59	1582184427
1	B5A0AD08-9221-94F0-52CC-1D85DD84D881	8B57753E-7A63-467F-DBC2-EC3410328D80	1582184438
1	010FBF95-A4F1-CBC8-B7AA-61CF330DFA3C	FAC756AE-956D-D195-CAD1-09CF146A03C4	1582184634
1	010FBF95-A4F1-CBC8-B7AA-61CF330DFA3C	AD756074-87BA-0F25-1D26-997AD2481B6C	1582185075
1	010FBF95-A4F1-CBC8-B7AA-61CF330DFA3C	1730002A-6DB6-C82A-9940-E84076DA3F94	1582185697
1	010FBF95-A4F1-CBC8-B7AA-61CF330DFA3C	DC07AB6E-001A-9E22-A7D3-B399D902E224	1582185798
1	010FBF95-A4F1-CBC8-B7AA-61CF330DFA3C	CC722B82-B6AD-F61B-184F-990B7BD55DB1	1582186098
1	F591BE87-1B2E-D2C0-7000-68346C0B8F76	9B96835C-B7FD-59CC-F557-95C9D65F219C	1582186303
1	9F08D149-4DEB-1A0E-626B-1E4F57FDC006	925B009C-0E08-BC20-1D1B-577B48ACD698	1582186412
1	F591BE87-1B2E-D2C0-7000-68346C0B8F76	7D3864FD-4321-3F0D-9AE8-8C1C366C1190	1582186416
1	606B5333-B5F7-A962-C964-E8EE8B628A95	B67BF0F9-59B7-7A87-71C8-AB2A9A205734	1582186433
1	9F08D149-4DEB-1A0E-626B-1E4F57FDC006	339E9B0F-4D59-BCA9-A1C2-DAAA2F6194E8	1582186509
1	75452F6E-B982-2B3D-9212-DBCB5DD6BE44	AF9FF84E-E848-1F1B-5FD1-EE781A8DD8C4	1582186512
1	4A24CB3D-3C39-7217-7BDD-B0AE1BBA6616	EB1D686D-A16F-973D-38F2-0847C89F44B9	1582186596
1	606B5333-B5F7-A962-C964-E8EE8B628A95	FD36C65F-4FF3-B39D-F71A-0518C2F5BC0B	1582186597
1	F591BE87-1B2E-D2C0-7000-68346C0B8F76	9B4E11DB-F17C-9F6E-22AC-E3407B0EE8F1	1582186602
1	BD895925-265A-B539-D360-5D9ECA1B29DC	B580EEB6-0356-C593-9B2E-1A441085E15D	1582186607
1	BD895925-265A-B539-D360-5D9ECA1B29DC	3F26B2AA-FFA5-4DCD-5568-E5FE68C6492B	1582186616
1	9F08D149-4DEB-1A0E-626B-1E4F57FDC006	0EE2BA4C-E80B-17CE-8FE0-B5EA66A8AE05	1582186638
1	E1432C65-F164-F1C1-A098-6FE77B938428	64873579-B38D-5777-A7BB-816DA90A2D1A	1582186641
1	010FBF95-A4F1-CBC8-B7AA-61CF330DFA3C	2CEF44CE-F98B-8322-3F39-452FAF50696A	1582186713
1	9F08D149-4DEB-1A0E-626B-1E4F57FDC006	3EB222EB-3A93-9EBA-EB94-989D58644850	1582186840
1	010FBF95-A4F1-CBC8-B7AA-61CF330DFA3C	32D7A946-9BD2-6036-B261-77A94A4902AD	1582186868
1	010FBF95-A4F1-CBC8-B7AA-61CF330DFA3C	1E3CE4AD-B108-F252-F2EB-19D2E2DAE302	1582186987
1	010FBF95-A4F1-CBC8-B7AA-61CF330DFA3C	FE29419F-7484-642A-DB5F-C6EA3B2D85FC	1582187081
1	E1432C65-F164-F1C1-A098-6FE77B938428	A5A799AD-96C8-D83E-035E-205683F09AB7	1582187185
1	010FBF95-A4F1-CBC8-B7AA-61CF330DFA3C	E7575FF5-BBE5-173A-8103-FE503E629792	1582187198
1	010FBF95-A4F1-CBC8-B7AA-61CF330DFA3C	90BC2FC8-F61E-C0BD-6949-8EC8C2D8AB60	1582187411
1	010FBF95-A4F1-CBC8-B7AA-61CF330DFA3C	F6866AAE-E54C-482D-F1A0-3A6BD02A9A28	1582187528
1	010FBF95-A4F1-CBC8-B7AA-61CF330DFA3C	E42D0DB0-479D-247E-04EA-A00484FD8100	1582187758
1	620FAE3A-B5A9-BB27-714F-9AF00760A6C7	CF985F9C-1308-67FA-5B70-7F664EF06ADE	1582188290
1	620FAE3A-B5A9-BB27-714F-9AF00760A6C7	A26FE150-A5EA-FC60-DC90-EF90567F17F3	1582188329
1	620FAE3A-B5A9-BB27-714F-9AF00760A6C7	A3580606-2C44-EC54-A856-295131C71338	1582188361
1	DEBEBA16-9D04-1D4A-074B-F6EDE48C39E1	47888B19-D4D9-C1E9-EE8A-903223048C4F	1582197249
1	AE0B0284-1108-494F-2248-AFFB4D746393	B278D32A-2A95-55D8-9A8A-B1AAE07ADF01	1582201204
1	13A30155-FEEE-3EA3-06EB-8435BE8D0885	2259465F-9947-8BAE-2A8F-EC841678F25B	1582214301
1	04E44F57-7820-516A-49A8-983CBDCDBFCA	AA129E4F-D0BF-2BB2-C1AA-099CC602D777	1582215750
1	74404E02-B6B1-16DF-2E45-CA54B62D1313	8F48DAA1-5383-EA04-34B4-176D96B03406	1582218421
1	F591BE87-1B2E-D2C0-7000-68346C0B8F76	0BE99B01-9C2F-C11F-63C2-D84D99603D51	1582226714
1	DEBEBA16-9D04-1D4A-074B-F6EDE48C39E1	3CF4FCE5-5573-BCBA-A00D-643DB49DB0E9	1582226720
1	DEBEBA16-9D04-1D4A-074B-F6EDE48C39E1	096C0876-260C-BAD8-F8B0-464371861754	1582231623
1	21290B15-2374-854B-C6C2-396870F805CD	5E2E834D-D6E6-9E42-2778-A719A7BC8383	1582231706
1	F591BE87-1B2E-D2C0-7000-68346C0B8F76	6DC3DAC0-06AF-BAD5-66DF-0053727E58B2	1582231858
1	AA1B34E2-9619-6100-F4D0-A759646218A1	B2FD2678-46E7-5FC5-889B-CA944635C787	1582318898
1	AA1B34E2-9619-6100-F4D0-A759646218A1	B1B9B3EC-813D-0B84-C8E7-6D06E3600464	1582319100
1	F591BE87-1B2E-D2C0-7000-68346C0B8F76	961D8E87-EF7B-D83C-FF70-D15F744B1790	1582503657
1	16EF1D82-445B-EBBE-E67D-9131319E366B	549C41B2-19C6-E36E-75C9-41244F359C32	1582503738
1	16EF1D82-445B-EBBE-E67D-9131319E366B	758F0289-CD15-61B1-F23F-F7303D68B26D	1582503782
1	16EF1D82-445B-EBBE-E67D-9131319E366B	7EDEBD0A-ABDD-6F31-B42E-239FA6850AD2	1582509172
1	16EF1D82-445B-EBBE-E67D-9131319E366B	76D08C4F-668E-500A-668E-D8C21670356A	1582509243
1	16EF1D82-445B-EBBE-E67D-9131319E366B	6932F531-2109-B54A-0F91-1254B9732416	1582509306
1	16EF1D82-445B-EBBE-E67D-9131319E366B	1E030133-FC4A-8CDD-B9AA-44653243BBF7	1582509650
1	F591BE87-1B2E-D2C0-7000-68346C0B8F76	BAB9A4A1-B625-1F1F-2031-FB5127037E23	1582509678
1	606B5333-B5F7-A962-C964-E8EE8B628A95	A73920EB-791A-1174-05EC-8C24392AF005	1582509687
1	16EF1D82-445B-EBBE-E67D-9131319E366B	EF93361F-E8A4-3046-2EBA-391B2614849B	1582510122
1	16EF1D82-445B-EBBE-E67D-9131319E366B	D965B7CA-8CE9-46D6-B4CD-FB4BA8EDE8CD	1582510276
1	16EF1D82-445B-EBBE-E67D-9131319E366B	40A37D24-D8DD-1C92-F198-1201B66D6281	1582510525
1	16EF1D82-445B-EBBE-E67D-9131319E366B	6715EBB1-E384-ACC7-EDF8-BB9216A786DF	1582510699
1	16EF1D82-445B-EBBE-E67D-9131319E366B	52429E30-BB90-B275-1852-2162E90D6C00	1582510787
1	16EF1D82-445B-EBBE-E67D-9131319E366B	0A79EDA0-399F-8A51-3C27-B65071800644	1582510835
1	16EF1D82-445B-EBBE-E67D-9131319E366B	EE4A839E-3F99-C1A1-18EF-2FFBB8DE07F0	1582510868
1	16EF1D82-445B-EBBE-E67D-9131319E366B	E6C5C431-B5E3-59B6-2637-CE3893D507AA	1582511057
1	16EF1D82-445B-EBBE-E67D-9131319E366B	D1127662-04CD-95E4-3207-AF1E919655B8	1582511112
1	16EF1D82-445B-EBBE-E67D-9131319E366B	EE077FED-1282-EA99-BB11-01D637582074	1582511236
1	16EF1D82-445B-EBBE-E67D-9131319E366B	6522E76E-2631-B6E5-A8A5-6C68CDC6B6D7	1582511338
1	8CB0F1EA-28BA-40C8-9E3B-084C897E0ADF	B88460E3-E603-C5F0-5A48-8382BE3A7A3B	1582530553
1	8CB0F1EA-28BA-40C8-9E3B-084C897E0ADF	2EB632E6-2EBB-561B-B9C7-1BCB6C4FF921	1582530897
1	8CB0F1EA-28BA-40C8-9E3B-084C897E0ADF	1D95E9BC-9586-D229-9826-ADF363DA49BA	1582532616
1	8CB0F1EA-28BA-40C8-9E3B-084C897E0ADF	1EE0E7B5-4B94-EADD-A154-5AE219330601	1582532965
1	8CB0F1EA-28BA-40C8-9E3B-084C897E0ADF	2789FAAD-A130-AF9C-A33D-0847951C3FDF	1582533042
1	8CB0F1EA-28BA-40C8-9E3B-084C897E0ADF	1F2331C6-7A7C-E68E-8E9E-2CD35A6E841C	1582533449
1	8CB0F1EA-28BA-40C8-9E3B-084C897E0ADF	6FFC1DE0-FFA7-ECD1-5EEF-108F819EE951	1582533743
1	8CB0F1EA-28BA-40C8-9E3B-084C897E0ADF	F0B497D3-1259-71A2-28A3-497C0CD2C397	1582534851
1	8CB0F1EA-28BA-40C8-9E3B-084C897E0ADF	A6084B03-186D-1549-A44E-D6A9555E662A	1582534952
1	8CB0F1EA-28BA-40C8-9E3B-084C897E0ADF	F298E19E-E08F-5C59-2637-16313F6B2ECC	1582535020
1	8CB0F1EA-28BA-40C8-9E3B-084C897E0ADF	2FD081AB-1C6F-EFF3-B449-CB3E3F6D2015	1582535093
1	8CB0F1EA-28BA-40C8-9E3B-084C897E0ADF	5AF3066B-3202-AC76-E838-4ABCF55F4121	1582535265
1	8CB0F1EA-28BA-40C8-9E3B-084C897E0ADF	6410F04F-6139-7850-8A44-FF3E57BA6B55	1582535357
1	8CB0F1EA-28BA-40C8-9E3B-084C897E0ADF	62A8990E-2E99-F741-39BC-D2CC2D852805	1582535428
1	8CB0F1EA-28BA-40C8-9E3B-084C897E0ADF	A526F5FD-1FA3-77AC-CF7A-5C27E8416FD5	1582536342
1	8CB0F1EA-28BA-40C8-9E3B-084C897E0ADF	8CB9C1AF-4F63-BF39-5FC5-532AD9B3F354	1582537557
1	8CB0F1EA-28BA-40C8-9E3B-084C897E0ADF	B317AF50-9915-2DCD-6B96-043B3B857BA4	1582537987
1	8CB0F1EA-28BA-40C8-9E3B-084C897E0ADF	40E05864-A69F-6080-F69A-DA9EDD43AA86	1582538357
1	8CB0F1EA-28BA-40C8-9E3B-084C897E0ADF	CF68DF34-049F-BCAB-A26D-09E580F3CBCE	1582539350
1	8CB0F1EA-28BA-40C8-9E3B-084C897E0ADF	2EF495B3-C6BC-B0AD-B484-8B9327F42A20	1582539671
1	8CB0F1EA-28BA-40C8-9E3B-084C897E0ADF	3CFB5073-D999-5019-EF81-D2284A24570D	1582539757
1	8CB0F1EA-28BA-40C8-9E3B-084C897E0ADF	89324383-3588-DC97-800B-1E1FDEBEA334	1582541002
1	C8E0CEB7-5737-527A-BEBA-E4C1EE3EE386	A1E3D837-A686-469E-B21A-03001F62521B	1582541105
1	DEBEBA16-9D04-1D4A-074B-F6EDE48C39E1	BBD1F126-A3B3-472E-9408-37168EB782B2	1582541140
1	8CB0F1EA-28BA-40C8-9E3B-084C897E0ADF	CADF87F6-3057-1319-470D-6ADB2853E60E	1582541709
1	8CB0F1EA-28BA-40C8-9E3B-084C897E0ADF	30FBD84B-830A-B107-9804-6A8806031EFB	1582604623
1	8CB0F1EA-28BA-40C8-9E3B-084C897E0ADF	B3388BE2-893D-4272-F236-3BDCD280F75B	1582604886
1	8CB0F1EA-28BA-40C8-9E3B-084C897E0ADF	2ED8D3C0-9F89-D047-8B98-0B36D0DF4207	1582605431
1	8CB0F1EA-28BA-40C8-9E3B-084C897E0ADF	0710F0C2-5CD4-4D9A-9178-7EDA4F70C665	1582605923
1	8CB0F1EA-28BA-40C8-9E3B-084C897E0ADF	8D4A33B8-30FA-087F-EC15-BD5A7AC7E703	1582607040
1	8CB0F1EA-28BA-40C8-9E3B-084C897E0ADF	25C03175-A3B2-C8E7-01C1-37F47EC61E99	1582607151
1	8CB0F1EA-28BA-40C8-9E3B-084C897E0ADF	94EE98D7-BAEF-073D-EF29-A3C6AFE66AC8	1582607662
1	8CB0F1EA-28BA-40C8-9E3B-084C897E0ADF	A47D6BF8-A636-FF23-924A-249A56DD8B84	1582608125
1	8CB0F1EA-28BA-40C8-9E3B-084C897E0ADF	751DB65A-9673-CDB2-23C0-4AACAF13B15C	1582608243
1	8CB0F1EA-28BA-40C8-9E3B-084C897E0ADF	869248BD-9EE4-B02F-7F48-5D29E26013DA	1582608331
1	8CB0F1EA-28BA-40C8-9E3B-084C897E0ADF	52CFC74D-78A8-9922-5311-228749E77761	1582609016
1	8CB0F1EA-28BA-40C8-9E3B-084C897E0ADF	34C6C5CC-016C-46F0-EC7A-2B3AA989FD96	1582609485
1	8CB0F1EA-28BA-40C8-9E3B-084C897E0ADF	E5E17D4A-B362-7354-A138-EDD9B3820895	1582609648
1	8CB0F1EA-28BA-40C8-9E3B-084C897E0ADF	1614DA3E-79CB-0409-3F1E-50109614797B	1582609681
1	37B36CA2-A426-9D26-566A-2E7D8789A936	54B4B453-0D81-4DFC-74DA-CF046003CF5E	1582609776
1	8CB0F1EA-28BA-40C8-9E3B-084C897E0ADF	2E45DDC6-3C33-C43B-6873-1226642CFA0A	1582609808
1	37B36CA2-A426-9D26-566A-2E7D8789A936	E110BB14-E621-4DC2-9FDF-95816813E28F	1582609839
1	8CB0F1EA-28BA-40C8-9E3B-084C897E0ADF	8AB8D99D-0606-4018-3DDE-E33E871FE860	1582611677
1	37B36CA2-A426-9D26-566A-2E7D8789A936	622666C1-4D17-1F2B-5152-76B13C0D00B7	1582611693
1	8CB0F1EA-28BA-40C8-9E3B-084C897E0ADF	45794269-03DB-0B53-8A46-704966537DB9	1582612225
1	8CB0F1EA-28BA-40C8-9E3B-084C897E0ADF	AE470C0C-32C5-026F-7D23-078E614B0E19	1582612498
1	8CB0F1EA-28BA-40C8-9E3B-084C897E0ADF	D8CC54B7-B3F7-435F-ACB1-3239A2282AAB	1582612899
1	8CB0F1EA-28BA-40C8-9E3B-084C897E0ADF	2C1C7548-B9DF-C117-E0B6-F9EBD271C787	1582613375
1	8CB0F1EA-28BA-40C8-9E3B-084C897E0ADF	23266969-A319-1D39-67EF-2AF4BB07E364	1582613430
1	8CB0F1EA-28BA-40C8-9E3B-084C897E0ADF	1EEA8E15-93FC-E50B-B6C7-EAE685AEA6EE	1582613613
1	8CB0F1EA-28BA-40C8-9E3B-084C897E0ADF	3B02C36A-4049-B42A-0E1A-0B44DBF13222	1582613618
1	16EF1D82-445B-EBBE-E67D-9131319E366B	B903426D-F885-62A4-6ADF-9EFC7ECF28E6	1582613656
1	16EF1D82-445B-EBBE-E67D-9131319E366B	16549119-A2DD-8BE8-9B20-E5C8E72B34DD	1582613685
1	16EF1D82-445B-EBBE-E67D-9131319E366B	D4B43AD4-CF3C-1B31-5B0E-EFDBA238C5ED	1582613731
1	16EF1D82-445B-EBBE-E67D-9131319E366B	DF4AF212-D3B0-5D0E-2594-47FCD649F5FC	1582614001
1	16EF1D82-445B-EBBE-E67D-9131319E366B	67016504-0C6B-3365-270D-82CCA14165D9	1582614022
1	16EF1D82-445B-EBBE-E67D-9131319E366B	1143A3D8-6976-8F2D-4B83-6534590FC3DB	1582614047
1	8CB0F1EA-28BA-40C8-9E3B-084C897E0ADF	CA3BA61F-AEFE-AF94-A397-A1983DFEBD26	1582614128
1	16EF1D82-445B-EBBE-E67D-9131319E366B	43B5FE79-927B-FE00-F1CB-28B6A4FB560F	1582614204
1	8CB0F1EA-28BA-40C8-9E3B-084C897E0ADF	6DC7A980-66FF-DCA3-8D41-49D450BEED06	1582614221
1	16EF1D82-445B-EBBE-E67D-9131319E366B	F6CF524A-A2C4-9643-9538-18D06F5D372C	1582614283
1	8CB0F1EA-28BA-40C8-9E3B-084C897E0ADF	A0B10574-7D0D-08C7-45DD-D0E9FE4C1194	1582614310
1	8CB0F1EA-28BA-40C8-9E3B-084C897E0ADF	2923BF45-198A-839E-8009-E6CB7F8CB73C	1582614357
1	8CB0F1EA-28BA-40C8-9E3B-084C897E0ADF	7F8C793F-B635-E472-7D9B-B394E393B0E1	1582614489
1	16EF1D82-445B-EBBE-E67D-9131319E366B	55479957-9369-BCE8-A4BF-548769FB0A8D	1582614552
1	F591BE87-1B2E-D2C0-7000-68346C0B8F76	CBCF5ABC-C5A4-856C-8B81-F6C05C36D95C	1582614631
1	16EF1D82-445B-EBBE-E67D-9131319E366B	5E60E2AB-011E-62B3-BB47-75DC4D0478F7	1582614698
1	8CB0F1EA-28BA-40C8-9E3B-084C897E0ADF	1E53817A-4B04-97C5-25A4-A587A822FED0	1582614819
1	8CB0F1EA-28BA-40C8-9E3B-084C897E0ADF	BF40DC8B-1696-98E2-2BD5-A01C93D8C82A	1582615072
1	8CB0F1EA-28BA-40C8-9E3B-084C897E0ADF	2E1439D5-AFCD-E6CA-F691-644DA5C1CC90	1582615136
1	8CB0F1EA-28BA-40C8-9E3B-084C897E0ADF	54C78C95-DB11-BB27-8C88-62F614706196	1582615282
1	8CB0F1EA-28BA-40C8-9E3B-084C897E0ADF	655052D1-47E4-31B6-D50E-ECDC7D26E84E	1582615348
1	8CB0F1EA-28BA-40C8-9E3B-084C897E0ADF	CAEDCDB0-361C-8D4E-2A67-5FC4C445642D	1582615443
1	8CB0F1EA-28BA-40C8-9E3B-084C897E0ADF	7A9B22F3-0E83-8FF2-D16D-003A976DE15E	1582615938
1	8CB0F1EA-28BA-40C8-9E3B-084C897E0ADF	558196AB-42A7-0EFB-B79C-C54CF25ED11C	1582616008
1	8CB0F1EA-28BA-40C8-9E3B-084C897E0ADF	B6027CE6-F04F-29DE-BBC1-561F5AC5DAF5	1582616565
1	8CB0F1EA-28BA-40C8-9E3B-084C897E0ADF	F02D0F30-74A0-85EB-3229-E2CA63120959	1582616936
1	8CB0F1EA-28BA-40C8-9E3B-084C897E0ADF	0492FAF3-38CA-12C7-91FC-6AE6BA5100CC	1582617013
1	8CB0F1EA-28BA-40C8-9E3B-084C897E0ADF	5BA75A9D-390C-C568-2BB9-67B4AA6C5EF1	1582617131
1	8CB0F1EA-28BA-40C8-9E3B-084C897E0ADF	83B0D329-9421-A1FF-6E5A-678B6108D2ED	1582617186
1	16EF1D82-445B-EBBE-E67D-9131319E366B	DB85DBD9-ED93-9E85-F64F-9AE6CCCA112F	1582617222
1	8CB0F1EA-28BA-40C8-9E3B-084C897E0ADF	413D921D-EC2C-84B7-45DD-9394FC7D73FD	1582617313
1	8CB0F1EA-28BA-40C8-9E3B-084C897E0ADF	BBB56200-FC17-6969-4BA0-754DBE488D8D	1582617561
1	8CB0F1EA-28BA-40C8-9E3B-084C897E0ADF	DA5F0E99-729D-9AC5-A42F-C8139866EC5A	1582617729
1	8CB0F1EA-28BA-40C8-9E3B-084C897E0ADF	FE0A2B15-87DD-0C21-D36B-6E11F2CB429C	1582617763
1	8CB0F1EA-28BA-40C8-9E3B-084C897E0ADF	4007584E-5932-FF16-066C-097D295C3C42	1582617843
1	8CB0F1EA-28BA-40C8-9E3B-084C897E0ADF	FC998B52-06A7-204A-57C5-D6A9F104E887	1582617989
1	8CB0F1EA-28BA-40C8-9E3B-084C897E0ADF	6CDE90E4-C3E7-35BF-FD2E-28FF19D47C9D	1582618015
1	8CB0F1EA-28BA-40C8-9E3B-084C897E0ADF	2C119825-A79D-6C79-D9CC-E99BB646EE18	1582618217
1	8CB0F1EA-28BA-40C8-9E3B-084C897E0ADF	CF936728-D3D1-1637-EF0A-D89A6069A86A	1582618244
1	8CB0F1EA-28BA-40C8-9E3B-084C897E0ADF	02CFC0B0-616D-17A2-6B6B-4F681979AA17	1582618280
1	8CB0F1EA-28BA-40C8-9E3B-084C897E0ADF	D2B1E362-E24C-CD94-BF68-D5683C685372	1582619139
1	16EF1D82-445B-EBBE-E67D-9131319E366B	AE112E46-5760-D452-3B46-E52E820C6EE7	1582619460
1	16EF1D82-445B-EBBE-E67D-9131319E366B	52F3CCE5-3088-074D-C54E-CCEAACF5E7EF	1582619514
1	16EF1D82-445B-EBBE-E67D-9131319E366B	7CBC4FF0-72C0-6837-0735-B8D49087E322	1582619643
1	16EF1D82-445B-EBBE-E67D-9131319E366B	F62D2958-3CC4-B994-FF7A-8FB1B58B83C6	1582620334
1	16EF1D82-445B-EBBE-E67D-9131319E366B	99375694-7338-9593-BEBB-B01FFD4AA1C2	1582622933
1	16EF1D82-445B-EBBE-E67D-9131319E366B	D6541236-9CA7-548C-70C2-01973D3F91FA	1582623540
1	16EF1D82-445B-EBBE-E67D-9131319E366B	DD5A8327-B230-59F4-BCCF-B193DCAAAD88	1582623698
1	16EF1D82-445B-EBBE-E67D-9131319E366B	E7563568-5B09-7477-E774-FB716E846086	1582623805
1	16EF1D82-445B-EBBE-E67D-9131319E366B	D02434A0-3CFC-9EDF-138A-9CD3D405D455	1582624019
1	16EF1D82-445B-EBBE-E67D-9131319E366B	F26EAE06-29B7-8EDA-25D0-6BBDC720B94C	1582624026
1	16EF1D82-445B-EBBE-E67D-9131319E366B	74F94602-598E-57E7-F3DE-373A1216965B	1582624138
1	16EF1D82-445B-EBBE-E67D-9131319E366B	18023FBD-EFC2-BA94-B72B-22ACF86D74B9	1582624152
1	16EF1D82-445B-EBBE-E67D-9131319E366B	35D46F8C-1E90-C61C-1F1E-E07EACAE7B97	1582624494
1	16EF1D82-445B-EBBE-E67D-9131319E366B	6774DE9E-9571-5F41-E46F-96B68773ED2A	1582624698
1	16EF1D82-445B-EBBE-E67D-9131319E366B	215C7B10-010D-F233-2DAF-5D01775336D6	1582624882
1	16EF1D82-445B-EBBE-E67D-9131319E366B	AB5906C1-8400-EDEC-17DF-2FCDF72F92CC	1582625045
1	16EF1D82-445B-EBBE-E67D-9131319E366B	D01142F7-CD33-89A0-747C-118ADD13FBFE	1582625206
1	16EF1D82-445B-EBBE-E67D-9131319E366B	85D3A135-6FE2-CA89-69BC-C0F06FC5A5D8	1582625384
1	8CB0F1EA-28BA-40C8-9E3B-084C897E0ADF	C15C9271-7B8E-6C32-88A5-CDF2F513EC33	1582653621
1	16EF1D82-445B-EBBE-E67D-9131319E366B	521739B1-38C7-0F11-C7C6-6BB74471A87C	1582654195
1	16EF1D82-445B-EBBE-E67D-9131319E366B	4FE21573-A8B6-1C76-CCFE-E39F36BFEB84	1582654220
1	16EF1D82-445B-EBBE-E67D-9131319E366B	F8D35138-F0AD-DBDA-3696-6158FF6136C0	1582654488
1	16EF1D82-445B-EBBE-E67D-9131319E366B	909C9654-31AD-825D-0396-9241EF3C3A67	1582654738
1	16EF1D82-445B-EBBE-E67D-9131319E366B	1541E2E0-F209-FA62-E955-B13BD344482F	1582654816
1	16EF1D82-445B-EBBE-E67D-9131319E366B	073E105C-83C5-9C24-8AF9-E56C15EA95E6	1582654850
1	16EF1D82-445B-EBBE-E67D-9131319E366B	B1EBCA7E-6A2B-0246-D84F-2BF9451CC39A	1582654872
1	16EF1D82-445B-EBBE-E67D-9131319E366B	21347F10-03F2-AA72-1340-3C9E6165C0A3	1582655141
1	16EF1D82-445B-EBBE-E67D-9131319E366B	2BA76FEB-9A45-C4A0-38EB-F71DFF0EED5F	1582655180
1	16EF1D82-445B-EBBE-E67D-9131319E366B	C7075462-3D54-AD79-E719-443548035D8F	1582655259
1	8CB0F1EA-28BA-40C8-9E3B-084C897E0ADF	62CB50A1-18F3-43AD-1965-13EEF2B504F0	1582655307
1	8CB0F1EA-28BA-40C8-9E3B-084C897E0ADF	AF18ED92-17DB-29D7-F795-48AE12150F76	1582655336
1	16EF1D82-445B-EBBE-E67D-9131319E366B	85EF40F6-83B2-E487-6510-472FEE432D5B	1582655345
1	16EF1D82-445B-EBBE-E67D-9131319E366B	9A86EE45-7FD5-47BF-F284-A8595818F161	1582655470
1	16EF1D82-445B-EBBE-E67D-9131319E366B	1358E6DD-3449-CC1B-C8D1-74D8909156C3	1582655520
1	16EF1D82-445B-EBBE-E67D-9131319E366B	4302EEC8-C65B-69F4-15CE-CF6B7A798BE3	1582655648
1	16EF1D82-445B-EBBE-E67D-9131319E366B	B3179F6A-7CB0-759F-F7A1-2D863F61451A	1582655679
1	16EF1D82-445B-EBBE-E67D-9131319E366B	11B86C1E-8EA2-915C-8C84-5FA298031100	1582655713
1	8CB0F1EA-28BA-40C8-9E3B-084C897E0ADF	0A5ECF06-301D-7654-317E-911CAE638FFC	1582655770
1	8CB0F1EA-28BA-40C8-9E3B-084C897E0ADF	F888CC47-84E2-3A0B-F6F7-9E3CA79B312A	1582655806
1	16EF1D82-445B-EBBE-E67D-9131319E366B	C52DF623-3851-FF3B-C474-BB3884C7531F	1582656001
1	16EF1D82-445B-EBBE-E67D-9131319E366B	526FF3A1-EA62-3AC3-C19F-13CED95DAA31	1582656111
1	16EF1D82-445B-EBBE-E67D-9131319E366B	1E66DDF6-3F2F-734F-7303-01573681BB45	1582656141
1	8CB0F1EA-28BA-40C8-9E3B-084C897E0ADF	11F6A92C-87C6-9250-F688-F148F584F725	1582656238
1	16EF1D82-445B-EBBE-E67D-9131319E366B	3962B721-BE39-B000-A276-CBC1911E6F06	1582656250
1	8CB0F1EA-28BA-40C8-9E3B-084C897E0ADF	48C61198-648A-4543-6020-49EA43B3E84C	1582656266
1	16EF1D82-445B-EBBE-E67D-9131319E366B	68EE4643-F4B8-A405-094B-D67AB8A88181	1582656289
1	8CB0F1EA-28BA-40C8-9E3B-084C897E0ADF	EEA616BA-5FEC-6368-C037-4667AB3BBC75	1582656292
1	16EF1D82-445B-EBBE-E67D-9131319E366B	DCEA0032-21A7-AEEA-4F9C-3ADF6C09F90D	1582656328
1	16EF1D82-445B-EBBE-E67D-9131319E366B	2BA9E8DC-6B2A-15DB-16D4-4D2FC88B022D	1582656354
1	16EF1D82-445B-EBBE-E67D-9131319E366B	F92B3A76-6F84-5FEF-787E-9CD346E80EE7	1582656412
1	16EF1D82-445B-EBBE-E67D-9131319E366B	4CE6B2B6-F0F7-BFB1-5DF5-6FE881ED8BBE	1582656508
1	16EF1D82-445B-EBBE-E67D-9131319E366B	88392426-A753-91AB-3141-ECCBE7BC6D48	1582656596
1	8CB0F1EA-28BA-40C8-9E3B-084C897E0ADF	6392583B-AB2E-BF83-47E1-63F1486980C1	1582656619
1	16EF1D82-445B-EBBE-E67D-9131319E366B	21F53828-148D-F523-A53F-CC06D8071317	1582656705
1	8CB0F1EA-28BA-40C8-9E3B-084C897E0ADF	387DAA77-EBAA-D638-68D2-FC6AABF51C1D	1582656778
1	16EF1D82-445B-EBBE-E67D-9131319E366B	FC374BE2-5224-0A5D-F1DF-CD94E6F15D9A	1582656918
1	8CB0F1EA-28BA-40C8-9E3B-084C897E0ADF	10ED0DD6-D1AA-893A-B9E3-24FF9E3D49CB	1582656996
1	16EF1D82-445B-EBBE-E67D-9131319E366B	71F8DA1A-19AF-C746-AF47-4933FC7638A1	1582657181
1	16EF1D82-445B-EBBE-E67D-9131319E366B	C710107A-F1EF-2EE3-58B8-F7DF12CE0AB9	1582657255
1	8CB0F1EA-28BA-40C8-9E3B-084C897E0ADF	436E0D36-0FD1-38D3-D993-E0C43D51648F	1582657258
1	16EF1D82-445B-EBBE-E67D-9131319E366B	A6095C58-454E-1BE4-CAE3-88C9338907E4	1582657320
1	16EF1D82-445B-EBBE-E67D-9131319E366B	51D19F3B-7863-0078-B214-5B955CA02993	1582657387
1	16EF1D82-445B-EBBE-E67D-9131319E366B	84F4C79F-2BC0-485E-D305-EB5092F53383	1582657566
1	16EF1D82-445B-EBBE-E67D-9131319E366B	9D6BFA70-F7EA-5509-F26C-6E4F413F045A	1582657896
1	F591BE87-1B2E-D2C0-7000-68346C0B8F76	B7349CAE-B1D0-7F94-DF32-FFB41FB849FA	1582657993
1	8CB0F1EA-28BA-40C8-9E3B-084C897E0ADF	6173E493-A8DA-9BA5-F33E-2EB11707B0D3	1582658241
1	37B36CA2-A426-9D26-566A-2E7D8789A936	EB75B3A5-69F3-64F5-C652-1F41670C7564	1582658281
1	8CB0F1EA-28BA-40C8-9E3B-084C897E0ADF	3D698675-96B5-A78A-996F-866C40C88F23	1582658349
1	8CB0F1EA-28BA-40C8-9E3B-084C897E0ADF	6D4C4A87-E4AA-2B9B-52C1-621E77F72E0A	1582674476
1	37B36CA2-A426-9D26-566A-2E7D8789A936	2CD00282-1F64-E49D-2436-CA79F0CD0688	1582674492
1	8CB0F1EA-28BA-40C8-9E3B-084C897E0ADF	92610792-F6F9-2269-764A-1C02977A59F1	1582674591
1	8CB0F1EA-28BA-40C8-9E3B-084C897E0ADF	0771845B-0DEF-BDEB-FFC3-8AA4C6E5B2DC	1582674852
1	8CB0F1EA-28BA-40C8-9E3B-084C897E0ADF	2AED57FB-3EC6-2B3F-E105-4591F284014D	1582674951
1	8CB0F1EA-28BA-40C8-9E3B-084C897E0ADF	C5416C9F-67C3-AF66-DF4A-26DCBB2248FA	1582675051
1	8CB0F1EA-28BA-40C8-9E3B-084C897E0ADF	EF52E871-785A-B907-9AEC-D0D54FFF86FD	1582675202
1	8CB0F1EA-28BA-40C8-9E3B-084C897E0ADF	210D6689-0B79-A4E2-F1F7-249D291C8728	1582676372
1	8CB0F1EA-28BA-40C8-9E3B-084C897E0ADF	DF604E4D-9A56-3C4A-E5A3-DC004C9DA76A	1582676472
1	8CB0F1EA-28BA-40C8-9E3B-084C897E0ADF	A87243CA-05D7-E39C-58D2-A3C93F3DBEDB	1582676523
1	8CB0F1EA-28BA-40C8-9E3B-084C897E0ADF	DDD4E1D9-D085-691F-641F-F18825012013	1582676686
1	8CB0F1EA-28BA-40C8-9E3B-084C897E0ADF	B433A862-77EC-0632-5F57-E14B5C43E18A	1582676772
1	8CB0F1EA-28BA-40C8-9E3B-084C897E0ADF	163D3613-29C4-B6FD-CF54-559CB45B15E4	1582677269
1	8CB0F1EA-28BA-40C8-9E3B-084C897E0ADF	847FBC63-0BBB-5FCE-4444-35BC7F383CCF	1582677617
1	8CB0F1EA-28BA-40C8-9E3B-084C897E0ADF	350E9B00-A43A-DC42-C86A-6AA29DCAEB66	1582677643
1	37B36CA2-A426-9D26-566A-2E7D8789A936	07FCFC3D-70AC-EB73-6217-723609B795F7	1582677710
1	8CB0F1EA-28BA-40C8-9E3B-084C897E0ADF	3B2A332D-AECD-93EB-E931-9E6E0421EA72	1582677764
1	37B36CA2-A426-9D26-566A-2E7D8789A936	887863D5-D104-F3EC-2D9D-36E7D71476B2	1582677769
1	37B36CA2-A426-9D26-566A-2E7D8789A936	12494D12-1A2D-504F-9B2F-1DE7AB8147D4	1582678161
1	8CB0F1EA-28BA-40C8-9E3B-084C897E0ADF	97735754-CF13-5F57-DA6C-C61D123C2522	1582678332
1	37B36CA2-A426-9D26-566A-2E7D8789A936	2F461AEF-C030-F092-514B-FED1A19A7C69	1582678348
1	8CB0F1EA-28BA-40C8-9E3B-084C897E0ADF	0B920978-D9C7-6B2F-B136-943768D2DA28	1582678539
1	37B36CA2-A426-9D26-566A-2E7D8789A936	6F970FF4-2961-32B9-5E9C-42CBEA72D1E8	1582678544
1	8CB0F1EA-28BA-40C8-9E3B-084C897E0ADF	0E66F49F-0963-9ACB-9CBA-02D2E0850244	1582678688
1	37B36CA2-A426-9D26-566A-2E7D8789A936	3327290E-7A8C-FFA0-0DA9-C0F319335089	1582678691
1	8CB0F1EA-28BA-40C8-9E3B-084C897E0ADF	90250338-B029-1E1F-3824-54D15D394492	1582678826
1	37B36CA2-A426-9D26-566A-2E7D8789A936	528F72E8-DB73-61AC-B3A3-D55B862C4A31	1582678851
1	16EF1D82-445B-EBBE-E67D-9131319E366B	DBB5F73F-51CB-D8C5-E933-1B4331984B1B	1582680501
1	16EF1D82-445B-EBBE-E67D-9131319E366B	ECAEEBA6-FFBC-AE49-F296-7E2B4E113E45	1582680939
1	16EF1D82-445B-EBBE-E67D-9131319E366B	091FF1D7-F74B-A03E-27B2-DC46D3D4B647	1582690298
1	16EF1D82-445B-EBBE-E67D-9131319E366B	C2A3E3F5-E027-7486-45A3-E305671FE015	1582690388
1	16EF1D82-445B-EBBE-E67D-9131319E366B	F47C620E-BAC1-623B-DB24-717C8B5AAF40	1582690415
1	16EF1D82-445B-EBBE-E67D-9131319E366B	BD6D31C5-0459-BAC9-E93F-827F071D1448	1582690579
1	16EF1D82-445B-EBBE-E67D-9131319E366B	2060422B-99AF-22F8-DC20-D162FB8095A7	1582690682
1	16EF1D82-445B-EBBE-E67D-9131319E366B	FA430E46-0C5F-EB8B-B846-137113EFBDB8	1582690844
1	16EF1D82-445B-EBBE-E67D-9131319E366B	5FFEBCCA-1A8A-19FC-707D-928F252B869B	1582690905
1	16EF1D82-445B-EBBE-E67D-9131319E366B	9ACB205F-179F-9047-7EFA-1459E6CC38A1	1582691419
1	16EF1D82-445B-EBBE-E67D-9131319E366B	B7524DCB-B8AC-1034-BD92-DAAE981CEC9D	1582691596
1	16EF1D82-445B-EBBE-E67D-9131319E366B	779FEA7F-E343-0982-3C9D-7B88879A246F	1582691659
1	16EF1D82-445B-EBBE-E67D-9131319E366B	B7A8FAFC-00C3-CFBC-EBB2-989C945DAE79	1582692139
1	16EF1D82-445B-EBBE-E67D-9131319E366B	A471AD8C-4F2F-5DD6-12B2-A15FED7AF574	1582692252
1	37B36CA2-A426-9D26-566A-2E7D8789A936	7525FB65-FD44-F02E-ACC2-F7A79185858B	1582692347
1	16EF1D82-445B-EBBE-E67D-9131319E366B	239541CE-4FC3-B4CC-2A1A-84929D3EE737	1582692485
1	16EF1D82-445B-EBBE-E67D-9131319E366B	3E5ABBA0-6799-91B7-5068-A6CCCCD692E5	1582692553
1	16EF1D82-445B-EBBE-E67D-9131319E366B	2D528328-284F-47D4-3F6E-C453FB770F5E	1582692591
1	37B36CA2-A426-9D26-566A-2E7D8789A936	60010FC3-C98D-AAAB-1ADA-F3D18E74B0CC	1582692629
1	8CB0F1EA-28BA-40C8-9E3B-084C897E0ADF	7B92CB2E-1DEF-98CB-ED48-30FED9DCF3D1	1582692700
1	37B36CA2-A426-9D26-566A-2E7D8789A936	CB1FC593-A5CE-7A76-2D2C-99EAC35EDCCB	1582692704
1	16EF1D82-445B-EBBE-E67D-9131319E366B	B7FB84AC-425E-B728-987B-83D3DFCCE4EA	1582692787
1	16EF1D82-445B-EBBE-E67D-9131319E366B	C067933D-AC1D-8A2E-4FD5-0D5A69282BD2	1582692857
1	16EF1D82-445B-EBBE-E67D-9131319E366B	B37BE945-4244-1BED-F1D2-B090962428EA	1582692952
1	16EF1D82-445B-EBBE-E67D-9131319E366B	252C3072-5E39-291B-C95F-8917EC50F11C	1582693001
1	16EF1D82-445B-EBBE-E67D-9131319E366B	C252C4C6-BCA8-074E-56FB-CF9A5A60D805	1582693095
1	8CB0F1EA-28BA-40C8-9E3B-084C897E0ADF	8AA17E89-4647-F369-9106-1B32EF156F53	1582693110
1	8CB0F1EA-28BA-40C8-9E3B-084C897E0ADF	9ECA597E-5B98-D0DE-1766-A2D3029FDAA6	1582693158
1	16EF1D82-445B-EBBE-E67D-9131319E366B	E267FAE7-EEBD-CA5F-71D9-12BE6AC0A583	1582693165
1	16EF1D82-445B-EBBE-E67D-9131319E366B	8174D62F-3028-C031-DEC9-BC802627E327	1582693218
1	16EF1D82-445B-EBBE-E67D-9131319E366B	09A2AE67-CAC2-2D99-B464-0685D23904E5	1582693234
1	16EF1D82-445B-EBBE-E67D-9131319E366B	755262E2-24A0-D509-63B4-2D6DD8EF7BFB	1582693298
1	16EF1D82-445B-EBBE-E67D-9131319E366B	28D9DED5-4078-EBAE-DA29-350CA9D9AA90	1582693440
1	8CB0F1EA-28BA-40C8-9E3B-084C897E0ADF	8484264B-4D9F-6F49-B04C-1BB4C2A49F2C	1582693476
1	16EF1D82-445B-EBBE-E67D-9131319E366B	E710F451-7427-7998-7539-4ED032FF2416	1582693502
1	16EF1D82-445B-EBBE-E67D-9131319E366B	91D65E04-0AF5-068E-8C6E-92C2BC13E09A	1582693567
1	8CB0F1EA-28BA-40C8-9E3B-084C897E0ADF	A97BEAD1-DE19-084A-3608-97FC558B4C7E	1582693569
1	16EF1D82-445B-EBBE-E67D-9131319E366B	DF203B7B-A5F8-8673-3992-8B854B3E61E0	1582693617
1	16EF1D82-445B-EBBE-E67D-9131319E366B	7F0D8A98-90E9-F4E9-4553-8933A5C49571	1582693639
1	16EF1D82-445B-EBBE-E67D-9131319E366B	BC5C4EE2-CDD1-8593-A7A9-D37B325A432A	1582693726
1	16EF1D82-445B-EBBE-E67D-9131319E366B	BFA86C59-D7CD-D573-B380-A5D0B7CB243A	1582693762
1	16EF1D82-445B-EBBE-E67D-9131319E366B	12EBF4AA-5512-13CE-50BC-DAD15FCE68DE	1582693842
1	16EF1D82-445B-EBBE-E67D-9131319E366B	76450936-05B9-2EF9-88F0-FE8A7248F6F5	1582693989
1	16EF1D82-445B-EBBE-E67D-9131319E366B	9FD5CEC5-5EBD-DE36-CCE4-AC37BE942727	1582694053
1	37B36CA2-A426-9D26-566A-2E7D8789A936	29E3BE6D-FBD5-A7FB-9186-D537C806A809	1582694078
1	16EF1D82-445B-EBBE-E67D-9131319E366B	27D4F424-94E6-E691-7AEB-F5A4DC35E8FA	1582694124
1	16EF1D82-445B-EBBE-E67D-9131319E366B	32495A0E-9BED-AB07-C82F-59EC86EC8DF6	1582694154
1	8CB0F1EA-28BA-40C8-9E3B-084C897E0ADF	3E70B2A9-306A-DDFC-F2B5-3135BEAD9DA0	1582694202
1	16EF1D82-445B-EBBE-E67D-9131319E366B	59E89592-574C-50BD-8396-F9C3D61D31F5	1582694211
1	37B36CA2-A426-9D26-566A-2E7D8789A936	4EBE95B4-54BA-8BB1-87DD-051B3E8E22FA	1582694216
1	16EF1D82-445B-EBBE-E67D-9131319E366B	D0FBF9C7-B9D8-009F-3D57-380B76F06F1E	1582694288
1	16EF1D82-445B-EBBE-E67D-9131319E366B	7DF707D1-5FAE-AEC7-6E0E-756F0A7CF6B2	1582694327
1	16EF1D82-445B-EBBE-E67D-9131319E366B	E362CF37-825A-2506-533D-CE92C1D7081D	1582694376
1	16EF1D82-445B-EBBE-E67D-9131319E366B	C3E5C849-15F4-7FD4-7E8C-AAFD00C12B78	1582694402
1	16EF1D82-445B-EBBE-E67D-9131319E366B	3B181FE7-50DB-FB2F-7F38-F60854A760A4	1582694435
1	16EF1D82-445B-EBBE-E67D-9131319E366B	B85DAA49-97F4-50B6-9FB9-37BBBF796B12	1582694537
1	16EF1D82-445B-EBBE-E67D-9131319E366B	A35B8B11-BF44-7F1B-0131-3DBDD53D665C	1582694664
1	16EF1D82-445B-EBBE-E67D-9131319E366B	211ADE2F-E3DA-CB51-3E55-3E2149503D39	1582694787
1	16EF1D82-445B-EBBE-E67D-9131319E366B	18AA742F-C6E4-60A1-7400-DFAEB6AA337A	1582694863
1	8CB0F1EA-28BA-40C8-9E3B-084C897E0ADF	5F6C4384-A069-BE20-4F70-6A1C7F0FED0C	1582695899
1	37B36CA2-A426-9D26-566A-2E7D8789A936	597F73DF-F599-054E-E3E1-18DEC8E8B9CF	1582695902
1	8CB0F1EA-28BA-40C8-9E3B-084C897E0ADF	A7DD5549-1BB6-7E8C-0A76-AE2CF65930AE	1582696021
1	37B36CA2-A426-9D26-566A-2E7D8789A936	0A4D37D0-DD93-BD6C-B93C-6C8D81F15646	1582696025
1	8CB0F1EA-28BA-40C8-9E3B-084C897E0ADF	8FBED686-A7B1-8961-6C51-1E9C229BD77F	1582696263
1	8CB0F1EA-28BA-40C8-9E3B-084C897E0ADF	731FB96A-3E48-CEE6-0842-FD371430798E	1582696688
1	37B36CA2-A426-9D26-566A-2E7D8789A936	90C3F6E5-04E6-9AE5-6130-562645CE0189	1582696692
1	8CB0F1EA-28BA-40C8-9E3B-084C897E0ADF	922200B1-FC35-AB3A-2B44-175C9BECB69C	1582696850
1	37B36CA2-A426-9D26-566A-2E7D8789A936	75CE6CEC-7D09-C6AD-41A8-B587581C4AA4	1582696855
1	16EF1D82-445B-EBBE-E67D-9131319E366B	A7DFFDEC-73A3-488D-27DA-0A787AE992DB	1582697020
1	16EF1D82-445B-EBBE-E67D-9131319E366B	B2F9E43C-0023-4221-E39C-3C19E250E746	1582697056
1	16EF1D82-445B-EBBE-E67D-9131319E366B	C14E0262-A7A2-0996-F63E-2286789C2E2D	1582697094
1	16EF1D82-445B-EBBE-E67D-9131319E366B	7DB1B6FF-04A8-CE9E-8B80-3ACEDD6A18A3	1582697111
1	8CB0F1EA-28BA-40C8-9E3B-084C897E0ADF	80EBD529-C824-7ED8-7304-DF232954B8FC	1582697434
1	37B36CA2-A426-9D26-566A-2E7D8789A936	8538A9DB-82BB-5899-4D6F-B2CDC86C8C08	1582697439
1	8CB0F1EA-28BA-40C8-9E3B-084C897E0ADF	91B924C9-6797-F135-EF2C-5627ADBFF83E	1582697551
1	8CB0F1EA-28BA-40C8-9E3B-084C897E0ADF	ECD6D484-E52B-CA2D-B5AA-89490EEC2956	1582697750
1	8CB0F1EA-28BA-40C8-9E3B-084C897E0ADF	13657427-8D3E-57B4-88B2-6CB7E8BF31AF	1582697934
1	37B36CA2-A426-9D26-566A-2E7D8789A936	709FA1A2-B960-0875-36BC-DC17F8802850	1582697937
1	37B36CA2-A426-9D26-566A-2E7D8789A936	0082D12A-DB4F-8D3D-3A71-AD48493F3840	1582698169
1	8CB0F1EA-28BA-40C8-9E3B-084C897E0ADF	D89A62F8-1701-2A1A-925E-3DEB4F1884BD	1582698183
1	8CB0F1EA-28BA-40C8-9E3B-084C897E0ADF	63322A1C-5FAE-8829-80D4-C4814307D8CB	1582698331
1	8CB0F1EA-28BA-40C8-9E3B-084C897E0ADF	E022B4C2-E3FD-1E26-72AD-A44625194C68	1582698694
1	8CB0F1EA-28BA-40C8-9E3B-084C897E0ADF	0268152B-FB2E-1004-D244-685DFAD132C2	1582699053
1	37B36CA2-A426-9D26-566A-2E7D8789A936	6307404A-5D59-0E28-1884-7D626895B53E	1582699621
1	8CB0F1EA-28BA-40C8-9E3B-084C897E0ADF	69B8D3EF-6DED-E7C1-96A1-67BE549410CB	1582701313
1	8CB0F1EA-28BA-40C8-9E3B-084C897E0ADF	3E5EE50D-C7B7-FE7A-20E8-7CAB342C96F4	1582701369
1	8CB0F1EA-28BA-40C8-9E3B-084C897E0ADF	995CD6A8-1646-B9B7-7D18-AF270F0BEFF7	1582701411
1	8CB0F1EA-28BA-40C8-9E3B-084C897E0ADF	AB6566FD-9F78-7956-6806-0AAA265E7C4C	1582702636
1	8CB0F1EA-28BA-40C8-9E3B-084C897E0ADF	4D2C28C9-06CB-1656-B46D-B12A55F09472	1582703689
1	8CB0F1EA-28BA-40C8-9E3B-084C897E0ADF	EF652F2A-F0BD-4A97-F490-EE745014E180	1582704470
1	8CB0F1EA-28BA-40C8-9E3B-084C897E0ADF	1685FA57-0C70-68DB-776A-ADFA24BBFE9A	1582704517
1	8CB0F1EA-28BA-40C8-9E3B-084C897E0ADF	93AA9351-8745-1579-E730-4F1C35D649BE	1582704550
1	8CB0F1EA-28BA-40C8-9E3B-084C897E0ADF	F1557A46-437E-651A-FC97-7E5476E12510	1582704588
1	8CB0F1EA-28BA-40C8-9E3B-084C897E0ADF	850D7E67-66D7-31B0-1E4F-0444822F7BA9	1582704700
1	37B36CA2-A426-9D26-566A-2E7D8789A936	6084F9FD-F01C-CF6A-1040-66C9847836F5	1582704731
1	8CB0F1EA-28BA-40C8-9E3B-084C897E0ADF	C687B22E-AC5A-23E5-0C48-4B48C089DB78	1582705489
1	37B36CA2-A426-9D26-566A-2E7D8789A936	A3C22FFC-BE32-EB73-5F48-4E22C361119C	1582705494
1	8CB0F1EA-28BA-40C8-9E3B-084C897E0ADF	4D020AB4-0AF9-6924-9EA0-BE2F26B1063A	1582705562
1	37B36CA2-A426-9D26-566A-2E7D8789A936	043213C0-07AF-1739-2C01-977DA2EB6EF4	1582705568
1	8CB0F1EA-28BA-40C8-9E3B-084C897E0ADF	15FF0E61-F0F8-1345-3031-6301E0FD4DD1	1582705729
1	8CB0F1EA-28BA-40C8-9E3B-084C897E0ADF	1CDF97A9-58E3-536B-35B4-D17CCA8ECB8D	1582705777
1	37B36CA2-A426-9D26-566A-2E7D8789A936	9FF36B00-A855-646B-4455-B71A281C1FE4	1582705782
1	8CB0F1EA-28BA-40C8-9E3B-084C897E0ADF	AB966925-F79C-9A88-9B8C-0586A99221F5	1582705822
1	16EF1D82-445B-EBBE-E67D-9131319E366B	FE2BC4AC-9D07-CA03-9D97-2918A729E9BE	1582746847
1	16EF1D82-445B-EBBE-E67D-9131319E366B	604DAA8F-3C20-88FA-FC37-8D6F7572B934	1582749633
1	8CB0F1EA-28BA-40C8-9E3B-084C897E0ADF	6C657999-40B3-17E5-FD73-0CE6DFA634D0	1582754917
1	16EF1D82-445B-EBBE-E67D-9131319E366B	6CF05979-FC7E-5F0A-2B14-E44AB447183F	1582757017
1	16EF1D82-445B-EBBE-E67D-9131319E366B	4F237F6D-6420-5942-3B1C-0FE28CB19714	1582757783
1	16EF1D82-445B-EBBE-E67D-9131319E366B	72F6E804-1A64-6460-1CC5-67DC30095886	1582758133
1	16EF1D82-445B-EBBE-E67D-9131319E366B	75ECFA29-D447-98EB-CE5D-7C4E1A6A9D54	1582758164
1	16EF1D82-445B-EBBE-E67D-9131319E366B	AE95679B-E390-4C31-C942-085BA2491423	1582758356
1	16EF1D82-445B-EBBE-E67D-9131319E366B	2F51102C-8750-D625-DFF1-F1E598BEEA50	1582758760
1	16EF1D82-445B-EBBE-E67D-9131319E366B	8C0AB4B0-C4B3-AEBD-6F27-943D68DB7B12	1582758791
1	16EF1D82-445B-EBBE-E67D-9131319E366B	8EFF64D6-5F6F-DBE5-B076-68E6606EE675	1582758846
1	16EF1D82-445B-EBBE-E67D-9131319E366B	D56BA69E-CD66-CD00-8624-D143E09FEEAB	1582758996
1	8CB0F1EA-28BA-40C8-9E3B-084C897E0ADF	7C03C2AF-CA34-9100-F51E-CF8BB7BC4E97	1582761353
